Running in Lattice mode
error reading package index file C:/Program Files/diamond/3.10_x64/synpbase/lib/pkgIndex.tcl: couldn't read file "{C:/Program Files/diamond/3.10_x64/synpbase/lib/pkgIndex.tcl}": no such file or directory
error reading package index file C:/Program Files/diamond/3.10_x64/synpbase/lib/bwidget-1.9.5/pkgIndex.tcl: couldn't read file "{C:/Program Files/diamond/3.10_x64/synpbase/lib/bwidget-1.9.5/pkgIndex.tcl}": no such file or directory
error reading package index file C:/Program Files/diamond/3.10_x64/synpbase/lib/tcllib-1.12/pkgIndex.tcl: couldn't read file "{C:/Program Files/diamond/3.10_x64/synpbase/lib/tcllib-1.12/pkgIndex.tcl}": no such file or directory
error reading package index file C:/Program Files/diamond/3.10_x64/synpbase/lib/pkgIndex.tcl: couldn't read file "{C:/Program Files/diamond/3.10_x64/synpbase/lib/pkgIndex.tcl}": no such file or directory
error reading package index file C:/Program Files/diamond/3.10_x64/synpbase/lib/pkgIndex.tcl: couldn't read file "{C:/Program Files/diamond/3.10_x64/synpbase/lib/pkgIndex.tcl}": no such file or directory
error reading package index file C:/Program Files/diamond/3.10_x64/synpbase/lib/bwidget-1.9.5/pkgIndex.tcl: couldn't read file "{C:/Program Files/diamond/3.10_x64/synpbase/lib/bwidget-1.9.5/pkgIndex.tcl}": no such file or directory
error reading package index file C:/Program Files/diamond/3.10_x64/synpbase/lib/tcllib-1.12/pkgIndex.tcl: couldn't read file "{C:/Program Files/diamond/3.10_x64/synpbase/lib/tcllib-1.12/pkgIndex.tcl}": no such file or directory
error reading package index file C:/Program Files/diamond/3.10_x64/synpbase/lib/pkgIndex.tcl: couldn't read file "{C:/Program Files/diamond/3.10_x64/synpbase/lib/pkgIndex.tcl}": no such file or directory

Starting:    C:\Program Files\diamond\3.10_x64\synpbase\bin64\mbin\synbatch.exe
Install:     C:\Program Files\diamond\3.10_x64\synpbase
Hostname:    DESKTOP-JBP5BT2
Date:        Tue Apr  9 11:46:38 2019
Version:     M-2017.03L-SP1-1

Arguments:   -product synplify_pro -batch keylcdclear00_keylcdclear0_synplify.tcl
ProductType: synplify_pro




log file: "D:\Project3CM2MachX02\keylcdclear00\keylcdclear0\keylcdclear00_keylcdclear0.srr"
Running: hdl_info_gen in foreground

Generating HDL info...

hdl_info_gen completed
# Tue Apr  9 11:47:25 2019

Return Code: 0
Run Time:00h:00m:38s
Copied D:\Project3CM2MachX02\keylcdclear00\keylcdclear0\keylcdclear00_keylcdclear0.srr to D:\Project3CM2MachX02\keylcdclear00\keylcdclear0\keylcdclear00_keylcdclear0.srf
log file: "D:\Project3CM2MachX02\keylcdclear00\keylcdclear0\keylcdclear00_keylcdclear0.srr"
Running: keylcdclear0 in foreground

Running proj_1|keylcdclear0

Running: compile (Compile) on proj_1|keylcdclear0
# Tue Apr  9 11:47:44 2019

Running: compile_flow (Compile Process) on proj_1|keylcdclear0
# Tue Apr  9 11:47:44 2019

Running: compiler (Compile Input) on proj_1|keylcdclear0
# Tue Apr  9 11:47:44 2019
compiler exited with errors
Job failed on: proj_1|keylcdclear0

Job: "compiler" terminated with error status: 2
See log file: "D:\Project3CM2MachX02\keylcdclear00\keylcdclear0\synlog\keylcdclear00_keylcdclear0_compiler.srr"
# Tue Apr  9 11:49:19 2019

Return Code: 2
Run Time:00h:01m:35s
Complete: Compile Process on proj_1|keylcdclear0
Complete: Compile on proj_1|keylcdclear0
Complete: Logic Synthesis on proj_1|keylcdclear0
Copied D:\Project3CM2MachX02\keylcdclear00\keylcdclear0\keylcdclear00_keylcdclear0.srr to D:\Project3CM2MachX02\keylcdclear00\keylcdclear0\keylcdclear00_keylcdclear0.srf
Error: At line 74 while processing "keylcdclear00_keylcdclear0_synplify.tcl"
2
TCL script complete: "keylcdclear00_keylcdclear0_synplify.tcl"
TCL script had errors: "keylcdclear00_keylcdclear0_synplify.tcl"
exit status=9
exit status=9
Save changes for project:
D:\Project3CM2MachX02\keylcdclear00\keylcdclear0\proj_1.prj
batch mode default:no
