
       Lattice Mapping Report File for Design Module 'toprotbarrelRL00'


Design Information
------------------

Command line:   map -a MachXO2 -p LCMXO2-7000HE -t TQFP144 -s 5 -oc Commercial
     rotbarrelRL00_rotbarrelRL0.ngd -o rotbarrelRL00_rotbarrelRL0_map.ncd -pr
     rotbarrelRL00_rotbarrelRL0.prf -mp rotbarrelRL00_rotbarrelRL0.mrp -lpf C:/U
     sers/James/Documents/ESCOM_SEMESTRE_6/3CM2_ARQUITECTURA/Project3CM2MachX02/
     rotbarrelRL00/rotbarrelRL0/rotbarrelRL00_rotbarrelRL0_synplify.lpf -lpf C:/
     Users/James/Documents/ESCOM_SEMESTRE_6/3CM2_ARQUITECTURA/Project3CM2MachX02
     /rotbarrelRL00/rotbarrelRL00.lpf -c 0 -gui 
Target Vendor:  LATTICE
Target Device:  LCMXO2-7000HETQFP144
Target Performance:   5
Mapper:  xo2c00,  version:  Diamond (64-bit) 3.10.0.111.2
Mapped on:  11/01/18  22:46:03

Design Summary
--------------

   Number of registers:     42 out of  7209 (1%)
      PFU registers:           34 out of  6864 (0%)
      PIO registers:            8 out of   345 (2%)
   Number of SLICEs:        48 out of  3432 (1%)
      SLICEs as Logic/ROM:     48 out of  3432 (1%)
      SLICEs as RAM:            0 out of  2574 (0%)
      SLICEs as Carry:         14 out of  3432 (0%)
   Number of LUT4s:         95 out of  6864 (1%)
      Number used as logic LUTs:         67
      Number used as distributed RAM:     0
      Number used as ripple logic:       28
      Number used as shift registers:     0
   Number of PIO sites used: 27 + 4(JTAG) out of 115 (27%)
   Number of block RAMs:  0 out of 26 (0%)
   Number of GSRs:  0 out of 1 (0%)
   EFB used :       No
   JTAG used :      No
   Readback used :  No
   Oscillator used :  Yes
   Startup used :   No
   POR :            On
   Bandgap :        On
   Number of Power Controller:  0 out of 1 (0%)
   Number of Dynamic Bank Controller (BCINRD):  0 out of 6 (0%)
   Number of Dynamic Bank Controller (BCLVDSO):  0 out of 1 (0%)
   Number of DCCA:  0 out of 8 (0%)
   Number of DCMA:  0 out of 2 (0%)
   Number of PLLs:  0 out of 2 (0%)
   Number of DQSDLLs:  0 out of 2 (0%)
   Number of CLKDIVC:  0 out of 4 (0%)
   Number of ECLKSYNCA:  0 out of 4 (0%)
   Number of ECLKBRIDGECS:  0 out of 2 (0%)
   Notes:-
      1. Total number of LUT4s = (Number of logic LUT4s) + 2*(Number of
     distributed RAMs) + 2*(Number of ripple logic)
      2. Number of logic LUT4s does not include count of distributed RAM and
     ripple logic.
   Number of clocks:  1
     Net SRL00.sclk_0: 27 loads, 27 rising, 0 falling (Driver:

                                    Page 1




Design:  toprotbarrelRL00                              Date:  11/01/18  22:46:03

Design Summary (cont)
---------------------
     SRL00/D00/OSCInst0 )
   Number of Clock Enables:  3
     Net psRL.op_gt.op_gt.sins10_c4_RNIVRPE: 8 loads, 0 LSLICEs
     Net SRL01/sins10_c4_RNI98MK: 4 loads, 4 LSLICEs
     Net un1_outosc_0_sqmuxa_1_RNIEMC6: 3 loads, 3 LSLICEs
   Number of LSRs:  2
     Net un1_outosc_0_sqmuxa_1_RNIO29C: 8 loads, 0 LSLICEs
     Net SRL00/D01/outosc_0_sqmuxa_RNI771S: 11 loads, 11 LSLICEs
   Number of nets driven by tri-state buffers:  0
   Top 10 highest fanout non-clock nets:
     Net ens0_c: 17 loads
     Net SRL00/D01/outosc_0_sqmuxa_RNI771S: 11 loads
     Net cdiv0_c[4]: 8 loads
     Net psRL.op_gt.op_gt.sins10_c4_RNIVRPE: 8 loads
     Net un1_outosc_0_sqmuxa_1_RNIO29C: 8 loads
     Net cdiv0_c[0]: 7 loads
     Net SRL00/D01/sdiv[16]: 7 loads
     Net SRL00/D01/sdiv[17]: 7 loads
     Net SRL00/D01/sdiv[18]: 7 loads
     Net SRL00/D01/sdiv[20]: 7 loads




   Number of warnings:  0
   Number of errors:    0
     

Design Errors/Warnings
----------------------

   No errors or warnings present.

IO (PIO) Attributes
-------------------

+---------------------+-----------+-----------+------------+
| IO Name             | Direction | Levelmode | IO         |
|                     |           |  IO_TYPE  | Register   |
+---------------------+-----------+-----------+------------+
| clk0                | OUTPUT    | LVCMOS25  |            |
+---------------------+-----------+-----------+------------+
| cdiv0[0]            | INPUT     | LVCMOS25  |            |
+---------------------+-----------+-----------+------------+
| outs0[7]            | OUTPUT    | LVCMOS25  | OUT        |
+---------------------+-----------+-----------+------------+
| outs0[6]            | OUTPUT    | LVCMOS25  | OUT        |
+---------------------+-----------+-----------+------------+
| outs0[5]            | OUTPUT    | LVCMOS25  | OUT        |
+---------------------+-----------+-----------+------------+
| outs0[4]            | OUTPUT    | LVCMOS25  | OUT        |
+---------------------+-----------+-----------+------------+
| outs0[3]            | OUTPUT    | LVCMOS25  | OUT        |
+---------------------+-----------+-----------+------------+
| outs0[2]            | OUTPUT    | LVCMOS25  | OUT        |
+---------------------+-----------+-----------+------------+

                                    Page 2




Design:  toprotbarrelRL00                              Date:  11/01/18  22:46:03

IO (PIO) Attributes (cont)
--------------------------
| outs0[1]            | OUTPUT    | LVCMOS25  | OUT        |
+---------------------+-----------+-----------+------------+
| outs0[0]            | OUTPUT    | LVCMOS25  | OUT        |
+---------------------+-----------+-----------+------------+
| notimes0[3]         | INPUT     | LVCMOS25  |            |
+---------------------+-----------+-----------+------------+
| notimes0[2]         | INPUT     | LVCMOS25  |            |
+---------------------+-----------+-----------+------------+
| notimes0[1]         | INPUT     | LVCMOS25  |            |
+---------------------+-----------+-----------+------------+
| notimes0[0]         | INPUT     | LVCMOS25  |            |
+---------------------+-----------+-----------+------------+
| ins0[7]             | INPUT     | LVCMOS25  |            |
+---------------------+-----------+-----------+------------+
| ins0[6]             | INPUT     | LVCMOS25  |            |
+---------------------+-----------+-----------+------------+
| ins0[5]             | INPUT     | LVCMOS25  |            |
+---------------------+-----------+-----------+------------+
| ins0[4]             | INPUT     | LVCMOS25  |            |
+---------------------+-----------+-----------+------------+
| ins0[3]             | INPUT     | LVCMOS25  |            |
+---------------------+-----------+-----------+------------+
| ins0[2]             | INPUT     | LVCMOS25  |            |
+---------------------+-----------+-----------+------------+
| ins0[1]             | INPUT     | LVCMOS25  |            |
+---------------------+-----------+-----------+------------+
| ins0[0]             | INPUT     | LVCMOS25  |            |
+---------------------+-----------+-----------+------------+
| ens0                | INPUT     | LVCMOS25  |            |
+---------------------+-----------+-----------+------------+
| cdiv0[4]            | INPUT     | LVCMOS25  |            |
+---------------------+-----------+-----------+------------+
| cdiv0[3]            | INPUT     | LVCMOS25  |            |
+---------------------+-----------+-----------+------------+
| cdiv0[2]            | INPUT     | LVCMOS25  |            |
+---------------------+-----------+-----------+------------+
| cdiv0[1]            | INPUT     | LVCMOS25  |            |
+---------------------+-----------+-----------+------------+

Removed logic
-------------

Block VCC undriven or does not drive anything - clipped.
Block GSR_INST undriven or does not drive anything - clipped.
Block GND undriven or does not drive anything - clipped.
Block SRL00/GND undriven or does not drive anything - clipped.
Block SRL00/VCC undriven or does not drive anything - clipped.
Block SRL00/D00/VCC undriven or does not drive anything - clipped.
Block SRL00/D01/VCC undriven or does not drive anything - clipped.
Block SRL01/VCC undriven or does not drive anything - clipped.
Signal SRL00/D00/GND undriven or does not drive anything - clipped.
Signal SRL00/D01/GND undriven or does not drive anything - clipped.
Signal SRL01/GND undriven or does not drive anything - clipped.
Signal VCC undriven or does not drive anything - clipped.
Signal SRL00/D00/OSCInst0_SEDSTDBY undriven or does not drive anything -
     clipped.

                                    Page 3




Design:  toprotbarrelRL00                              Date:  11/01/18  22:46:03

Removed logic (cont)
--------------------
Signal SRL00/D01/un1_sdiv_cry_0_0_S0 undriven or does not drive anything -
     clipped.
Signal SRL00/D01/N_1 undriven or does not drive anything - clipped.
Signal SRL00/D01/un1_sdiv_cry_19_0_COUT undriven or does not drive anything -
     clipped.
Signal SRL01/un1_notimes_1_s_3_0_S1 undriven or does not drive anything -
     clipped.
Signal SRL01/un1_notimes_1_s_3_0_COUT undriven or does not drive anything -
     clipped.
Signal SRL01/un1_notimes_1_cry_0_0_S1 undriven or does not drive anything -
     clipped.
Signal SRL01/un1_notimes_1_cry_0_0_S0 undriven or does not drive anything -
     clipped.
Signal SRL01/N_1 undriven or does not drive anything - clipped.
Block SRL00/D00/GND was optimized away.
Block SRL00/D01/GND was optimized away.
Block SRL01/GND was optimized away.

Memory Usage
------------


     

OSC Summary
-----------

OSC 1:                                     Pin/Node Value
  OSC Instance Name:                                SRL00/D00/OSCInst0
  OSC Type:                                         OSCH
  STDBY Input:                                      NONE
  OSC Output:                              NODE     SRL00.sclk_0
  OSC Nominal Frequency (MHz):                      2.08

ASIC Components
---------------

Instance Name: SRL00/D00/OSCInst0
         Type: OSCH

Run Time and Memory Usage
-------------------------

   Total CPU Time: 1 secs  
   Total REAL Time: 2 secs  
   Peak Memory Usage: 57 MB
        










                                    Page 4


Copyright (c) 1991-1994 by NeoCAD Inc. All rights reserved.
     Copyright (c) 1995 AT&T Corp.   All rights reserved.
     Copyright (c) 1995-2001 Lucent Technologies Inc.  All rights reserved.
     Copyright (c) 2001 Agere Systems   All rights reserved.
     Copyright (c) 2002-2017 Lattice Semiconductor Corporation,  All rights
     reserved.
