Running in Lattice mode

Starting:    C:\lscc\diamond\3.10_x64\synpbase\bin64\mbin\synbatch.exe
Install:     C:\lscc\diamond\3.10_x64\synpbase
Hostname:    LAPTOP-ONJC2QMR
Date:        Thu Nov  1 22:45:04 2018
Version:     M-2017.03L-SP1-1

Arguments:   -product synplify_pro -batch rotbarrelRL00_rotbarrelRL0_synplify.tcl
ProductType: synplify_pro




log file: "C:\Users\James\Documents\ESCOM_SEMESTRE_6\3CM2_ARQUITECTURA\Project3CM2MachX02\rotbarrelRL00\rotbarrelRL0\rotbarrelRL00_rotbarrelRL0.srr"
Running: hdl_info_gen in foreground

Generating HDL info...

hdl_info_gen completed
# Thu Nov  1 22:45:05 2018

Return Code: 0
Run Time:00h:00m:01s
log file: "C:\Users\James\Documents\ESCOM_SEMESTRE_6\3CM2_ARQUITECTURA\Project3CM2MachX02\rotbarrelRL00\rotbarrelRL0\rotbarrelRL00_rotbarrelRL0.srr"
Running: rotbarrelRL0 in foreground

Running proj_1|rotbarrelRL0

Running: compile (Compile) on proj_1|rotbarrelRL0
# Thu Nov  1 22:45:05 2018

Running: compile_flow (Compile Process) on proj_1|rotbarrelRL0
# Thu Nov  1 22:45:05 2018

Running: compiler (Compile Input) on proj_1|rotbarrelRL0
# Thu Nov  1 22:45:05 2018
Copied C:\Users\James\Documents\ESCOM_SEMESTRE_6\3CM2_ARQUITECTURA\Project3CM2MachX02\rotbarrelRL00\rotbarrelRL0\synwork\rotbarrelRL00_rotbarrelRL0_comp.srs to C:\Users\James\Documents\ESCOM_SEMESTRE_6\3CM2_ARQUITECTURA\Project3CM2MachX02\rotbarrelRL00\rotbarrelRL0\rotbarrelRL00_rotbarrelRL0.srs

compiler completed
# Thu Nov  1 22:45:09 2018

Return Code: 0
Run Time:00h:00m:04s

Running: multi_srs_gen (Multi-srs Generator) on proj_1|rotbarrelRL0
# Thu Nov  1 22:45:09 2018

multi_srs_gen completed
# Thu Nov  1 22:45:10 2018

Return Code: 0
Run Time:00h:00m:01s
Copied C:\Users\James\Documents\ESCOM_SEMESTRE_6\3CM2_ARQUITECTURA\Project3CM2MachX02\rotbarrelRL00\rotbarrelRL0\synwork\rotbarrelRL00_rotbarrelRL0_mult.srs to C:\Users\James\Documents\ESCOM_SEMESTRE_6\3CM2_ARQUITECTURA\Project3CM2MachX02\rotbarrelRL00\rotbarrelRL0\rotbarrelRL00_rotbarrelRL0.srs
Copied C:\Users\James\Documents\ESCOM_SEMESTRE_6\3CM2_ARQUITECTURA\Project3CM2MachX02\rotbarrelRL00\rotbarrelRL0\rotbarrelRL00_rotbarrelRL0.srr to C:\Users\James\Documents\ESCOM_SEMESTRE_6\3CM2_ARQUITECTURA\Project3CM2MachX02\rotbarrelRL00\rotbarrelRL0\rotbarrelRL00_rotbarrelRL0.srf
Complete: Compile Process on proj_1|rotbarrelRL0

Running: premap (Pre-mapping) on proj_1|rotbarrelRL0
# Thu Nov  1 22:45:10 2018

premap completed with warnings
# Thu Nov  1 22:45:12 2018

Return Code: 1
Run Time:00h:00m:02s
Complete: Compile on proj_1|rotbarrelRL0

Running: map (Map) on proj_1|rotbarrelRL0
# Thu Nov  1 22:45:12 2018
License granted for 4 parallel jobs

Running: fpga_mapper (Map & Optimize) on proj_1|rotbarrelRL0
# Thu Nov  1 22:45:12 2018
Copied C:\Users\James\Documents\ESCOM_SEMESTRE_6\3CM2_ARQUITECTURA\Project3CM2MachX02\rotbarrelRL00\rotbarrelRL0\synwork\rotbarrelRL00_rotbarrelRL0_m.srm to C:\Users\James\Documents\ESCOM_SEMESTRE_6\3CM2_ARQUITECTURA\Project3CM2MachX02\rotbarrelRL00\rotbarrelRL0\rotbarrelRL00_rotbarrelRL0.srm

fpga_mapper completed with warnings
# Thu Nov  1 22:45:16 2018

Return Code: 1
Run Time:00h:00m:04s
Complete: Map on proj_1|rotbarrelRL0
Copied C:\Users\James\Documents\ESCOM_SEMESTRE_6\3CM2_ARQUITECTURA\Project3CM2MachX02\rotbarrelRL00\rotbarrelRL0\rotbarrelRL00_rotbarrelRL0.srr to C:\Users\James\Documents\ESCOM_SEMESTRE_6\3CM2_ARQUITECTURA\Project3CM2MachX02\rotbarrelRL00\rotbarrelRL0\rotbarrelRL00_rotbarrelRL0.srf
Complete: Logic Synthesis on proj_1|rotbarrelRL0
TCL script complete: "rotbarrelRL00_rotbarrelRL0_synplify.tcl"
exit status=0
exit status=0
Save changes for project:
C:\Users\James\Documents\ESCOM_SEMESTRE_6\3CM2_ARQUITECTURA\Project3CM2MachX02\rotbarrelRL00\rotbarrelRL0\proj_1.prj
batch mode default:no
