C:\lscc\diamond\3.7_x64\synpbase\bin64\c_vhdl.exe  -osyn  "C:\Users\saiko\Documents\ESCOM\5 semestre\Arqui de Computadoras\Arquitectura\generic04\generic02\impl1\synwork\generic02_impl1_hdl_.srs"  -top  topgeneric01  -prodtype  synplify_pro  -dspmac -fixsmult -infer_seqShift -nram -sdff_counter -divnmod -nostructver  -encrypt  -pro  -dmgen  "C:\Users\saiko\Documents\ESCOM\5 semestre\Arqui de Computadoras\Arquitectura\generic04\generic02\impl1\dm"  -lite -ui -fid2 -ram -sharing on -ll 2000 -autosm  -ignore_undefined_lib  -lib work C:\lscc\diamond\3.7_x64\cae_library\synthesis\vhdl\machxo2.vhd -lib work "C:\Users\saiko\Documents\ESCOM\5 semestre\Arqui de Computadoras\Arquitectura\generic04\generic02\div00\osc00.vhdl" -lib work "C:\Users\saiko\Documents\ESCOM\5 semestre\Arqui de Computadoras\Arquitectura\generic04\generic02\div00\enab00.vhdl" -lib work "C:\Users\saiko\Documents\ESCOM\5 semestre\Arqui de Computadoras\Arquitectura\generic04\generic02\div00\div0.vhdl" -lib work "C:\Users\saiko\Documents\ESCOM\5 semestre\Arqui de Computadoras\Arquitectura\generic04\generic02\div00\packagediv00.vhdl" -lib work "C:\Users\saiko\Documents\ESCOM\5 semestre\Arqui de Computadoras\Arquitectura\generic04\generic02\div00\topdiv00.vhdl" -lib work "C:\Users\saiko\Documents\ESCOM\5 semestre\Arqui de Computadoras\Arquitectura\generic04\generic02\impl1\source\and00.vhdl" -lib work "C:\Users\saiko\Documents\ESCOM\5 semestre\Arqui de Computadoras\Arquitectura\generic04\generic02\impl1\source\or00.vhdl" -lib work "C:\Users\saiko\Documents\ESCOM\5 semestre\Arqui de Computadoras\Arquitectura\generic04\generic02\impl1\source\xor00.vhdl" -lib work "C:\Users\saiko\Documents\ESCOM\5 semestre\Arqui de Computadoras\Arquitectura\generic04\generic02\impl1\source\not00.vhdl" -lib work "C:\Users\saiko\Documents\ESCOM\5 semestre\Arqui de Computadoras\Arquitectura\generic04\generic02\impl1\source\nand00.vhdl" -lib work "C:\Users\saiko\Documents\ESCOM\5 semestre\Arqui de Computadoras\Arquitectura\generic04\generic02\impl1\source\nor00.vhdl" -lib work "C:\Users\saiko\Documents\ESCOM\5 semestre\Arqui de Computadoras\Arquitectura\generic04\generic02\impl1\source\nxor00.vhdl" -lib work "C:\Users\saiko\Documents\ESCOM\5 semestre\Arqui de Computadoras\Arquitectura\generic04\generic02\impl1\source\shiftr00.vhdl" -lib work "C:\Users\saiko\Documents\ESCOM\5 semestre\Arqui de Computadoras\Arquitectura\generic04\generic02\impl1\source\shiftl00.vhdl" -lib work "C:\Users\saiko\Documents\ESCOM\5 semestre\Arqui de Computadoras\Arquitectura\generic04\generic02\shiftx00.vhd" -lib work "C:\Users\saiko\Documents\ESCOM\5 semestre\Arqui de Computadoras\Arquitectura\generic04\generic02\impl1\source\rotr00.vhdl" -lib work "C:\Users\saiko\Documents\ESCOM\5 semestre\Arqui de Computadoras\Arquitectura\generic04\generic02\impl1\source\rotl00.vhdl" -lib work "C:\Users\saiko\Documents\ESCOM\5 semestre\Arqui de Computadoras\Arquitectura\generic04\generic02\impl1\source\add00.vhdl" -lib work "C:\Users\saiko\Documents\ESCOM\5 semestre\Arqui de Computadoras\Arquitectura\generic04\generic02\impl1\source\sub00.vhdl" -lib work "C:\Users\saiko\Documents\ESCOM\5 semestre\Arqui de Computadoras\Arquitectura\generic04\generic02\multicomb.vhdl" -lib work "C:\Users\saiko\Documents\ESCOM\5 semestre\Arqui de Computadoras\Arquitectura\generic04\generic02\impl1\source\comp2.vhdl" -lib work "C:\Users\saiko\Documents\ESCOM\5 semestre\Arqui de Computadoras\Arquitectura\generic04\generic02\impl1\source\comp00.vhdl" -lib work "C:\Users\saiko\Documents\ESCOM\5 semestre\Arqui de Computadoras\Arquitectura\generic04\generic02\impl1\source\concat00.vhdl" -lib work "C:\Users\saiko\Documents\ESCOM\5 semestre\Arqui de Computadoras\Arquitectura\generic04\generic02\combinacional01\and.vhdl" -lib work "C:\Users\saiko\Documents\ESCOM\5 semestre\Arqui de Computadoras\Arquitectura\generic04\generic02\combinacional01\or.vhdl" -lib work "C:\Users\saiko\Documents\ESCOM\5 semestre\Arqui de Computadoras\Arquitectura\generic04\generic02\combinacional01\xor.vhdl" -lib work "C:\Users\saiko\Documents\ESCOM\5 semestre\Arqui de Computadoras\Arquitectura\generic04\generic02\combinacional01\paquete_sumadorcompleto.vhdl" -lib work "C:\Users\saiko\Documents\ESCOM\5 semestre\Arqui de Computadoras\Arquitectura\generic04\generic02\combinacional01\paquete_sumadormedio.vhdl" -lib work "C:\Users\saiko\Documents\ESCOM\5 semestre\Arqui de Computadoras\Arquitectura\generic04\generic02\combinacional01\top_sumadorcompleto.vhdl" -lib work "C:\Users\saiko\Documents\ESCOM\5 semestre\Arqui de Computadoras\Arquitectura\generic04\generic02\combinacional01\top_sumadormedio.vhdl" -lib work "C:\Users\saiko\Documents\ESCOM\5 semestre\Arqui de Computadoras\Arquitectura\generic04\generic02\combinacional01\paquete_topcombin.vhdl" -lib work "C:\Users\saiko\Documents\ESCOM\5 semestre\Arqui de Computadoras\Arquitectura\generic04\generic02\combinacional01\topmulticomb01.vhdl" -lib work "C:\Users\saiko\Documents\ESCOM\5 semestre\Arqui de Computadoras\Arquitectura\generic04\generic02\impl1\source\uc00.vhdl" -lib work "C:\Users\saiko\Documents\ESCOM\5 semestre\Arqui de Computadoras\Arquitectura\generic04\generic02\impl1\source\packagegeneric01.vhdl" -lib work "C:\Users\saiko\Documents\ESCOM\5 semestre\Arqui de Computadoras\Arquitectura\generic04\generic02\impl1\source\topgeneric01.vhdl"  -log  "C:\Users\saiko\Documents\ESCOM\5 semestre\Arqui de Computadoras\Arquitectura\generic04\generic02\impl1\syntax.log"  -fileorder  "C:\Users\saiko\Documents\ESCOM\5 semestre\Arqui de Computadoras\Arquitectura\generic04\generic02\impl1\syntmp\hdlorder.tcl" 
rc:0 success:1 runtime:3
C:\Users\saiko\Documents\ESCOM\5 semestre\Arqui de Computadoras\Arquitectura\generic04\generic02\impl1\synwork\generic02_impl1_hdl_.srs|o|0|0
C:\lscc\diamond\3.7_x64\cae_library\synthesis\vhdl\machxo2.vhd|i|1377014408|73964
C:\Users\saiko\Documents\ESCOM\5 semestre\Arqui de Computadoras\Arquitectura\generic04\generic02\div00\osc00.vhdl|i|1443787910|573
C:\Users\saiko\Documents\ESCOM\5 semestre\Arqui de Computadoras\Arquitectura\generic04\generic02\div00\enab00.vhdl|i|1443787850|222
C:\Users\saiko\Documents\ESCOM\5 semestre\Arqui de Computadoras\Arquitectura\generic04\generic02\div00\div0.vhdl|i|1443803230|1944
C:\Users\saiko\Documents\ESCOM\5 semestre\Arqui de Computadoras\Arquitectura\generic04\generic02\div00\packagediv00.vhdl|i|1443787930|475
C:\Users\saiko\Documents\ESCOM\5 semestre\Arqui de Computadoras\Arquitectura\generic04\generic02\div00\topdiv00.vhdl|i|1443787950|657
C:\Users\saiko\Documents\ESCOM\5 semestre\Arqui de Computadoras\Arquitectura\generic04\generic02\impl1\source\and00.vhdl|i|1447146234|947
C:\Users\saiko\Documents\ESCOM\5 semestre\Arqui de Computadoras\Arquitectura\generic04\generic02\impl1\source\or00.vhdl|i|1464957856|961
C:\Users\saiko\Documents\ESCOM\5 semestre\Arqui de Computadoras\Arquitectura\generic04\generic02\impl1\source\xor00.vhdl|i|1464957858|970
C:\Users\saiko\Documents\ESCOM\5 semestre\Arqui de Computadoras\Arquitectura\generic04\generic02\impl1\source\not00.vhdl|i|1464957856|918
C:\Users\saiko\Documents\ESCOM\5 semestre\Arqui de Computadoras\Arquitectura\generic04\generic02\impl1\source\nand00.vhdl|i|1447146234|988
C:\Users\saiko\Documents\ESCOM\5 semestre\Arqui de Computadoras\Arquitectura\generic04\generic02\impl1\source\nor00.vhdl|i|1447146234|995
C:\Users\saiko\Documents\ESCOM\5 semestre\Arqui de Computadoras\Arquitectura\generic04\generic02\impl1\source\nxor00.vhdl|i|1447146286|1003
C:\Users\saiko\Documents\ESCOM\5 semestre\Arqui de Computadoras\Arquitectura\generic04\generic02\impl1\source\shiftr00.vhdl|i|1464957856|1059
C:\Users\saiko\Documents\ESCOM\5 semestre\Arqui de Computadoras\Arquitectura\generic04\generic02\impl1\source\shiftl00.vhdl|i|1464957856|1106
C:\Users\saiko\Documents\ESCOM\5 semestre\Arqui de Computadoras\Arquitectura\generic04\generic02\shiftx00.vhd|i|1465008268|1996
C:\Users\saiko\Documents\ESCOM\5 semestre\Arqui de Computadoras\Arquitectura\generic04\generic02\impl1\source\rotr00.vhdl|i|1464957856|1138
C:\Users\saiko\Documents\ESCOM\5 semestre\Arqui de Computadoras\Arquitectura\generic04\generic02\impl1\source\rotl00.vhdl|i|1464957856|1137
C:\Users\saiko\Documents\ESCOM\5 semestre\Arqui de Computadoras\Arquitectura\generic04\generic02\impl1\source\add00.vhdl|i|1464957910|1440
C:\Users\saiko\Documents\ESCOM\5 semestre\Arqui de Computadoras\Arquitectura\generic04\generic02\impl1\source\sub00.vhdl|i|1464957910|1433
C:\Users\saiko\Documents\ESCOM\5 semestre\Arqui de Computadoras\Arquitectura\generic04\generic02\multicomb.vhdl|i|1464957972|983
C:\Users\saiko\Documents\ESCOM\5 semestre\Arqui de Computadoras\Arquitectura\generic04\generic02\impl1\source\comp2.vhdl|i|1464957972|994
C:\Users\saiko\Documents\ESCOM\5 semestre\Arqui de Computadoras\Arquitectura\generic04\generic02\impl1\source\comp00.vhdl|i|1464957972|1196
C:\Users\saiko\Documents\ESCOM\5 semestre\Arqui de Computadoras\Arquitectura\generic04\generic02\impl1\source\concat00.vhdl|i|1464972020|1172
C:\Users\saiko\Documents\ESCOM\5 semestre\Arqui de Computadoras\Arquitectura\generic04\generic02\combinacional01\and.vhdl|i|1443565940|249
C:\Users\saiko\Documents\ESCOM\5 semestre\Arqui de Computadoras\Arquitectura\generic04\generic02\combinacional01\or.vhdl|i|1443566250|238
C:\Users\saiko\Documents\ESCOM\5 semestre\Arqui de Computadoras\Arquitectura\generic04\generic02\combinacional01\xor.vhdl|i|1443566350|249
C:\Users\saiko\Documents\ESCOM\5 semestre\Arqui de Computadoras\Arquitectura\generic04\generic02\combinacional01\paquete_sumadorcompleto.vhdl|i|1443566536|398
C:\Users\saiko\Documents\ESCOM\5 semestre\Arqui de Computadoras\Arquitectura\generic04\generic02\combinacional01\paquete_sumadormedio.vhdl|i|1443566594|352
C:\Users\saiko\Documents\ESCOM\5 semestre\Arqui de Computadoras\Arquitectura\generic04\generic02\combinacional01\top_sumadorcompleto.vhdl|i|1443566812|772
C:\Users\saiko\Documents\ESCOM\5 semestre\Arqui de Computadoras\Arquitectura\generic04\generic02\combinacional01\top_sumadormedio.vhdl|i|1443566808|518
C:\Users\saiko\Documents\ESCOM\5 semestre\Arqui de Computadoras\Arquitectura\generic04\generic02\combinacional01\paquete_topcombin.vhdl|i|1449082194|429
C:\Users\saiko\Documents\ESCOM\5 semestre\Arqui de Computadoras\Arquitectura\generic04\generic02\combinacional01\topmulticomb01.vhdl|i|1449094490|4268
C:\Users\saiko\Documents\ESCOM\5 semestre\Arqui de Computadoras\Arquitectura\generic04\generic02\impl1\source\uc00.vhdl|i|1464990474|886
C:\Users\saiko\Documents\ESCOM\5 semestre\Arqui de Computadoras\Arquitectura\generic04\generic02\impl1\source\packagegeneric01.vhdl|i|1465008752|6442
C:\Users\saiko\Documents\ESCOM\5 semestre\Arqui de Computadoras\Arquitectura\generic04\generic02\impl1\source\topgeneric01.vhdl|i|1478498817|4497
C:\Users\saiko\Documents\ESCOM\5 semestre\Arqui de Computadoras\Arquitectura\generic04\generic02\impl1\syntax.log|o|1478498937|1024
C:\lscc\diamond\3.7_x64\synpbase\bin\c_vhdl.exe|i|1449734236|2359296
C:\lscc\diamond\3.7_x64\synpbase\bin64\c_vhdl.exe|i|1449734446|3228672
