C:\ispLEVER_Classic2_0\synpbase\bin64\c_vhdl.exe  -osyn  "C:\users\valery garibay\documents\6_semestre\arqui\proyectocpld\synwork\topcontrol_hdl_.srs"  -top  topcontrol  -prodtype  synplify_pro  -nostructver -encrypt  -pro  -dmgen  "C:\users\valery garibay\documents\6_semestre\arqui\proyectocpld\dm"  -lite -compiler_compatible -ui -fid2 -ram -sharing on -ll 2000 -autosm -ignore_undefined_lib  -lib work "C:\users\valery garibay\documents\6_semestre\arqui\proyectocpld\packagediv00.vhd" -lib work "C:\users\valery garibay\documents\6_semestre\arqui\proyectocpld\packagecontrol.vhd" -lib work "C:\users\valery garibay\documents\6_semestre\arqui\proyectocpld\osc00.vhd" -lib work "C:\users\valery garibay\documents\6_semestre\arqui\proyectocpld\div00.vhd" -lib work "C:\users\valery garibay\documents\6_semestre\arqui\proyectocpld\topdiv00.vhd" -lib work "C:\users\valery garibay\documents\6_semestre\arqui\proyectocpld\control.vhd" -lib work "C:\users\valery garibay\documents\6_semestre\arqui\proyectocpld\topcontrol.vhd" -loga  "C:\users\valery garibay\documents\6_semestre\arqui\proyectocpld\syntax.log"  -fileorder  "C:\users\valery garibay\documents\6_semestre\arqui\proyectocpld\syntmp\hdlorder.tcl" 
rc:0 success:1
C:\users\valery garibay\documents\6_semestre\arqui\proyectocpld\synwork\topcontrol_hdl_.srs|o|0|0
"C:\users\valery|i|0|0
garibay\documents\6_semestre\arqui\proyectocpld\packagediv00.vhd"|i|0|0
"C:\users\valery|i|0|0
garibay\documents\6_semestre\arqui\proyectocpld\packagecontrol.vhd"|i|0|0
"C:\users\valery|i|0|0
garibay\documents\6_semestre\arqui\proyectocpld\osc00.vhd"|i|0|0
"C:\users\valery|i|0|0
garibay\documents\6_semestre\arqui\proyectocpld\div00.vhd"|i|0|0
"C:\users\valery|i|0|0
garibay\documents\6_semestre\arqui\proyectocpld\topdiv00.vhd"|i|0|0
"C:\users\valery|i|0|0
garibay\documents\6_semestre\arqui\proyectocpld\control.vhd"|i|0|0
"C:\users\valery|i|0|0
garibay\documents\6_semestre\arqui\proyectocpld\topcontrol.vhd"|i|0|0
C:\users\valery garibay\documents\6_semestre\arqui\proyectocpld\syntax.log|o|1559264267|1141
C:\ispLEVER_Classic2_0\synpbase\bin\c_vhdl.exe|i|1401249098|2046976
C:\ispLEVER_Classic2_0\synpbase\bin64\c_vhdl.exe|i|1401249304|5533184
