
synpwrap -msg -prj "ram00_ram_synplify.tcl" -log "ram00_ram.srf"
Copyright (C) 1992-2017 Lattice Semiconductor Corporation. All rights reserved.
Lattice Diamond Version 3.10.0.111.2
    <postMsg mid="2011000" type="Info"    dynamic="0" navigation="0"  />

==contents of ram00_ram.srf
#Build: Synplify Pro (R) M-2017.03L-SP1-1, Build 086R, Aug  4 2017
#install: C:\lscc\diamond\3.10_x64\synpbase
#OS: Windows 7 6.1
#Hostname: LALO-PC

# Tue Apr 24 12:13:02 2018

#Implementation: ram

Synopsys HDL Compiler, version comp2017q2p1, Build 190R, built Aug  4 2017
@N|Running in 64-bit mode
Copyright (C) 1994-2017 Synopsys, Inc. This Synopsys software and all associated documentation are proprietary to Synopsys, Inc. and may only be used pursuant to the terms and conditions of a written license agreement with Synopsys, Inc. All other use, reproduction, modification, or distribution of the Synopsys software or the associated documentation is strictly prohibited.

Synopsys VHDL Compiler, version comp2017q2p1, Build 190R, built Aug  4 2017
@N|Running in 64-bit mode
Copyright (C) 1994-2017 Synopsys, Inc. This Synopsys software and all associated documentation are proprietary to Synopsys, Inc. and may only be used pursuant to the terms and conditions of a written license agreement with Synopsys, Inc. All other use, reproduction, modification, or distribution of the Synopsys software or the associated documentation is strictly prohibited.

@N: CD720 :"C:\lscc\diamond\3.10_x64\synpbase\lib\vhd\std.vhd":123:18:123:21|Setting time resolution to ps
@N:"F:\ram00\topram00.vhdl":9:7:9:14|Top entity is set to topram00.
File C:\lscc\diamond\3.10_x64\synpbase\lib\cpld\lattice.vhd changed - recompiling
File F:\osc00VHDL\osc00.vhdl changed - recompiling
File C:\lscc\diamond\3.10_x64\synpbase\lib\lucent\machxo2.vhd changed - recompiling
File F:\osc00VHDL\packageosc00.vhdl changed - recompiling
File F:\ram00\contring00.vhdl changed - recompiling
File F:\ram00\coderram00.vhdl changed - recompiling
File F:\ram00\ram00.vhdl changed - recompiling
File F:\ram00\contRead00.vhdl changed - recompiling
File F:\ram00\muxram00.vhdl changed - recompiling
File F:\ram00\packageram00.vhdl changed - recompiling
File F:\osc00VHDL\toposc00.vhdl changed - recompiling
File F:\ram00\topram00.vhdl changed - recompiling
VHDL syntax check successful!
File F:\ram00\contRead00.vhdl changed - recompiling
@N: CD630 :"F:\ram00\topram00.vhdl":9:7:9:14|Synthesizing work.topram00.topram0.
@N: CD630 :"F:\ram00\muxram00.vhdl":8:7:8:14|Synthesizing work.muxram00.muxram0.
@W: CG296 :"F:\ram00\muxram00.vhdl":20:7:20:13|Incomplete sensitivity list; assuming completeness. Make sure all referenced variables in message CG290 are included in the sensitivity list.
@W: CG290 :"F:\ram00\muxram00.vhdl":26:9:26:13|Referenced variable rwmux is not in sensitivity list.
@W: CG290 :"F:\ram00\muxram00.vhdl":22:7:22:11|Referenced variable enmux is not in sensitivity list.
Post processing for work.muxram00.muxram0
@N: CD630 :"F:\ram00\contRead00.vhdl":8:7:8:16|Synthesizing work.contread00.contread0.
@N: CD364 :"F:\ram00\contRead00.vhdl":34:10:34:18|Removing redundant assignment.
Post processing for work.contread00.contread0
@N: CD630 :"F:\ram00\ram00.vhdl":8:7:8:11|Synthesizing work.ram00.ram0.
Post processing for work.ram00.ram0
@N: CL134 :"F:\ram00\ram00.vhdl":23:7:23:13|Found RAM wordram, depth=64, width=7
@N: CD630 :"F:\ram00\coderram00.vhdl":8:7:8:16|Synthesizing work.coderram00.coderram0.
@W: CG296 :"F:\ram00\coderram00.vhdl":24:10:24:16|Incomplete sensitivity list; assuming completeness. Make sure all referenced variables in message CG290 are included in the sensitivity list.
@W: CG290 :"F:\ram00\coderram00.vhdl":34:6:34:9|Referenced variable clkc is not in sensitivity list.
Post processing for work.coderram00.coderram0
@N: CL189 :"F:\ram00\coderram00.vhdl":34:2:34:3|Register bit sinkeyA is always 0.
@N: CD630 :"F:\ram00\contring00.vhdl":6:7:6:16|Synthesizing work.contring00.contring0.
Post processing for work.contring00.contring0
@W: CL279 :"F:\ram00\contring00.vhdl":18:4:18:5|Pruning register bits 3 to 0 of sshift(4 downto 0). If this is not the intended behavior, drive the inputs with valid values, or inputs from the top level.
@N: CD630 :"F:\osc00VHDL\toposc00.vhdl":9:7:9:14|Synthesizing work.toposc00.toposc0.
@N: CD630 :"F:\osc00VHDL\div00.vhdl":8:7:8:11|Synthesizing work.div00.div0.
@N: CD364 :"F:\osc00VHDL\div00.vhdl":27:2:27:7|Removing redundant assignment.
@N: CD364 :"F:\osc00VHDL\div00.vhdl":36:2:36:7|Removing redundant assignment.
@N: CD364 :"F:\osc00VHDL\div00.vhdl":45:2:45:7|Removing redundant assignment.
@N: CD364 :"F:\osc00VHDL\div00.vhdl":54:2:54:7|Removing redundant assignment.
@N: CD364 :"F:\osc00VHDL\div00.vhdl":63:2:63:7|Removing redundant assignment.
@N: CD364 :"F:\osc00VHDL\div00.vhdl":72:2:72:7|Removing redundant assignment.
@N: CD364 :"F:\osc00VHDL\div00.vhdl":81:2:81:7|Removing redundant assignment.
@N: CD364 :"F:\osc00VHDL\div00.vhdl":90:2:90:7|Removing redundant assignment.
@N: CD364 :"F:\osc00VHDL\div00.vhdl":99:2:99:7|Removing redundant assignment.
Post processing for work.div00.div0
@N: CD630 :"F:\osc00VHDL\osc00.vhdl":8:7:8:11|Synthesizing work.osc00.osc0.
@W: CD276 :"C:\lscc\diamond\3.10_x64\cae_library\synthesis\vhdl\machxo2.vhd":2297:8:2297:15|Map for port sedstdby of component osch not found
@N: CD630 :"C:\lscc\diamond\3.10_x64\cae_library\synthesis\vhdl\machxo2.vhd":2291:10:2291:13|Synthesizing work.osch.syn_black_box.
Post processing for work.osch.syn_black_box
Post processing for work.osc00.osc0
Post processing for work.toposc00.toposc0
Post processing for work.topram00.topram0

At c_vhdl Exit (Real Time elapsed 0h:00m:06s; CPU Time elapsed 0h:00m:00s; Memory used current: 78MB peak: 80MB)

Process took 0h:00m:06s realtime, 0h:00m:01s cputime

Process completed successfully.
# Tue Apr 24 12:13:09 2018

###########################################################]
Synopsys Netlist Linker, version comp2017q2p1, Build 190R, built Aug  4 2017
@N|Running in 64-bit mode
File F:\ram00\ram\synwork\layer0.srs changed - recompiling

At syn_nfilter Exit (Real Time elapsed 0h:00m:00s; CPU Time elapsed 0h:00m:00s; Memory used current: 67MB peak: 68MB)

Process took 0h:00m:01s realtime, 0h:00m:01s cputime

Process completed successfully.
# Tue Apr 24 12:13:09 2018

###########################################################]
@END

At c_hdl Exit (Real Time elapsed 0h:00m:07s; CPU Time elapsed 0h:00m:00s; Memory used current: 3MB peak: 4MB)

Process took 0h:00m:07s realtime, 0h:00m:01s cputime

Process completed successfully.
# Tue Apr 24 12:13:10 2018

###########################################################]
Synopsys Netlist Linker, version comp2017q2p1, Build 190R, built Aug  4 2017
@N|Running in 64-bit mode
File F:\ram00\ram\synwork\ram00_ram_comp.srs changed - recompiling

At syn_nfilter Exit (Real Time elapsed 0h:00m:00s; CPU Time elapsed 0h:00m:00s; Memory used current: 67MB peak: 68MB)

Process took 0h:00m:01s realtime, 0h:00m:01s cputime

Process completed successfully.
# Tue Apr 24 12:13:13 2018

###########################################################]
Pre-mapping Report

# Tue Apr 24 12:13:14 2018

Synopsys Lattice Technology Pre-mapping, Version maplat, Build 1796R, Built Aug  4 2017 11:10:16
Copyright (C) 1994-2017 Synopsys, Inc. This Synopsys software and all associated documentation are proprietary to Synopsys, Inc. and may only be used pursuant to the terms and conditions of a written license agreement with Synopsys, Inc. All other use, reproduction, modification, or distribution of the Synopsys software or the associated documentation is strictly prohibited.
Product Version M-2017.03L-SP1-1

Mapper Startup Complete (Real Time elapsed 0h:00m:00s; CPU Time elapsed 0h:00m:00s; Memory used current: 98MB peak: 99MB)

@A: MF827 |No constraint file specified.
@L: F:\ram00\ram\ram00_ram_scck.rpt 
Printing clock  summary report in "F:\ram00\ram\ram00_ram_scck.rpt" file 
@N: MF248 |Running in 64-bit mode.
@N: MF666 |Clock conversion enabled. (Command "set_option -fix_gated_and_generated_clocks 1" in the project file.)

Design Input Complete (Real Time elapsed 0h:00m:00s; CPU Time elapsed 0h:00m:00s; Memory used current: 99MB peak: 101MB)


Mapper Initialization Complete (Real Time elapsed 0h:00m:00s; CPU Time elapsed 0h:00m:00s; Memory used current: 99MB peak: 101MB)


Start loading timing files (Real Time elapsed 0h:00m:00s; CPU Time elapsed 0h:00m:00s; Memory used current: 112MB peak: 112MB)


Finished loading timing files (Real Time elapsed 0h:00m:00s; CPU Time elapsed 0h:00m:00s; Memory used current: 112MB peak: 114MB)

@W: FX474 |User-specified initial value defined for some sequential elements which can prevent optimum synthesis results from being achieved. 
ICG Latch Removal Summary:
Number of ICG latches removed:	0
Number of ICG latches not removed:	0
syn_allowed_resources : blockrams=26  set on top level netlist topram00

Finished netlist restructuring (Real Time elapsed 0h:00m:01s; CPU Time elapsed 0h:00m:00s; Memory used current: 139MB peak: 141MB)



Clock Summary
******************

          Start                            Requested     Requested     Clock                                           Clock                   Clock
Level     Clock                            Frequency     Period        Type                                            Group                   Load 
----------------------------------------------------------------------------------------------------------------------------------------------------
0 -       osc00|osc_int_inferred_clock     2.1 MHz       480.769       inferred                                        Inferred_clkgroup_0     23   
1 .         div00|oscout_derived_clock     2.1 MHz       480.769       derived (from osc00|osc_int_inferred_clock)     Inferred_clkgroup_0     51   
====================================================================================================================================================

@W: MT529 :"f:\osc00vhdl\div00.vhdl":20:0:20:1|Found inferred clock osc00|osc_int_inferred_clock which controls 23 sequential elements including W00.OS01.sdiv[21:0]. This clock has no specified timing constraint which may prevent conversion of gated or generated clocks and may adversely impact design performance. 

Finished Pre Mapping Phase.

Starting constraint checker (Real Time elapsed 0h:00m:01s; CPU Time elapsed 0h:00m:00s; Memory used current: 139MB peak: 141MB)


Finished constraint checker preprocessing (Real Time elapsed 0h:00m:02s; CPU Time elapsed 0h:00m:00s; Memory used current: 139MB peak: 141MB)

None
None

Finished constraint checker (Real Time elapsed 0h:00m:02s; CPU Time elapsed 0h:00m:00s; Memory used current: 139MB peak: 141MB)

Pre-mapping successful!

At Mapper Exit (Real Time elapsed 0h:00m:02s; CPU Time elapsed 0h:00m:00s; Memory used current: 55MB peak: 141MB)

Process took 0h:00m:02s realtime, 0h:00m:01s cputime
# Tue Apr 24 12:13:17 2018

###########################################################]
Map & Optimize Report

# Tue Apr 24 12:13:18 2018

Synopsys Lattice Technology Mapper, Version maplat, Build 1796R, Built Aug  4 2017 11:10:16
Copyright (C) 1994-2017 Synopsys, Inc. This Synopsys software and all associated documentation are proprietary to Synopsys, Inc. and may only be used pursuant to the terms and conditions of a written license agreement with Synopsys, Inc. All other use, reproduction, modification, or distribution of the Synopsys software or the associated documentation is strictly prohibited.
Product Version M-2017.03L-SP1-1

Mapper Startup Complete (Real Time elapsed 0h:00m:00s; CPU Time elapsed 0h:00m:00s; Memory used current: 98MB peak: 99MB)

@N: MF248 |Running in 64-bit mode.
@N: MF666 |Clock conversion enabled. (Command "set_option -fix_gated_and_generated_clocks 1" in the project file.)

Design Input Complete (Real Time elapsed 0h:00m:00s; CPU Time elapsed 0h:00m:00s; Memory used current: 98MB peak: 100MB)


Mapper Initialization Complete (Real Time elapsed 0h:00m:00s; CPU Time elapsed 0h:00m:00s; Memory used current: 98MB peak: 100MB)


Start loading timing files (Real Time elapsed 0h:00m:00s; CPU Time elapsed 0h:00m:00s; Memory used current: 111MB peak: 111MB)


Finished loading timing files (Real Time elapsed 0h:00m:00s; CPU Time elapsed 0h:00m:00s; Memory used current: 111MB peak: 113MB)



Starting Optimization and Mapping (Real Time elapsed 0h:00m:00s; CPU Time elapsed 0h:00m:00s; Memory used current: 139MB peak: 141MB)


Available hyper_sources - for debug and ip models
	None Found


Finished RTL optimizations (Real Time elapsed 0h:00m:00s; CPU Time elapsed 0h:00m:00s; Memory used current: 139MB peak: 141MB)


Starting factoring (Real Time elapsed 0h:00m:00s; CPU Time elapsed 0h:00m:00s; Memory used current: 140MB peak: 141MB)


Finished factoring (Real Time elapsed 0h:00m:00s; CPU Time elapsed 0h:00m:00s; Memory used current: 143MB peak: 144MB)


Starting gated-clock and generated-clock conversion (Real Time elapsed 0h:00m:01s; CPU Time elapsed 0h:00m:00s; Memory used current: 142MB peak: 144MB)


Finished gated-clock and generated-clock conversion (Real Time elapsed 0h:00m:01s; CPU Time elapsed 0h:00m:00s; Memory used current: 142MB peak: 144MB)


Finished generic timing optimizations - Pass 1 (Real Time elapsed 0h:00m:01s; CPU Time elapsed 0h:00m:00s; Memory used current: 143MB peak: 144MB)


Starting Early Timing Optimization (Real Time elapsed 0h:00m:01s; CPU Time elapsed 0h:00m:00s; Memory used current: 143MB peak: 144MB)


Finished Early Timing Optimization (Real Time elapsed 0h:00m:01s; CPU Time elapsed 0h:00m:00s; Memory used current: 143MB peak: 144MB)


Finished generic timing optimizations - Pass 2 (Real Time elapsed 0h:00m:01s; CPU Time elapsed 0h:00m:00s; Memory used current: 143MB peak: 144MB)


Finished preparing to map (Real Time elapsed 0h:00m:01s; CPU Time elapsed 0h:00m:00s; Memory used current: 143MB peak: 144MB)


Finished technology mapping (Real Time elapsed 0h:00m:01s; CPU Time elapsed 0h:00m:01s; Memory used current: 155MB peak: 156MB)

Pass		 CPU time		Worst Slack		Luts / Registers
------------------------------------------------------------
   1		0h:00m:01s		   468.54ns		 151 /        67

Finished technology timing optimizations and critical path resynthesis (Real Time elapsed 0h:00m:02s; CPU Time elapsed 0h:00m:01s; Memory used current: 155MB peak: 156MB)

@N: FX164 |The option to pack registers in the IOB has not been specified. Please set syn_useioff attribute.  
@N: FO126 :"f:\ram00\ram00.vhdl":23:7:23:13|Generating RAM W03.wordram[6:0]
@A: BN291 :"f:\ram00\contring00.vhdl":18:4:18:5|Boundary register W01.outr_4_.fb (in view: work.topram00(topram0)) is packed into a complex cell. To disable register packing, set syn_keep=1 on the net between the register and the complex cell. 
@A: BN291 :"f:\ram00\contring00.vhdl":18:4:18:5|Boundary register W01.outr_3_.fb (in view: work.topram00(topram0)) is packed into a complex cell. To disable register packing, set syn_keep=1 on the net between the register and the complex cell. 
@A: BN291 :"f:\ram00\contring00.vhdl":18:4:18:5|Boundary register W01.outr_2_.fb (in view: work.topram00(topram0)) is packed into a complex cell. To disable register packing, set syn_keep=1 on the net between the register and the complex cell. 
@A: BN291 :"f:\ram00\contring00.vhdl":18:4:18:5|Boundary register W01.outr_1_.fb (in view: work.topram00(topram0)) is packed into a complex cell. To disable register packing, set syn_keep=1 on the net between the register and the complex cell. 
@A: BN291 :"f:\ram00\contring00.vhdl":18:4:18:5|Boundary register W01.outr_0_.fb (in view: work.topram00(topram0)) is packed into a complex cell. To disable register packing, set syn_keep=1 on the net between the register and the complex cell. 
@A: BN291 :"f:\ram00\coderram00.vhdl":34:2:34:3|Boundary register W02.outcontc_4_.fb (in view: work.topram00(topram0)) is packed into a complex cell. To disable register packing, set syn_keep=1 on the net between the register and the complex cell. 
@A: BN291 :"f:\ram00\coderram00.vhdl":34:2:34:3|Boundary register W02.outcontc_3_.fb (in view: work.topram00(topram0)) is packed into a complex cell. To disable register packing, set syn_keep=1 on the net between the register and the complex cell. 
@A: BN291 :"f:\ram00\coderram00.vhdl":34:2:34:3|Boundary register W02.outcontc_2_.fb (in view: work.topram00(topram0)) is packed into a complex cell. To disable register packing, set syn_keep=1 on the net between the register and the complex cell. 
@A: BN291 :"f:\ram00\coderram00.vhdl":34:2:34:3|Boundary register W02.outcontc_1_.fb (in view: work.topram00(topram0)) is packed into a complex cell. To disable register packing, set syn_keep=1 on the net between the register and the complex cell. 
@A: BN291 :"f:\ram00\coderram00.vhdl":34:2:34:3|Boundary register W02.outcontc_0_.fb (in view: work.topram00(topram0)) is packed into a complex cell. To disable register packing, set syn_keep=1 on the net between the register and the complex cell. 
@A: BN291 :"f:\ram00\contread00.vhdl":22:1:22:2|Boundary register W04.outcontcr_4_.fb (in view: work.topram00(topram0)) is packed into a complex cell. To disable register packing, set syn_keep=1 on the net between the register and the complex cell. 
@A: BN291 :"f:\ram00\contread00.vhdl":22:1:22:2|Boundary register W04.outcontcr_3_.fb (in view: work.topram00(topram0)) is packed into a complex cell. To disable register packing, set syn_keep=1 on the net between the register and the complex cell. 
@A: BN291 :"f:\ram00\contread00.vhdl":22:1:22:2|Boundary register W04.outcontcr_2_.fb (in view: work.topram00(topram0)) is packed into a complex cell. To disable register packing, set syn_keep=1 on the net between the register and the complex cell. 
@A: BN291 :"f:\ram00\contread00.vhdl":22:1:22:2|Boundary register W04.outcontcr_1_.fb (in view: work.topram00(topram0)) is packed into a complex cell. To disable register packing, set syn_keep=1 on the net between the register and the complex cell. 
@A: BN291 :"f:\ram00\contread00.vhdl":22:1:22:2|Boundary register W04.outcontcr_0_.fb (in view: work.topram00(topram0)) is packed into a complex cell. To disable register packing, set syn_keep=1 on the net between the register and the complex cell. 
@A: BN291 :"f:\ram00\ram00.vhdl":27:2:27:3|Boundary register W03.outFlagra.fb (in view: work.topram00(topram0)) is packed into a complex cell. To disable register packing, set syn_keep=1 on the net between the register and the complex cell. 

Finished restoring hierarchy (Real Time elapsed 0h:00m:02s; CPU Time elapsed 0h:00m:01s; Memory used current: 155MB peak: 156MB)



@S |Clock Optimization Summary


#### START OF CLOCK OPTIMIZATION REPORT #####[

0 non-gated/non-generated clock tree(s) driving 0 clock pin(s) of sequential element(s)
2 gated/generated clock tree(s) driving 71 clock pin(s) of sequential element(s)
0 instances converted, 71 sequential instances remain driven by gated/generated clocks

================================================================================================== Gated/Generated Clocks ==================================================================================================
Clock Tree ID     Driving Element       Drive Element Type     Fanout     Sample Instance     Explanation                                                                                                                   
----------------------------------------------------------------------------------------------------------------------------------------------------------------------------------------------------------------------------
@K:CKID0001       W00.OS00.OSCInst0     OSCH                   67         W00.OS01.oscout     Gating structure creates improper gating logic. See the Gated Clocks description in the user guide for conversion requirements
@K:CKID0002       W00.OS01.oscout       FD1S3AX                4          W03.wordram_ram     No gated clock conversion method for cell cell:LUCENT.DPR16X4C                                                                
============================================================================================================================================================================================================================


##### END OF CLOCK OPTIMIZATION REPORT ######]


Start Writing Netlists (Real Time elapsed 0h:00m:03s; CPU Time elapsed 0h:00m:01s; Memory used current: 121MB peak: 156MB)

Writing Analyst data base F:\ram00\ram\synwork\ram00_ram_m.srm

Finished Writing Netlist Databases (Real Time elapsed 0h:00m:04s; CPU Time elapsed 0h:00m:01s; Memory used current: 154MB peak: 156MB)

Writing EDIF Netlist and constraint files
@N: FX1056 |Writing EDF file: F:\ram00\ram\ram00_ram.edi
M-2017.03L-SP1-1
@N: BW106 |Synplicity Constraint File capacitance units using default value of 1pF 

Finished Writing EDIF Netlist and constraint files (Real Time elapsed 0h:00m:07s; CPU Time elapsed 0h:00m:02s; Memory used current: 159MB peak: 161MB)


Start final timing analysis (Real Time elapsed 0h:00m:08s; CPU Time elapsed 0h:00m:02s; Memory used current: 159MB peak: 161MB)

@N: MT615 |Found clock div00|oscout_derived_clock with period 480.77ns 
@W: MT420 |Found inferred clock osc00|osc_int_inferred_clock with period 480.77ns. Please declare a user-defined clock on object "n:W00.OS00.osc_int"


##### START OF TIMING REPORT #####[
# Timing Report written on Tue Apr 24 12:13:27 2018
#


Top view:               topram00
Requested Frequency:    2.1 MHz
Wire load mode:         top
Paths requested:        5
Constraint File(s):    
@N: MT320 |This timing report is an estimate of place and route data. For final timing results, use the FPGA vendor place and route report.

@N: MT322 |Clock constraints include only register-to-register paths associated with each individual clock.



Performance Summary
*******************


Worst slack in design: 466.372

                                 Requested     Estimated     Requested     Estimated                 Clock                                           Clock              
Starting Clock                   Frequency     Frequency     Period        Period        Slack       Type                                            Group              
------------------------------------------------------------------------------------------------------------------------------------------------------------------------
div00|oscout_derived_clock       2.1 MHz       440.8 MHz     480.769       2.269         479.269     derived (from osc00|osc_int_inferred_clock)     Inferred_clkgroup_0
osc00|osc_int_inferred_clock     2.1 MHz       69.5 MHz      480.769       14.397        466.372     inferred                                        Inferred_clkgroup_0
========================================================================================================================================================================





Clock Relationships
*******************

Clocks                                                      |    rise  to  rise     |    fall  to  fall   |    rise  to  fall   |    fall  to  rise 
----------------------------------------------------------------------------------------------------------------------------------------------------
Starting                      Ending                        |  constraint  slack    |  constraint  slack  |  constraint  slack  |  constraint  slack
----------------------------------------------------------------------------------------------------------------------------------------------------
osc00|osc_int_inferred_clock  osc00|osc_int_inferred_clock  |  480.769     466.372  |  No paths    -      |  No paths    -      |  No paths    -    
osc00|osc_int_inferred_clock  div00|oscout_derived_clock    |  480.769     478.501  |  No paths    -      |  No paths    -      |  No paths    -    
div00|oscout_derived_clock    osc00|osc_int_inferred_clock  |  480.769     479.269  |  No paths    -      |  No paths    -      |  No paths    -    
====================================================================================================================================================
 Note: 'No paths' indicates there are no paths in the design for that pair of clock edges.
       'Diff grp' indicates that paths exist but the starting clock and ending clock are in different clock groups.



Interface Information 
*********************

No IO constraint found



====================================
Detailed Report for Clock: div00|oscout_derived_clock
====================================



Starting Points with Worst Slack
********************************

                      Starting                                                              Arrival            
Instance              Reference                      Type         Pin     Net               Time        Slack  
                      Clock                                                                                    
---------------------------------------------------------------------------------------------------------------
W03.wordram_ram       div00|oscout_derived_clock     DPR16X4C     DO3     wordram_ram_2     0.972       479.269
W03.wordram_ram_1     div00|oscout_derived_clock     DPR16X4C     DO3     wordram_ram_9     0.972       479.269
===============================================================================================================


Ending Points with Worst Slack
******************************

                     Starting                                                          Required            
Instance             Reference                      Type        Pin     Net            Time         Slack  
                     Clock                                                                                 
-----------------------------------------------------------------------------------------------------------
W03.outWordra[3]     div00|oscout_derived_clock     FD1P3JX     D       wordram[3]     480.858      479.269
===========================================================================================================



Worst Path Information
***********************


Path information for path number 1: 
      Requested Period:                      480.769
    - Setup time:                            -0.089
    + Clock delay at ending point:           0.000 (ideal)
    = Required time:                         480.858

    - Propagation time:                      1.589
    - Clock delay at starting point:         0.000 (ideal)
    = Slack (non-critical) :                 479.269

    Number of logic level(s):                1
    Starting point:                          W03.wordram_ram / DO3
    Ending point:                            W03.outWordra[3] / D
    The start point is clocked by            div00|oscout_derived_clock [rising] on pin WCK
    The end   point is clocked by            osc00|osc_int_inferred_clock [rising] on pin CK

Instance / Net                        Pin      Pin               Arrival     No. of    
Name                     Type         Name     Dir     Delay     Time        Fan Out(s)
---------------------------------------------------------------------------------------
W03.wordram_ram          DPR16X4C     DO3      Out     0.972     0.972       -         
wordram_ram_2            Net          -        -       -         -           1         
W03.outWordra_RNO[3]     ORCALUT4     A        In      0.000     0.972       -         
W03.outWordra_RNO[3]     ORCALUT4     Z        Out     0.617     1.589       -         
wordram[3]               Net          -        -       -         -           1         
W03.outWordra[3]         FD1P3JX      D        In      0.000     1.589       -         
=======================================================================================




====================================
Detailed Report for Clock: osc00|osc_int_inferred_clock
====================================



Starting Points with Worst Slack
********************************

                      Starting                                                          Arrival            
Instance              Reference                        Type        Pin     Net          Time        Slack  
                      Clock                                                                                
-----------------------------------------------------------------------------------------------------------
W00.OS01.sdiv[0]      osc00|osc_int_inferred_clock     FD1S3IX     Q       sdiv[0]      1.044       466.372
W00.OS01.sdiv[1]      osc00|osc_int_inferred_clock     FD1S3IX     Q       sdiv[1]      1.044       466.372
W00.OS01.sdiv[2]      osc00|osc_int_inferred_clock     FD1S3IX     Q       sdiv[2]      1.044       466.372
W00.OS01.sdiv[3]      osc00|osc_int_inferred_clock     FD1S3IX     Q       sdiv[3]      1.044       466.372
W00.OS01.sdiv[6]      osc00|osc_int_inferred_clock     FD1S3IX     Q       sdiv[6]      1.044       466.372
W00.OS01.sdiv[7]      osc00|osc_int_inferred_clock     FD1S3IX     Q       sdiv[7]      1.044       466.372
W00.OS01.sdiv[8]      osc00|osc_int_inferred_clock     FD1S3IX     Q       sdiv[8]      1.108       467.357
W00.OS01.sdiv[9]      osc00|osc_int_inferred_clock     FD1S3IX     Q       sdiv[9]      1.108       467.357
W00.OS01.sdiv[10]     osc00|osc_int_inferred_clock     FD1S3IX     Q       sdiv[10]     1.108       467.357
W00.OS01.sdiv[11]     osc00|osc_int_inferred_clock     FD1S3IX     Q       sdiv[11]     1.108       467.357
===========================================================================================================


Ending Points with Worst Slack
******************************

                      Starting                                                              Required            
Instance              Reference                        Type        Pin     Net              Time         Slack  
                      Clock                                                                                     
----------------------------------------------------------------------------------------------------------------
W00.OS01.sdiv[21]     osc00|osc_int_inferred_clock     FD1S3IX     D       un1_sdiv[22]     480.664      466.372
W00.OS01.sdiv[19]     osc00|osc_int_inferred_clock     FD1S3IX     D       un1_sdiv[20]     480.664      466.515
W00.OS01.sdiv[20]     osc00|osc_int_inferred_clock     FD1S3IX     D       un1_sdiv[21]     480.664      466.515
W00.OS01.sdiv[17]     osc00|osc_int_inferred_clock     FD1S3IX     D       un1_sdiv[18]     480.664      466.658
W00.OS01.sdiv[18]     osc00|osc_int_inferred_clock     FD1S3IX     D       un1_sdiv[19]     480.664      466.658
W00.OS01.sdiv[15]     osc00|osc_int_inferred_clock     FD1S3IX     D       un1_sdiv[16]     480.664      466.800
W00.OS01.sdiv[16]     osc00|osc_int_inferred_clock     FD1S3IX     D       un1_sdiv[17]     480.664      466.800
W00.OS01.sdiv[13]     osc00|osc_int_inferred_clock     FD1S3IX     D       un1_sdiv[14]     480.664      466.943
W00.OS01.sdiv[14]     osc00|osc_int_inferred_clock     FD1S3IX     D       un1_sdiv[15]     480.664      466.943
W00.OS01.sdiv[11]     osc00|osc_int_inferred_clock     FD1S3IX     D       un1_sdiv[12]     480.664      467.086
================================================================================================================



Worst Path Information
***********************


Path information for path number 1: 
      Requested Period:                      480.769
    - Setup time:                            0.106
    + Clock delay at ending point:           0.000 (ideal)
    = Required time:                         480.664

    - Propagation time:                      14.292
    - Clock delay at starting point:         0.000 (ideal)
    = Slack (critical) :                     466.372

    Number of logic level(s):                20
    Starting point:                          W00.OS01.sdiv[0] / Q
    Ending point:                            W00.OS01.sdiv[21] / D
    The start point is clocked by            osc00|osc_int_inferred_clock [rising] on pin CK
    The end   point is clocked by            osc00|osc_int_inferred_clock [rising] on pin CK

Instance / Net                                          Pin      Pin               Arrival     No. of    
Name                                       Type         Name     Dir     Delay     Time        Fan Out(s)
---------------------------------------------------------------------------------------------------------
W00.OS01.sdiv[0]                           FD1S3IX      Q        Out     1.044     1.044       -         
sdiv[0]                                    Net          -        -       -         -           2         
W00.OS01.pdiv\.oscout13lto18_i_a2_15_4     ORCALUT4     A        In      0.000     1.044       -         
W00.OS01.pdiv\.oscout13lto18_i_a2_15_4     ORCALUT4     Z        Out     1.017     2.061       -         
oscout13lto18_i_a2_15_4                    Net          -        -       -         -           1         
W00.OS01.pdiv\.oscout13lto18_i_a2_15       ORCALUT4     B        In      0.000     2.061       -         
W00.OS01.pdiv\.oscout13lto18_i_a2_15       ORCALUT4     Z        Out     1.225     3.285       -         
N_27_8                                     Net          -        -       -         -           5         
W00.OS01.pdiv\.oscout13lto18_i_a2_17       ORCALUT4     B        In      0.000     3.285       -         
W00.OS01.pdiv\.oscout13lto18_i_a2_17       ORCALUT4     Z        Out     1.225     4.510       -         
N_3_19                                     Net          -        -       -         -           5         
W00.OS01.pdiv\.oscout13lto19               ORCALUT4     A        In      0.000     4.510       -         
W00.OS01.pdiv\.oscout13lto19               ORCALUT4     Z        Out     1.017     5.527       -         
oscout13lt21                               Net          -        -       -         -           1         
W00.OS01.oscout_0_sqmuxa_2                 ORCALUT4     A        In      0.000     5.527       -         
W00.OS01.oscout_0_sqmuxa_2                 ORCALUT4     Z        Out     1.017     6.544       -         
oscout_0_sqmuxa_2                          Net          -        -       -         -           1         
W00.OS01.un1_oscout56_7_2                  ORCALUT4     A        In      0.000     6.544       -         
W00.OS01.un1_oscout56_7_2                  ORCALUT4     Z        Out     1.017     7.561       -         
un1_oscout56_7_2                           Net          -        -       -         -           1         
W00.OS01.un1_oscout56_7_4                  ORCALUT4     B        In      0.000     7.561       -         
W00.OS01.un1_oscout56_7_4                  ORCALUT4     Z        Out     1.193     8.753       -         
un1_oscout56_7_4                           Net          -        -       -         -           4         
W00.OS01.un1_sdiv_cry_0_0_RNO              ORCALUT4     D        In      0.000     8.753       -         
W00.OS01.un1_sdiv_cry_0_0_RNO              ORCALUT4     Z        Out     1.017     9.770       -         
un1_oscout56_i                             Net          -        -       -         -           1         
W00.OS01.un1_sdiv_cry_0_0                  CCU2D        B0       In      0.000     9.770       -         
W00.OS01.un1_sdiv_cry_0_0                  CCU2D        COUT     Out     1.544     11.315      -         
un1_sdiv_cry_0                             Net          -        -       -         -           1         
W00.OS01.un1_sdiv_cry_1_0                  CCU2D        CIN      In      0.000     11.315      -         
W00.OS01.un1_sdiv_cry_1_0                  CCU2D        COUT     Out     0.143     11.457      -         
un1_sdiv_cry_2                             Net          -        -       -         -           1         
W00.OS01.un1_sdiv_cry_3_0                  CCU2D        CIN      In      0.000     11.457      -         
W00.OS01.un1_sdiv_cry_3_0                  CCU2D        COUT     Out     0.143     11.600      -         
un1_sdiv_cry_4                             Net          -        -       -         -           1         
W00.OS01.un1_sdiv_cry_5_0                  CCU2D        CIN      In      0.000     11.600      -         
W00.OS01.un1_sdiv_cry_5_0                  CCU2D        COUT     Out     0.143     11.743      -         
un1_sdiv_cry_6                             Net          -        -       -         -           1         
W00.OS01.un1_sdiv_cry_7_0                  CCU2D        CIN      In      0.000     11.743      -         
W00.OS01.un1_sdiv_cry_7_0                  CCU2D        COUT     Out     0.143     11.886      -         
un1_sdiv_cry_8                             Net          -        -       -         -           1         
W00.OS01.un1_sdiv_cry_9_0                  CCU2D        CIN      In      0.000     11.886      -         
W00.OS01.un1_sdiv_cry_9_0                  CCU2D        COUT     Out     0.143     12.029      -         
un1_sdiv_cry_10                            Net          -        -       -         -           1         
W00.OS01.un1_sdiv_cry_11_0                 CCU2D        CIN      In      0.000     12.029      -         
W00.OS01.un1_sdiv_cry_11_0                 CCU2D        COUT     Out     0.143     12.171      -         
un1_sdiv_cry_12                            Net          -        -       -         -           1         
W00.OS01.un1_sdiv_cry_13_0                 CCU2D        CIN      In      0.000     12.171      -         
W00.OS01.un1_sdiv_cry_13_0                 CCU2D        COUT     Out     0.143     12.314      -         
un1_sdiv_cry_14                            Net          -        -       -         -           1         
W00.OS01.un1_sdiv_cry_15_0                 CCU2D        CIN      In      0.000     12.314      -         
W00.OS01.un1_sdiv_cry_15_0                 CCU2D        COUT     Out     0.143     12.457      -         
un1_sdiv_cry_16                            Net          -        -       -         -           1         
W00.OS01.un1_sdiv_cry_17_0                 CCU2D        CIN      In      0.000     12.457      -         
W00.OS01.un1_sdiv_cry_17_0                 CCU2D        COUT     Out     0.143     12.600      -         
un1_sdiv_cry_18                            Net          -        -       -         -           1         
W00.OS01.un1_sdiv_cry_19_0                 CCU2D        CIN      In      0.000     12.600      -         
W00.OS01.un1_sdiv_cry_19_0                 CCU2D        COUT     Out     0.143     12.743      -         
un1_sdiv_cry_20                            Net          -        -       -         -           1         
W00.OS01.un1_sdiv_s_21_0                   CCU2D        CIN      In      0.000     12.743      -         
W00.OS01.un1_sdiv_s_21_0                   CCU2D        S0       Out     1.549     14.292      -         
un1_sdiv[22]                               Net          -        -       -         -           1         
W00.OS01.sdiv[21]                          FD1S3IX      D        In      0.000     14.292      -         
=========================================================================================================



##### END OF TIMING REPORT #####]

Timing exceptions that could not be applied
None

Finished final timing analysis (Real Time elapsed 0h:00m:08s; CPU Time elapsed 0h:00m:02s; Memory used current: 159MB peak: 161MB)


Finished timing report (Real Time elapsed 0h:00m:08s; CPU Time elapsed 0h:00m:02s; Memory used current: 159MB peak: 161MB)

---------------------------------------
Resource Usage Report
Part: lcmxo2_7000he-5

Register bits: 67 of 6864 (1%)
PIC Latch:       0
I/O cells:       45


Details:
CCU2D:          15
DPR16X4C:       4
FD1P3AX:        10
FD1P3IX:        15
FD1P3JX:        19
FD1S3AX:        1
FD1S3IX:        22
GSR:            1
IB:             11
OB:             34
ORCALUT4:       154
OSCH:           1
PFUMX:          2
PUR:            1
VHI:            9
VLO:            9
Mapper successful!

At Mapper Exit (Real Time elapsed 0h:00m:08s; CPU Time elapsed 0h:00m:02s; Memory used current: 31MB peak: 161MB)

Process took 0h:00m:08s realtime, 0h:00m:02s cputime
# Tue Apr 24 12:13:28 2018

###########################################################]


Synthesis exit by 0.

edif2ngd  -l "MachXO2" -d LCMXO2-7000HE -path "F:/ram00/ram" -path "F:/ram00"   "F:/ram00/ram/ram00_ram.edi" "ram00_ram.ngo"   
edif2ngd:  version Diamond (64-bit) 3.10.0.111.2

Copyright (c) 1991-1994 by NeoCAD Inc. All rights reserved.
Copyright (c) 1995 AT&T Corp.   All rights reserved.
Copyright (c) 1995-2001 Lucent Technologies Inc.  All rights reserved.
Copyright (c) 2001 Agere Systems   All rights reserved.
Copyright (c) 2002-2017 Lattice Semiconductor Corporation,  All rights reserved.
Writing the design to ram00_ram.ngo...

Total CPU Time: 0 secs  

Total REAL Time: 0 secs  


ngdbuild  -a "MachXO2" -d LCMXO2-7000HE  -p "C:/lscc/diamond/3.10_x64/ispfpga/xo2c00/data"  -p "F:/ram00/ram" -p "F:/ram00"  "ram00_ram.ngo" "ram00_ram.ngd"  	
ngdbuild:  version Diamond (64-bit) 3.10.0.111.2

Copyright (c) 1991-1994 by NeoCAD Inc. All rights reserved.
Copyright (c) 1995 AT&T Corp.   All rights reserved.
Copyright (c) 1995-2001 Lucent Technologies Inc.  All rights reserved.
Copyright (c) 2001 Agere Systems   All rights reserved.
Copyright (c) 2002-2017 Lattice Semiconductor Corporation,  All rights reserved.
Reading 'ram00_ram.ngo' ...
Loading NGL library 'C:/lscc/diamond/3.10_x64/ispfpga/xo2c00a/data/xo2alib.ngl'...
Loading NGL library 'C:/lscc/diamond/3.10_x64/ispfpga/xo2c00/data/xo2clib.ngl'...
Loading NGL library 'C:/lscc/diamond/3.10_x64/ispfpga/mg5g00/data/mg5glib.ngl'...
Loading NGL library 'C:/lscc/diamond/3.10_x64/ispfpga/or5g00/data/orc5glib.ngl'...


Running DRC...

    <postMsg mid="1166052" type="Warning" dynamic="2" navigation="1" arg0="logical" arg1="W00/OS00/OSCInst0_SEDSTDBY" arg2="W00/OS00/OSCInst0_SEDSTDBY"  />
    <postMsg mid="1166052" type="Warning" dynamic="2" navigation="1" arg0="logical" arg1="W03/wordram_ram_2_DO3" arg2="W03/wordram_ram_2_DO3"  />
    <postMsg mid="1166052" type="Warning" dynamic="2" navigation="1" arg0="logical" arg1="W03/wordram_ram_0_DO3" arg2="W03/wordram_ram_0_DO3"  />
    <postMsg mid="1163101" type="Warning" dynamic="1" navigation="0" arg0="3"  />

Design Results:
    307 blocks expanded
Complete the first expansion.
Writing 'ram00_ram.ngd' ...
Total CPU Time: 0 secs  

Total REAL Time: 0 secs  


map -a "MachXO2" -p LCMXO2-7000HE -t TQFP144 -s 5 -oc Commercial   "ram00_ram.ngd" -o "ram00_ram_map.ncd" -pr "ram00_ram.prf" -mp "ram00_ram.mrp" -lpf "F:/ram00/ram/ram00_ram_synplify.lpf" -lpf "F:/ram00/ram00.lpf" -c 0            
map:  version Diamond (64-bit) 3.10.0.111.2

Copyright (c) 1991-1994 by NeoCAD Inc. All rights reserved.
Copyright (c) 1995 AT&T Corp.   All rights reserved.
Copyright (c) 1995-2001 Lucent Technologies Inc.  All rights reserved.
Copyright (c) 2001 Agere Systems   All rights reserved.
Copyright (c) 2002-2017 Lattice Semiconductor Corporation,  All rights reserved.
   Process the file: ram00_ram.ngd
   Picdevice="LCMXO2-7000HE"

   Pictype="TQFP144"

   Picspeed=5

   Remove unused logic

   Do not produce over sized NCDs.

Part used: LCMXO2-7000HETQFP144, Performance used: 5.

Loading device for application map from file 'xo2c7000.nph' in environment: C:/lscc/diamond/3.10_x64/ispfpga.
Package Status:                     Final          Version 1.39.

Running general design DRC...

Removing unused logic...

Optimizing...




Design Summary:
   Number of registers:     67 out of  7209 (1%)
      PFU registers:           67 out of  6864 (1%)
      PIO registers:            0 out of   345 (0%)
   Number of SLICEs:       106 out of  3432 (3%)
      SLICEs as Logic/ROM:     94 out of  3432 (3%)
      SLICEs as RAM:           12 out of  2574 (0%)
      SLICEs as Carry:         15 out of  3432 (0%)
   Number of LUT4s:        210 out of  6864 (3%)
      Number used as logic LUTs:        156
      Number used as distributed RAM:    24
      Number used as ripple logic:       30
      Number used as shift registers:     0
   Number of PIO sites used: 45 + 4(JTAG) out of 115 (43%)
   Number of block RAMs:  0 out of 26 (0%)
   Number of GSRs:  0 out of 1 (0%)
   EFB used :       No
   JTAG used :      No
   Readback used :  No
   Oscillator used :  Yes
   Startup used :   No
   POR :            On
   Bandgap :        On
   Number of Power Controller:  0 out of 1 (0%)
   Number of Dynamic Bank Controller (BCINRD):  0 out of 6 (0%)
   Number of Dynamic Bank Controller (BCLVDSO):  0 out of 1 (0%)
   Number of DCCA:  0 out of 8 (0%)
   Number of DCMA:  0 out of 2 (0%)
   Number of PLLs:  0 out of 2 (0%)
   Number of DQSDLLs:  0 out of 2 (0%)
   Number of CLKDIVC:  0 out of 4 (0%)
   Number of ECLKSYNCA:  0 out of 4 (0%)
   Number of ECLKBRIDGECS:  0 out of 2 (0%)
   Notes:-
      1. Total number of LUT4s = (Number of logic LUT4s) + 2*(Number of distributed RAMs) + 2*(Number of ripple logic)
      2. Number of logic LUT4s does not include count of distributed RAM and ripple logic.
   Number of clocks:  2
     Net W00.OS01.oscout_i: 8 loads, 8 rising, 0 falling (Driver: W00/OS01/oscout )
     Net W00.sclk_0: 41 loads, 41 rising, 0 falling (Driver: W00/OS00/OSCInst0 )
   Number of Clock Enables:  5
     Net G_9: 11 loads, 11 LSLICEs
     Net W03/outWordra_cnv[0]: 4 loads, 4 LSLICEs
     Net W03/outFlagra_RNO: 1 loads, 1 LSLICEs
     Net W02/aux0_cnv: 7 loads, 7 LSLICEs
     Net W02/un1_aux0_0_sqmuxa_4_RNI0VJF1: 5 loads, 5 LSLICEs
   Number of LSRs:  6
     Net W04/outcontcr_47: 3 loads, 3 LSLICEs
     Net W03/outWordra_45: 4 loads, 4 LSLICEs
     Net G_11: 7 loads, 7 LSLICEs
     Net W02/outcoder_43: 4 loads, 4 LSLICEs
     Net W02/aux0_0_sqmuxa_4_RNIDEVD1: 2 loads, 2 LSLICEs
     Net W00/OS01/un1_oscout56_7_1_RNI1B661: 12 loads, 12 LSLICEs
   Number of nets driven by tri-state buffers:  0
   Top 10 highest fanout non-clock nets:
     Net en0_c: 21 loads
     Net G_9: 20 loads
     Net rw0_c: 19 loads
     Net outcontr0_c[0]: 18 loads
     Net outcontr0_c[1]: 17 loads
     Net outcontr0_c[2]: 17 loads
     Net outcontr0_c[3]: 17 loads
     Net outled0_c[0]: 16 loads
     Net outled0_c[1]: 13 loads
     Net outled0_c[3]: 13 loads
 

   Number of warnings:  0
   Number of errors:    0



Total CPU Time: 0 secs  
Total REAL Time: 2 secs  
Peak Memory Usage: 58 MB

Dumping design to file ram00_ram_map.ncd.

mpartrce -p "ram00_ram.p2t" -f "ram00_ram.p3t" -tf "ram00_ram.pt" "ram00_ram_map.ncd" "ram00_ram.ncd"

---- MParTrce Tool ----
Removing old design directory at request of -rem command line option to this program.
Running par. Please wait . . .

Lattice Place and Route Report for Design "ram00_ram_map.ncd"
Tue Apr 24 12:13:40 2018

PAR: Place And Route Diamond (64-bit) 3.10.0.111.2.
Command Line: par -w -l 5 -i 6 -t 1 -c 0 -e 0 -gui -msgset F:/ram00/promote.xml -exp parUseNBR=1:parCDP=0:parCDR=0:parPathBased=OFF ram00_ram_map.ncd ram00_ram.dir/5_1.ncd ram00_ram.prf
Preference file: ram00_ram.prf.
Placement level-cost: 5-1.
Routing Iterations: 6

Loading design for application par from file ram00_ram_map.ncd.
Design name: topram00
NCD version: 3.3
Vendor:      LATTICE
Device:      LCMXO2-7000HE
Package:     TQFP144
Performance: 5
Loading device for application par from file 'xo2c7000.nph' in environment: C:/lscc/diamond/3.10_x64/ispfpga.
Package Status:                     Final          Version 1.39.
Performance Hardware Data Status:   Final          Version 34.4.
License checked out.


Ignore Preference Error(s):  True
Device utilization summary:

   PIO (prelim)   45+4(JTAG)/336     15% used
                  45+4(JTAG)/115     43% bonded

   SLICE            106/3432          3% used

   OSC                1/1           100% used


Number of Signals: 316
Number of Connections: 938

Pin Constraint Summary:
   45 out of 45 pins locked (100% locked).

The following 1 signal is selected to use the primary clock routing resources:
    W00.sclk_0 (driver: W00/OS00/OSCInst0, clk load #: 41)


The following 3 signals are selected to use the secondary clock routing resources:
    W00.OS01.oscout_i (driver: SLICE_27, clk load #: 8, sr load #: 0, ce load #: 0)
    W00/OS01/un1_oscout56_7_1_RNI1B661 (driver: W00/OS01/SLICE_76, clk load #: 0, sr load #: 12, ce load #: 0)
    G_9 (driver: SLICE_63, clk load #: 0, sr load #: 0, ce load #: 11)

No signal is selected as Global Set/Reset.
Starting Placer Phase 0.
........
Finished Placer Phase 0.  REAL time: 3 secs 

Starting Placer Phase 1.
...................
Placer score = 83871.
Finished Placer Phase 1.  REAL time: 8 secs 

Starting Placer Phase 2.
.
Placer score =  83753
Finished Placer Phase 2.  REAL time: 8 secs 


------------------ Clock Report ------------------

Global Clock Resources:
  CLK_PIN    : 0 out of 8 (0%)
  PLL        : 0 out of 2 (0%)
  DCM        : 0 out of 2 (0%)
  DCC        : 0 out of 8 (0%)

Quadrants All (TL, TR, BL, BR) - Global Clocks:
  PRIMARY "W00.sclk_0" from OSC on comp "W00/OS00/OSCInst0" on site "OSC", clk load = 41
  SECONDARY "W00.OS01.oscout_i" from Q0 on comp "SLICE_27" on site "R21C18D", clk load = 8, ce load = 0, sr load = 0
  SECONDARY "W00/OS01/un1_oscout56_7_1_RNI1B661" from F0 on comp "W00/OS01/SLICE_76" on site "R21C18A", clk load = 0, ce load = 0, sr load = 12
  SECONDARY "G_9" from F1 on comp "SLICE_63" on site "R14C18B", clk load = 0, ce load = 11, sr load = 0

  PRIMARY  : 1 out of 8 (12%)
  SECONDARY: 3 out of 8 (37%)

Edge Clocks:
  No edge clock selected.

--------------- End of Clock Report ---------------


I/O Usage Summary (final):
   45 + 4(JTAG) out of 336 (14.6%) PIO sites used.
   45 + 4(JTAG) out of 115 (42.6%) bonded PIO sites used.
   Number of PIO comps: 45; differential: 0.
   Number of Vref pins used: 0.

I/O Bank Usage Summary:
+----------+----------------+------------+-----------+
| I/O Bank | Usage          | Bank Vccio | Bank Vref |
+----------+----------------+------------+-----------+
| 0        | 15 / 28 ( 53%) | 2.5V       | -         |
| 1        | 10 / 29 ( 34%) | 2.5V       | -         |
| 2        | 5 / 29 ( 17%)  | 2.5V       | -         |
| 3        | 7 / 9 ( 77%)   | 2.5V       | -         |
| 4        | 4 / 10 ( 40%)  | 2.5V       | -         |
| 5        | 4 / 10 ( 40%)  | 2.5V       | -         |
+----------+----------------+------------+-----------+

Total placer CPU time: 6 secs 

Dumping design to file ram00_ram.dir/5_1.ncd.

0 connections routed; 938 unrouted.
Starting router resource preassignment

Completed router resource preassignment. Real time: 14 secs 

Start NBR router at 12:13:54 04/24/18

*****************************************************************
Info: NBR allows conflicts(one node used by more than one signal)
      in the earlier iterations. In each iteration, it tries to  
      solve the conflicts while keeping the critical connections 
      routed as short as possible. The routing process is said to
      be completed when no conflicts exist and all connections   
      are routed.                                                
Note: NBR uses a different method to calculate timing slacks. The
      worst slack and total negative slack may not be the same as
      that in TRCE report. You should always run TRCE to verify  
      your design.                                               
*****************************************************************

Start NBR special constraint process at 12:13:54 04/24/18

Start NBR section for initial routing at 12:13:54 04/24/18
Level 4, iteration 1
38(0.01%) conflicts; 0(0.00%) untouched conn; 0 (nbr) score; 
Estimated worst slack/total negative slack<setup>: 463.286ns/0.000ns; real time: 14 secs 

Info: Initial congestion level at 75% usage is 0
Info: Initial congestion area  at 75% usage is 0 (0.00%)

Start NBR section for normal routing at 12:13:54 04/24/18
Level 4, iteration 1
12(0.00%) conflicts; 0(0.00%) untouched conn; 0 (nbr) score; 
Estimated worst slack/total negative slack<setup>: 463.286ns/0.000ns; real time: 14 secs 
Level 4, iteration 2
4(0.00%) conflicts; 0(0.00%) untouched conn; 0 (nbr) score; 
Estimated worst slack/total negative slack<setup>: 463.286ns/0.000ns; real time: 14 secs 
Level 4, iteration 3
3(0.00%) conflicts; 0(0.00%) untouched conn; 0 (nbr) score; 
Estimated worst slack/total negative slack<setup>: 463.286ns/0.000ns; real time: 14 secs 
Level 4, iteration 4
2(0.00%) conflicts; 0(0.00%) untouched conn; 0 (nbr) score; 
Estimated worst slack/total negative slack<setup>: 463.286ns/0.000ns; real time: 14 secs 
Level 4, iteration 5
1(0.00%) conflict; 0(0.00%) untouched conn; 0 (nbr) score; 
Estimated worst slack/total negative slack<setup>: 463.286ns/0.000ns; real time: 14 secs 
Level 4, iteration 6
0(0.00%) conflict; 0(0.00%) untouched conn; 0 (nbr) score; 
Estimated worst slack/total negative slack<setup>: 463.286ns/0.000ns; real time: 14 secs 

Start NBR section for setup/hold timing optimization with effort level 3 at 12:13:54 04/24/18

Start NBR section for re-routing at 12:13:55 04/24/18
Level 4, iteration 1
0(0.00%) conflict; 0(0.00%) untouched conn; 0 (nbr) score; 
Estimated worst slack/total negative slack<setup>: 463.286ns/0.000ns; real time: 15 secs 

Start NBR section for post-routing at 12:13:55 04/24/18

End NBR router with 0 unrouted connection

NBR Summary
-----------
  Number of unrouted connections : 0 (0.00%)
  Number of connections with timing violations : 0 (0.00%)
  Estimated worst slack<setup> : 463.286ns
  Timing score<setup> : 0
-----------
Notes: The timing info is calculated for SETUP only and all PAR_ADJs are ignored.



Total CPU time 11 secs 
Total REAL time: 15 secs 
Completely routed.
End of route.  938 routed (100.00%); 0 unrouted.

Hold time timing score: 0, hold timing errors: 0

Timing score: 0 

Dumping design to file ram00_ram.dir/5_1.ncd.


PAR_SUMMARY::Run status = Success
PAR_SUMMARY::Number of unrouted conns = 0
PAR_SUMMARY::Worst  slack<setup/<ns>> = 463.286
PAR_SUMMARY::Timing score<setup/<ns>> = 0.000
PAR_SUMMARY::Worst  slack<hold /<ns>> = 0.304
PAR_SUMMARY::Timing score<hold /<ns>> = 0.000
PAR_SUMMARY::Number of errors = 0

Total CPU  time to completion: 11 secs 
Total REAL time to completion: 16 secs 

par done!

Copyright (c) 1991-1994 by NeoCAD Inc. All rights reserved.
Copyright (c) 1995 AT&T Corp.   All rights reserved.
Copyright (c) 1995-2001 Lucent Technologies Inc.  All rights reserved.
Copyright (c) 2001 Agere Systems   All rights reserved.
Copyright (c) 2002-2017 Lattice Semiconductor Corporation,  All rights reserved.
Exiting par with exit code 0
Exiting mpartrce with exit code 0

bitgen -f "ram00_ram.t2b" -w "ram00_ram.ncd" -jedec "ram00_ram.prf"


BITGEN: Bitstream Generator Diamond (64-bit) 3.10.0.111.2
Copyright (c) 1991-1994 by NeoCAD Inc. All rights reserved.
Copyright (c) 1995 AT&T Corp.   All rights reserved.
Copyright (c) 1995-2001 Lucent Technologies Inc.  All rights reserved.
Copyright (c) 2001 Agere Systems   All rights reserved.
Copyright (c) 2002-2017 Lattice Semiconductor Corporation,  All rights reserved.


Loading design for application Bitgen from file ram00_ram.ncd.
Design name: topram00
NCD version: 3.3
Vendor:      LATTICE
Device:      LCMXO2-7000HE
Package:     TQFP144
Performance: 5
Loading device for application Bitgen from file 'xo2c7000.nph' in environment: C:/lscc/diamond/3.10_x64/ispfpga.
Package Status:                     Final          Version 1.39.
Performance Hardware Data Status:   Final          Version 34.4.

Running DRC.
DRC detected 0 errors and 0 warnings.
Reading Preference File from ram00_ram.prf.

Preference Summary:
+---------------------------------+---------------------------------+
|  Preference                     |  Current Setting                |
+---------------------------------+---------------------------------+
|                         RamCfg  |                        Reset**  |
+---------------------------------+---------------------------------+
|                     MCCLK_FREQ  |                         2.08**  |
+---------------------------------+---------------------------------+
|                  CONFIG_SECURE  |                          OFF**  |
+---------------------------------+---------------------------------+
|                          INBUF  |                           ON**  |
+---------------------------------+---------------------------------+
|                      JTAG_PORT  |                       ENABLE**  |
+---------------------------------+---------------------------------+
|                       SDM_PORT  |                      DISABLE**  |
+---------------------------------+---------------------------------+
|                 SLAVE_SPI_PORT  |                      DISABLE**  |
+---------------------------------+---------------------------------+
|                MASTER_SPI_PORT  |                      DISABLE**  |
+---------------------------------+---------------------------------+
|                       I2C_PORT  |                      DISABLE**  |
+---------------------------------+---------------------------------+
|        MUX_CONFIGURATION_PORTS  |                      DISABLE**  |
+---------------------------------+---------------------------------+
|                  CONFIGURATION  |                          CFG**  |
+---------------------------------+---------------------------------+
|                COMPRESS_CONFIG  |                           ON**  |
+---------------------------------+---------------------------------+
|                        MY_ASSP  |                          OFF**  |
+---------------------------------+---------------------------------+
|               ONE_TIME_PROGRAM  |                          OFF**  |
+---------------------------------+---------------------------------+
|                 ENABLE_TRANSFR  |                      DISABLE**  |
+---------------------------------+---------------------------------+
|                  SHAREDEBRINIT  |                      DISABLE**  |
+---------------------------------+---------------------------------+
|            BACKGROUND_RECONFIG  |                          OFF**  |
+---------------------------------+---------------------------------+
 *  Default setting.
 ** The specified setting matches the default setting.


Creating bit map...
 
Bitstream Status: Final           Version 1.94.
 
Saving bit stream in "ram00_ram.jed".
 
===========
UFM Summary.
===========
UFM Size:        2046 Pages (128*2046 Bits).
UFM Utilization: General Purpose Flash Memory.
 
Available General Purpose Flash Memory: 2046 Pages (Page 0 to Page 2045).
Initialized UFM Pages:                     0 Page.
 
