
        Lattice Mapping Report File for Design Module 'topmult8bit00'


Design Information
------------------

Command line:   map -a MachXO2 -p LCMXO2-7000HE -t TQFP144 -s 4 -oc Commercial
     mult8bit00_mult8bit00.ngd -o mult8bit00_mult8bit00_map.ncd -pr
     mult8bit00_mult8bit00.prf -mp mult8bit00_mult8bit00.mrp -lpf
     C:/Users/Sergio Luna/Desktop/Sexto Semestre/Arquitectura/mult8bit00/mult8bi
     t00/mult8bit00_mult8bit00_synplify.lpf -lpf C:/Users/Sergio
     Luna/Desktop/Sexto Semestre/Arquitectura/mult8bit00/mult8bit00.lpf -c 0
     -gui -msgset C:/Users/Sergio Luna/Desktop/Sexto
     Semestre/Arquitectura/mult8bit00/promote.xml 
Target Vendor:  LATTICE
Target Device:  LCMXO2-7000HETQFP144
Target Performance:   4
Mapper:  xo2c00,  version:  Diamond (64-bit) 3.10.0.111.2
Mapped on:  02/15/19  11:14:23

Design Summary
--------------

   Number of registers:      0 out of  7209 (0%)
      PFU registers:            0 out of  6864 (0%)
      PIO registers:            0 out of   345 (0%)
   Number of SLICEs:        64 out of  3432 (2%)
      SLICEs as Logic/ROM:     64 out of  3432 (2%)
      SLICEs as RAM:            0 out of  2574 (0%)
      SLICEs as Carry:          0 out of  3432 (0%)
   Number of LUT4s:        128 out of  6864 (2%)
      Number used as logic LUTs:        128
      Number used as distributed RAM:     0
      Number used as ripple logic:        0
      Number used as shift registers:     0
   Number of PIO sites used: 32 + 4(JTAG) out of 115 (31%)
   Number of block RAMs:  0 out of 26 (0%)
   Number of GSRs:  0 out of 1 (0%)
   EFB used :       No
   JTAG used :      No
   Readback used :  No
   Oscillator used :  No
   Startup used :   No
   POR :            On
   Bandgap :        On
   Number of Power Controller:  0 out of 1 (0%)
   Number of Dynamic Bank Controller (BCINRD):  0 out of 6 (0%)
   Number of Dynamic Bank Controller (BCLVDSO):  0 out of 1 (0%)
   Number of DCCA:  0 out of 8 (0%)
   Number of DCMA:  0 out of 2 (0%)
   Number of PLLs:  0 out of 2 (0%)
   Number of DQSDLLs:  0 out of 2 (0%)
   Number of CLKDIVC:  0 out of 4 (0%)
   Number of ECLKSYNCA:  0 out of 4 (0%)
   Number of ECLKBRIDGECS:  0 out of 2 (0%)
   Notes:-
      1. Total number of LUT4s = (Number of logic LUT4s) + 2*(Number of
     distributed RAMs) + 2*(Number of ripple logic)
      2. Number of logic LUT4s does not include count of distributed RAM and
     ripple logic.
   Number of clocks:  0

                                    Page 1




Design:  topmult8bit00                                 Date:  02/15/19  11:14:23

Design Summary (cont)
---------------------
   Number of Clock Enables:  0
   Number of LSRs:  0
   Number of nets driven by tri-state buffers:  0
   Top 10 highest fanout non-clock nets:
     Net Am_c[4]: 16 loads
     Net Am_c[7]: 16 loads
     Net Bm_c[2]: 16 loads
     Net Bm_c[6]: 16 loads
     Net Bm_c[7]: 16 loads
     Net Am_c[0]: 15 loads
     Net Am_c[1]: 15 loads
     Net Am_c[3]: 15 loads
     Net Am_c[6]: 15 loads
     Net Bm_c[3]: 15 loads




   Number of warnings:  0
   Number of errors:    0
     

Design Errors/Warnings
----------------------

   No errors or warnings present.

IO (PIO) Attributes
-------------------

+---------------------+-----------+-----------+------------+
| IO Name             | Direction | Levelmode | IO         |
|                     |           |  IO_TYPE  | Register   |
+---------------------+-----------+-----------+------------+
| Rm[0]               | OUTPUT    | LVCMOS25  |            |
+---------------------+-----------+-----------+------------+
| Am[0]               | INPUT     | LVCMOS25  |            |
+---------------------+-----------+-----------+------------+
| Rm[15]              | OUTPUT    | LVCMOS25  |            |
+---------------------+-----------+-----------+------------+
| Rm[14]              | OUTPUT    | LVCMOS25  |            |
+---------------------+-----------+-----------+------------+
| Rm[13]              | OUTPUT    | LVCMOS25  |            |
+---------------------+-----------+-----------+------------+
| Rm[12]              | OUTPUT    | LVCMOS25  |            |
+---------------------+-----------+-----------+------------+
| Rm[11]              | OUTPUT    | LVCMOS25  |            |
+---------------------+-----------+-----------+------------+
| Rm[10]              | OUTPUT    | LVCMOS25  |            |
+---------------------+-----------+-----------+------------+
| Rm[9]               | OUTPUT    | LVCMOS25  |            |
+---------------------+-----------+-----------+------------+
| Rm[8]               | OUTPUT    | LVCMOS25  |            |
+---------------------+-----------+-----------+------------+
| Rm[7]               | OUTPUT    | LVCMOS25  |            |
+---------------------+-----------+-----------+------------+

                                    Page 2




Design:  topmult8bit00                                 Date:  02/15/19  11:14:23

IO (PIO) Attributes (cont)
--------------------------
| Rm[6]               | OUTPUT    | LVCMOS25  |            |
+---------------------+-----------+-----------+------------+
| Rm[5]               | OUTPUT    | LVCMOS25  |            |
+---------------------+-----------+-----------+------------+
| Rm[4]               | OUTPUT    | LVCMOS25  |            |
+---------------------+-----------+-----------+------------+
| Rm[3]               | OUTPUT    | LVCMOS25  |            |
+---------------------+-----------+-----------+------------+
| Rm[2]               | OUTPUT    | LVCMOS25  |            |
+---------------------+-----------+-----------+------------+
| Rm[1]               | OUTPUT    | LVCMOS25  |            |
+---------------------+-----------+-----------+------------+
| Bm[7]               | INPUT     | LVCMOS25  |            |
+---------------------+-----------+-----------+------------+
| Bm[6]               | INPUT     | LVCMOS25  |            |
+---------------------+-----------+-----------+------------+
| Bm[5]               | INPUT     | LVCMOS25  |            |
+---------------------+-----------+-----------+------------+
| Bm[4]               | INPUT     | LVCMOS25  |            |
+---------------------+-----------+-----------+------------+
| Bm[3]               | INPUT     | LVCMOS25  |            |
+---------------------+-----------+-----------+------------+
| Bm[2]               | INPUT     | LVCMOS25  |            |
+---------------------+-----------+-----------+------------+
| Bm[1]               | INPUT     | LVCMOS25  |            |
+---------------------+-----------+-----------+------------+
| Bm[0]               | INPUT     | LVCMOS25  |            |
+---------------------+-----------+-----------+------------+
| Am[7]               | INPUT     | LVCMOS25  |            |
+---------------------+-----------+-----------+------------+
| Am[6]               | INPUT     | LVCMOS25  |            |
+---------------------+-----------+-----------+------------+
| Am[5]               | INPUT     | LVCMOS25  |            |
+---------------------+-----------+-----------+------------+
| Am[4]               | INPUT     | LVCMOS25  |            |
+---------------------+-----------+-----------+------------+
| Am[3]               | INPUT     | LVCMOS25  |            |
+---------------------+-----------+-----------+------------+
| Am[2]               | INPUT     | LVCMOS25  |            |
+---------------------+-----------+-----------+------------+
| Am[1]               | INPUT     | LVCMOS25  |            |
+---------------------+-----------+-----------+------------+

Removed logic
-------------

Block VCC undriven or does not drive anything - clipped.
Block GSR_INST undriven or does not drive anything - clipped.
Block GND undriven or does not drive anything - clipped.
Block M000/VCC undriven or does not drive anything - clipped.
Block M000/GND undriven or does not drive anything - clipped.
Block M002/VCC undriven or does not drive anything - clipped.
Block M002/GND undriven or does not drive anything - clipped.
Block M004/VCC undriven or does not drive anything - clipped.
Block M004/GND undriven or does not drive anything - clipped.
Block M005/VCC undriven or does not drive anything - clipped.

                                    Page 3




Design:  topmult8bit00                                 Date:  02/15/19  11:14:23

Removed logic (cont)
--------------------
Block M005/GND undriven or does not drive anything - clipped.
Block M010/VCC undriven or does not drive anything - clipped.
Block M010/GND undriven or does not drive anything - clipped.
Block M013/VCC undriven or does not drive anything - clipped.
Block M013/GND undriven or does not drive anything - clipped.
Block M014/VCC undriven or does not drive anything - clipped.
Block M014/GND undriven or does not drive anything - clipped.
Block M016/GND undriven or does not drive anything - clipped.
Block M016/VCC undriven or does not drive anything - clipped.
Block M016/F00/GND undriven or does not drive anything - clipped.
Block M016/F00/VCC undriven or does not drive anything - clipped.
Block M016/F00/H00/GND undriven or does not drive anything - clipped.
Block M016/F00/H00/VCC undriven or does not drive anything - clipped.
Block M016/F00/H01/GND undriven or does not drive anything - clipped.
Block M016/F00/H01/VCC undriven or does not drive anything - clipped.
Block M017/GND undriven or does not drive anything - clipped.
Block M017/VCC undriven or does not drive anything - clipped.
Block M017/F01/GND undriven or does not drive anything - clipped.
Block M017/F01/VCC undriven or does not drive anything - clipped.
Block M017/F01/H00/GND undriven or does not drive anything - clipped.
Block M017/F01/H00/VCC undriven or does not drive anything - clipped.
Block M017/F02/GND undriven or does not drive anything - clipped.
Block M017/F02/VCC undriven or does not drive anything - clipped.
Block M018/GND undriven or does not drive anything - clipped.
Block M018/VCC undriven or does not drive anything - clipped.
Block M018/F01/GND undriven or does not drive anything - clipped.
Block M018/F01/VCC undriven or does not drive anything - clipped.
Block M018/F01/H00/GND undriven or does not drive anything - clipped.
Block M018/F01/H00/VCC undriven or does not drive anything - clipped.
Block M018/F02/GND undriven or does not drive anything - clipped.
Block M018/F02/VCC undriven or does not drive anything - clipped.
Block M019/GND undriven or does not drive anything - clipped.
Block M019/VCC undriven or does not drive anything - clipped.
Block M019/F00/GND undriven or does not drive anything - clipped.
Block M019/F00/VCC undriven or does not drive anything - clipped.
Block M019/F00/H00/GND undriven or does not drive anything - clipped.
Block M019/F00/H00/VCC undriven or does not drive anything - clipped.
Block M019/F02/GND undriven or does not drive anything - clipped.
Block M019/F02/VCC undriven or does not drive anything - clipped.
Block M020/GND undriven or does not drive anything - clipped.
Block M020/VCC undriven or does not drive anything - clipped.
Block M020/F01/GND undriven or does not drive anything - clipped.
Block M020/F01/VCC undriven or does not drive anything - clipped.
Block M020/F01/H00/GND undriven or does not drive anything - clipped.
Block M020/F01/H00/VCC undriven or does not drive anything - clipped.
Block M020/F02/GND undriven or does not drive anything - clipped.
Block M020/F02/VCC undriven or does not drive anything - clipped.
Block M021/GND undriven or does not drive anything - clipped.
Block M021/VCC undriven or does not drive anything - clipped.
Block M021/F01/GND undriven or does not drive anything - clipped.
Block M021/F01/VCC undriven or does not drive anything - clipped.
Block M021/F01/H00/GND undriven or does not drive anything - clipped.
Block M021/F01/H00/VCC undriven or does not drive anything - clipped.
Block M021/F02/GND undriven or does not drive anything - clipped.
Block M021/F02/VCC undriven or does not drive anything - clipped.
Block M022/GND undriven or does not drive anything - clipped.

                                    Page 4




Design:  topmult8bit00                                 Date:  02/15/19  11:14:23

Removed logic (cont)
--------------------
Block M022/VCC undriven or does not drive anything - clipped.
Block M022/F01/GND undriven or does not drive anything - clipped.
Block M022/F01/VCC undriven or does not drive anything - clipped.
Block M022/F01/H00/GND undriven or does not drive anything - clipped.
Block M022/F01/H00/VCC undriven or does not drive anything - clipped.
Block M022/F02/GND undriven or does not drive anything - clipped.
Block M022/F02/VCC undriven or does not drive anything - clipped.
Block M023/GND undriven or does not drive anything - clipped.
Block M023/VCC undriven or does not drive anything - clipped.
Block M023/F01/GND undriven or does not drive anything - clipped.
Block M023/F01/VCC undriven or does not drive anything - clipped.
Block M023/F01/H00/VCC undriven or does not drive anything - clipped.
Block M023/F01/H00/GND undriven or does not drive anything - clipped.
Block M023/F01/H01/VCC undriven or does not drive anything - clipped.
Block M023/F01/H01/GND undriven or does not drive anything - clipped.
Block M026/VCC undriven or does not drive anything - clipped.
Block M026/GND undriven or does not drive anything - clipped.
Block M032/GND undriven or does not drive anything - clipped.
Block M032/VCC undriven or does not drive anything - clipped.
Block M032/F00/GND undriven or does not drive anything - clipped.
Block M032/F00/VCC undriven or does not drive anything - clipped.
Block M032/F00/H00/VCC undriven or does not drive anything - clipped.
Block M032/F00/H00/GND undriven or does not drive anything - clipped.
Block M032/F00/H01/VCC undriven or does not drive anything - clipped.
Block M032/F00/H01/GND undriven or does not drive anything - clipped.
Block M033/GND undriven or does not drive anything - clipped.
Block M033/VCC undriven or does not drive anything - clipped.
Block M033/F01/GND undriven or does not drive anything - clipped.
Block M033/F01/VCC undriven or does not drive anything - clipped.
Block M033/F01/H00/GND undriven or does not drive anything - clipped.
Block M033/F01/H00/VCC undriven or does not drive anything - clipped.
Block M033/F02/GND undriven or does not drive anything - clipped.
Block M033/F02/VCC undriven or does not drive anything - clipped.
Block M034/GND undriven or does not drive anything - clipped.
Block M034/VCC undriven or does not drive anything - clipped.
Block M034/F00/GND undriven or does not drive anything - clipped.
Block M034/F00/VCC undriven or does not drive anything - clipped.
Block M034/F00/H00/GND undriven or does not drive anything - clipped.
Block M034/F00/H00/VCC undriven or does not drive anything - clipped.
Block M034/F02/GND undriven or does not drive anything - clipped.
Block M034/F02/VCC undriven or does not drive anything - clipped.
Block M035/GND undriven or does not drive anything - clipped.
Block M035/VCC undriven or does not drive anything - clipped.
Block M035/F01/GND undriven or does not drive anything - clipped.
Block M035/F01/VCC undriven or does not drive anything - clipped.
Block M035/F01/H00/GND undriven or does not drive anything - clipped.
Block M035/F01/H00/VCC undriven or does not drive anything - clipped.
Block M035/F02/GND undriven or does not drive anything - clipped.
Block M035/F02/VCC undriven or does not drive anything - clipped.
Block M036/GND undriven or does not drive anything - clipped.
Block M036/VCC undriven or does not drive anything - clipped.
Block M036/F00/GND undriven or does not drive anything - clipped.
Block M036/F00/VCC undriven or does not drive anything - clipped.
Block M036/F00/H00/VCC undriven or does not drive anything - clipped.
Block M036/F00/H00/GND undriven or does not drive anything - clipped.
Block M036/F02/GND undriven or does not drive anything - clipped.

                                    Page 5




Design:  topmult8bit00                                 Date:  02/15/19  11:14:23

Removed logic (cont)
--------------------
Block M036/F02/VCC undriven or does not drive anything - clipped.
Block M037/GND undriven or does not drive anything - clipped.
Block M037/VCC undriven or does not drive anything - clipped.
Block M037/F01/GND undriven or does not drive anything - clipped.
Block M037/F01/VCC undriven or does not drive anything - clipped.
Block M037/F01/H00/GND undriven or does not drive anything - clipped.
Block M037/F01/H00/VCC undriven or does not drive anything - clipped.
Block M037/F02/GND undriven or does not drive anything - clipped.
Block M037/F02/VCC undriven or does not drive anything - clipped.
Block M038/GND undriven or does not drive anything - clipped.
Block M038/VCC undriven or does not drive anything - clipped.
Block M038/F01/GND undriven or does not drive anything - clipped.
Block M038/F01/VCC undriven or does not drive anything - clipped.
Block M038/F01/H00/GND undriven or does not drive anything - clipped.
Block M038/F01/H00/VCC undriven or does not drive anything - clipped.
Block M038/F02/GND undriven or does not drive anything - clipped.
Block M038/F02/VCC undriven or does not drive anything - clipped.
Block M039/GND undriven or does not drive anything - clipped.
Block M039/VCC undriven or does not drive anything - clipped.
Block M039/F01/GND undriven or does not drive anything - clipped.
Block M039/F01/VCC undriven or does not drive anything - clipped.
Block M039/F01/H00/GND undriven or does not drive anything - clipped.
Block M039/F01/H00/VCC undriven or does not drive anything - clipped.
Block M039/F02/GND undriven or does not drive anything - clipped.
Block M039/F02/VCC undriven or does not drive anything - clipped.
Block M041/VCC undriven or does not drive anything - clipped.
Block M041/GND undriven or does not drive anything - clipped.
Block M043/VCC undriven or does not drive anything - clipped.
Block M043/GND undriven or does not drive anything - clipped.
Block M048/GND undriven or does not drive anything - clipped.
Block M048/VCC undriven or does not drive anything - clipped.
Block M048/F00/GND undriven or does not drive anything - clipped.
Block M048/F00/VCC undriven or does not drive anything - clipped.
Block M048/F00/H00/VCC undriven or does not drive anything - clipped.
Block M048/F00/H00/GND undriven or does not drive anything - clipped.
Block M048/F00/H01/VCC undriven or does not drive anything - clipped.
Block M048/F00/H01/GND undriven or does not drive anything - clipped.
Block M049/GND undriven or does not drive anything - clipped.
Block M049/VCC undriven or does not drive anything - clipped.
Block M049/F01/GND undriven or does not drive anything - clipped.
Block M049/F01/VCC undriven or does not drive anything - clipped.
Block M049/F01/H00/GND undriven or does not drive anything - clipped.
Block M049/F01/H00/VCC undriven or does not drive anything - clipped.
Block M049/F02/GND undriven or does not drive anything - clipped.
Block M049/F02/VCC undriven or does not drive anything - clipped.
Block M050/GND undriven or does not drive anything - clipped.
Block M050/VCC undriven or does not drive anything - clipped.
Block M050/F01/GND undriven or does not drive anything - clipped.
Block M050/F01/VCC undriven or does not drive anything - clipped.
Block M050/F01/H00/GND undriven or does not drive anything - clipped.
Block M050/F01/H00/VCC undriven or does not drive anything - clipped.
Block M050/F02/GND undriven or does not drive anything - clipped.
Block M050/F02/VCC undriven or does not drive anything - clipped.
Block M051/GND undriven or does not drive anything - clipped.
Block M051/VCC undriven or does not drive anything - clipped.
Block M051/F00/GND undriven or does not drive anything - clipped.

                                    Page 6




Design:  topmult8bit00                                 Date:  02/15/19  11:14:23

Removed logic (cont)
--------------------
Block M051/F00/VCC undriven or does not drive anything - clipped.
Block M051/F00/H00/GND undriven or does not drive anything - clipped.
Block M051/F00/H00/VCC undriven or does not drive anything - clipped.
Block M051/F02/GND undriven or does not drive anything - clipped.
Block M051/F02/VCC undriven or does not drive anything - clipped.
Block M052/GND undriven or does not drive anything - clipped.
Block M052/VCC undriven or does not drive anything - clipped.
Block M052/F01/GND undriven or does not drive anything - clipped.
Block M052/F01/VCC undriven or does not drive anything - clipped.
Block M052/F01/H00/GND undriven or does not drive anything - clipped.
Block M052/F01/H00/VCC undriven or does not drive anything - clipped.
Block M052/F02/GND undriven or does not drive anything - clipped.
Block M052/F02/VCC undriven or does not drive anything - clipped.
Block M053/GND undriven or does not drive anything - clipped.
Block M053/VCC undriven or does not drive anything - clipped.
Block M053/F00/GND undriven or does not drive anything - clipped.
Block M053/F00/VCC undriven or does not drive anything - clipped.
Block M053/F00/H00/VCC undriven or does not drive anything - clipped.
Block M053/F00/H00/GND undriven or does not drive anything - clipped.
Block M053/F02/GND undriven or does not drive anything - clipped.
Block M053/F02/VCC undriven or does not drive anything - clipped.
Block M054/GND undriven or does not drive anything - clipped.
Block M054/VCC undriven or does not drive anything - clipped.
Block M054/F00/GND undriven or does not drive anything - clipped.
Block M054/F00/VCC undriven or does not drive anything - clipped.
Block M054/F00/H00/VCC undriven or does not drive anything - clipped.
Block M054/F00/H00/GND undriven or does not drive anything - clipped.
Block M054/F02/GND undriven or does not drive anything - clipped.
Block M054/F02/VCC undriven or does not drive anything - clipped.
Block M055/GND undriven or does not drive anything - clipped.
Block M055/VCC undriven or does not drive anything - clipped.
Block M055/F01/GND undriven or does not drive anything - clipped.
Block M055/F01/VCC undriven or does not drive anything - clipped.
Block M055/F01/H00/GND undriven or does not drive anything - clipped.
Block M055/F01/H00/VCC undriven or does not drive anything - clipped.
Block M055/F02/GND undriven or does not drive anything - clipped.
Block M055/F02/VCC undriven or does not drive anything - clipped.
Block M058/VCC undriven or does not drive anything - clipped.
Block M058/GND undriven or does not drive anything - clipped.
Block M060/VCC undriven or does not drive anything - clipped.
Block M060/GND undriven or does not drive anything - clipped.
Block M061/VCC undriven or does not drive anything - clipped.
Block M061/GND undriven or does not drive anything - clipped.
Block M064/GND undriven or does not drive anything - clipped.
Block M064/VCC undriven or does not drive anything - clipped.
Block M064/F00/GND undriven or does not drive anything - clipped.
Block M064/F00/VCC undriven or does not drive anything - clipped.
Block M064/F00/H00/VCC undriven or does not drive anything - clipped.
Block M064/F00/H00/GND undriven or does not drive anything - clipped.
Block M064/F00/H01/VCC undriven or does not drive anything - clipped.
Block M064/F00/H01/GND undriven or does not drive anything - clipped.
Block M065/GND undriven or does not drive anything - clipped.
Block M065/VCC undriven or does not drive anything - clipped.
Block M065/F01/GND undriven or does not drive anything - clipped.
Block M065/F01/VCC undriven or does not drive anything - clipped.
Block M065/F01/H00/GND undriven or does not drive anything - clipped.

                                    Page 7




Design:  topmult8bit00                                 Date:  02/15/19  11:14:23

Removed logic (cont)
--------------------
Block M065/F01/H00/VCC undriven or does not drive anything - clipped.
Block M065/F02/GND undriven or does not drive anything - clipped.
Block M065/F02/VCC undriven or does not drive anything - clipped.
Block M066/GND undriven or does not drive anything - clipped.
Block M066/VCC undriven or does not drive anything - clipped.
Block M066/F00/GND undriven or does not drive anything - clipped.
Block M066/F00/VCC undriven or does not drive anything - clipped.
Block M066/F00/H00/GND undriven or does not drive anything - clipped.
Block M066/F00/H00/VCC undriven or does not drive anything - clipped.
Block M066/F02/GND undriven or does not drive anything - clipped.
Block M066/F02/VCC undriven or does not drive anything - clipped.
Block M067/GND undriven or does not drive anything - clipped.
Block M067/VCC undriven or does not drive anything - clipped.
Block M067/F01/GND undriven or does not drive anything - clipped.
Block M067/F01/VCC undriven or does not drive anything - clipped.
Block M067/F01/H00/GND undriven or does not drive anything - clipped.
Block M067/F01/H00/VCC undriven or does not drive anything - clipped.
Block M067/F02/GND undriven or does not drive anything - clipped.
Block M067/F02/VCC undriven or does not drive anything - clipped.
Block M068/GND undriven or does not drive anything - clipped.
Block M068/VCC undriven or does not drive anything - clipped.
Block M068/F00/GND undriven or does not drive anything - clipped.
Block M068/F00/VCC undriven or does not drive anything - clipped.
Block M068/F00/H00/GND undriven or does not drive anything - clipped.
Block M068/F00/H00/VCC undriven or does not drive anything - clipped.
Block M068/F02/GND undriven or does not drive anything - clipped.
Block M068/F02/VCC undriven or does not drive anything - clipped.
Block M069/GND undriven or does not drive anything - clipped.
Block M069/VCC undriven or does not drive anything - clipped.
Block M069/F01/GND undriven or does not drive anything - clipped.
Block M069/F01/VCC undriven or does not drive anything - clipped.
Block M069/F01/H00/GND undriven or does not drive anything - clipped.
Block M069/F01/H00/VCC undriven or does not drive anything - clipped.
Block M069/F02/GND undriven or does not drive anything - clipped.
Block M069/F02/VCC undriven or does not drive anything - clipped.
Block M070/GND undriven or does not drive anything - clipped.
Block M070/VCC undriven or does not drive anything - clipped.
Block M070/F00/GND undriven or does not drive anything - clipped.
Block M070/F00/VCC undriven or does not drive anything - clipped.
Block M070/F00/H00/VCC undriven or does not drive anything - clipped.
Block M070/F00/H00/GND undriven or does not drive anything - clipped.
Block M070/F02/GND undriven or does not drive anything - clipped.
Block M070/F02/VCC undriven or does not drive anything - clipped.
Block M071/GND undriven or does not drive anything - clipped.
Block M071/VCC undriven or does not drive anything - clipped.
Block M071/F01/GND undriven or does not drive anything - clipped.
Block M071/F01/VCC undriven or does not drive anything - clipped.
Block M071/F01/H00/GND undriven or does not drive anything - clipped.
Block M071/F01/H00/VCC undriven or does not drive anything - clipped.
Block M071/F02/GND undriven or does not drive anything - clipped.
Block M071/F02/VCC undriven or does not drive anything - clipped.
Block M073/VCC undriven or does not drive anything - clipped.
Block M073/GND undriven or does not drive anything - clipped.
Block M075/VCC undriven or does not drive anything - clipped.
Block M075/GND undriven or does not drive anything - clipped.
Block M077/VCC undriven or does not drive anything - clipped.

                                    Page 8




Design:  topmult8bit00                                 Date:  02/15/19  11:14:23

Removed logic (cont)
--------------------
Block M077/GND undriven or does not drive anything - clipped.
Block M080/GND undriven or does not drive anything - clipped.
Block M080/VCC undriven or does not drive anything - clipped.
Block M080/F00/GND undriven or does not drive anything - clipped.
Block M080/F00/VCC undriven or does not drive anything - clipped.
Block M080/F00/H00/VCC undriven or does not drive anything - clipped.
Block M080/F00/H00/GND undriven or does not drive anything - clipped.
Block M080/F00/H01/VCC undriven or does not drive anything - clipped.
Block M080/F00/H01/GND undriven or does not drive anything - clipped.
Block M081/GND undriven or does not drive anything - clipped.
Block M081/VCC undriven or does not drive anything - clipped.
Block M081/F00/GND undriven or does not drive anything - clipped.
Block M081/F00/VCC undriven or does not drive anything - clipped.
Block M081/F00/H00/GND undriven or does not drive anything - clipped.
Block M081/F00/H00/VCC undriven or does not drive anything - clipped.
Block M081/F02/GND undriven or does not drive anything - clipped.
Block M081/F02/VCC undriven or does not drive anything - clipped.
Block M082/GND undriven or does not drive anything - clipped.
Block M082/VCC undriven or does not drive anything - clipped.
Block M082/F01/GND undriven or does not drive anything - clipped.
Block M082/F01/VCC undriven or does not drive anything - clipped.
Block M082/F01/H00/GND undriven or does not drive anything - clipped.
Block M082/F01/H00/VCC undriven or does not drive anything - clipped.
Block M082/F02/GND undriven or does not drive anything - clipped.
Block M082/F02/VCC undriven or does not drive anything - clipped.
Block M083/GND undriven or does not drive anything - clipped.
Block M083/VCC undriven or does not drive anything - clipped.
Block M083/F01/GND undriven or does not drive anything - clipped.
Block M083/F01/VCC undriven or does not drive anything - clipped.
Block M083/F01/H00/GND undriven or does not drive anything - clipped.
Block M083/F01/H00/VCC undriven or does not drive anything - clipped.
Block M083/F02/GND undriven or does not drive anything - clipped.
Block M083/F02/VCC undriven or does not drive anything - clipped.
Block M084/GND undriven or does not drive anything - clipped.
Block M084/VCC undriven or does not drive anything - clipped.
Block M084/F01/GND undriven or does not drive anything - clipped.
Block M084/F01/VCC undriven or does not drive anything - clipped.
Block M084/F01/H00/GND undriven or does not drive anything - clipped.
Block M084/F01/H00/VCC undriven or does not drive anything - clipped.
Block M084/F02/GND undriven or does not drive anything - clipped.
Block M084/F02/VCC undriven or does not drive anything - clipped.
Block M085/GND undriven or does not drive anything - clipped.
Block M085/VCC undriven or does not drive anything - clipped.
Block M085/F01/GND undriven or does not drive anything - clipped.
Block M085/F01/VCC undriven or does not drive anything - clipped.
Block M085/F01/H00/GND undriven or does not drive anything - clipped.
Block M085/F01/H00/VCC undriven or does not drive anything - clipped.
Block M085/F02/GND undriven or does not drive anything - clipped.
Block M085/F02/VCC undriven or does not drive anything - clipped.
Block M086/GND undriven or does not drive anything - clipped.
Block M086/VCC undriven or does not drive anything - clipped.
Block M086/F01/GND undriven or does not drive anything - clipped.
Block M086/F01/VCC undriven or does not drive anything - clipped.
Block M086/F01/H00/GND undriven or does not drive anything - clipped.
Block M086/F01/H00/VCC undriven or does not drive anything - clipped.
Block M086/F02/GND undriven or does not drive anything - clipped.

                                    Page 9




Design:  topmult8bit00                                 Date:  02/15/19  11:14:23

Removed logic (cont)
--------------------
Block M086/F02/VCC undriven or does not drive anything - clipped.
Block M087/GND undriven or does not drive anything - clipped.
Block M087/VCC undriven or does not drive anything - clipped.
Block M087/F01/GND undriven or does not drive anything - clipped.
Block M087/F01/VCC undriven or does not drive anything - clipped.
Block M087/F01/H00/GND undriven or does not drive anything - clipped.
Block M087/F01/H00/VCC undriven or does not drive anything - clipped.
Block M087/F02/GND undriven or does not drive anything - clipped.
Block M087/F02/VCC undriven or does not drive anything - clipped.
Block M096/GND undriven or does not drive anything - clipped.
Block M096/VCC undriven or does not drive anything - clipped.
Block M096/F00/GND undriven or does not drive anything - clipped.
Block M096/F00/VCC undriven or does not drive anything - clipped.
Block M096/F00/H00/GND undriven or does not drive anything - clipped.
Block M096/F00/H00/VCC undriven or does not drive anything - clipped.
Block M096/F00/H01/GND undriven or does not drive anything - clipped.
Block M096/F00/H01/VCC undriven or does not drive anything - clipped.
Block M097/GND undriven or does not drive anything - clipped.
Block M097/VCC undriven or does not drive anything - clipped.
Block M097/F00/GND undriven or does not drive anything - clipped.
Block M097/F00/VCC undriven or does not drive anything - clipped.
Block M097/F00/H00/VCC undriven or does not drive anything - clipped.
Block M097/F00/H00/GND undriven or does not drive anything - clipped.
Block M097/F02/GND undriven or does not drive anything - clipped.
Block M097/F02/VCC undriven or does not drive anything - clipped.
Block M098/GND undriven or does not drive anything - clipped.
Block M098/VCC undriven or does not drive anything - clipped.
Block M098/F01/GND undriven or does not drive anything - clipped.
Block M098/F01/VCC undriven or does not drive anything - clipped.
Block M098/F01/H00/GND undriven or does not drive anything - clipped.
Block M098/F01/H00/VCC undriven or does not drive anything - clipped.
Block M098/F02/GND undriven or does not drive anything - clipped.
Block M098/F02/VCC undriven or does not drive anything - clipped.
Block M099/GND undriven or does not drive anything - clipped.
Block M099/VCC undriven or does not drive anything - clipped.
Block M099/F01/GND undriven or does not drive anything - clipped.
Block M099/F01/VCC undriven or does not drive anything - clipped.
Block M099/F01/H00/GND undriven or does not drive anything - clipped.
Block M099/F01/H00/VCC undriven or does not drive anything - clipped.
Block M099/F02/GND undriven or does not drive anything - clipped.
Block M099/F02/VCC undriven or does not drive anything - clipped.
Block M100/GND undriven or does not drive anything - clipped.
Block M100/VCC undriven or does not drive anything - clipped.
Block M100/F01/GND undriven or does not drive anything - clipped.
Block M100/F01/VCC undriven or does not drive anything - clipped.
Block M100/F01/H00/GND undriven or does not drive anything - clipped.
Block M100/F01/H00/VCC undriven or does not drive anything - clipped.
Block M100/F02/GND undriven or does not drive anything - clipped.
Block M100/F02/VCC undriven or does not drive anything - clipped.
Block M101/GND undriven or does not drive anything - clipped.
Block M101/VCC undriven or does not drive anything - clipped.
Block M101/F01/GND undriven or does not drive anything - clipped.
Block M101/F01/VCC undriven or does not drive anything - clipped.
Block M101/F01/H00/GND undriven or does not drive anything - clipped.
Block M101/F01/H00/VCC undriven or does not drive anything - clipped.
Block M101/F02/GND undriven or does not drive anything - clipped.

                                   Page 10




Design:  topmult8bit00                                 Date:  02/15/19  11:14:23

Removed logic (cont)
--------------------
Block M101/F02/VCC undriven or does not drive anything - clipped.
Block M102/GND undriven or does not drive anything - clipped.
Block M102/VCC undriven or does not drive anything - clipped.
Block M102/F01/GND undriven or does not drive anything - clipped.
Block M102/F01/VCC undriven or does not drive anything - clipped.
Block M102/F01/H00/GND undriven or does not drive anything - clipped.
Block M102/F01/H00/VCC undriven or does not drive anything - clipped.
Block M102/F02/GND undriven or does not drive anything - clipped.
Block M102/F02/VCC undriven or does not drive anything - clipped.
Block M103/GND undriven or does not drive anything - clipped.
Block M103/VCC undriven or does not drive anything - clipped.
Block M103/F02/GND undriven or does not drive anything - clipped.
Block M103/F02/VCC undriven or does not drive anything - clipped.
Block M112/GND undriven or does not drive anything - clipped.
Block M112/VCC undriven or does not drive anything - clipped.
Block M112/F00/GND undriven or does not drive anything - clipped.
Block M112/F00/VCC undriven or does not drive anything - clipped.
Block M112/F00/H00/GND undriven or does not drive anything - clipped.
Block M112/F00/H00/VCC undriven or does not drive anything - clipped.
Block M112/F00/H01/GND undriven or does not drive anything - clipped.
Block M112/F00/H01/VCC undriven or does not drive anything - clipped.
Block M113/GND undriven or does not drive anything - clipped.
Block M113/VCC undriven or does not drive anything - clipped.
Block M113/F01/GND undriven or does not drive anything - clipped.
Block M113/F01/VCC undriven or does not drive anything - clipped.
Block M113/F01/H00/GND undriven or does not drive anything - clipped.
Block M113/F01/H00/VCC undriven or does not drive anything - clipped.
Block M113/F02/GND undriven or does not drive anything - clipped.
Block M113/F02/VCC undriven or does not drive anything - clipped.
Block M114/GND undriven or does not drive anything - clipped.
Block M114/VCC undriven or does not drive anything - clipped.
Block M114/F01/GND undriven or does not drive anything - clipped.
Block M114/F01/VCC undriven or does not drive anything - clipped.
Block M114/F01/H00/GND undriven or does not drive anything - clipped.
Block M114/F01/H00/VCC undriven or does not drive anything - clipped.
Block M114/F02/GND undriven or does not drive anything - clipped.
Block M114/F02/VCC undriven or does not drive anything - clipped.
Block M115/GND undriven or does not drive anything - clipped.
Block M115/VCC undriven or does not drive anything - clipped.
Block M115/F01/GND undriven or does not drive anything - clipped.
Block M115/F01/VCC undriven or does not drive anything - clipped.
Block M115/F01/H00/GND undriven or does not drive anything - clipped.
Block M115/F01/H00/VCC undriven or does not drive anything - clipped.
Block M115/F02/GND undriven or does not drive anything - clipped.
Block M115/F02/VCC undriven or does not drive anything - clipped.
Block M116/GND undriven or does not drive anything - clipped.
Block M116/VCC undriven or does not drive anything - clipped.
Block M116/F01/GND undriven or does not drive anything - clipped.
Block M116/F01/VCC undriven or does not drive anything - clipped.
Block M116/F01/H00/GND undriven or does not drive anything - clipped.
Block M116/F01/H00/VCC undriven or does not drive anything - clipped.
Block M116/F02/GND undriven or does not drive anything - clipped.
Block M116/F02/VCC undriven or does not drive anything - clipped.
Block M117/GND undriven or does not drive anything - clipped.
Block M117/VCC undriven or does not drive anything - clipped.
Block M117/F01/GND undriven or does not drive anything - clipped.

                                   Page 11




Design:  topmult8bit00                                 Date:  02/15/19  11:14:23

Removed logic (cont)
--------------------
Block M117/F01/VCC undriven or does not drive anything - clipped.
Block M117/F01/H00/GND undriven or does not drive anything - clipped.
Block M117/F01/H00/VCC undriven or does not drive anything - clipped.
Block M117/F02/GND undriven or does not drive anything - clipped.
Block M117/F02/VCC undriven or does not drive anything - clipped.
Block M118/GND undriven or does not drive anything - clipped.
Block M118/VCC undriven or does not drive anything - clipped.
Block M118/F00/GND undriven or does not drive anything - clipped.
Block M118/F00/VCC undriven or does not drive anything - clipped.
Block M118/F00/H00/GND undriven or does not drive anything - clipped.
Block M118/F00/H00/VCC undriven or does not drive anything - clipped.
Block M118/F01/GND undriven or does not drive anything - clipped.
Block M118/F01/VCC undriven or does not drive anything - clipped.
Block M118/F01/H00/GND undriven or does not drive anything - clipped.
Block M118/F01/H00/VCC undriven or does not drive anything - clipped.
Block M118/F02/GND undriven or does not drive anything - clipped.
Block M118/F02/VCC undriven or does not drive anything - clipped.
Block M119/GND undriven or does not drive anything - clipped.
Block M119/VCC undriven or does not drive anything - clipped.
Block M119/F01/GND undriven or does not drive anything - clipped.
Block M119/F01/VCC undriven or does not drive anything - clipped.
Block M119/F01/H00/GND undriven or does not drive anything - clipped.
Block M119/F01/H00/VCC undriven or does not drive anything - clipped.
Block M119/F02/GND undriven or does not drive anything - clipped.
Block M119/F02/VCC undriven or does not drive anything - clipped.
Signal VCC undriven or does not drive anything - clipped.

Memory Usage
------------


     

Run Time and Memory Usage
-------------------------

   Total CPU Time: 0 secs  
   Total REAL Time: 0 secs  
   Peak Memory Usage: 58 MB
        

















                                   Page 12


Copyright (c) 1991-1994 by NeoCAD Inc. All rights reserved.
     Copyright (c) 1995 AT&T Corp.   All rights reserved.
     Copyright (c) 1995-2001 Lucent Technologies Inc.  All rights reserved.
     Copyright (c) 2001 Agere Systems   All rights reserved.
     Copyright (c) 2002-2017 Lattice Semiconductor Corporation,  All rights
     reserved.
