C:\Program Files\diamond\3.10_x64\synpbase\bin64\c_vhdl.exe  -osyn  "C:\Users\Valery Garibay\Documents\nuevoG\alu01\alu\synwork\alu01_alu_hdl_.srs"  -top  subsal00  -prodtype  synplify_pro  -dspmac -fixsmult -infer_seqShift -nram -sdff_counter -divnmod -nostructver  -encrypt  -pro  -dmgen  "C:\Users\Valery Garibay\Documents\nuevoG\alu01\alu\dm"  -lite -ui -fid2 -ram -sharing on -ll 2000 -autosm  -ignore_undefined_lib  -lib work "C:\Program Files\diamond\3.10_x64\cae_library\synthesis\vhdl\machxo2.vhd" -lib work "C:\Users\Valery Garibay\Documents\nuevoG\osc00VHDL\div00.vhdl" -lib work "C:\Users\Valery Garibay\Documents\nuevoG\osc00VHDL\osc00.vhdl" -lib work "C:\Users\Valery Garibay\Documents\nuevoG\osc00VHDL\packageosc00.vhdl" -lib work "C:\Users\Valery Garibay\Documents\nuevoG\osc00VHDL\toposc00.vhdl" -lib work "C:\Users\Valery Garibay\Documents\nuevoG\sum8bit00\and00.vhdl" -lib work "C:\Users\Valery Garibay\Documents\nuevoG\sum8bit00\or00.vhdl" -lib work "C:\Users\Valery Garibay\Documents\nuevoG\sum8bit00\packageha00.vhdl" -lib work "C:\Users\Valery Garibay\Documents\nuevoG\sum8bit00\packagefa00.vhdl" -lib work "C:\Users\Valery Garibay\Documents\nuevoG\sum8bit00\xor00.vhdl" -lib work "C:\Users\Valery Garibay\Documents\nuevoG\sum8bit00\xnor00.vhdl" -lib work "C:\Users\Valery Garibay\Documents\nuevoG\sum8bit00\ha00.vhdl" -lib work "C:\Users\Valery Garibay\Documents\nuevoG\sum8bit00\fa00.vhdl" -lib work "C:\Users\Valery Garibay\Documents\nuevoG\sum8bit00\packageadder8bit00.vhdl" -lib work "C:\Users\Valery Garibay\Documents\nuevoG\sum8bit00\topadder8bit00.vhdl" -lib work "C:\Users\Valery Garibay\Documents\nuevoG\alu00\anda00.vhdl" -lib work "C:\Users\Valery Garibay\Documents\nuevoG\alu00\ora00.vhdl" -lib work "C:\Users\Valery Garibay\Documents\nuevoG\alu00\xora00.vhdl" -lib work "C:\Users\Valery Garibay\Documents\nuevoG\alu00\xnora00.vhdl" -lib work "C:\Users\Valery Garibay\Documents\nuevoG\alu00\nanda00.vhdl" -lib work "C:\Users\Valery Garibay\Documents\nuevoG\alu00\nora00.vhdl" -lib work "C:\Users\Valery Garibay\Documents\nuevoG\alu00\nota00.vhdl" -lib work "C:\Users\Valery Garibay\Documents\nuevoG\alu01\addal00.vhdl" -lib work "C:\Users\Valery Garibay\Documents\nuevoG\alu01\subsal00.vhdl"  -log  "C:\Users\Valery Garibay\Documents\nuevoG\alu01\alu\syntax.log"  -fileorder  "C:\Users\Valery Garibay\Documents\nuevoG\alu01\alu\syntmp\hdlorder.tcl"  -jobname  "hdl_info_gen" 
relcom:..\..\..\..\..\..\..\Program Files\diamond\3.10_x64\synpbase\bin64\c_vhdl.exe -osyn "C:\Users\Valery Garibay\Documents\nuevoG\alu01\alu\synwork\alu01_alu_hdl_.srs" -top subsal00 -prodtype synplify_pro -dspmac -fixsmult -infer_seqShift -nram -sdff_counter -divnmod -nostructver -encrypt -pro -dmgen "C:\Users\Valery Garibay\Documents\nuevoG\alu01\alu\dm" -lite -ui -fid2 -ram -sharing on -ll 2000 -autosm -ignore_undefined_lib -lib work "C:\Program Files\diamond\3.10_x64\cae_library\synthesis\vhdl\machxo2.vhd" -lib work "C:\Users\Valery Garibay\Documents\nuevoG\osc00VHDL\div00.vhdl" -lib work "C:\Users\Valery Garibay\Documents\nuevoG\osc00VHDL\osc00.vhdl" -lib work "C:\Users\Valery Garibay\Documents\nuevoG\osc00VHDL\packageosc00.vhdl" -lib work "C:\Users\Valery Garibay\Documents\nuevoG\osc00VHDL\toposc00.vhdl" -lib work "C:\Users\Valery Garibay\Documents\nuevoG\sum8bit00\and00.vhdl" -lib work "C:\Users\Valery Garibay\Documents\nuevoG\sum8bit00\or00.vhdl" -lib work "C:\Users\Valery Garibay\Documents\nuevoG\sum8bit00\packageha00.vhdl" -lib work "C:\Users\Valery Garibay\Documents\nuevoG\sum8bit00\packagefa00.vhdl" -lib work "C:\Users\Valery Garibay\Documents\nuevoG\sum8bit00\xor00.vhdl" -lib work "C:\Users\Valery Garibay\Documents\nuevoG\sum8bit00\xnor00.vhdl" -lib work "C:\Users\Valery Garibay\Documents\nuevoG\sum8bit00\ha00.vhdl" -lib work "C:\Users\Valery Garibay\Documents\nuevoG\sum8bit00\fa00.vhdl" -lib work "C:\Users\Valery Garibay\Documents\nuevoG\sum8bit00\packageadder8bit00.vhdl" -lib work "C:\Users\Valery Garibay\Documents\nuevoG\sum8bit00\topadder8bit00.vhdl" -lib work "C:\Users\Valery Garibay\Documents\nuevoG\alu00\anda00.vhdl" -lib work "C:\Users\Valery Garibay\Documents\nuevoG\alu00\ora00.vhdl" -lib work "C:\Users\Valery Garibay\Documents\nuevoG\alu00\xora00.vhdl" -lib work "C:\Users\Valery Garibay\Documents\nuevoG\alu00\xnora00.vhdl" -lib work "C:\Users\Valery Garibay\Documents\nuevoG\alu00\nanda00.vhdl" -lib work "C:\Users\Valery Garibay\Documents\nuevoG\alu00\nora00.vhdl" -lib work "C:\Users\Valery Garibay\Documents\nuevoG\alu00\nota00.vhdl" -lib work "C:\Users\Valery Garibay\Documents\nuevoG\alu01\addal00.vhdl" -lib work "C:\Users\Valery Garibay\Documents\nuevoG\alu01\subsal00.vhdl" -log "C:\Users\Valery Garibay\Documents\nuevoG\alu01\alu\syntax.log" -fileorder "C:\Users\Valery Garibay\Documents\nuevoG\alu01\alu\syntmp\hdlorder.tcl" -jobname "hdl_info_gen"
rc:0 success:1 runtime:1
file:..\synwork\alu01_alu_hdl_.srs|io:o|time:0|size:0|exec:0|csum:
file:..\..\..\..\..\..\..\Program Files\diamond\3.10_x64\cae_library\synthesis\vhdl\machxo2.vhd|io:i|time:1493331104|size:73964|exec:0|csum:CFF92E93E4FE354031DBB4E0E47DD4A6
file:..\..\..\osc00VHDL\div00.vhdl|io:i|time:1520349504|size:2199|exec:0|csum:E6CAF02E2D65A26E7D44E02A954477DE
file:..\..\..\osc00VHDL\osc00.vhdl|io:i|time:1520348576|size:509|exec:0|csum:52FA8B1858CC10A6F1BAC84382475755
file:..\..\..\osc00VHDL\packageosc00.vhdl|io:i|time:1520349518|size:398|exec:0|csum:3BB5632FFAC3B5BFB197A3D4EA8A04D5
file:..\..\..\osc00VHDL\toposc00.vhdl|io:i|time:1520349706|size:515|exec:0|csum:BE8F543B892BE4EFB5915CFA0AB04830
file:..\..\..\sum8bit00\and00.vhdl|io:i|time:1520487266|size:252|exec:0|csum:CE43BA1FE4A4B17135ACF0DE35754BBD
file:..\..\..\sum8bit00\or00.vhdl|io:i|time:1520487362|size:246|exec:0|csum:46E86A089696726428FED4E993C4FBBE
file:..\..\..\sum8bit00\packageha00.vhdl|io:i|time:1520487362|size:364|exec:0|csum:6513096A8E54DC496ED5A768FB3EC37D
file:..\..\..\sum8bit00\packagefa00.vhdl|io:i|time:1520487444|size:381|exec:0|csum:E1836184CC2406BDB9D8D9EE23007843
file:..\..\..\sum8bit00\xor00.vhdl|io:i|time:1520487242|size:254|exec:0|csum:CD31EA5D83585A409AADC3BD2B223FD5
file:..\..\..\sum8bit00\xnor00.vhdl|io:i|time:1520487444|size:264|exec:0|csum:287FD4497877E4AAF28324F031AA567F
file:..\..\..\sum8bit00\ha00.vhdl|io:i|time:1520487362|size:471|exec:0|csum:1E4F834302EF7F672B099DD86D059CC0
file:..\..\..\sum8bit00\fa00.vhdl|io:i|time:1529455290|size:684|exec:0|csum:0E5C23EF50B7F471BE9D8022FE25F868
file:..\..\..\sum8bit00\packageadder8bit00.vhdl|io:i|time:1520488238|size:671|exec:0|csum:997EB4B716B22D800D244FEE06CBA099
file:..\..\..\sum8bit00\topadder8bit00.vhdl|io:i|time:1520488280|size:3598|exec:0|csum:2784CDE5B519F478B9E388F79CF4AB00
file:..\..\..\alu00\anda00.vhdl|io:i|time:1554828833|size:984|exec:0|csum:1037E56720684D6DCF18CA2512D5274C
file:..\..\..\alu00\ora00.vhdl|io:i|time:1554828708|size:974|exec:0|csum:DB7F2061B3B910E21E5FBC63D318C2DC
file:..\..\..\alu00\xora00.vhdl|io:i|time:1528942482|size:1001|exec:0|csum:D07132FE1535F0481752B4F1968478A3
file:..\..\..\alu00\xnora00.vhdl|io:i|time:1528942506|size:1029|exec:0|csum:C6DD3F424EA399AD14652D062B14963D
file:..\..\..\alu00\nanda00.vhdl|io:i|time:1528942490|size:965|exec:0|csum:CF79495893602950441AE6CE3C2077C7
file:..\..\..\alu00\nora00.vhdl|io:i|time:1528942498|size:1001|exec:0|csum:1DBB8DC686DBE2740E12F15E50D1ADBE
file:..\..\..\alu00\nota00.vhdl|io:i|time:1528942520|size:1009|exec:0|csum:9DB108B3A0C642C36C929A267F79F8F4
file:..\..\addal00.vhdl|io:i|time:1529421178|size:1132|exec:0|csum:510F82E2426F29A1120D94EF5900059F
file:..\..\subsal00.vhdl|io:i|time:1529421178|size:1115|exec:0|csum:0EC9DA1B32E73394A10C2E7B95764110
file:..\syntax.log|io:o|time:1554829319|size:1008|exec:0|csum:
file:..\..\..\..\..\..\..\Program Files\diamond\3.10_x64\synpbase\bin64\c_vhdl.exe|io:i|time:1501913710|size:5913600|exec:1|csum:93E5DE52AE488E4DC33E43C149B8DA6C
