Running in Lattice mode

Starting:    C:\lscc\diamond\3.10_x64\synpbase\bin64\mbin\synbatch.exe
Install:     C:\lscc\diamond\3.10_x64\synpbase
Hostname:    DESKTOP-FPMN7V7
Date:        Tue Feb 19 10:56:31 2019
Version:     M-2017.03L-SP1-1

Arguments:   -product synplify_pro -batch osc00_osc_synplify.tcl
ProductType: synplify_pro




Copied C:\Users\Sergio Luna\Desktop\Sexto Semestre\Project3CM2MachX02\osc00\osc\osc00_osc.srr to C:\Users\Sergio Luna\Desktop\Sexto Semestre\Project3CM2MachX02\osc00\osc\backup\osc00_osc.srr
log file: "C:\Users\Sergio Luna\Desktop\Sexto Semestre\Project3CM2MachX02\osc00\osc\osc00_osc.srr"
Running: hdl_info_gen in foreground

Generating HDL info...

hdl_info_gen completed
# Tue Feb 19 10:56:36 2019

Return Code: 0
Run Time:00h:00m:02s
Copied C:\Users\Sergio Luna\Desktop\Sexto Semestre\Project3CM2MachX02\osc00\osc\osc00_osc.srr to C:\Users\Sergio Luna\Desktop\Sexto Semestre\Project3CM2MachX02\osc00\osc\osc00_osc.srf
log file: "C:\Users\Sergio Luna\Desktop\Sexto Semestre\Project3CM2MachX02\osc00\osc\osc00_osc.srr"
Running: osc in foreground

Running proj_1|osc

Running: compile (Compile) on proj_1|osc
# Tue Feb 19 10:56:36 2019

Running: compile_flow (Compile Process) on proj_1|osc
# Tue Feb 19 10:56:36 2019

Running: compiler (Compile Input) on proj_1|osc
# Tue Feb 19 10:56:36 2019
Copied C:\Users\Sergio Luna\Desktop\Sexto Semestre\Project3CM2MachX02\osc00\osc\synwork\osc00_osc_comp.srs to C:\Users\Sergio Luna\Desktop\Sexto Semestre\Project3CM2MachX02\osc00\osc\osc00_osc.srs

compiler completed
# Tue Feb 19 10:56:41 2019

Return Code: 0
Run Time:00h:00m:05s

Running: multi_srs_gen (Multi-srs Generator) on proj_1|osc
# Tue Feb 19 10:56:41 2019

multi_srs_gen completed
# Tue Feb 19 10:56:42 2019

Return Code: 0
Run Time:00h:00m:01s
Copied C:\Users\Sergio Luna\Desktop\Sexto Semestre\Project3CM2MachX02\osc00\osc\synwork\osc00_osc_mult.srs to C:\Users\Sergio Luna\Desktop\Sexto Semestre\Project3CM2MachX02\osc00\osc\osc00_osc.srs
Copied C:\Users\Sergio Luna\Desktop\Sexto Semestre\Project3CM2MachX02\osc00\osc\osc00_osc.srr to C:\Users\Sergio Luna\Desktop\Sexto Semestre\Project3CM2MachX02\osc00\osc\osc00_osc.srf
Complete: Compile Process on proj_1|osc

Running: premap (Pre-mapping) on proj_1|osc
# Tue Feb 19 10:56:42 2019

premap completed
# Tue Feb 19 10:56:46 2019

Return Code: 0
Run Time:00h:00m:04s
Complete: Compile on proj_1|osc

Running: map (Map) on proj_1|osc
# Tue Feb 19 10:56:46 2019
License granted for 4 parallel jobs

Running: fpga_mapper (Map & Optimize) on proj_1|osc
# Tue Feb 19 10:56:46 2019
Copied C:\Users\Sergio Luna\Desktop\Sexto Semestre\Project3CM2MachX02\osc00\osc\synwork\osc00_osc_m.srm to C:\Users\Sergio Luna\Desktop\Sexto Semestre\Project3CM2MachX02\osc00\osc\osc00_osc.srm

fpga_mapper completed
# Tue Feb 19 10:56:49 2019

Return Code: 0
Run Time:00h:00m:03s
Complete: Map on proj_1|osc
Copied C:\Users\Sergio Luna\Desktop\Sexto Semestre\Project3CM2MachX02\osc00\osc\osc00_osc.srr to C:\Users\Sergio Luna\Desktop\Sexto Semestre\Project3CM2MachX02\osc00\osc\osc00_osc.srf
Complete: Logic Synthesis on proj_1|osc
TCL script complete: "osc00_osc_synplify.tcl"
exit status=0
exit status=0
Save changes for project:
C:\Users\Sergio Luna\Desktop\Sexto Semestre\Project3CM2MachX02\osc00\osc\proj_1.prj
batch mode default:no
