
            Lattice Mapping Report File for Design Module 'acal00'


Design Information
------------------

Command line:   map -a MachXO2 -p LCMXO2-7000HE -t TQFP144 -s 5 -oc Commercial
     alu02_alu.ngd -o alu02_alu_map.ncd -pr alu02_alu.prf -mp alu02_alu.mrp -lpf
     F:/alu02/alu/alu02_alu_synplify.lpf -lpf F:/alu02/alu02.lpf -c 0 -gui
     -msgset F:/alu02/promote.xml 
Target Vendor:  LATTICE
Target Device:  LCMXO2-7000HETQFP144
Target Performance:   5
Mapper:  xo2c00,  version:  Diamond (64-bit) 3.10.0.111.2
Mapped on:  06/19/18  09:15:17

Design Summary
--------------

   Number of registers:     10 out of  7209 (0%)
      PFU registers:            1 out of  6864 (0%)
      PIO registers:            9 out of   345 (3%)
   Number of SLICEs:         2 out of  3432 (0%)
      SLICEs as Logic/ROM:      2 out of  3432 (0%)
      SLICEs as RAM:            0 out of  2574 (0%)
      SLICEs as Carry:          0 out of  3432 (0%)
   Number of LUT4s:          3 out of  6864 (0%)
      Number used as logic LUTs:          3
      Number used as distributed RAM:     0
      Number used as ripple logic:        0
      Number used as shift registers:     0
   Number of PIO sites used: 20 + 4(JTAG) out of 115 (21%)
   Number of block RAMs:  0 out of 26 (0%)
   Number of GSRs:  0 out of 1 (0%)
   EFB used :       No
   JTAG used :      No
   Readback used :  No
   Oscillator used :  No
   Startup used :   No
   POR :            On
   Bandgap :        On
   Number of Power Controller:  0 out of 1 (0%)
   Number of Dynamic Bank Controller (BCINRD):  0 out of 6 (0%)
   Number of Dynamic Bank Controller (BCLVDSO):  0 out of 1 (0%)
   Number of DCCA:  0 out of 8 (0%)
   Number of DCMA:  0 out of 2 (0%)
   Number of PLLs:  0 out of 2 (0%)
   Number of DQSDLLs:  0 out of 2 (0%)
   Number of CLKDIVC:  0 out of 4 (0%)
   Number of ECLKSYNCA:  0 out of 4 (0%)
   Number of ECLKBRIDGECS:  0 out of 2 (0%)
   Notes:-
      1. Total number of LUT4s = (Number of logic LUT4s) + 2*(Number of
     distributed RAMs) + 2*(Number of ripple logic)
      2. Number of logic LUT4s does not include count of distributed RAM and
     ripple logic.
   Number of clocks:  1
     Net clkacal_c: 10 loads, 10 rising, 0 falling (Driver: PIO clkacal )
   Number of Clock Enables:  1
     Net outacal_0_sqmuxa: 8 loads, 0 LSLICEs
   Number of LSRs:  0

                                    Page 1




Design:  acal00                                        Date:  06/19/18  09:15:17

Design Summary (cont)
---------------------
   Number of nets driven by tri-state buffers:  0
   Top 10 highest fanout non-clock nets:
     Net outacal_0_sqmuxa: 8 loads
     Net aux: 3 loads
     Net enacal_c: 2 loads
     Net inFlagacal_c: 2 loads
     Net aux_0: 1 loads
     Net aux_i: 1 loads
     Net inacal_c[7]: 1 loads
     Net outacal_c[0]: 1 loads
     Net outacal_c[7]: 1 loads
     Net outFlagacal_c: 1 loads




   Number of warnings:  0
   Number of errors:    0
     

Design Errors/Warnings
----------------------

   No errors or warnings present.

IO (PIO) Attributes
-------------------

+---------------------+-----------+-----------+------------+
| IO Name             | Direction | Levelmode | IO         |
|                     |           |  IO_TYPE  | Register   |
+---------------------+-----------+-----------+------------+
| outacal[0]          | OUTPUT    | LVCMOS25  |            |
+---------------------+-----------+-----------+------------+
| clkacal             | INPUT     | LVCMOS25  |            |
+---------------------+-----------+-----------+------------+
| outFlagacal         | OUTPUT    | LVCMOS25  | OUT        |
+---------------------+-----------+-----------+------------+
| outacal[7]          | OUTPUT    | LVCMOS25  |            |
+---------------------+-----------+-----------+------------+
| outacal[6]          | OUTPUT    | LVCMOS25  |            |
+---------------------+-----------+-----------+------------+
| outacal[5]          | OUTPUT    | LVCMOS25  |            |
+---------------------+-----------+-----------+------------+
| outacal[4]          | OUTPUT    | LVCMOS25  |            |
+---------------------+-----------+-----------+------------+
| outacal[3]          | OUTPUT    | LVCMOS25  |            |
+---------------------+-----------+-----------+------------+
| outacal[2]          | OUTPUT    | LVCMOS25  |            |
+---------------------+-----------+-----------+------------+
| outacal[1]          | OUTPUT    | LVCMOS25  |            |
+---------------------+-----------+-----------+------------+
| inFlagacal          | INPUT     | LVCMOS25  |            |
+---------------------+-----------+-----------+------------+
| inacal[7]           | INPUT     | LVCMOS25  | IN         |
+---------------------+-----------+-----------+------------+

                                    Page 2




Design:  acal00                                        Date:  06/19/18  09:15:17

IO (PIO) Attributes (cont)
--------------------------
| inacal[6]           | INPUT     | LVCMOS25  | IN         |
+---------------------+-----------+-----------+------------+
| inacal[5]           | INPUT     | LVCMOS25  | IN         |
+---------------------+-----------+-----------+------------+
| inacal[4]           | INPUT     | LVCMOS25  | IN         |
+---------------------+-----------+-----------+------------+
| inacal[3]           | INPUT     | LVCMOS25  | IN         |
+---------------------+-----------+-----------+------------+
| inacal[2]           | INPUT     | LVCMOS25  | IN         |
+---------------------+-----------+-----------+------------+
| inacal[1]           | INPUT     | LVCMOS25  | IN         |
+---------------------+-----------+-----------+------------+
| inacal[0]           | INPUT     | LVCMOS25  | IN         |
+---------------------+-----------+-----------+------------+
| enacal              | INPUT     | LVCMOS25  |            |
+---------------------+-----------+-----------+------------+

Removed logic
-------------

Block VCC undriven or does not drive anything - clipped.
Block GSR_INST undriven or does not drive anything - clipped.
Block GND undriven or does not drive anything - clipped.
Signal VCC undriven or does not drive anything - clipped.
Signal GND undriven or does not drive anything - clipped.

Memory Usage
------------


     

Run Time and Memory Usage
-------------------------

   Total CPU Time: 0 secs  
   Total REAL Time: 2 secs  
   Peak Memory Usage: 34 MB
        


















                                    Page 3


Copyright (c) 1991-1994 by NeoCAD Inc. All rights reserved.
     Copyright (c) 1995 AT&T Corp.   All rights reserved.
     Copyright (c) 1995-2001 Lucent Technologies Inc.  All rights reserved.
     Copyright (c) 2001 Agere Systems   All rights reserved.
     Copyright (c) 2002-2017 Lattice Semiconductor Corporation,  All rights
     reserved.
