Running in Lattice mode

Starting:    C:\lscc\diamond\3.10_x64\synpbase\bin64\mbin\synbatch.exe
Install:     C:\lscc\diamond\3.10_x64\synpbase
Hostname:    LALO-PC
Date:        Tue Jun 19 09:14:42 2018
Version:     M-2017.03L-SP1-1

Arguments:   -product synplify_pro -batch alu02_alu_synplify.tcl
ProductType: synplify_pro




log file: "F:\alu02\alu\alu02_alu.srr"
Running: hdl_info_gen in foreground

Generating HDL info...

hdl_info_gen completed
# Tue Jun 19 09:14:47 2018

Return Code: 0
Run Time:00h:00m:01s
log file: "F:\alu02\alu\alu02_alu.srr"
Running: alu in foreground

Running proj_1|alu

Running: compile (Compile) on proj_1|alu
# Tue Jun 19 09:14:48 2018

Running: compile_flow (Compile Process) on proj_1|alu
# Tue Jun 19 09:14:48 2018

Running: compiler (Compile Input) on proj_1|alu
# Tue Jun 19 09:14:48 2018
Copied F:\alu02\alu\synwork\alu02_alu_comp.srs to F:\alu02\alu\alu02_alu.srs

compiler completed
# Tue Jun 19 09:14:54 2018

Return Code: 0
Run Time:00h:00m:06s

Running: multi_srs_gen (Multi-srs Generator) on proj_1|alu
# Tue Jun 19 09:14:55 2018

multi_srs_gen completed
# Tue Jun 19 09:14:55 2018

Return Code: 0
Run Time:00h:00m:00s
Copied F:\alu02\alu\synwork\alu02_alu_mult.srs to F:\alu02\alu\alu02_alu.srs
Copied F:\alu02\alu\alu02_alu.srr to F:\alu02\alu\alu02_alu.srf
Complete: Compile Process on proj_1|alu

Running: premap (Pre-mapping) on proj_1|alu
# Tue Jun 19 09:14:55 2018

premap completed with warnings
# Tue Jun 19 09:15:02 2018

Return Code: 1
Run Time:00h:00m:07s
Complete: Compile on proj_1|alu

Running: map (Map) on proj_1|alu
# Tue Jun 19 09:15:02 2018
License granted for 4 parallel jobs

Running: fpga_mapper (Map & Optimize) on proj_1|alu
# Tue Jun 19 09:15:02 2018
Copied F:\alu02\alu\synwork\alu02_alu_m.srm to F:\alu02\alu\alu02_alu.srm

fpga_mapper completed with warnings
# Tue Jun 19 09:15:11 2018

Return Code: 1
Run Time:00h:00m:09s
Complete: Map on proj_1|alu
Copied F:\alu02\alu\alu02_alu.srr to F:\alu02\alu\alu02_alu.srf
Complete: Logic Synthesis on proj_1|alu
TCL script complete: "alu02_alu_synplify.tcl"
exit status=0
exit status=0
Save changes for project:
F:\alu02\alu\proj_1.prj
batch mode default:no
