
           Lattice Mapping Report File for Design Module 'topalu00'


Design Information
------------------

Command line:   map -a MachXO2 -p LCMXO2-7000HE -t TQFP144 -s 5 -oc Commercial
     alu00_alu.ngd -o alu00_alu_map.ncd -pr alu00_alu.prf -mp alu00_alu.mrp -lpf
     C:/Users/Valery Garibay/Desktop/NUEVOARQUI/alu00/alu/alu00_alu_synplify.lpf
     -lpf C:/Users/Valery Garibay/Desktop/NUEVOARQUI/alu00/alu00.lpf -c 0 -gui
     -msgset C:/Users/Valery Garibay/Desktop/NUEVOARQUI/alu00/promote.xml 
Target Vendor:  LATTICE
Target Device:  LCMXO2-7000HETQFP144
Target Performance:   5
Mapper:  xo2c00,  version:  Diamond (64-bit) 3.10.0.111.2
Mapped on:  05/02/19  12:51:01

Design Summary
--------------

   Number of registers:    175 out of  7209 (2%)
      PFU registers:          151 out of  6864 (2%)
      PIO registers:           24 out of   345 (7%)
   Number of SLICEs:       188 out of  3432 (5%)
      SLICEs as Logic/ROM:    188 out of  3432 (5%)
      SLICEs as RAM:            0 out of  2574 (0%)
      SLICEs as Carry:         61 out of  3432 (2%)
   Number of LUT4s:        365 out of  6864 (5%)
      Number used as logic LUTs:        243
      Number used as distributed RAM:     0
      Number used as ripple logic:      122
      Number used as shift registers:     0
   Number of PIO sites used: 53 + 4(JTAG) out of 115 (50%)
   Number of block RAMs:  0 out of 26 (0%)
   Number of GSRs:  0 out of 1 (0%)
   EFB used :       No
   JTAG used :      No
   Readback used :  No
   Oscillator used :  Yes
   Startup used :   No
   POR :            On
   Bandgap :        On
   Number of Power Controller:  0 out of 1 (0%)
   Number of Dynamic Bank Controller (BCINRD):  0 out of 6 (0%)
   Number of Dynamic Bank Controller (BCLVDSO):  0 out of 1 (0%)
   Number of DCCA:  0 out of 8 (0%)
   Number of DCMA:  0 out of 2 (0%)
   Number of PLLs:  0 out of 2 (0%)
   Number of DQSDLLs:  0 out of 2 (0%)
   Number of CLKDIVC:  0 out of 4 (0%)
   Number of ECLKSYNCA:  0 out of 4 (0%)
   Number of ECLKBRIDGECS:  0 out of 2 (0%)
   Notes:-
      1. Total number of LUT4s = (Number of logic LUT4s) + 2*(Number of
     distributed RAMs) + 2*(Number of ripple logic)
      2. Number of logic LUT4s does not include count of distributed RAM and
     ripple logic.
   Number of clocks:  1
     Net AC00.sclk_0: 119 loads, 119 rising, 0 falling (Driver:
     AC00/OS00/OSCInst0 )
   Number of Clock Enables:  22

                                    Page 1




Design:  topalu00                                      Date:  05/02/19  12:51:01

Design Summary (cont)
---------------------
     Net outac1_cnv[0]: 24 loads, 0 LSLICEs
     Net un1_oscout_0_sqmuxa_1_3_RNIB7NR: 25 loads, 25 LSLICEs
     Net AC01/un1_opcodeal_0_a2_RNILJC21: 4 loads, 4 LSLICEs
     Net AC01/aux_RNO_8: 1 loads, 1 LSLICEs
     Net AC02/outoral_1_cnv[0]: 4 loads, 4 LSLICEs
     Net AC02/aux_RNO_7: 1 loads, 1 LSLICEs
     Net AC03/outxoral_1ce[0]: 4 loads, 4 LSLICEs
     Net AC03/aux_RNO_6: 1 loads, 1 LSLICEs
     Net AC04/un1_opcodeaal_0_a2_RNILIS41: 4 loads, 4 LSLICEs
     Net AC04/aux_RNO_5: 1 loads, 1 LSLICEs
     Net AC05/outnoral_1ce[0]: 4 loads, 4 LSLICEs
     Net AC05/aux_RNO_4: 1 loads, 1 LSLICEs
     Net AC06/outxnoral_1ce[0]: 4 loads, 4 LSLICEs
     Net AC06/aux_RNO_3: 1 loads, 1 LSLICEs
     Net AC07/outnotaal_1ce[0]: 4 loads, 4 LSLICEs
     Net AC07/aux_RNO_2: 1 loads, 1 LSLICEs
     Net AC08/outadderal_1ce[0]: 5 loads, 5 LSLICEs
     Net AC08/aux_RNO_1: 1 loads, 1 LSLICEs
     Net AC09/outsubsal_1ce[0]: 5 loads, 5 LSLICEs
     Net AC09/aux_RNO_0: 1 loads, 1 LSLICEs
     Net AC10/outmultal_1ce[0]: 9 loads, 9 LSLICEs
     Net AC10/aux_RNO: 1 loads, 1 LSLICEs
   Number of LSRs:  1
     Net AC00/OS01/un1_oscout56_7_1_RNILKIB1: 12 loads, 12 LSLICEs
   Number of nets driven by tri-state buffers:  0
   Top 10 highest fanout non-clock nets:
     Net un1_oscout_0_sqmuxa_1_3_RNIB7NR: 46 loads
     Net outFlagac0_c: 40 loads
     Net outac1_cnv[0]: 24 loads
     Net portB0_c[0]: 22 loads
     Net portA0_c[0]: 19 loads
     Net portB0_c[1]: 19 loads
     Net portA0_c[2]: 18 loads
     Net portA0_c[1]: 17 loads
     Net portA0_c[3]: 17 loads
     Net portA0_c[4]: 17 loads




   Number of warnings:  0
   Number of errors:    0
     

Design Errors/Warnings
----------------------

   No errors or warnings present.

IO (PIO) Attributes
-------------------

+---------------------+-----------+-----------+------------+
| IO Name             | Direction | Levelmode | IO         |
|                     |           |  IO_TYPE  | Register   |
+---------------------+-----------+-----------+------------+

                                    Page 2




Design:  topalu00                                      Date:  05/02/19  12:51:01

IO (PIO) Attributes (cont)
--------------------------
| outFlaginside       | BIDIR     | LVCMOS25  |            |
+---------------------+-----------+-----------+------------+
| clk00               | OUTPUT    | LVCMOS25  |            |
+---------------------+-----------+-----------+------------+
| cdiv00[0]           | INPUT     | LVCMOS25  |            |
+---------------------+-----------+-----------+------------+
| outac01[15]         | OUTPUT    | LVCMOS25  | OUT        |
+---------------------+-----------+-----------+------------+
| outac01[14]         | OUTPUT    | LVCMOS25  | OUT        |
+---------------------+-----------+-----------+------------+
| outac01[13]         | OUTPUT    | LVCMOS25  | OUT        |
+---------------------+-----------+-----------+------------+
| outac01[12]         | OUTPUT    | LVCMOS25  | OUT        |
+---------------------+-----------+-----------+------------+
| outac01[11]         | OUTPUT    | LVCMOS25  | OUT        |
+---------------------+-----------+-----------+------------+
| outac01[10]         | OUTPUT    | LVCMOS25  | OUT        |
+---------------------+-----------+-----------+------------+
| outac01[9]          | OUTPUT    | LVCMOS25  | OUT        |
+---------------------+-----------+-----------+------------+
| outac01[8]          | OUTPUT    | LVCMOS25  | OUT        |
+---------------------+-----------+-----------+------------+
| outac01[7]          | OUTPUT    | LVCMOS25  | OUT        |
+---------------------+-----------+-----------+------------+
| outac01[6]          | OUTPUT    | LVCMOS25  | OUT        |
+---------------------+-----------+-----------+------------+
| outac01[5]          | OUTPUT    | LVCMOS25  | OUT        |
+---------------------+-----------+-----------+------------+
| outac01[4]          | OUTPUT    | LVCMOS25  | OUT        |
+---------------------+-----------+-----------+------------+
| outac01[3]          | OUTPUT    | LVCMOS25  | OUT        |
+---------------------+-----------+-----------+------------+
| outac01[2]          | OUTPUT    | LVCMOS25  | OUT        |
+---------------------+-----------+-----------+------------+
| outac01[1]          | OUTPUT    | LVCMOS25  | OUT        |
+---------------------+-----------+-----------+------------+
| outac01[0]          | OUTPUT    | LVCMOS25  | OUT        |
+---------------------+-----------+-----------+------------+
| outac0[7]           | OUTPUT    | LVCMOS25  | OUT        |
+---------------------+-----------+-----------+------------+
| outac0[6]           | OUTPUT    | LVCMOS25  | OUT        |
+---------------------+-----------+-----------+------------+
| outac0[5]           | OUTPUT    | LVCMOS25  | OUT        |
+---------------------+-----------+-----------+------------+
| outac0[4]           | OUTPUT    | LVCMOS25  | OUT        |
+---------------------+-----------+-----------+------------+
| outac0[3]           | OUTPUT    | LVCMOS25  | OUT        |
+---------------------+-----------+-----------+------------+
| outac0[2]           | OUTPUT    | LVCMOS25  | OUT        |
+---------------------+-----------+-----------+------------+
| outac0[1]           | OUTPUT    | LVCMOS25  | OUT        |
+---------------------+-----------+-----------+------------+
| outac0[0]           | OUTPUT    | LVCMOS25  | OUT        |
+---------------------+-----------+-----------+------------+
| portB0[7]           | INPUT     | LVCMOS25  |            |
+---------------------+-----------+-----------+------------+

                                    Page 3




Design:  topalu00                                      Date:  05/02/19  12:51:01

IO (PIO) Attributes (cont)
--------------------------
| portB0[6]           | INPUT     | LVCMOS25  |            |
+---------------------+-----------+-----------+------------+
| portB0[5]           | INPUT     | LVCMOS25  |            |
+---------------------+-----------+-----------+------------+
| portB0[4]           | INPUT     | LVCMOS25  |            |
+---------------------+-----------+-----------+------------+
| portB0[3]           | INPUT     | LVCMOS25  |            |
+---------------------+-----------+-----------+------------+
| portB0[2]           | INPUT     | LVCMOS25  |            |
+---------------------+-----------+-----------+------------+
| portB0[1]           | INPUT     | LVCMOS25  |            |
+---------------------+-----------+-----------+------------+
| portB0[0]           | INPUT     | LVCMOS25  |            |
+---------------------+-----------+-----------+------------+
| portA0[7]           | INPUT     | LVCMOS25  |            |
+---------------------+-----------+-----------+------------+
| portA0[6]           | INPUT     | LVCMOS25  |            |
+---------------------+-----------+-----------+------------+
| portA0[5]           | INPUT     | LVCMOS25  |            |
+---------------------+-----------+-----------+------------+
| portA0[4]           | INPUT     | LVCMOS25  |            |
+---------------------+-----------+-----------+------------+
| portA0[3]           | INPUT     | LVCMOS25  |            |
+---------------------+-----------+-----------+------------+
| portA0[2]           | INPUT     | LVCMOS25  |            |
+---------------------+-----------+-----------+------------+
| portA0[1]           | INPUT     | LVCMOS25  |            |
+---------------------+-----------+-----------+------------+
| portA0[0]           | INPUT     | LVCMOS25  |            |
+---------------------+-----------+-----------+------------+
| outFlagac0          | OUTPUT    | LVCMOS25  |            |
+---------------------+-----------+-----------+------------+
| opcode0[3]          | INPUT     | LVCMOS25  |            |
+---------------------+-----------+-----------+------------+
| opcode0[2]          | INPUT     | LVCMOS25  |            |
+---------------------+-----------+-----------+------------+
| opcode0[1]          | INPUT     | LVCMOS25  |            |
+---------------------+-----------+-----------+------------+
| opcode0[0]          | INPUT     | LVCMOS25  |            |
+---------------------+-----------+-----------+------------+
| en0                 | INPUT     | LVCMOS25  |            |
+---------------------+-----------+-----------+------------+
| cdiv00[4]           | INPUT     | LVCMOS25  |            |
+---------------------+-----------+-----------+------------+
| cdiv00[3]           | INPUT     | LVCMOS25  |            |
+---------------------+-----------+-----------+------------+
| cdiv00[2]           | INPUT     | LVCMOS25  |            |
+---------------------+-----------+-----------+------------+
| cdiv00[1]           | INPUT     | LVCMOS25  |            |
+---------------------+-----------+-----------+------------+

Removed logic
-------------

Block VCC undriven or does not drive anything - clipped.
Block GSR_INST undriven or does not drive anything - clipped.

                                    Page 4




Design:  topalu00                                      Date:  05/02/19  12:51:01

Removed logic (cont)
--------------------
Block GND undriven or does not drive anything - clipped.
Block AC00/GND undriven or does not drive anything - clipped.
Block AC00/VCC undriven or does not drive anything - clipped.
Block AC00/OS00/VCC undriven or does not drive anything - clipped.
Block AC00/OS01/VCC undriven or does not drive anything - clipped.
Block AC11/GND undriven or does not drive anything - clipped.
Block AC11/VCC undriven or does not drive anything - clipped.
Block AC10/VCC undriven or does not drive anything - clipped.
Block AC08/VCC undriven or does not drive anything - clipped.
Block AC07/GND undriven or does not drive anything - clipped.
Block AC07/VCC undriven or does not drive anything - clipped.
Block AC06/GND undriven or does not drive anything - clipped.
Block AC06/VCC undriven or does not drive anything - clipped.
Block AC05/GND undriven or does not drive anything - clipped.
Block AC05/VCC undriven or does not drive anything - clipped.
Block AC04/GND undriven or does not drive anything - clipped.
Block AC04/VCC undriven or does not drive anything - clipped.
Block AC03/GND undriven or does not drive anything - clipped.
Block AC03/VCC undriven or does not drive anything - clipped.
Block AC02/GND undriven or does not drive anything - clipped.
Block AC02/VCC undriven or does not drive anything - clipped.
Block AC01/GND undriven or does not drive anything - clipped.
Block AC01/VCC undriven or does not drive anything - clipped.
Signal AC00/OS00/GND undriven or does not drive anything - clipped.
Signal AC00/OS01/GND undriven or does not drive anything - clipped.
Signal AC10/GND undriven or does not drive anything - clipped.
Signal AC09/GND undriven or does not drive anything - clipped.
Signal AC08/GND undriven or does not drive anything - clipped.
Signal VCC undriven or does not drive anything - clipped.
Signal GND undriven or does not drive anything - clipped.
Signal AC00/OS00/OSCInst0_SEDSTDBY undriven or does not drive anything -
     clipped.
Signal AC00/OS01/un1_sdiv_cry_0_0_S0 undriven or does not drive anything -
     clipped.
Signal AC00/OS01/N_1 undriven or does not drive anything - clipped.
Signal AC00/OS01/un1_sdiv_s_21_0_S1 undriven or does not drive anything -
     clipped.
Signal AC00/OS01/un1_sdiv_s_21_0_COUT undriven or does not drive anything -
     clipped.
Signal AC10/outmultal_1_madd_4_cry_9_0_COUT undriven or does not drive anything
     - clipped.
Signal AC10/outmultal_1_madd_3_cry_1_0_S1 undriven or does not drive anything -
     clipped.
Signal AC10/outmultal_1_madd_3_cry_1_0_S0 undriven or does not drive anything -
     clipped.
Signal AC10/N_2 undriven or does not drive anything - clipped.
Signal AC10/outmultal_1_madd_3_cry_8_0_COUT undriven or does not drive anything
     - clipped.
Signal AC10/outmultal_1_madd_2_cry_1_0_S1 undriven or does not drive anything -
     clipped.
Signal AC10/outmultal_1_madd_2_cry_1_0_S0 undriven or does not drive anything -
     clipped.
Signal AC10/N_18 undriven or does not drive anything - clipped.
Signal AC10/outmultal_1_madd_2_cry_8_0_COUT undriven or does not drive anything
     - clipped.
Signal AC10/outmultal_1_madd_1_cry_1_0_S1 undriven or does not drive anything -

                                    Page 5




Design:  topalu00                                      Date:  05/02/19  12:51:01

Removed logic (cont)
--------------------
     clipped.
Signal AC10/outmultal_1_madd_1_cry_1_0_S0 undriven or does not drive anything -
     clipped.
Signal AC10/N_19 undriven or does not drive anything - clipped.
Signal AC10/outmultal_1_madd_1_cry_8_0_COUT undriven or does not drive anything
     - clipped.
Signal AC10/outmultal_1_madd_0_cry_0_0_S1 undriven or does not drive anything -
     clipped.
Signal AC10/outmultal_1_madd_0_cry_0_0_S0 undriven or does not drive anything -
     clipped.
Signal AC10/N_20 undriven or does not drive anything - clipped.
Signal AC10/outmultal_1_madd_0_cry_7_0_COUT undriven or does not drive anything
     - clipped.
Signal AC10/outmultal_1_madd_cry_0_0_S1 undriven or does not drive anything -
     clipped.
Signal AC10/outmultal_1_madd_cry_0_0_S0 undriven or does not drive anything -
     clipped.
Signal AC10/N_21 undriven or does not drive anything - clipped.
Signal AC10/outmultal_1_madd_s_11_0_S1 undriven or does not drive anything -
     clipped.
Signal AC10/outmultal_1_madd_s_11_0_COUT undriven or does not drive anything -
     clipped.
Signal AC10/outmultal_1_madd_5_cry_2_0_S1 undriven or does not drive anything -
     clipped.
Signal AC10/outmultal_1_madd_5_cry_2_0_S0 undriven or does not drive anything -
     clipped.
Signal AC10/N_22 undriven or does not drive anything - clipped.
Signal AC10/outmultal_1_madd_5_s_11_0_S1 undriven or does not drive anything -
     clipped.
Signal AC10/outmultal_1_madd_5_s_11_0_COUT undriven or does not drive anything -
     clipped.
Signal AC10/outmultal_1_madd_4_cry_0_0_S1 undriven or does not drive anything -
     clipped.
Signal AC10/outmultal_1_madd_4_cry_0_0_S0 undriven or does not drive anything -
     clipped.
Signal AC10/N_1 undriven or does not drive anything - clipped.
Signal AC09/outsubsal_1_cry_0_0_S1 undriven or does not drive anything -
     clipped.
Signal AC09/outsubsal_1_cry_0_0_S0 undriven or does not drive anything -
     clipped.
Signal AC09/N_1 undriven or does not drive anything - clipped.
Signal AC09/outsubsal_1_s_7_0_S1 undriven or does not drive anything - clipped.
Signal AC09/outsubsal_1_s_7_0_COUT undriven or does not drive anything -
     clipped.
Signal AC08/outadderal_2_cry_0_0_S1 undriven or does not drive anything -
     clipped.
Signal AC08/outadderal_2_cry_0_0_S0 undriven or does not drive anything -
     clipped.
Signal AC08/N_1 undriven or does not drive anything - clipped.
Signal AC08/outadderal_2_s_7_0_S1 undriven or does not drive anything - clipped.
     
Signal AC08/outadderal_2_s_7_0_COUT undriven or does not drive anything -
     clipped.
Block AC00/OS00/GND was optimized away.
Block AC00/OS01/GND was optimized away.
Block AC10/GND was optimized away.

                                    Page 6




Design:  topalu00                                      Date:  05/02/19  12:51:01

Removed logic (cont)
--------------------
Block AC09/GND was optimized away.
Block AC08/GND was optimized away.

Memory Usage
------------


     

OSC Summary
-----------

OSC 1:                                     Pin/Node Value
  OSC Instance Name:                                AC00/OS00/OSCInst0
  OSC Type:                                         OSCH
  STDBY Input:                                      NONE
  OSC Output:                              NODE     AC00.sclk_0
  OSC Nominal Frequency (MHz):                      2.08

ASIC Components
---------------

Instance Name: AC00/OS00/OSCInst0
         Type: OSCH

Run Time and Memory Usage
-------------------------

   Total CPU Time: 1 secs  
   Total REAL Time: 2 secs  
   Peak Memory Usage: 60 MB
        

























                                    Page 7


Copyright (c) 1991-1994 by NeoCAD Inc. All rights reserved.
     Copyright (c) 1995 AT&T Corp.   All rights reserved.
     Copyright (c) 1995-2001 Lucent Technologies Inc.  All rights reserved.
     Copyright (c) 2001 Agere Systems   All rights reserved.
     Copyright (c) 2002-2017 Lattice Semiconductor Corporation,  All rights
     reserved.
