
synpwrap -msg -prj "alu00_alu_synplify.tcl" -log "alu00_alu.srf"
Copyright (C) 1992-2017 Lattice Semiconductor Corporation. All rights reserved.
Lattice Diamond Version 3.10.0.111.2
    <postMsg mid="2011000" type="Info"    dynamic="0" navigation="0"  />

==contents of alu00_alu.srf
#Build: Synplify Pro (R) M-2017.03L-SP1-1, Build 086R, Aug  4 2017
#install: C:\Program Files\diamond\3.10_x64\synpbase
#OS: Windows 8 6.2
#Hostname: DESKTOP-JBP5BT2

# Thu May  2 12:50:46 2019

#Implementation: alu

Synopsys HDL Compiler, version comp2017q2p1, Build 190R, built Aug  4 2017
@N|Running in 64-bit mode
Copyright (C) 1994-2017 Synopsys, Inc. This Synopsys software and all associated documentation are proprietary to Synopsys, Inc. and may only be used pursuant to the terms and conditions of a written license agreement with Synopsys, Inc. All other use, reproduction, modification, or distribution of the Synopsys software or the associated documentation is strictly prohibited.

Synopsys VHDL Compiler, version comp2017q2p1, Build 190R, built Aug  4 2017
@N|Running in 64-bit mode
Copyright (C) 1994-2017 Synopsys, Inc. This Synopsys software and all associated documentation are proprietary to Synopsys, Inc. and may only be used pursuant to the terms and conditions of a written license agreement with Synopsys, Inc. All other use, reproduction, modification, or distribution of the Synopsys software or the associated documentation is strictly prohibited.

@N: CD720 :"C:\Program Files\diamond\3.10_x64\synpbase\lib\vhd\std.vhd":123:18:123:21|Setting time resolution to ps
@N:"C:\Users\Valery Garibay\Desktop\NUEVOARQUI\alu00\topalu00.vhdl":7:7:7:14|Top entity is set to topalu00.
File C:\Program Files\diamond\3.10_x64\synpbase\lib\cpld\lattice.vhd changed - recompiling
File C:\Users\Valery Garibay\Desktop\NUEVOARQUI\osc00VHDL\osc00.vhdl changed - recompiling
File C:\Program Files\diamond\3.10_x64\synpbase\lib\lucent\machxo2.vhd changed - recompiling
File C:\Users\Valery Garibay\Desktop\NUEVOARQUI\osc00VHDL\packageosc00.vhdl changed - recompiling
File C:\Users\Valery Garibay\Desktop\NUEVOARQUI\alu00\anda00.vhdl changed - recompiling
File C:\Users\Valery Garibay\Desktop\NUEVOARQUI\alu00\ora00.vhdl changed - recompiling
File C:\Users\Valery Garibay\Desktop\NUEVOARQUI\alu00\xora00.vhdl changed - recompiling
File C:\Users\Valery Garibay\Desktop\NUEVOARQUI\alu00\nanda00.vhdl changed - recompiling
File C:\Users\Valery Garibay\Desktop\NUEVOARQUI\alu00\nora00.vhdl changed - recompiling
File C:\Users\Valery Garibay\Desktop\NUEVOARQUI\alu00\xnora00.vhdl changed - recompiling
File C:\Users\Valery Garibay\Desktop\NUEVOARQUI\alu00\nota00.vhdl changed - recompiling
File C:\Users\Valery Garibay\Desktop\NUEVOARQUI\alu00\adder8bita00.vhdl changed - recompiling
File C:\Users\Valery Garibay\Desktop\NUEVOARQUI\alu00\substract8bita00.vhdl changed - recompiling
File C:\Users\Valery Garibay\Desktop\NUEVOARQUI\alu00\mult8bita00.vhdl changed - recompiling
File C:\Users\Valery Garibay\Desktop\NUEVOARQUI\alu00\ac800.vhdl changed - recompiling
File C:\Users\Valery Garibay\Desktop\NUEVOARQUI\alu00\packagealu00.vhdl changed - recompiling
File C:\Users\Valery Garibay\Desktop\NUEVOARQUI\osc00VHDL\toposc00.vhdl changed - recompiling
File C:\Users\Valery Garibay\Desktop\NUEVOARQUI\alu00\topalu00.vhdl changed - recompiling
VHDL syntax check successful!
@N: CD630 :"C:\Users\Valery Garibay\Desktop\NUEVOARQUI\alu00\topalu00.vhdl":7:7:7:14|Synthesizing work.topalu00.topalu0.
@N: CD630 :"C:\Users\Valery Garibay\Desktop\NUEVOARQUI\alu00\ac800.vhdl":7:7:7:11|Synthesizing work.ac800.ac80.
Post processing for work.ac800.ac80
@N: CD630 :"C:\Users\Valery Garibay\Desktop\NUEVOARQUI\alu00\mult8bita00.vhdl":8:7:8:17|Synthesizing work.mult8bita00.mult8bita0.
Post processing for work.mult8bita00.mult8bita0
@W: CL169 :"C:\Users\Valery Garibay\Desktop\NUEVOARQUI\alu00\mult8bita00.vhdl":25:2:25:3|Pruning unused register outFlagmultal_cl_7. Make sure that there are no unused intermediate registers.
@N: CD630 :"C:\Users\Valery Garibay\Desktop\NUEVOARQUI\alu00\substract8bita00.vhdl":8:7:8:22|Synthesizing work.substract8bita00.substract8bita0.
Post processing for work.substract8bita00.substract8bita0
@W: CL169 :"C:\Users\Valery Garibay\Desktop\NUEVOARQUI\alu00\substract8bita00.vhdl":25:2:25:3|Pruning unused register outFlagsubsal_cl_7. Make sure that there are no unused intermediate registers.
@N: CD630 :"C:\Users\Valery Garibay\Desktop\NUEVOARQUI\alu00\adder8bita00.vhdl":8:7:8:18|Synthesizing work.adder8bita00.adder8bita0.
Post processing for work.adder8bita00.adder8bita0
@W: CL169 :"C:\Users\Valery Garibay\Desktop\NUEVOARQUI\alu00\adder8bita00.vhdl":25:2:25:3|Pruning unused register outFlagadderal_cl_7. Make sure that there are no unused intermediate registers.
@N: CD630 :"C:\Users\Valery Garibay\Desktop\NUEVOARQUI\alu00\nota00.vhdl":6:7:6:12|Synthesizing work.nota00.nota0.
Post processing for work.nota00.nota0
@W: CL169 :"C:\Users\Valery Garibay\Desktop\NUEVOARQUI\alu00\nota00.vhdl":23:2:23:3|Pruning unused register outFlagnotaal_cl_7. Make sure that there are no unused intermediate registers.
@N: CD630 :"C:\Users\Valery Garibay\Desktop\NUEVOARQUI\alu00\xnora00.vhdl":6:7:6:13|Synthesizing work.xnora00.xnora0.
Post processing for work.xnora00.xnora0
@W: CL169 :"C:\Users\Valery Garibay\Desktop\NUEVOARQUI\alu00\xnora00.vhdl":23:2:23:3|Pruning unused register outFlagxnoral_cl_7. Make sure that there are no unused intermediate registers.
@N: CD630 :"C:\Users\Valery Garibay\Desktop\NUEVOARQUI\alu00\nora00.vhdl":6:7:6:12|Synthesizing work.nora00.nora0.
Post processing for work.nora00.nora0
@W: CL169 :"C:\Users\Valery Garibay\Desktop\NUEVOARQUI\alu00\nora00.vhdl":23:2:23:3|Pruning unused register outFlagnoral_cl_7. Make sure that there are no unused intermediate registers.
@N: CD630 :"C:\Users\Valery Garibay\Desktop\NUEVOARQUI\alu00\nanda00.vhdl":6:7:6:13|Synthesizing work.nanda00.nanda0.
Post processing for work.nanda00.nanda0
@W: CL169 :"C:\Users\Valery Garibay\Desktop\NUEVOARQUI\alu00\nanda00.vhdl":23:2:23:3|Pruning unused register outFlagaal_cl_7. Make sure that there are no unused intermediate registers.
@N: CD630 :"C:\Users\Valery Garibay\Desktop\NUEVOARQUI\alu00\xora00.vhdl":6:7:6:12|Synthesizing work.xora00.xora0.
Post processing for work.xora00.xora0
@W: CL169 :"C:\Users\Valery Garibay\Desktop\NUEVOARQUI\alu00\xora00.vhdl":23:2:23:3|Pruning unused register outFlagxoral_cl_7. Make sure that there are no unused intermediate registers.
@N: CD630 :"C:\Users\Valery Garibay\Desktop\NUEVOARQUI\alu00\ora00.vhdl":6:7:6:11|Synthesizing work.ora00.ora0.
Post processing for work.ora00.ora0
@W: CL169 :"C:\Users\Valery Garibay\Desktop\NUEVOARQUI\alu00\ora00.vhdl":23:2:23:3|Pruning unused register outFlagoral_cl_7. Make sure that there are no unused intermediate registers.
@N: CD630 :"C:\Users\Valery Garibay\Desktop\NUEVOARQUI\alu00\anda00.vhdl":6:7:6:12|Synthesizing work.anda00.anda0.
Post processing for work.anda00.anda0
@W: CL169 :"C:\Users\Valery Garibay\Desktop\NUEVOARQUI\alu00\anda00.vhdl":23:2:23:3|Pruning unused register outFlagal_cl_7. Make sure that there are no unused intermediate registers.
@N: CD630 :"C:\Users\Valery Garibay\Desktop\NUEVOARQUI\osc00VHDL\toposc00.vhdl":9:7:9:14|Synthesizing work.toposc00.toposc0.
@N: CD630 :"C:\Users\Valery Garibay\Desktop\NUEVOARQUI\osc00VHDL\div00.vhdl":8:7:8:11|Synthesizing work.div00.div0.
@N: CD364 :"C:\Users\Valery Garibay\Desktop\NUEVOARQUI\osc00VHDL\div00.vhdl":27:2:27:7|Removing redundant assignment.
@N: CD364 :"C:\Users\Valery Garibay\Desktop\NUEVOARQUI\osc00VHDL\div00.vhdl":36:2:36:7|Removing redundant assignment.
@N: CD364 :"C:\Users\Valery Garibay\Desktop\NUEVOARQUI\osc00VHDL\div00.vhdl":45:2:45:7|Removing redundant assignment.
@N: CD364 :"C:\Users\Valery Garibay\Desktop\NUEVOARQUI\osc00VHDL\div00.vhdl":54:2:54:7|Removing redundant assignment.
@N: CD364 :"C:\Users\Valery Garibay\Desktop\NUEVOARQUI\osc00VHDL\div00.vhdl":63:2:63:7|Removing redundant assignment.
@N: CD364 :"C:\Users\Valery Garibay\Desktop\NUEVOARQUI\osc00VHDL\div00.vhdl":72:2:72:7|Removing redundant assignment.
@N: CD364 :"C:\Users\Valery Garibay\Desktop\NUEVOARQUI\osc00VHDL\div00.vhdl":81:2:81:7|Removing redundant assignment.
@N: CD364 :"C:\Users\Valery Garibay\Desktop\NUEVOARQUI\osc00VHDL\div00.vhdl":90:2:90:7|Removing redundant assignment.
@N: CD364 :"C:\Users\Valery Garibay\Desktop\NUEVOARQUI\osc00VHDL\div00.vhdl":99:2:99:7|Removing redundant assignment.
Post processing for work.div00.div0
@N: CD630 :"C:\Users\Valery Garibay\Desktop\NUEVOARQUI\osc00VHDL\osc00.vhdl":8:7:8:11|Synthesizing work.osc00.osc0.
@W: CD276 :"C:\Program Files\diamond\3.10_x64\cae_library\synthesis\vhdl\machxo2.vhd":2297:8:2297:15|Map for port sedstdby of component osch not found
@N: CD630 :"C:\Program Files\diamond\3.10_x64\cae_library\synthesis\vhdl\machxo2.vhd":2291:10:2291:13|Synthesizing work.osch.syn_black_box.
Post processing for work.osch.syn_black_box
Post processing for work.osc00.osc0
Post processing for work.toposc00.toposc0
Post processing for work.topalu00.topalu0

At c_vhdl Exit (Real Time elapsed 0h:00m:01s; CPU Time elapsed 0h:00m:00s; Memory used current: 78MB peak: 81MB)

Process took 0h:00m:01s realtime, 0h:00m:01s cputime

Process completed successfully.
# Thu May  2 12:50:49 2019

###########################################################]
Synopsys Netlist Linker, version comp2017q2p1, Build 190R, built Aug  4 2017
@N|Running in 64-bit mode
File C:\Users\Valery Garibay\Desktop\NUEVOARQUI\alu00\alu\synwork\layer0.srs changed - recompiling

At syn_nfilter Exit (Real Time elapsed 0h:00m:00s; CPU Time elapsed 0h:00m:00s; Memory used current: 68MB peak: 69MB)

Process took 0h:00m:01s realtime, 0h:00m:01s cputime

Process completed successfully.
# Thu May  2 12:50:49 2019

###########################################################]
@END

At c_hdl Exit (Real Time elapsed 0h:00m:02s; CPU Time elapsed 0h:00m:01s; Memory used current: 3MB peak: 4MB)

Process took 0h:00m:02s realtime, 0h:00m:01s cputime

Process completed successfully.
# Thu May  2 12:50:49 2019

###########################################################]
Synopsys Netlist Linker, version comp2017q2p1, Build 190R, built Aug  4 2017
@N|Running in 64-bit mode
File C:\Users\Valery Garibay\Desktop\NUEVOARQUI\alu00\alu\synwork\alu00_alu_comp.srs changed - recompiling

At syn_nfilter Exit (Real Time elapsed 0h:00m:00s; CPU Time elapsed 0h:00m:00s; Memory used current: 69MB peak: 69MB)

Process took 0h:00m:01s realtime, 0h:00m:01s cputime

Process completed successfully.
# Thu May  2 12:50:51 2019

###########################################################]
Pre-mapping Report

# Thu May  2 12:50:51 2019

Synopsys Lattice Technology Pre-mapping, Version maplat, Build 1796R, Built Aug  4 2017 11:10:16
Copyright (C) 1994-2017 Synopsys, Inc. This Synopsys software and all associated documentation are proprietary to Synopsys, Inc. and may only be used pursuant to the terms and conditions of a written license agreement with Synopsys, Inc. All other use, reproduction, modification, or distribution of the Synopsys software or the associated documentation is strictly prohibited.
Product Version M-2017.03L-SP1-1

Mapper Startup Complete (Real Time elapsed 0h:00m:00s; CPU Time elapsed 0h:00m:00s; Memory used current: 99MB peak: 99MB)

@A: MF827 |No constraint file specified.
@L: C:\Users\Valery Garibay\Desktop\NUEVOARQUI\alu00\alu\alu00_alu_scck.rpt 
Printing clock  summary report in "C:\Users\Valery Garibay\Desktop\NUEVOARQUI\alu00\alu\alu00_alu_scck.rpt" file 
@N: MF248 |Running in 64-bit mode.
@N: MF666 |Clock conversion enabled. (Command "set_option -fix_gated_and_generated_clocks 1" in the project file.)

Design Input Complete (Real Time elapsed 0h:00m:00s; CPU Time elapsed 0h:00m:00s; Memory used current: 101MB peak: 103MB)


Mapper Initialization Complete (Real Time elapsed 0h:00m:00s; CPU Time elapsed 0h:00m:00s; Memory used current: 101MB peak: 103MB)


Start loading timing files (Real Time elapsed 0h:00m:00s; CPU Time elapsed 0h:00m:00s; Memory used current: 113MB peak: 113MB)


Finished loading timing files (Real Time elapsed 0h:00m:00s; CPU Time elapsed 0h:00m:00s; Memory used current: 113MB peak: 115MB)

@W: FX474 |User-specified initial value defined for some sequential elements which can prevent optimum synthesis results from being achieved. 
ICG Latch Removal Summary:
Number of ICG latches removed:	0
Number of ICG latches not removed:	0
syn_allowed_resources : blockrams=26  set on top level netlist topalu00

Finished netlist restructuring (Real Time elapsed 0h:00m:01s; CPU Time elapsed 0h:00m:00s; Memory used current: 141MB peak: 143MB)



Clock Summary
******************

          Start                            Requested     Requested     Clock                                           Clock                   Clock
Level     Clock                            Frequency     Period        Type                                            Group                   Load 
----------------------------------------------------------------------------------------------------------------------------------------------------
0 -       osc00|osc_int_inferred_clock     2.1 MHz       480.769       inferred                                        Inferred_clkgroup_0     23   
1 .         div00|oscout_derived_clock     2.1 MHz       480.769       derived (from osc00|osc_int_inferred_clock)     Inferred_clkgroup_0     231  
====================================================================================================================================================

@W: MT529 :"c:\users\valery garibay\desktop\nuevoarqui\osc00vhdl\div00.vhdl":20:0:20:1|Found inferred clock osc00|osc_int_inferred_clock which controls 23 sequential elements including AC00.OS01.sdiv[21:0]. This clock has no specified timing constraint which may prevent conversion of gated or generated clocks and may adversely impact design performance. 

Finished Pre Mapping Phase.

Starting constraint checker (Real Time elapsed 0h:00m:01s; CPU Time elapsed 0h:00m:01s; Memory used current: 141MB peak: 143MB)


Finished constraint checker preprocessing (Real Time elapsed 0h:00m:01s; CPU Time elapsed 0h:00m:01s; Memory used current: 141MB peak: 143MB)

None
None

Finished constraint checker (Real Time elapsed 0h:00m:01s; CPU Time elapsed 0h:00m:01s; Memory used current: 141MB peak: 143MB)

Pre-mapping successful!

At Mapper Exit (Real Time elapsed 0h:00m:01s; CPU Time elapsed 0h:00m:01s; Memory used current: 56MB peak: 143MB)

Process took 0h:00m:01s realtime, 0h:00m:01s cputime
# Thu May  2 12:50:53 2019

###########################################################]
Map & Optimize Report

# Thu May  2 12:50:53 2019

Synopsys Lattice Technology Mapper, Version maplat, Build 1796R, Built Aug  4 2017 11:10:16
Copyright (C) 1994-2017 Synopsys, Inc. This Synopsys software and all associated documentation are proprietary to Synopsys, Inc. and may only be used pursuant to the terms and conditions of a written license agreement with Synopsys, Inc. All other use, reproduction, modification, or distribution of the Synopsys software or the associated documentation is strictly prohibited.
Product Version M-2017.03L-SP1-1

Mapper Startup Complete (Real Time elapsed 0h:00m:00s; CPU Time elapsed 0h:00m:00s; Memory used current: 99MB peak: 99MB)

@N: MF248 |Running in 64-bit mode.
@N: MF666 |Clock conversion enabled. (Command "set_option -fix_gated_and_generated_clocks 1" in the project file.)

Design Input Complete (Real Time elapsed 0h:00m:00s; CPU Time elapsed 0h:00m:00s; Memory used current: 98MB peak: 100MB)


Mapper Initialization Complete (Real Time elapsed 0h:00m:00s; CPU Time elapsed 0h:00m:00s; Memory used current: 98MB peak: 100MB)


Start loading timing files (Real Time elapsed 0h:00m:00s; CPU Time elapsed 0h:00m:00s; Memory used current: 111MB peak: 112MB)


Finished loading timing files (Real Time elapsed 0h:00m:00s; CPU Time elapsed 0h:00m:00s; Memory used current: 111MB peak: 114MB)



Starting Optimization and Mapping (Real Time elapsed 0h:00m:00s; CPU Time elapsed 0h:00m:00s; Memory used current: 140MB peak: 142MB)


Available hyper_sources - for debug and ip models
	None Found

@W: BN132 :"c:\users\valery garibay\desktop\nuevoarqui\alu00\mult8bita00.vhdl":27:4:27:7|Removing user instance AC10.outmultal_cl_31[15] because it is equivalent to instance AC10.outmultal_cl_30[15]. To keep the instance, apply constraint syn_preserve=1 on the instance.
@W: BN132 :"c:\users\valery garibay\desktop\nuevoarqui\alu00\mult8bita00.vhdl":27:4:27:7|Removing user instance AC10.outmultal_cl_30[15] because it is equivalent to instance AC10.outmultal_cl_28[15]. To keep the instance, apply constraint syn_preserve=1 on the instance.
@W: BN132 :"c:\users\valery garibay\desktop\nuevoarqui\alu00\mult8bita00.vhdl":27:4:27:7|Removing user instance AC10.outmultal_cl_29[15] because it is equivalent to instance AC10.outmultal_cl_27[15]. To keep the instance, apply constraint syn_preserve=1 on the instance.
@W: BN132 :"c:\users\valery garibay\desktop\nuevoarqui\alu00\mult8bita00.vhdl":27:4:27:7|Removing user instance AC10.outmultal_cl_28[15] because it is equivalent to instance AC10.outmultal_cl_26[15]. To keep the instance, apply constraint syn_preserve=1 on the instance.
@W: BN132 :"c:\users\valery garibay\desktop\nuevoarqui\alu00\mult8bita00.vhdl":27:4:27:7|Removing user instance AC10.outmultal_cl_27[15] because it is equivalent to instance AC10.outmultal_cl_25[15]. To keep the instance, apply constraint syn_preserve=1 on the instance.
@W: BN132 :"c:\users\valery garibay\desktop\nuevoarqui\alu00\mult8bita00.vhdl":27:4:27:7|Removing user instance AC10.outmultal_cl_26[15] because it is equivalent to instance AC10.outmultal_cl_24[15]. To keep the instance, apply constraint syn_preserve=1 on the instance.
@W: BN132 :"c:\users\valery garibay\desktop\nuevoarqui\alu00\mult8bita00.vhdl":27:4:27:7|Removing user instance AC10.outmultal_cl_25[15] because it is equivalent to instance AC10.outmultal_cl_23[15]. To keep the instance, apply constraint syn_preserve=1 on the instance.
@W: BN132 :"c:\users\valery garibay\desktop\nuevoarqui\alu00\mult8bita00.vhdl":27:4:27:7|Removing user instance AC10.outmultal_cl_24[15] because it is equivalent to instance AC10.outmultal_cl_22[15]. To keep the instance, apply constraint syn_preserve=1 on the instance.
@W: BN132 :"c:\users\valery garibay\desktop\nuevoarqui\alu00\mult8bita00.vhdl":27:4:27:7|Removing user instance AC10.outmultal_cl_23[15] because it is equivalent to instance AC10.outmultal_cl_21[15]. To keep the instance, apply constraint syn_preserve=1 on the instance.
@W: BN132 :"c:\users\valery garibay\desktop\nuevoarqui\alu00\mult8bita00.vhdl":27:4:27:7|Removing user instance AC10.outmultal_cl_22[15] because it is equivalent to instance AC10.outmultal_cl_20[15]. To keep the instance, apply constraint syn_preserve=1 on the instance.
@N: BN362 :"c:\users\valery garibay\desktop\nuevoarqui\alu00\mult8bita00.vhdl":25:2:25:3|Removing sequential instance outmultal_cl_15[15] (in view: work.mult8bita00(mult8bita0)) of type view:PrimLib.dff(prim) because it does not drive other instances.
@N: BN362 :"c:\users\valery garibay\desktop\nuevoarqui\alu00\mult8bita00.vhdl":25:2:25:3|Removing sequential instance outmultal_cl_14[15] (in view: work.mult8bita00(mult8bita0)) of type view:PrimLib.dff(prim) because it does not drive other instances.
@N: BN362 :"c:\users\valery garibay\desktop\nuevoarqui\alu00\mult8bita00.vhdl":25:2:25:3|Removing sequential instance outmultal_cl_13[15] (in view: work.mult8bita00(mult8bita0)) of type view:PrimLib.dff(prim) because it does not drive other instances.
@N: BN362 :"c:\users\valery garibay\desktop\nuevoarqui\alu00\mult8bita00.vhdl":25:2:25:3|Removing sequential instance outmultal_cl_12[15] (in view: work.mult8bita00(mult8bita0)) of type view:PrimLib.dff(prim) because it does not drive other instances.
@N: BN362 :"c:\users\valery garibay\desktop\nuevoarqui\alu00\mult8bita00.vhdl":25:2:25:3|Removing sequential instance outmultal_cl_11[15] (in view: work.mult8bita00(mult8bita0)) of type view:PrimLib.dff(prim) because it does not drive other instances.
@N: BN362 :"c:\users\valery garibay\desktop\nuevoarqui\alu00\mult8bita00.vhdl":25:2:25:3|Removing sequential instance outmultal_cl_10[15] (in view: work.mult8bita00(mult8bita0)) of type view:PrimLib.dff(prim) because it does not drive other instances.
@N: BN362 :"c:\users\valery garibay\desktop\nuevoarqui\alu00\mult8bita00.vhdl":25:2:25:3|Removing sequential instance outmultal_cl_9[15] (in view: work.mult8bita00(mult8bita0)) of type view:PrimLib.dff(prim) because it does not drive other instances.
@N: BN362 :"c:\users\valery garibay\desktop\nuevoarqui\alu00\mult8bita00.vhdl":25:2:25:3|Removing sequential instance outmultal_cl_8[15] (in view: work.mult8bita00(mult8bita0)) of type view:PrimLib.dff(prim) because it does not drive other instances.
@N: BN362 :"c:\users\valery garibay\desktop\nuevoarqui\alu00\mult8bita00.vhdl":25:2:25:3|Removing sequential instance outmultal_cl_7[15] (in view: work.mult8bita00(mult8bita0)) of type view:PrimLib.dff(prim) because it does not drive other instances.
@N: BN362 :"c:\users\valery garibay\desktop\nuevoarqui\alu00\mult8bita00.vhdl":25:2:25:3|Removing sequential instance outmultal_cl_6[15] (in view: work.mult8bita00(mult8bita0)) of type view:PrimLib.dff(prim) because it does not drive other instances.
@N: BN362 :"c:\users\valery garibay\desktop\nuevoarqui\alu00\mult8bita00.vhdl":25:2:25:3|Removing sequential instance outmultal_cl_5[15] (in view: work.mult8bita00(mult8bita0)) of type view:PrimLib.dff(prim) because it does not drive other instances.
@N: BN362 :"c:\users\valery garibay\desktop\nuevoarqui\alu00\mult8bita00.vhdl":25:2:25:3|Removing sequential instance outmultal_cl_4[15] (in view: work.mult8bita00(mult8bita0)) of type view:PrimLib.dff(prim) because it does not drive other instances.
@N: BN362 :"c:\users\valery garibay\desktop\nuevoarqui\alu00\mult8bita00.vhdl":25:2:25:3|Removing sequential instance outmultal_cl_3[15] (in view: work.mult8bita00(mult8bita0)) of type view:PrimLib.dff(prim) because it does not drive other instances.
@N: BN362 :"c:\users\valery garibay\desktop\nuevoarqui\alu00\mult8bita00.vhdl":25:2:25:3|Removing sequential instance outmultal_cl_2[15] (in view: work.mult8bita00(mult8bita0)) of type view:PrimLib.dff(prim) because it does not drive other instances.
@N: BN362 :"c:\users\valery garibay\desktop\nuevoarqui\alu00\mult8bita00.vhdl":25:2:25:3|Removing sequential instance outmultal_cl_1[15] (in view: work.mult8bita00(mult8bita0)) of type view:PrimLib.dff(prim) because it does not drive other instances.
@N: BN362 :"c:\users\valery garibay\desktop\nuevoarqui\alu00\adder8bita00.vhdl":25:2:25:3|Removing sequential instance outadderal_cl_7[7] (in view: work.adder8bita00(adder8bita0)) of type view:PrimLib.dff(prim) because it does not drive other instances.
@N: BN362 :"c:\users\valery garibay\desktop\nuevoarqui\alu00\adder8bita00.vhdl":25:2:25:3|Removing sequential instance outadderal_cl_6[7] (in view: work.adder8bita00(adder8bita0)) of type view:PrimLib.dff(prim) because it does not drive other instances.
@N: BN362 :"c:\users\valery garibay\desktop\nuevoarqui\alu00\adder8bita00.vhdl":25:2:25:3|Removing sequential instance outadderal_cl_5[7] (in view: work.adder8bita00(adder8bita0)) of type view:PrimLib.dff(prim) because it does not drive other instances.
@N: BN362 :"c:\users\valery garibay\desktop\nuevoarqui\alu00\adder8bita00.vhdl":25:2:25:3|Removing sequential instance outadderal_cl_4[7] (in view: work.adder8bita00(adder8bita0)) of type view:PrimLib.dff(prim) because it does not drive other instances.
@N: BN362 :"c:\users\valery garibay\desktop\nuevoarqui\alu00\adder8bita00.vhdl":25:2:25:3|Removing sequential instance outadderal_cl_3[7] (in view: work.adder8bita00(adder8bita0)) of type view:PrimLib.dff(prim) because it does not drive other instances.
@N: BN362 :"c:\users\valery garibay\desktop\nuevoarqui\alu00\adder8bita00.vhdl":25:2:25:3|Removing sequential instance outadderal_cl_2[7] (in view: work.adder8bita00(adder8bita0)) of type view:PrimLib.dff(prim) because it does not drive other instances.
@N: BN362 :"c:\users\valery garibay\desktop\nuevoarqui\alu00\nota00.vhdl":23:2:23:3|Removing sequential instance outnotaal_cl_7[7] (in view: work.nota00(nota0)) of type view:PrimLib.dff(prim) because it does not drive other instances.
@N: BN362 :"c:\users\valery garibay\desktop\nuevoarqui\alu00\nota00.vhdl":23:2:23:3|Removing sequential instance outnotaal_cl_6[7] (in view: work.nota00(nota0)) of type view:PrimLib.dff(prim) because it does not drive other instances.
@N: BN362 :"c:\users\valery garibay\desktop\nuevoarqui\alu00\nota00.vhdl":23:2:23:3|Removing sequential instance outnotaal_cl_5[7] (in view: work.nota00(nota0)) of type view:PrimLib.dff(prim) because it does not drive other instances.
@N: BN362 :"c:\users\valery garibay\desktop\nuevoarqui\alu00\nota00.vhdl":23:2:23:3|Removing sequential instance outnotaal_cl_4[7] (in view: work.nota00(nota0)) of type view:PrimLib.dff(prim) because it does not drive other instances.
@N: BN362 :"c:\users\valery garibay\desktop\nuevoarqui\alu00\nota00.vhdl":23:2:23:3|Removing sequential instance outnotaal_cl_3[7] (in view: work.nota00(nota0)) of type view:PrimLib.dff(prim) because it does not drive other instances.
@N: BN362 :"c:\users\valery garibay\desktop\nuevoarqui\alu00\nota00.vhdl":23:2:23:3|Removing sequential instance outnotaal_cl_2[7] (in view: work.nota00(nota0)) of type view:PrimLib.dff(prim) because it does not drive other instances.
@N: BN362 :"c:\users\valery garibay\desktop\nuevoarqui\alu00\xnora00.vhdl":23:2:23:3|Removing sequential instance outxnoral_cl_7[7] (in view: work.xnora00(xnora0)) of type view:PrimLib.dff(prim) because it does not drive other instances.
@N: BN362 :"c:\users\valery garibay\desktop\nuevoarqui\alu00\xnora00.vhdl":23:2:23:3|Removing sequential instance outxnoral_cl_6[7] (in view: work.xnora00(xnora0)) of type view:PrimLib.dff(prim) because it does not drive other instances.
@N: BN362 :"c:\users\valery garibay\desktop\nuevoarqui\alu00\xnora00.vhdl":23:2:23:3|Removing sequential instance outxnoral_cl_5[7] (in view: work.xnora00(xnora0)) of type view:PrimLib.dff(prim) because it does not drive other instances.
@N: BN362 :"c:\users\valery garibay\desktop\nuevoarqui\alu00\xnora00.vhdl":23:2:23:3|Removing sequential instance outxnoral_cl_4[7] (in view: work.xnora00(xnora0)) of type view:PrimLib.dff(prim) because it does not drive other instances.
@N: BN362 :"c:\users\valery garibay\desktop\nuevoarqui\alu00\xnora00.vhdl":23:2:23:3|Removing sequential instance outxnoral_cl_3[7] (in view: work.xnora00(xnora0)) of type view:PrimLib.dff(prim) because it does not drive other instances.
@N: BN362 :"c:\users\valery garibay\desktop\nuevoarqui\alu00\xnora00.vhdl":23:2:23:3|Removing sequential instance outxnoral_cl_2[7] (in view: work.xnora00(xnora0)) of type view:PrimLib.dff(prim) because it does not drive other instances.
@N: BN362 :"c:\users\valery garibay\desktop\nuevoarqui\alu00\nora00.vhdl":23:2:23:3|Removing sequential instance outnoral_cl_7[7] (in view: work.nora00(nora0)) of type view:PrimLib.dff(prim) because it does not drive other instances.
@N: BN362 :"c:\users\valery garibay\desktop\nuevoarqui\alu00\nora00.vhdl":23:2:23:3|Removing sequential instance outnoral_cl_6[7] (in view: work.nora00(nora0)) of type view:PrimLib.dff(prim) because it does not drive other instances.
@N: BN362 :"c:\users\valery garibay\desktop\nuevoarqui\alu00\nora00.vhdl":23:2:23:3|Removing sequential instance outnoral_cl_5[7] (in view: work.nora00(nora0)) of type view:PrimLib.dff(prim) because it does not drive other instances.
@N: BN362 :"c:\users\valery garibay\desktop\nuevoarqui\alu00\nora00.vhdl":23:2:23:3|Removing sequential instance outnoral_cl_4[7] (in view: work.nora00(nora0)) of type view:PrimLib.dff(prim) because it does not drive other instances.
@N: BN362 :"c:\users\valery garibay\desktop\nuevoarqui\alu00\nora00.vhdl":23:2:23:3|Removing sequential instance outnoral_cl_3[7] (in view: work.nora00(nora0)) of type view:PrimLib.dff(prim) because it does not drive other instances.
@N: BN362 :"c:\users\valery garibay\desktop\nuevoarqui\alu00\nora00.vhdl":23:2:23:3|Removing sequential instance outnoral_cl_2[7] (in view: work.nora00(nora0)) of type view:PrimLib.dff(prim) because it does not drive other instances.
@N: BN362 :"c:\users\valery garibay\desktop\nuevoarqui\alu00\nanda00.vhdl":23:2:23:3|Removing sequential instance outaal_cl_7[7] (in view: work.nanda00(nanda0)) of type view:PrimLib.dff(prim) because it does not drive other instances.
@N: BN362 :"c:\users\valery garibay\desktop\nuevoarqui\alu00\nanda00.vhdl":23:2:23:3|Removing sequential instance outaal_cl_6[7] (in view: work.nanda00(nanda0)) of type view:PrimLib.dff(prim) because it does not drive other instances.
@N: BN362 :"c:\users\valery garibay\desktop\nuevoarqui\alu00\nanda00.vhdl":23:2:23:3|Removing sequential instance outaal_cl_5[7] (in view: work.nanda00(nanda0)) of type view:PrimLib.dff(prim) because it does not drive other instances.
@N: BN362 :"c:\users\valery garibay\desktop\nuevoarqui\alu00\nanda00.vhdl":23:2:23:3|Removing sequential instance outaal_cl_4[7] (in view: work.nanda00(nanda0)) of type view:PrimLib.dff(prim) because it does not drive other instances.
@N: BN362 :"c:\users\valery garibay\desktop\nuevoarqui\alu00\nanda00.vhdl":23:2:23:3|Removing sequential instance outaal_cl_3[7] (in view: work.nanda00(nanda0)) of type view:PrimLib.dff(prim) because it does not drive other instances.
@N: BN362 :"c:\users\valery garibay\desktop\nuevoarqui\alu00\nanda00.vhdl":23:2:23:3|Removing sequential instance outaal_cl_2[7] (in view: work.nanda00(nanda0)) of type view:PrimLib.dff(prim) because it does not drive other instances.
@N: BN362 :"c:\users\valery garibay\desktop\nuevoarqui\alu00\xora00.vhdl":23:2:23:3|Removing sequential instance outxoral_cl_7[7] (in view: work.xora00(xora0)) of type view:PrimLib.dff(prim) because it does not drive other instances.
@N: BN362 :"c:\users\valery garibay\desktop\nuevoarqui\alu00\xora00.vhdl":23:2:23:3|Removing sequential instance outxoral_cl_5[7] (in view: work.xora00(xora0)) of type view:PrimLib.dff(prim) because it does not drive other instances.
@N: BN362 :"c:\users\valery garibay\desktop\nuevoarqui\alu00\xora00.vhdl":23:2:23:3|Removing sequential instance outxoral_cl_3[7] (in view: work.xora00(xora0)) of type view:PrimLib.dff(prim) because it does not drive other instances.
@N: BN362 :"c:\users\valery garibay\desktop\nuevoarqui\alu00\xora00.vhdl":23:2:23:3|Removing sequential instance outxoral_cl_2[7] (in view: work.xora00(xora0)) of type view:PrimLib.dff(prim) because it does not drive other instances.
@N: BN362 :"c:\users\valery garibay\desktop\nuevoarqui\alu00\ora00.vhdl":23:2:23:3|Removing sequential instance outoral_cl_7[7] (in view: work.ora00(ora0)) of type view:PrimLib.dff(prim) because it does not drive other instances.
@N: BN362 :"c:\users\valery garibay\desktop\nuevoarqui\alu00\ora00.vhdl":23:2:23:3|Removing sequential instance outoral_cl_6[7] (in view: work.ora00(ora0)) of type view:PrimLib.dff(prim) because it does not drive other instances.
@N: BN362 :"c:\users\valery garibay\desktop\nuevoarqui\alu00\ora00.vhdl":23:2:23:3|Removing sequential instance outoral_cl_5[7] (in view: work.ora00(ora0)) of type view:PrimLib.dff(prim) because it does not drive other instances.
@N: BN362 :"c:\users\valery garibay\desktop\nuevoarqui\alu00\ora00.vhdl":23:2:23:3|Removing sequential instance outoral_cl_4[7] (in view: work.ora00(ora0)) of type view:PrimLib.dff(prim) because it does not drive other instances.
@N: BN362 :"c:\users\valery garibay\desktop\nuevoarqui\alu00\ora00.vhdl":23:2:23:3|Removing sequential instance outoral_cl_3[7] (in view: work.ora00(ora0)) of type view:PrimLib.dff(prim) because it does not drive other instances.
@N: BN362 :"c:\users\valery garibay\desktop\nuevoarqui\alu00\ora00.vhdl":23:2:23:3|Removing sequential instance outoral_cl_2[7] (in view: work.ora00(ora0)) of type view:PrimLib.dff(prim) because it does not drive other instances.

Finished RTL optimizations (Real Time elapsed 0h:00m:00s; CPU Time elapsed 0h:00m:00s; Memory used current: 140MB peak: 142MB)


Starting factoring (Real Time elapsed 0h:00m:00s; CPU Time elapsed 0h:00m:00s; Memory used current: 140MB peak: 142MB)


Finished factoring (Real Time elapsed 0h:00m:00s; CPU Time elapsed 0h:00m:00s; Memory used current: 144MB peak: 144MB)

@N: BN362 :"c:\users\valery garibay\desktop\nuevoarqui\alu00\mult8bita00.vhdl":25:2:25:3|Removing sequential instance AC10.outmultal_cl[15] (in view: work.topalu00(topalu0)) because it does not drive other instances.

Starting gated-clock and generated-clock conversion (Real Time elapsed 0h:00m:00s; CPU Time elapsed 0h:00m:00s; Memory used current: 143MB peak: 144MB)


Finished gated-clock and generated-clock conversion (Real Time elapsed 0h:00m:00s; CPU Time elapsed 0h:00m:00s; Memory used current: 143MB peak: 144MB)


Finished generic timing optimizations - Pass 1 (Real Time elapsed 0h:00m:01s; CPU Time elapsed 0h:00m:01s; Memory used current: 145MB peak: 145MB)


Starting Early Timing Optimization (Real Time elapsed 0h:00m:01s; CPU Time elapsed 0h:00m:01s; Memory used current: 146MB peak: 146MB)


Finished Early Timing Optimization (Real Time elapsed 0h:00m:01s; CPU Time elapsed 0h:00m:01s; Memory used current: 146MB peak: 146MB)


Finished generic timing optimizations - Pass 2 (Real Time elapsed 0h:00m:01s; CPU Time elapsed 0h:00m:01s; Memory used current: 145MB peak: 146MB)


Finished preparing to map (Real Time elapsed 0h:00m:01s; CPU Time elapsed 0h:00m:01s; Memory used current: 146MB peak: 146MB)


Finished technology mapping (Real Time elapsed 0h:00m:02s; CPU Time elapsed 0h:00m:02s; Memory used current: 152MB peak: 154MB)

Pass		 CPU time		Worst Slack		Luts / Registers
------------------------------------------------------------
   1		0h:00m:02s		   468.13ns		 243 /       175

Finished technology timing optimizations and critical path resynthesis (Real Time elapsed 0h:00m:02s; CPU Time elapsed 0h:00m:02s; Memory used current: 153MB peak: 154MB)

@N: FX164 |The option to pack registers in the IOB has not been specified. Please set syn_useioff attribute.  

Finished restoring hierarchy (Real Time elapsed 0h:00m:02s; CPU Time elapsed 0h:00m:02s; Memory used current: 153MB peak: 154MB)

@N: MT611 :|Automatically generated clock div00|oscout_derived_clock is not used and is being removed


@S |Clock Optimization Summary


#### START OF CLOCK OPTIMIZATION REPORT #####[

0 non-gated/non-generated clock tree(s) driving 0 clock pin(s) of sequential element(s)
1 gated/generated clock tree(s) driving 175 clock pin(s) of sequential element(s)
0 instances converted, 175 sequential instances remain driven by gated/generated clocks

=================================================================================================== Gated/Generated Clocks ===================================================================================================
Clock Tree ID     Driving Element        Drive Element Type     Fanout     Sample Instance      Explanation                                                                                                                   
------------------------------------------------------------------------------------------------------------------------------------------------------------------------------------------------------------------------------
@K:CKID0001       AC00.OS00.OSCInst0     OSCH                   175        AC00.OS01.oscout     Gating structure creates improper gating logic. See the Gated Clocks description in the user guide for conversion requirements
==============================================================================================================================================================================================================================


##### END OF CLOCK OPTIMIZATION REPORT ######]


Start Writing Netlists (Real Time elapsed 0h:00m:02s; CPU Time elapsed 0h:00m:02s; Memory used current: 117MB peak: 154MB)

Writing Analyst data base C:\Users\Valery Garibay\Desktop\NUEVOARQUI\alu00\alu\synwork\alu00_alu_m.srm

Finished Writing Netlist Databases (Real Time elapsed 0h:00m:03s; CPU Time elapsed 0h:00m:02s; Memory used current: 151MB peak: 154MB)

Writing EDIF Netlist and constraint files
@N: FX1056 |Writing EDF file: C:\Users\Valery Garibay\Desktop\NUEVOARQUI\alu00\alu\alu00_alu.edi
M-2017.03L-SP1-1
@N: BW106 |Synplicity Constraint File capacitance units using default value of 1pF 

Finished Writing EDIF Netlist and constraint files (Real Time elapsed 0h:00m:04s; CPU Time elapsed 0h:00m:03s; Memory used current: 155MB peak: 158MB)


Start final timing analysis (Real Time elapsed 0h:00m:04s; CPU Time elapsed 0h:00m:03s; Memory used current: 155MB peak: 158MB)

@W: MT420 |Found inferred clock osc00|osc_int_inferred_clock with period 480.77ns. Please declare a user-defined clock on object "n:AC00.OS00.osc_int"


##### START OF TIMING REPORT #####[
# Timing Report written on Thu May  2 12:50:58 2019
#


Top view:               topalu00
Requested Frequency:    2.1 MHz
Wire load mode:         top
Paths requested:        5
Constraint File(s):    
@N: MT320 |This timing report is an estimate of place and route data. For final timing results, use the FPGA vendor place and route report.

@N: MT322 |Clock constraints include only register-to-register paths associated with each individual clock.



Performance Summary
*******************


Worst slack in design: 466.364

                                 Requested     Estimated     Requested     Estimated                 Clock        Clock              
Starting Clock                   Frequency     Frequency     Period        Period        Slack       Type         Group              
-------------------------------------------------------------------------------------------------------------------------------------
osc00|osc_int_inferred_clock     2.1 MHz       69.4 MHz      480.769       14.405        466.364     inferred     Inferred_clkgroup_0
=====================================================================================================================================





Clock Relationships
*******************

Clocks                                                      |    rise  to  rise     |    fall  to  fall   |    rise  to  fall   |    fall  to  rise 
----------------------------------------------------------------------------------------------------------------------------------------------------
Starting                      Ending                        |  constraint  slack    |  constraint  slack  |  constraint  slack  |  constraint  slack
----------------------------------------------------------------------------------------------------------------------------------------------------
osc00|osc_int_inferred_clock  osc00|osc_int_inferred_clock  |  480.769     466.364  |  No paths    -      |  No paths    -      |  No paths    -    
====================================================================================================================================================
 Note: 'No paths' indicates there are no paths in the design for that pair of clock edges.
       'Diff grp' indicates that paths exist but the starting clock and ending clock are in different clock groups.



Interface Information 
*********************

No IO constraint found



====================================
Detailed Report for Clock: osc00|osc_int_inferred_clock
====================================



Starting Points with Worst Slack
********************************

                       Starting                                                          Arrival            
Instance               Reference                        Type        Pin     Net          Time        Slack  
                       Clock                                                                                
------------------------------------------------------------------------------------------------------------
AC00.OS01.sdiv[2]      osc00|osc_int_inferred_clock     FD1S3IX     Q       sdiv[2]      1.044       466.364
AC00.OS01.sdiv[3]      osc00|osc_int_inferred_clock     FD1S3IX     Q       sdiv[3]      1.044       466.364
AC00.OS01.sdiv[4]      osc00|osc_int_inferred_clock     FD1S3IX     Q       sdiv[4]      1.044       466.364
AC00.OS01.sdiv[5]      osc00|osc_int_inferred_clock     FD1S3IX     Q       sdiv[5]      1.044       466.364
AC00.OS01.sdiv[6]      osc00|osc_int_inferred_clock     FD1S3IX     Q       sdiv[6]      1.044       466.364
AC00.OS01.sdiv[7]      osc00|osc_int_inferred_clock     FD1S3IX     Q       sdiv[7]      1.044       466.364
AC00.OS01.sdiv[8]      osc00|osc_int_inferred_clock     FD1S3IX     Q       sdiv[8]      1.108       467.357
AC00.OS01.sdiv[9]      osc00|osc_int_inferred_clock     FD1S3IX     Q       sdiv[9]      1.108       467.357
AC00.OS01.sdiv[10]     osc00|osc_int_inferred_clock     FD1S3IX     Q       sdiv[10]     1.108       467.357
AC00.OS01.sdiv[11]     osc00|osc_int_inferred_clock     FD1S3IX     Q       sdiv[11]     1.108       467.357
============================================================================================================


Ending Points with Worst Slack
******************************

                       Starting                                                              Required            
Instance               Reference                        Type        Pin     Net              Time         Slack  
                       Clock                                                                                     
-----------------------------------------------------------------------------------------------------------------
AC00.OS01.sdiv[21]     osc00|osc_int_inferred_clock     FD1S3IX     D       un1_sdiv[22]     480.664      466.364
AC00.OS01.sdiv[19]     osc00|osc_int_inferred_clock     FD1S3IX     D       un1_sdiv[20]     480.664      466.507
AC00.OS01.sdiv[20]     osc00|osc_int_inferred_clock     FD1S3IX     D       un1_sdiv[21]     480.664      466.507
AC00.OS01.sdiv[17]     osc00|osc_int_inferred_clock     FD1S3IX     D       un1_sdiv[18]     480.664      466.649
AC00.OS01.sdiv[18]     osc00|osc_int_inferred_clock     FD1S3IX     D       un1_sdiv[19]     480.664      466.649
AC00.OS01.sdiv[15]     osc00|osc_int_inferred_clock     FD1S3IX     D       un1_sdiv[16]     480.664      466.792
AC00.OS01.sdiv[16]     osc00|osc_int_inferred_clock     FD1S3IX     D       un1_sdiv[17]     480.664      466.792
AC00.OS01.sdiv[13]     osc00|osc_int_inferred_clock     FD1S3IX     D       un1_sdiv[14]     480.664      466.935
AC00.OS01.sdiv[14]     osc00|osc_int_inferred_clock     FD1S3IX     D       un1_sdiv[15]     480.664      466.935
AC00.OS01.sdiv[11]     osc00|osc_int_inferred_clock     FD1S3IX     D       un1_sdiv[12]     480.664      467.078
=================================================================================================================



Worst Path Information
***********************


Path information for path number 1: 
      Requested Period:                      480.769
    - Setup time:                            0.106
    + Clock delay at ending point:           0.000 (ideal)
    = Required time:                         480.664

    - Propagation time:                      14.300
    - Clock delay at starting point:         0.000 (ideal)
    = Slack (critical) :                     466.364

    Number of logic level(s):                20
    Starting point:                          AC00.OS01.sdiv[2] / Q
    Ending point:                            AC00.OS01.sdiv[21] / D
    The start point is clocked by            osc00|osc_int_inferred_clock [rising] on pin CK
    The end   point is clocked by            osc00|osc_int_inferred_clock [rising] on pin CK

Instance / Net                                           Pin      Pin               Arrival     No. of    
Name                                        Type         Name     Dir     Delay     Time        Fan Out(s)
----------------------------------------------------------------------------------------------------------
AC00.OS01.sdiv[2]                           FD1S3IX      Q        Out     1.044     1.044       -         
sdiv[2]                                     Net          -        -       -         -           2         
AC00.OS01.pdiv\.oscout13lto18_i_a2_15_3     ORCALUT4     A        In      0.000     1.044       -         
AC00.OS01.pdiv\.oscout13lto18_i_a2_15_3     ORCALUT4     Z        Out     1.017     2.061       -         
oscout13lto18_i_a2_15_3                     Net          -        -       -         -           1         
AC00.OS01.pdiv\.oscout13lto18_i_a2_15       ORCALUT4     A        In      0.000     2.061       -         
AC00.OS01.pdiv\.oscout13lto18_i_a2_15       ORCALUT4     Z        Out     1.193     3.253       -         
N_27_8                                      Net          -        -       -         -           4         
AC00.OS01.pdiv\.oscout13lto18_i_a2_17       ORCALUT4     B        In      0.000     3.253       -         
AC00.OS01.pdiv\.oscout13lto18_i_a2_17       ORCALUT4     Z        Out     1.233     4.486       -         
N_3_19                                      Net          -        -       -         -           6         
AC00.OS01.oscout_0_sqmuxa_3_RNO             ORCALUT4     B        In      0.000     4.486       -         
AC00.OS01.oscout_0_sqmuxa_3_RNO             ORCALUT4     Z        Out     1.017     5.503       -         
oscout18lt21                                Net          -        -       -         -           1         
AC00.OS01.oscout_0_sqmuxa_3                 ORCALUT4     B        In      0.000     5.503       -         
AC00.OS01.oscout_0_sqmuxa_3                 ORCALUT4     Z        Out     1.017     6.520       -         
oscout_0_sqmuxa_3                           Net          -        -       -         -           1         
AC00.OS01.un1_oscout56_7_3                  ORCALUT4     A        In      0.000     6.520       -         
AC00.OS01.un1_oscout56_7_3                  ORCALUT4     Z        Out     1.153     7.673       -         
un1_oscout56_7_3                            Net          -        -       -         -           3         
AC00.OS01.un1_oscout56_7_4                  ORCALUT4     D        In      0.000     7.673       -         
AC00.OS01.un1_oscout56_7_4                  ORCALUT4     Z        Out     1.089     8.761       -         
un1_oscout56_7_4                            Net          -        -       -         -           2         
AC00.OS01.un1_sdiv_cry_0_0_RNO              ORCALUT4     D        In      0.000     8.761       -         
AC00.OS01.un1_sdiv_cry_0_0_RNO              ORCALUT4     Z        Out     1.017     9.778       -         
un1_oscout56_i                              Net          -        -       -         -           1         
AC00.OS01.un1_sdiv_cry_0_0                  CCU2D        B0       In      0.000     9.778       -         
AC00.OS01.un1_sdiv_cry_0_0                  CCU2D        COUT     Out     1.544     11.323      -         
un1_sdiv_cry_0                              Net          -        -       -         -           1         
AC00.OS01.un1_sdiv_cry_1_0                  CCU2D        CIN      In      0.000     11.323      -         
AC00.OS01.un1_sdiv_cry_1_0                  CCU2D        COUT     Out     0.143     11.466      -         
un1_sdiv_cry_2                              Net          -        -       -         -           1         
AC00.OS01.un1_sdiv_cry_3_0                  CCU2D        CIN      In      0.000     11.466      -         
AC00.OS01.un1_sdiv_cry_3_0                  CCU2D        COUT     Out     0.143     11.608      -         
un1_sdiv_cry_4                              Net          -        -       -         -           1         
AC00.OS01.un1_sdiv_cry_5_0                  CCU2D        CIN      In      0.000     11.608      -         
AC00.OS01.un1_sdiv_cry_5_0                  CCU2D        COUT     Out     0.143     11.751      -         
un1_sdiv_cry_6                              Net          -        -       -         -           1         
AC00.OS01.un1_sdiv_cry_7_0                  CCU2D        CIN      In      0.000     11.751      -         
AC00.OS01.un1_sdiv_cry_7_0                  CCU2D        COUT     Out     0.143     11.894      -         
un1_sdiv_cry_8                              Net          -        -       -         -           1         
AC00.OS01.un1_sdiv_cry_9_0                  CCU2D        CIN      In      0.000     11.894      -         
AC00.OS01.un1_sdiv_cry_9_0                  CCU2D        COUT     Out     0.143     12.037      -         
un1_sdiv_cry_10                             Net          -        -       -         -           1         
AC00.OS01.un1_sdiv_cry_11_0                 CCU2D        CIN      In      0.000     12.037      -         
AC00.OS01.un1_sdiv_cry_11_0                 CCU2D        COUT     Out     0.143     12.180      -         
un1_sdiv_cry_12                             Net          -        -       -         -           1         
AC00.OS01.un1_sdiv_cry_13_0                 CCU2D        CIN      In      0.000     12.180      -         
AC00.OS01.un1_sdiv_cry_13_0                 CCU2D        COUT     Out     0.143     12.322      -         
un1_sdiv_cry_14                             Net          -        -       -         -           1         
AC00.OS01.un1_sdiv_cry_15_0                 CCU2D        CIN      In      0.000     12.322      -         
AC00.OS01.un1_sdiv_cry_15_0                 CCU2D        COUT     Out     0.143     12.465      -         
un1_sdiv_cry_16                             Net          -        -       -         -           1         
AC00.OS01.un1_sdiv_cry_17_0                 CCU2D        CIN      In      0.000     12.465      -         
AC00.OS01.un1_sdiv_cry_17_0                 CCU2D        COUT     Out     0.143     12.608      -         
un1_sdiv_cry_18                             Net          -        -       -         -           1         
AC00.OS01.un1_sdiv_cry_19_0                 CCU2D        CIN      In      0.000     12.608      -         
AC00.OS01.un1_sdiv_cry_19_0                 CCU2D        COUT     Out     0.143     12.751      -         
un1_sdiv_cry_20                             Net          -        -       -         -           1         
AC00.OS01.un1_sdiv_s_21_0                   CCU2D        CIN      In      0.000     12.751      -         
AC00.OS01.un1_sdiv_s_21_0                   CCU2D        S0       Out     1.549     14.300      -         
un1_sdiv[22]                                Net          -        -       -         -           1         
AC00.OS01.sdiv[21]                          FD1S3IX      D        In      0.000     14.300      -         
==========================================================================================================



##### END OF TIMING REPORT #####]

Timing exceptions that could not be applied
None

Finished final timing analysis (Real Time elapsed 0h:00m:04s; CPU Time elapsed 0h:00m:03s; Memory used current: 155MB peak: 158MB)


Finished timing report (Real Time elapsed 0h:00m:04s; CPU Time elapsed 0h:00m:03s; Memory used current: 155MB peak: 158MB)

---------------------------------------
Resource Usage Report
Part: lcmxo2_7000he-5

Register bits: 175 of 6864 (3%)
PIC Latch:       0
I/O cells:       53


Details:
BB:             1
CCU2D:          61
FD1P3AX:        128
FD1S3AX:        1
FD1S3IX:        22
GSR:            1
IB:             26
INV:            8
OB:             26
OFS1P3DX:       24
ORCALUT4:       235
OSCH:           1
PUR:            1
VHI:            15
VLO:            15
Mapper successful!

At Mapper Exit (Real Time elapsed 0h:00m:04s; CPU Time elapsed 0h:00m:04s; Memory used current: 33MB peak: 158MB)

Process took 0h:00m:04s realtime, 0h:00m:04s cputime
# Thu May  2 12:50:58 2019

###########################################################]


Synthesis exit by 0.

edif2ngd  -l "MachXO2" -d LCMXO2-7000HE -path "C:/Users/Valery Garibay/Desktop/NUEVOARQUI/alu00/alu" -path "C:/Users/Valery Garibay/Desktop/NUEVOARQUI/alu00"   "C:/Users/Valery Garibay/Desktop/NUEVOARQUI/alu00/alu/alu00_alu.edi" "alu00_alu.ngo"   
edif2ngd:  version Diamond (64-bit) 3.10.0.111.2

Copyright (c) 1991-1994 by NeoCAD Inc. All rights reserved.
Copyright (c) 1995 AT&T Corp.   All rights reserved.
Copyright (c) 1995-2001 Lucent Technologies Inc.  All rights reserved.
Copyright (c) 2001 Agere Systems   All rights reserved.
Copyright (c) 2002-2017 Lattice Semiconductor Corporation,  All rights reserved.
Writing the design to alu00_alu.ngo...

Total CPU Time: 0 secs  

Total REAL Time: 0 secs  


ngdbuild  -a "MachXO2" -d LCMXO2-7000HE  -p "C:/Program Files/diamond/3.10_x64/ispfpga/xo2c00/data"  -p "C:/Users/Valery Garibay/Desktop/NUEVOARQUI/alu00/alu" -p "C:/Users/Valery Garibay/Desktop/NUEVOARQUI/alu00"  "alu00_alu.ngo" "alu00_alu.ngd"  	
ngdbuild:  version Diamond (64-bit) 3.10.0.111.2

Copyright (c) 1991-1994 by NeoCAD Inc. All rights reserved.
Copyright (c) 1995 AT&T Corp.   All rights reserved.
Copyright (c) 1995-2001 Lucent Technologies Inc.  All rights reserved.
Copyright (c) 2001 Agere Systems   All rights reserved.
Copyright (c) 2002-2017 Lattice Semiconductor Corporation,  All rights reserved.
Reading 'alu00_alu.ngo' ...
Loading NGL library 'C:/Program Files/diamond/3.10_x64/ispfpga/xo2c00a/data/xo2alib.ngl'...
Loading NGL library 'C:/Program Files/diamond/3.10_x64/ispfpga/xo2c00/data/xo2clib.ngl'...
Loading NGL library 'C:/Program Files/diamond/3.10_x64/ispfpga/mg5g00/data/mg5glib.ngl'...
Loading NGL library 'C:/Program Files/diamond/3.10_x64/ispfpga/or5g00/data/orc5glib.ngl'...


Running DRC...

    <postMsg mid="1166052" type="Warning" dynamic="2" navigation="1" arg0="logical" arg1="AC00/OS00/OSCInst0_SEDSTDBY" arg2="AC00/OS00/OSCInst0_SEDSTDBY"  />
    <postMsg mid="1163101" type="Warning" dynamic="1" navigation="0" arg0="1"  />

Design Results:
    564 blocks expanded
Complete the first expansion.
Writing 'alu00_alu.ngd' ...
Total CPU Time: 0 secs  

Total REAL Time: 0 secs  


map -a "MachXO2" -p LCMXO2-7000HE -t TQFP144 -s 5 -oc Commercial   "alu00_alu.ngd" -o "alu00_alu_map.ncd" -pr "alu00_alu.prf" -mp "alu00_alu.mrp" -lpf "C:/Users/Valery Garibay/Desktop/NUEVOARQUI/alu00/alu/alu00_alu_synplify.lpf" -lpf "C:/Users/Valery Garibay/Desktop/NUEVOARQUI/alu00/alu00.lpf" -c 0            
map:  version Diamond (64-bit) 3.10.0.111.2

Copyright (c) 1991-1994 by NeoCAD Inc. All rights reserved.
Copyright (c) 1995 AT&T Corp.   All rights reserved.
Copyright (c) 1995-2001 Lucent Technologies Inc.  All rights reserved.
Copyright (c) 2001 Agere Systems   All rights reserved.
Copyright (c) 2002-2017 Lattice Semiconductor Corporation,  All rights reserved.
   Process the file: alu00_alu.ngd
   Picdevice="LCMXO2-7000HE"

   Pictype="TQFP144"

   Picspeed=5

   Remove unused logic

   Do not produce over sized NCDs.

Part used: LCMXO2-7000HETQFP144, Performance used: 5.

Loading device for application map from file 'xo2c7000.nph' in environment: C:/Program Files/diamond/3.10_x64/ispfpga.
Package Status:                     Final          Version 1.39.

Running general design DRC...

Removing unused logic...

Optimizing...

1 CCU2 constant inputs absorbed.




Design Summary:
   Number of registers:    175 out of  7209 (2%)
      PFU registers:          151 out of  6864 (2%)
      PIO registers:           24 out of   345 (7%)
   Number of SLICEs:       188 out of  3432 (5%)
      SLICEs as Logic/ROM:    188 out of  3432 (5%)
      SLICEs as RAM:            0 out of  2574 (0%)
      SLICEs as Carry:         61 out of  3432 (2%)
   Number of LUT4s:        365 out of  6864 (5%)
      Number used as logic LUTs:        243
      Number used as distributed RAM:     0
      Number used as ripple logic:      122
      Number used as shift registers:     0
   Number of PIO sites used: 53 + 4(JTAG) out of 115 (50%)
   Number of block RAMs:  0 out of 26 (0%)
   Number of GSRs:  0 out of 1 (0%)
   EFB used :       No
   JTAG used :      No
   Readback used :  No
   Oscillator used :  Yes
   Startup used :   No
   POR :            On
   Bandgap :        On
   Number of Power Controller:  0 out of 1 (0%)
   Number of Dynamic Bank Controller (BCINRD):  0 out of 6 (0%)
   Number of Dynamic Bank Controller (BCLVDSO):  0 out of 1 (0%)
   Number of DCCA:  0 out of 8 (0%)
   Number of DCMA:  0 out of 2 (0%)
   Number of PLLs:  0 out of 2 (0%)
   Number of DQSDLLs:  0 out of 2 (0%)
   Number of CLKDIVC:  0 out of 4 (0%)
   Number of ECLKSYNCA:  0 out of 4 (0%)
   Number of ECLKBRIDGECS:  0 out of 2 (0%)
   Notes:-
      1. Total number of LUT4s = (Number of logic LUT4s) + 2*(Number of distributed RAMs) + 2*(Number of ripple logic)
      2. Number of logic LUT4s does not include count of distributed RAM and ripple logic.
   Number of clocks:  1
     Net AC00.sclk_0: 119 loads, 119 rising, 0 falling (Driver: AC00/OS00/OSCInst0 )
   Number of Clock Enables:  22
     Net outac1_cnv[0]: 24 loads, 0 LSLICEs
     Net un1_oscout_0_sqmuxa_1_3_RNIB7NR: 25 loads, 25 LSLICEs
     Net AC01/un1_opcodeal_0_a2_RNILJC21: 4 loads, 4 LSLICEs
     Net AC01/aux_RNO_8: 1 loads, 1 LSLICEs
     Net AC02/outoral_1_cnv[0]: 4 loads, 4 LSLICEs
     Net AC02/aux_RNO_7: 1 loads, 1 LSLICEs
     Net AC03/outxoral_1ce[0]: 4 loads, 4 LSLICEs
     Net AC03/aux_RNO_6: 1 loads, 1 LSLICEs
     Net AC04/un1_opcodeaal_0_a2_RNILIS41: 4 loads, 4 LSLICEs
     Net AC04/aux_RNO_5: 1 loads, 1 LSLICEs
     Net AC05/outnoral_1ce[0]: 4 loads, 4 LSLICEs
     Net AC05/aux_RNO_4: 1 loads, 1 LSLICEs
     Net AC06/outxnoral_1ce[0]: 4 loads, 4 LSLICEs
     Net AC06/aux_RNO_3: 1 loads, 1 LSLICEs
     Net AC07/outnotaal_1ce[0]: 4 loads, 4 LSLICEs
     Net AC07/aux_RNO_2: 1 loads, 1 LSLICEs
     Net AC08/outadderal_1ce[0]: 5 loads, 5 LSLICEs
     Net AC08/aux_RNO_1: 1 loads, 1 LSLICEs
     Net AC09/outsubsal_1ce[0]: 5 loads, 5 LSLICEs
     Net AC09/aux_RNO_0: 1 loads, 1 LSLICEs
     Net AC10/outmultal_1ce[0]: 9 loads, 9 LSLICEs
     Net AC10/aux_RNO: 1 loads, 1 LSLICEs
   Number of LSRs:  1
     Net AC00/OS01/un1_oscout56_7_1_RNILKIB1: 12 loads, 12 LSLICEs
   Number of nets driven by tri-state buffers:  0
   Top 10 highest fanout non-clock nets:
     Net un1_oscout_0_sqmuxa_1_3_RNIB7NR: 46 loads
     Net outFlagac0_c: 40 loads
     Net outac1_cnv[0]: 24 loads
     Net portB0_c[0]: 22 loads
     Net portA0_c[0]: 19 loads
     Net portB0_c[1]: 19 loads
     Net portA0_c[2]: 18 loads
     Net portA0_c[1]: 17 loads
     Net portA0_c[3]: 17 loads
     Net portA0_c[4]: 17 loads
 

   Number of warnings:  0
   Number of errors:    0



Total CPU Time: 1 secs  
Total REAL Time: 2 secs  
Peak Memory Usage: 60 MB

Dumping design to file alu00_alu_map.ncd.

mpartrce -p "alu00_alu.p2t" -f "alu00_alu.p3t" -tf "alu00_alu.pt" "alu00_alu_map.ncd" "alu00_alu.ncd"

---- MParTrce Tool ----
Removing old design directory at request of -rem command line option to this program.
Running par. Please wait . . .

Lattice Place and Route Report for Design "alu00_alu_map.ncd"
Thu May 02 12:51:03 2019

PAR: Place And Route Diamond (64-bit) 3.10.0.111.2.
Command Line: par -w -l 5 -i 6 -t 1 -c 0 -e 0 -gui -msgset "C:/Users/Valery Garibay/Desktop/NUEVOARQUI/alu00/promote.xml" -exp parUseNBR=1:parCDP=0:parCDR=0:parPathBased=OFF alu00_alu_map.ncd alu00_alu.dir/5_1.ncd alu00_alu.prf
Preference file: alu00_alu.prf.
Placement level-cost: 5-1.
Routing Iterations: 6

Loading design for application par from file alu00_alu_map.ncd.
Design name: topalu00
NCD version: 3.3
Vendor:      LATTICE
Device:      LCMXO2-7000HE
Package:     TQFP144
Performance: 5
Loading device for application par from file 'xo2c7000.nph' in environment: C:/Program Files/diamond/3.10_x64/ispfpga.
Package Status:                     Final          Version 1.39.
Performance Hardware Data Status:   Final          Version 34.4.
License checked out.


Ignore Preference Error(s):  True
Device utilization summary:

   PIO (prelim)   53+4(JTAG)/336     17% used
                  53+4(JTAG)/115     50% bonded
   IOLOGIC           24/336           7% used

   SLICE            188/3432          5% used

   OSC                1/1           100% used


Number of Signals: 595
Number of Connections: 1534

Pin Constraint Summary:
   53 out of 53 pins locked (100% locked).

The following 1 signal is selected to use the primary clock routing resources:
    AC00.sclk_0 (driver: AC00/OS00/OSCInst0, clk load #: 119)


The following 3 signals are selected to use the secondary clock routing resources:
    un1_oscout_0_sqmuxa_1_3_RNIB7NR (driver: SLICE_136, clk load #: 0, sr load #: 0, ce load #: 25)
    outac1_cnv[0] (driver: AC11/SLICE_115, clk load #: 0, sr load #: 0, ce load #: 24)
    AC00/OS01/un1_oscout56_7_1_RNILKIB1 (driver: AC00/OS01/SLICE_162, clk load #: 0, sr load #: 12, ce load #: 0)

No signal is selected as Global Set/Reset.
Starting Placer Phase 0.
..........
Finished Placer Phase 0.  REAL time: 2 secs 

Starting Placer Phase 1.
....................
Placer score = 108777.
Finished Placer Phase 1.  REAL time: 8 secs 

Starting Placer Phase 2.
.
Placer score =  108241
Finished Placer Phase 2.  REAL time: 9 secs 


------------------ Clock Report ------------------

Global Clock Resources:
  CLK_PIN    : 0 out of 8 (0%)
  PLL        : 0 out of 2 (0%)
  DCM        : 0 out of 2 (0%)
  DCC        : 0 out of 8 (0%)

Quadrants All (TL, TR, BL, BR) - Global Clocks:
  PRIMARY "AC00.sclk_0" from OSC on comp "AC00/OS00/OSCInst0" on site "OSC", clk load = 119
  SECONDARY "un1_oscout_0_sqmuxa_1_3_RNIB7NR" from F1 on comp "SLICE_136" on site "R14C20D", clk load = 0, ce load = 25, sr load = 0
  SECONDARY "outac1_cnv[0]" from F1 on comp "AC11/SLICE_115" on site "R21C18D", clk load = 0, ce load = 24, sr load = 0
  SECONDARY "AC00/OS01/un1_oscout56_7_1_RNILKIB1" from F0 on comp "AC00/OS01/SLICE_162" on site "R14C20A", clk load = 0, ce load = 0, sr load = 12

  PRIMARY  : 1 out of 8 (12%)
  SECONDARY: 3 out of 8 (37%)

Edge Clocks:
  No edge clock selected.

--------------- End of Clock Report ---------------


I/O Usage Summary (final):
   53 + 4(JTAG) out of 336 (17.0%) PIO sites used.
   53 + 4(JTAG) out of 115 (49.6%) bonded PIO sites used.
   Number of PIO comps: 53; differential: 0.
   Number of Vref pins used: 0.

I/O Bank Usage Summary:
+----------+----------------+------------+-----------+
| I/O Bank | Usage          | Bank Vccio | Bank Vref |
+----------+----------------+------------+-----------+
| 0        | 18 / 28 ( 64%) | 2.5V       | -         |
| 1        | 17 / 29 ( 58%) | 2.5V       | -         |
| 2        | 18 / 29 ( 62%) | 2.5V       | -         |
| 3        | 0 / 9 (  0%)   | -          | -         |
| 4        | 0 / 10 (  0%)  | -          | -         |
| 5        | 0 / 10 (  0%)  | -          | -         |
+----------+----------------+------------+-----------+

Total placer CPU time: 8 secs 

Dumping design to file alu00_alu.dir/5_1.ncd.

0 connections routed; 1534 unrouted.
Starting router resource preassignment

Completed router resource preassignment. Real time: 13 secs 

Start NBR router at 12:51:16 05/02/19

*****************************************************************
Info: NBR allows conflicts(one node used by more than one signal)
      in the earlier iterations. In each iteration, it tries to  
      solve the conflicts while keeping the critical connections 
      routed as short as possible. The routing process is said to
      be completed when no conflicts exist and all connections   
      are routed.                                                
Note: NBR uses a different method to calculate timing slacks. The
      worst slack and total negative slack may not be the same as
      that in TRCE report. You should always run TRCE to verify  
      your design.                                               
*****************************************************************

Start NBR special constraint process at 12:51:17 05/02/19

Start NBR section for initial routing at 12:51:17 05/02/19
Level 4, iteration 1
55(0.01%) conflicts; 0(0.00%) untouched conn; 0 (nbr) score; 
Estimated worst slack/total negative slack<setup>: 463.220ns/0.000ns; real time: 14 secs 

Info: Initial congestion level at 75% usage is 0
Info: Initial congestion area  at 75% usage is 0 (0.00%)

Start NBR section for normal routing at 12:51:17 05/02/19
Level 4, iteration 1
25(0.01%) conflicts; 0(0.00%) untouched conn; 0 (nbr) score; 
Estimated worst slack/total negative slack<setup>: 462.913ns/0.000ns; real time: 14 secs 
Level 4, iteration 2
4(0.00%) conflicts; 0(0.00%) untouched conn; 0 (nbr) score; 
Estimated worst slack/total negative slack<setup>: 462.919ns/0.000ns; real time: 14 secs 
Level 4, iteration 3
1(0.00%) conflict; 0(0.00%) untouched conn; 0 (nbr) score; 
Estimated worst slack/total negative slack<setup>: 462.919ns/0.000ns; real time: 14 secs 
Level 4, iteration 4
1(0.00%) conflict; 0(0.00%) untouched conn; 0 (nbr) score; 
Estimated worst slack/total negative slack<setup>: 462.919ns/0.000ns; real time: 14 secs 
Level 4, iteration 5
0(0.00%) conflict; 0(0.00%) untouched conn; 0 (nbr) score; 
Estimated worst slack/total negative slack<setup>: 462.919ns/0.000ns; real time: 14 secs 

Start NBR section for setup/hold timing optimization with effort level 3 at 12:51:17 05/02/19

Start NBR section for re-routing at 12:51:18 05/02/19
Level 4, iteration 1
0(0.00%) conflict; 0(0.00%) untouched conn; 0 (nbr) score; 
Estimated worst slack/total negative slack<setup>: 462.919ns/0.000ns; real time: 15 secs 

Start NBR section for post-routing at 12:51:18 05/02/19

End NBR router with 0 unrouted connection

NBR Summary
-----------
  Number of unrouted connections : 0 (0.00%)
  Number of connections with timing violations : 0 (0.00%)
  Estimated worst slack<setup> : 462.919ns
  Timing score<setup> : 0
-----------
Notes: The timing info is calculated for SETUP only and all PAR_ADJs are ignored.



Total CPU time 16 secs 
Total REAL time: 16 secs 
Completely routed.
End of route.  1534 routed (100.00%); 0 unrouted.

Hold time timing score: 0, hold timing errors: 0

Timing score: 0 

Dumping design to file alu00_alu.dir/5_1.ncd.


PAR_SUMMARY::Run status = Success
PAR_SUMMARY::Number of unrouted conns = 0
PAR_SUMMARY::Worst  slack<setup/<ns>> = 462.919
PAR_SUMMARY::Timing score<setup/<ns>> = 0.000
PAR_SUMMARY::Worst  slack<hold /<ns>> = 0.379
PAR_SUMMARY::Timing score<hold /<ns>> = 0.000
PAR_SUMMARY::Number of errors = 0

Total CPU  time to completion: 16 secs 
Total REAL time to completion: 16 secs 

par done!

Copyright (c) 1991-1994 by NeoCAD Inc. All rights reserved.
Copyright (c) 1995 AT&T Corp.   All rights reserved.
Copyright (c) 1995-2001 Lucent Technologies Inc.  All rights reserved.
Copyright (c) 2001 Agere Systems   All rights reserved.
Copyright (c) 2002-2017 Lattice Semiconductor Corporation,  All rights reserved.
Exiting par with exit code 0
Exiting mpartrce with exit code 0

bitgen -f "alu00_alu.t2b" -w "alu00_alu.ncd" -jedec "alu00_alu.prf"


BITGEN: Bitstream Generator Diamond (64-bit) 3.10.0.111.2
Copyright (c) 1991-1994 by NeoCAD Inc. All rights reserved.
Copyright (c) 1995 AT&T Corp.   All rights reserved.
Copyright (c) 1995-2001 Lucent Technologies Inc.  All rights reserved.
Copyright (c) 2001 Agere Systems   All rights reserved.
Copyright (c) 2002-2017 Lattice Semiconductor Corporation,  All rights reserved.


Loading design for application Bitgen from file alu00_alu.ncd.
Design name: topalu00
NCD version: 3.3
Vendor:      LATTICE
Device:      LCMXO2-7000HE
Package:     TQFP144
Performance: 5
Loading device for application Bitgen from file 'xo2c7000.nph' in environment: C:/Program Files/diamond/3.10_x64/ispfpga.
Package Status:                     Final          Version 1.39.
Performance Hardware Data Status:   Final          Version 34.4.

Running DRC.
DRC detected 0 errors and 0 warnings.
Reading Preference File from alu00_alu.prf.

Preference Summary:
+---------------------------------+---------------------------------+
|  Preference                     |  Current Setting                |
+---------------------------------+---------------------------------+
|                         RamCfg  |                        Reset**  |
+---------------------------------+---------------------------------+
|                     MCCLK_FREQ  |                         2.08**  |
+---------------------------------+---------------------------------+
|                  CONFIG_SECURE  |                          OFF**  |
+---------------------------------+---------------------------------+
|                          INBUF  |                           ON**  |
+---------------------------------+---------------------------------+
|                      JTAG_PORT  |                       ENABLE**  |
+---------------------------------+---------------------------------+
|                       SDM_PORT  |                      DISABLE**  |
+---------------------------------+---------------------------------+
|                 SLAVE_SPI_PORT  |                      DISABLE**  |
+---------------------------------+---------------------------------+
|                MASTER_SPI_PORT  |                      DISABLE**  |
+---------------------------------+---------------------------------+
|                       I2C_PORT  |                      DISABLE**  |
+---------------------------------+---------------------------------+
|        MUX_CONFIGURATION_PORTS  |                      DISABLE**  |
+---------------------------------+---------------------------------+
|                  CONFIGURATION  |                          CFG**  |
+---------------------------------+---------------------------------+
|                COMPRESS_CONFIG  |                           ON**  |
+---------------------------------+---------------------------------+
|                        MY_ASSP  |                          OFF**  |
+---------------------------------+---------------------------------+
|               ONE_TIME_PROGRAM  |                          OFF**  |
+---------------------------------+---------------------------------+
|                 ENABLE_TRANSFR  |                      DISABLE**  |
+---------------------------------+---------------------------------+
|                  SHAREDEBRINIT  |                      DISABLE**  |
+---------------------------------+---------------------------------+
|            BACKGROUND_RECONFIG  |                          OFF**  |
+---------------------------------+---------------------------------+
 *  Default setting.
 ** The specified setting matches the default setting.


Creating bit map...
 
Bitstream Status: Final           Version 1.94.
 
Saving bit stream in "alu00_alu.jed".
 
===========
UFM Summary.
===========
UFM Size:        2046 Pages (128*2046 Bits).
UFM Utilization: General Purpose Flash Memory.
 
Available General Purpose Flash Memory: 2046 Pages (Page 0 to Page 2045).
Initialized UFM Pages:                     0 Page.
 
