Running in Lattice mode

Starting:    C:\lscc\diamond\3.10_x64\synpbase\bin64\mbin\synbatch.exe
Install:     C:\lscc\diamond\3.10_x64\synpbase
Hostname:    LALO-PC
Date:        Tue Mar 20 09:32:04 2018
Version:     M-2017.03L-SP1-1

Arguments:   -product synplify_pro -batch multi8bit00_multi8bit0_synplify.tcl
ProductType: synplify_pro




Copied C:\Users\lalo\Desktop\quinto semestre\arquitectura\multi8bit00\multi8bit0\multi8bit00_multi8bit0.srr to C:\Users\lalo\Desktop\quinto semestre\arquitectura\multi8bit00\multi8bit0\backup\multi8bit00_multi8bit0.srr
log file: "C:\Users\lalo\Desktop\quinto semestre\arquitectura\multi8bit00\multi8bit0\multi8bit00_multi8bit0.srr"
Running: hdl_info_gen in foreground

Generating HDL info...

hdl_info_gen completed
# Tue Mar 20 09:32:04 2018

Return Code: 0
Run Time:00h:00m:00s
Copied C:\Users\lalo\Desktop\quinto semestre\arquitectura\multi8bit00\multi8bit0\multi8bit00_multi8bit0.srr to C:\Users\lalo\Desktop\quinto semestre\arquitectura\multi8bit00\multi8bit0\multi8bit00_multi8bit0.srf
log file: "C:\Users\lalo\Desktop\quinto semestre\arquitectura\multi8bit00\multi8bit0\multi8bit00_multi8bit0.srr"
Running: multi8bit0 in foreground

Running proj_1|multi8bit0

Running: compile (Compile) on proj_1|multi8bit0
# Tue Mar 20 09:32:04 2018

Running: compile_flow (Compile Process) on proj_1|multi8bit0
# Tue Mar 20 09:32:04 2018

Running: compiler (Compile Input) on proj_1|multi8bit0
# Tue Mar 20 09:32:04 2018
Copied C:\Users\lalo\Desktop\quinto semestre\arquitectura\multi8bit00\multi8bit0\synwork\multi8bit00_multi8bit0_comp.srs to C:\Users\lalo\Desktop\quinto semestre\arquitectura\multi8bit00\multi8bit0\multi8bit00_multi8bit0.srs

compiler completed
# Tue Mar 20 09:32:06 2018

Return Code: 0
Run Time:00h:00m:02s

Running: multi_srs_gen (Multi-srs Generator) on proj_1|multi8bit0
# Tue Mar 20 09:32:06 2018

multi_srs_gen completed
# Tue Mar 20 09:32:06 2018

Return Code: 0
Run Time:00h:00m:00s
Copied C:\Users\lalo\Desktop\quinto semestre\arquitectura\multi8bit00\multi8bit0\synwork\multi8bit00_multi8bit0_mult.srs to C:\Users\lalo\Desktop\quinto semestre\arquitectura\multi8bit00\multi8bit0\multi8bit00_multi8bit0.srs
Copied C:\Users\lalo\Desktop\quinto semestre\arquitectura\multi8bit00\multi8bit0\multi8bit00_multi8bit0.srr to C:\Users\lalo\Desktop\quinto semestre\arquitectura\multi8bit00\multi8bit0\multi8bit00_multi8bit0.srf
Complete: Compile Process on proj_1|multi8bit0

Running: premap (Pre-mapping) on proj_1|multi8bit0
# Tue Mar 20 09:32:06 2018

premap completed
# Tue Mar 20 09:32:07 2018

Return Code: 0
Run Time:00h:00m:01s
Complete: Compile on proj_1|multi8bit0

Running: map (Map) on proj_1|multi8bit0
# Tue Mar 20 09:32:07 2018
License granted for 4 parallel jobs

Running: fpga_mapper (Map & Optimize) on proj_1|multi8bit0
# Tue Mar 20 09:32:07 2018
Copied C:\Users\lalo\Desktop\quinto semestre\arquitectura\multi8bit00\multi8bit0\synwork\multi8bit00_multi8bit0_m.srm to C:\Users\lalo\Desktop\quinto semestre\arquitectura\multi8bit00\multi8bit0\multi8bit00_multi8bit0.srm

fpga_mapper completed
# Tue Mar 20 09:32:11 2018

Return Code: 0
Run Time:00h:00m:04s
Complete: Map on proj_1|multi8bit0
Copied C:\Users\lalo\Desktop\quinto semestre\arquitectura\multi8bit00\multi8bit0\multi8bit00_multi8bit0.srr to C:\Users\lalo\Desktop\quinto semestre\arquitectura\multi8bit00\multi8bit0\multi8bit00_multi8bit0.srf
Complete: Logic Synthesis on proj_1|multi8bit0
TCL script complete: "multi8bit00_multi8bit0_synplify.tcl"
exit status=0
exit status=0
Save changes for project:
C:\Users\lalo\Desktop\quinto semestre\arquitectura\multi8bit00\multi8bit0\proj_1.prj
batch mode default:no
