C:\lscc\diamond\3.10_x64\synpbase\bin64\c_hdl.exe  -osyn  C:\Users\James\Documents\ESCOM_SEMESTRE_6\3CM2_ARQUITECTURA\Project3CM2MachX02\keylcdram00\keylcdram0\synwork\keylcdram00_keylcdram0_comp.srs  -top  toplcd00  -hdllog  C:\Users\James\Documents\ESCOM_SEMESTRE_6\3CM2_ARQUITECTURA\Project3CM2MachX02\keylcdram00\keylcdram0\synlog\keylcdram00_keylcdram0_compiler.srr  -encrypt  -mp  4  -verification_mode 0  -vhdl  -prodtype  synplify_pro  -dspmac -fixsmult -infer_seqShift -nram -sdff_counter -divnmod -nostructver  -encrypt  -pro  -dmgen  C:\Users\James\Documents\ESCOM_SEMESTRE_6\3CM2_ARQUITECTURA\Project3CM2MachX02\keylcdram00\keylcdram0\dm  -lite -ui -fid2 -ram -sharing on -ll 2000 -autosm  -ignore_undefined_lib  -lib work C:\lscc\diamond\3.10_x64\cae_library\synthesis\vhdl\machxo2.vhd -lib work C:\Users\James\Documents\ESCOM_SEMESTRE_6\3CM2_ARQUITECTURA\Project3CM2MachX02\div00vhdl\div00.vhd -lib work C:\Users\James\Documents\ESCOM_SEMESTRE_6\3CM2_ARQUITECTURA\Project3CM2MachX02\div00vhdl\osc00.vhd -lib work C:\Users\James\Documents\ESCOM_SEMESTRE_6\3CM2_ARQUITECTURA\Project3CM2MachX02\div00vhdl\packagediv00.vhd -lib work C:\Users\James\Documents\ESCOM_SEMESTRE_6\3CM2_ARQUITECTURA\Project3CM2MachX02\keylcdram00\shiftRL00.vhd -lib work C:\Users\James\Documents\ESCOM_SEMESTRE_6\3CM2_ARQUITECTURA\Project3CM2MachX02\keylcdram00\coder00.vhd -lib work C:\Users\James\Documents\ESCOM_SEMESTRE_6\3CM2_ARQUITECTURA\Project3CM2MachX02\keylcdram00\lcdContConfig00.vhd -lib work C:\Users\James\Documents\ESCOM_SEMESTRE_6\3CM2_ARQUITECTURA\Project3CM2MachX02\keylcdram00\lcdConfig00.vhd -lib work C:\Users\James\Documents\ESCOM_SEMESTRE_6\3CM2_ARQUITECTURA\Project3CM2MachX02\keylcdram00\lcdData00.vhd -lib work C:\Users\James\Documents\ESCOM_SEMESTRE_6\3CM2_ARQUITECTURA\Project3CM2MachX02\keylcdram00\ram00.vhd -lib work C:\Users\James\Documents\ESCOM_SEMESTRE_6\3CM2_ARQUITECTURA\Project3CM2MachX02\keylcdram00\contread00.vhd -lib work C:\Users\James\Documents\ESCOM_SEMESTRE_6\3CM2_ARQUITECTURA\Project3CM2MachX02\keylcdram00\lcdmux00.vhd -lib work C:\Users\James\Documents\ESCOM_SEMESTRE_6\3CM2_ARQUITECTURA\Project3CM2MachX02\keylcdram00\packagelcd00.vhd -lib work C:\Users\James\Documents\ESCOM_SEMESTRE_6\3CM2_ARQUITECTURA\Project3CM2MachX02\div00vhdl\topdiv00.vhd -lib work C:\Users\James\Documents\ESCOM_SEMESTRE_6\3CM2_ARQUITECTURA\Project3CM2MachX02\keylcdram00\toplcd00.vhd  -jobname  "compiler" 
relcom:..\..\..\..\..\..\..\..\..\lscc\diamond\3.10_x64\synpbase\bin64\c_hdl.exe -osyn ..\synwork\keylcdram00_keylcdram0_comp.srs -top toplcd00 -hdllog ..\synlog\keylcdram00_keylcdram0_compiler.srr -encrypt -mp 4 -verification_mode 0 -vhdl -prodtype synplify_pro -dspmac -fixsmult -infer_seqShift -nram -sdff_counter -divnmod -nostructver -encrypt -pro -dmgen ..\dm -lite -ui -fid2 -ram -sharing on -ll 2000 -autosm -ignore_undefined_lib -lib work ..\..\..\..\..\..\..\..\..\lscc\diamond\3.10_x64\cae_library\synthesis\vhdl\machxo2.vhd -lib work ..\..\..\div00vhdl\div00.vhd -lib work ..\..\..\div00vhdl\osc00.vhd -lib work ..\..\..\div00vhdl\packagediv00.vhd -lib work ..\..\shiftRL00.vhd -lib work ..\..\coder00.vhd -lib work ..\..\lcdContConfig00.vhd -lib work ..\..\lcdConfig00.vhd -lib work ..\..\lcdData00.vhd -lib work ..\..\ram00.vhd -lib work ..\..\contread00.vhd -lib work ..\..\lcdmux00.vhd -lib work ..\..\packagelcd00.vhd -lib work ..\..\..\div00vhdl\topdiv00.vhd -lib work ..\..\toplcd00.vhd -jobname "compiler"
rc:0 success:1 runtime:6
file:..\synwork\keylcdram00_keylcdram0_comp.srs|io:o|time:1543517820|size:26984|exec:0|csum:
file:..\synlog\keylcdram00_keylcdram0_compiler.srr|io:o|time:1543517820|size:27010|exec:0|csum:
file:..\..\..\..\..\..\..\..\..\lscc\diamond\3.10_x64\cae_library\synthesis\vhdl\machxo2.vhd|io:i|time:1493327504|size:73964|exec:0|csum:CFF92E93E4FE354031DBB4E0E47DD4A6
file:..\..\..\div00vhdl\div00.vhd|io:i|time:1536248933|size:1892|exec:0|csum:8B4A9A531D99D117E05AA210D6428B51
file:..\..\..\div00vhdl\osc00.vhd|io:i|time:1536089045|size:616|exec:0|csum:E7DBE68D4F6B976F5C8287C193231DA5
file:..\..\..\div00vhdl\packagediv00.vhd|io:i|time:1536249205|size:350|exec:0|csum:5596D519B83264043A859AF5C7B9B5AF
file:..\..\shiftRL00.vhd|io:i|time:1543448260|size:684|exec:0|csum:A6293C63346F04B397D85E2A17EA47A4
file:..\..\coder00.vhd|io:i|time:1543509582|size:28754|exec:0|csum:9E5749DD4063D6B2AF2403BC56BD9789
file:..\..\lcdContConfig00.vhd|io:i|time:1543516884|size:804|exec:0|csum:EF2FB50B0FEB70E586DDB915D054A843
file:..\..\lcdConfig00.vhd|io:i|time:1543516919|size:1764|exec:0|csum:2631BAE5DDF1BFB4D6AB0A7DB91DD34D
file:..\..\lcdData00.vhd|io:i|time:1543517756|size:3813|exec:0|csum:8271247124D4FD9354C0D8CC301A0C23
file:..\..\ram00.vhd|io:i|time:1543517772|size:1104|exec:0|csum:9AF2D3D67CFC0371CD09866B70E6EF0A
file:..\..\contread00.vhd|io:i|time:1543454229|size:932|exec:0|csum:83794900D08430B469F6E1144C7B3130
file:..\..\lcdmux00.vhd|io:i|time:1543511471|size:615|exec:0|csum:2AB5120C86183628C74494A238D701B9
file:..\..\packagelcd00.vhd|io:i|time:1543517780|size:2160|exec:0|csum:A5E3EBC5D26DFC16185820ACCDCCE79C
file:..\..\..\div00vhdl\topdiv00.vhd|io:i|time:1543167319|size:455|exec:0|csum:E4B1E7B0CB709EECACBBDE520E6E0D6E
file:..\..\toplcd00.vhd|io:i|time:1543517804|size:2208|exec:0|csum:BB0B4E28AC6282EA9FAC4246E5A3E68D
file:..\..\..\..\..\..\..\..\..\lscc\diamond\3.10_x64\synpbase\bin64\c_hdl.exe|io:i|time:1501909958|size:5526016|exec:1|csum:B0FC75282263C9BC65A760D01C67ECBA
