
           Lattice Mapping Report File for Design Module 'topram00'


Design Information
------------------

Command line:   map -a MachXO2 -p LCMXO2-7000HE -t TQFP144 -s 5 -oc Commercial
     ram00_ram0.ngd -o ram00_ram0_map.ncd -pr ram00_ram0.prf -mp ram00_ram0.mrp
     -lpf C:/Users/James/Documents/ESCOM_SEMESTRE_6/3CM2_ARQUITECTURA/Project3CM
     2MachX02/ram00/ram0/ram00_ram0_synplify.lpf -lpf C:/Users/James/Documents/E
     SCOM_SEMESTRE_6/3CM2_ARQUITECTURA/Project3CM2MachX02/ram00/ram00.lpf -c 0
     -gui -msgset C:/Users/James/Documents/ESCOM_SEMESTRE_6/3CM2_ARQUITECTURA/Pr
     oject3CM2MachX02/ram00/promote.xml 
Target Vendor:  LATTICE
Target Device:  LCMXO2-7000HETQFP144
Target Performance:   5
Mapper:  xo2c00,  version:  Diamond (64-bit) 3.10.0.111.2
Mapped on:  11/28/18  09:31:42

Design Summary
--------------

   Number of registers:     57 out of  7209 (1%)
      PFU registers:           56 out of  6864 (1%)
      PIO registers:            1 out of   345 (0%)
   Number of SLICEs:        88 out of  3432 (3%)
      SLICEs as Logic/ROM:     76 out of  3432 (2%)
      SLICEs as RAM:           12 out of  2574 (0%)
      SLICEs as Carry:         15 out of  3432 (0%)
   Number of LUT4s:        176 out of  6864 (3%)
      Number used as logic LUTs:        122
      Number used as distributed RAM:    24
      Number used as ripple logic:       30
      Number used as shift registers:     0
   Number of PIO sites used: 43 + 4(JTAG) out of 115 (41%)
   Number of block RAMs:  0 out of 26 (0%)
   Number of GSRs:  0 out of 1 (0%)
   EFB used :       No
   JTAG used :      No
   Readback used :  No
   Oscillator used :  Yes
   Startup used :   No
   POR :            On
   Bandgap :        On
   Number of Power Controller:  0 out of 1 (0%)
   Number of Dynamic Bank Controller (BCINRD):  0 out of 6 (0%)
   Number of Dynamic Bank Controller (BCLVDSO):  0 out of 1 (0%)
   Number of DCCA:  0 out of 8 (0%)
   Number of DCMA:  0 out of 2 (0%)
   Number of PLLs:  0 out of 2 (0%)
   Number of DQSDLLs:  0 out of 2 (0%)
   Number of CLKDIVC:  0 out of 4 (0%)
   Number of ECLKSYNCA:  0 out of 4 (0%)
   Number of ECLKBRIDGECS:  0 out of 2 (0%)
   Notes:-
      1. Total number of LUT4s = (Number of logic LUT4s) + 2*(Number of
     distributed RAMs) + 2*(Number of ripple logic)
      2. Number of logic LUT4s does not include count of distributed RAM and
     ripple logic.
   Number of clocks:  2
     Net clk0_c: 8 loads, 8 rising, 0 falling (Driver: RA00/D01/outosc )

                                    Page 1




Design:  topram00                                      Date:  11/28/18  09:31:42

Design Summary (cont)
---------------------
     Net RA00.sclk_0: 35 loads, 35 rising, 0 falling (Driver: RA00/D00/OSCInst0
     )
   Number of Clock Enables:  9
     Net outFlagra_cnv: 1 loads, 0 LSLICEs
     Net un1_outosc_0_sqmuxa_1_3_RNI0EGT: 8 loads, 8 LSLICEs
     Net RA03/outwordra_cnv[0]: 4 loads, 4 LSLICEs
     Net RA02/un1_aux017_i_o2_RNICM0L4: 4 loads, 4 LSLICEs
     Net RA02/aux0_RNO: 1 loads, 1 LSLICEs
     Net RA02/outFlagr_RNO_0: 1 loads, 1 LSLICEs
     Net RA02/aux3_RNO: 1 loads, 1 LSLICEs
     Net RA02/aux2_RNO: 1 loads, 1 LSLICEs
     Net RA02/aux1_RNO: 1 loads, 1 LSLICEs
   Number of LSRs:  7
     Net G_11: 3 loads, 2 LSLICEs
     Net RA04/outcontrd_52: 3 loads, 3 LSLICEs
     Net RA03/outwordra_50: 4 loads, 4 LSLICEs
     Net RA02/outcoderr_48: 4 loads, 4 LSLICEs
     Net un1_outosc_0_sqmuxa_1_3_RNI4NKK1: 4 loads, 4 LSLICEs
     Net RA01/fb: 1 loads, 1 LSLICEs
     Net RA00/D01/un1_outosc50_4_RNIQMMT: 11 loads, 11 LSLICEs
   Number of nets driven by tri-state buffers:  0
   Top 10 highest fanout non-clock nets:
     Net rw0_c: 22 loads
     Net un1_outosc_0_sqmuxa_1_3_RNI0EGT: 22 loads
     Net outcontR0_c[0]: 20 loads
     Net outcontR0_c[1]: 19 loads
     Net outcontR0_c[2]: 19 loads
     Net outcontR0_c[3]: 18 loads
     Net outr0_c[1]: 16 loads
     Net outr0_c[2]: 16 loads
     Net en0_c: 14 loads
     Net outr0_c[0]: 12 loads




   Number of warnings:  0
   Number of errors:    0
     

Design Errors/Warnings
----------------------

   No errors or warnings present.

IO (PIO) Attributes
-------------------

+---------------------+-----------+-----------+------------+
| IO Name             | Direction | Levelmode | IO         |
|                     |           |  IO_TYPE  | Register   |
+---------------------+-----------+-----------+------------+
| clk0                | OUTPUT    | LVCMOS25  |            |
+---------------------+-----------+-----------+------------+
| cdiv0[0]            | INPUT     | LVCMOS25  |            |
+---------------------+-----------+-----------+------------+

                                    Page 2




Design:  topram00                                      Date:  11/28/18  09:31:42

IO (PIO) Attributes (cont)
--------------------------
| outtransist0[3]     | OUTPUT    | LVCMOS25  |            |
+---------------------+-----------+-----------+------------+
| outtransist0[2]     | OUTPUT    | LVCMOS25  |            |
+---------------------+-----------+-----------+------------+
| outtransist0[1]     | OUTPUT    | LVCMOS25  |            |
+---------------------+-----------+-----------+------------+
| outtransist0[0]     | OUTPUT    | LVCMOS25  |            |
+---------------------+-----------+-----------+------------+
| outword0[6]         | OUTPUT    | LVCMOS25  |            |
+---------------------+-----------+-----------+------------+
| outword0[5]         | OUTPUT    | LVCMOS25  |            |
+---------------------+-----------+-----------+------------+
| outword0[4]         | OUTPUT    | LVCMOS25  |            |
+---------------------+-----------+-----------+------------+
| outword0[3]         | OUTPUT    | LVCMOS25  |            |
+---------------------+-----------+-----------+------------+
| outword0[2]         | OUTPUT    | LVCMOS25  |            |
+---------------------+-----------+-----------+------------+
| outword0[1]         | OUTPUT    | LVCMOS25  |            |
+---------------------+-----------+-----------+------------+
| outword0[0]         | OUTPUT    | LVCMOS25  |            |
+---------------------+-----------+-----------+------------+
| outFlagram0         | OUTPUT    | LVCMOS25  |            |
+---------------------+-----------+-----------+------------+
| outFlagcoder0       | OUTPUT    | LVCMOS25  |            |
+---------------------+-----------+-----------+------------+
| outcontR0[4]        | OUTPUT    | LVCMOS25  |            |
+---------------------+-----------+-----------+------------+
| outcontR0[3]        | OUTPUT    | LVCMOS25  |            |
+---------------------+-----------+-----------+------------+
| outcontR0[2]        | OUTPUT    | LVCMOS25  |            |
+---------------------+-----------+-----------+------------+
| outcontR0[1]        | OUTPUT    | LVCMOS25  |            |
+---------------------+-----------+-----------+------------+
| outcontR0[0]        | OUTPUT    | LVCMOS25  |            |
+---------------------+-----------+-----------+------------+
| outcontW0[4]        | OUTPUT    | LVCMOS25  |            |
+---------------------+-----------+-----------+------------+
| outcontW0[3]        | OUTPUT    | LVCMOS25  |            |
+---------------------+-----------+-----------+------------+
| outcontW0[2]        | OUTPUT    | LVCMOS25  |            |
+---------------------+-----------+-----------+------------+
| outcontW0[1]        | OUTPUT    | LVCMOS25  |            |
+---------------------+-----------+-----------+------------+
| outcontW0[0]        | OUTPUT    | LVCMOS25  |            |
+---------------------+-----------+-----------+------------+
| outrled0[3]         | OUTPUT    | LVCMOS25  |            |
+---------------------+-----------+-----------+------------+
| outrled0[2]         | OUTPUT    | LVCMOS25  |            |
+---------------------+-----------+-----------+------------+
| outrled0[1]         | OUTPUT    | LVCMOS25  |            |
+---------------------+-----------+-----------+------------+
| outrled0[0]         | OUTPUT    | LVCMOS25  |            |
+---------------------+-----------+-----------+------------+
| outr0[3]            | OUTPUT    | LVCMOS25  |            |
+---------------------+-----------+-----------+------------+

                                    Page 3




Design:  topram00                                      Date:  11/28/18  09:31:42

IO (PIO) Attributes (cont)
--------------------------
| outr0[2]            | OUTPUT    | LVCMOS25  |            |
+---------------------+-----------+-----------+------------+
| outr0[1]            | OUTPUT    | LVCMOS25  |            |
+---------------------+-----------+-----------+------------+
| outr0[0]            | OUTPUT    | LVCMOS25  |            |
+---------------------+-----------+-----------+------------+
| inkey0[3]           | INPUT     | LVCMOS25  |            |
+---------------------+-----------+-----------+------------+
| inkey0[2]           | INPUT     | LVCMOS25  |            |
+---------------------+-----------+-----------+------------+
| inkey0[1]           | INPUT     | LVCMOS25  |            |
+---------------------+-----------+-----------+------------+
| inkey0[0]           | INPUT     | LVCMOS25  |            |
+---------------------+-----------+-----------+------------+
| rw0                 | INPUT     | LVCMOS25  | IN         |
+---------------------+-----------+-----------+------------+
| en0                 | INPUT     | LVCMOS25  |            |
+---------------------+-----------+-----------+------------+
| cdiv0[4]            | INPUT     | LVCMOS25  |            |
+---------------------+-----------+-----------+------------+
| cdiv0[3]            | INPUT     | LVCMOS25  |            |
+---------------------+-----------+-----------+------------+
| cdiv0[2]            | INPUT     | LVCMOS25  |            |
+---------------------+-----------+-----------+------------+
| cdiv0[1]            | INPUT     | LVCMOS25  |            |
+---------------------+-----------+-----------+------------+

Removed logic
-------------

Block RA03/GND undriven or does not drive anything - clipped.
Block GSR_INST undriven or does not drive anything - clipped.
Block RA00/GND undriven or does not drive anything - clipped.
Block RA00/VCC undriven or does not drive anything - clipped.
Block RA00/D00/VCC undriven or does not drive anything - clipped.
Block RA00/D01/VCC undriven or does not drive anything - clipped.
Block RA01/VCC undriven or does not drive anything - clipped.
Block RA01/GND undriven or does not drive anything - clipped.
Block RA02/GND undriven or does not drive anything - clipped.
Block RA02/VCC undriven or does not drive anything - clipped.
Block RA03/VCC undriven or does not drive anything - clipped.
Block RA04/VCC undriven or does not drive anything - clipped.
Block RA05/VCC undriven or does not drive anything - clipped.
Block RA05/GND undriven or does not drive anything - clipped.
Signal RA00/D00/GND undriven or does not drive anything - clipped.
Signal RA00/D01/GND undriven or does not drive anything - clipped.
Signal RA04/GND undriven or does not drive anything - clipped.
Signal RA00/D00/OSCInst0_SEDSTDBY undriven or does not drive anything - clipped.
     
Signal RA00/D01/un1_sdiv_cry_0_0_S0 undriven or does not drive anything -
     clipped.
Signal RA00/D01/N_1 undriven or does not drive anything - clipped.
Signal RA00/D01/un1_sdiv_cry_19_0_COUT undriven or does not drive anything -
     clipped.
Signal RA03/wordram_ram_0_DO3 undriven or does not drive anything - clipped.
Signal RA03/wordram_ram_2_DO3 undriven or does not drive anything - clipped.

                                    Page 4




Design:  topram00                                      Date:  11/28/18  09:31:42

Removed logic (cont)
--------------------
Signal RA04/un1_outcontrd_cry_1_0_S1 undriven or does not drive anything -
     clipped.
Signal RA04/un1_outcontrd_cry_1_0_S0 undriven or does not drive anything -
     clipped.
Signal RA04/un1_outcontrd_cry_3_0_S1 undriven or does not drive anything -
     clipped.
Signal RA04/un1_outcontrd_cry_3_0_S0 undriven or does not drive anything -
     clipped.
Signal RA04/un1_outcontrd_cry_4_0_S1 undriven or does not drive anything -
     clipped.
Signal RA04/un1_outcontrd_cry_4_0_COUT undriven or does not drive anything -
     clipped.
Signal RA04/un1_outcontrd_cry_0_0_S1 undriven or does not drive anything -
     clipped.
Signal RA04/un1_outcontrd_cry_0_0_S0 undriven or does not drive anything -
     clipped.
Signal RA04/N_1 undriven or does not drive anything - clipped.
Block RA00/D00/GND was optimized away.
Block RA00/D01/GND was optimized away.
Block RA04/GND was optimized away.

Memory Usage
------------

/RA03/wordram_ram:
    EBRs: 0
    RAM SLICEs: 3
    Logic SLICEs: 0
    PFU Registers: 0
/RA03/wordram_ram_0:
    EBRs: 0
    RAM SLICEs: 3
    Logic SLICEs: 0
    PFU Registers: 0
/RA03/wordram_ram_1:
    EBRs: 0
    RAM SLICEs: 3
    Logic SLICEs: 0
    PFU Registers: 0
/RA03/wordram_ram_2:
    EBRs: 0
    RAM SLICEs: 3
    Logic SLICEs: 0
    PFU Registers: 0

     

OSC Summary
-----------

OSC 1:                                     Pin/Node Value
  OSC Instance Name:                                RA00/D00/OSCInst0
  OSC Type:                                         OSCH
  STDBY Input:                                      NONE
  OSC Output:                              NODE     RA00.sclk_0
  OSC Nominal Frequency (MHz):                      2.08

                                    Page 5




Design:  topram00                                      Date:  11/28/18  09:31:42


ASIC Components
---------------

Instance Name: RA00/D00/OSCInst0
         Type: OSCH

Run Time and Memory Usage
-------------------------

   Total CPU Time: 1 secs  
   Total REAL Time: 2 secs  
   Peak Memory Usage: 58 MB
        













































                                    Page 6


Copyright (c) 1991-1994 by NeoCAD Inc. All rights reserved.
     Copyright (c) 1995 AT&T Corp.   All rights reserved.
     Copyright (c) 1995-2001 Lucent Technologies Inc.  All rights reserved.
     Copyright (c) 2001 Agere Systems   All rights reserved.
     Copyright (c) 2002-2017 Lattice Semiconductor Corporation,  All rights
     reserved.
