Running in Lattice mode

Starting:    C:\lscc\diamond\3.10_x64\synpbase\bin64\mbin\synbatch.exe
Install:     C:\lscc\diamond\3.10_x64\synpbase
Hostname:    LAPTOP-ONJC2QMR
Date:        Mon Sep  3 10:58:09 2018
Version:     M-2017.03L-SP1-1

Arguments:   -product synplify_pro -batch mult4bit00_mult4bit0_synplify.tcl
ProductType: synplify_pro




Copied C:\Users\James\Documents\ESCOM_SEMESTRE_6\3CM2_ARQUITECTURA\Project3CM2MachX02\adder4bit00\mult4bit0\mult4bit00_mult4bit0.srr to C:\Users\James\Documents\ESCOM_SEMESTRE_6\3CM2_ARQUITECTURA\Project3CM2MachX02\adder4bit00\mult4bit0\backup\mult4bit00_mult4bit0.srr
log file: "C:\Users\James\Documents\ESCOM_SEMESTRE_6\3CM2_ARQUITECTURA\Project3CM2MachX02\adder4bit00\mult4bit0\mult4bit00_mult4bit0.srr"
Running: hdl_info_gen in foreground

Generating HDL info...

hdl_info_gen completed
# Mon Sep  3 10:58:13 2018

Return Code: 0
Run Time:00h:00m:02s
Copied C:\Users\James\Documents\ESCOM_SEMESTRE_6\3CM2_ARQUITECTURA\Project3CM2MachX02\adder4bit00\mult4bit0\mult4bit00_mult4bit0.srr to C:\Users\James\Documents\ESCOM_SEMESTRE_6\3CM2_ARQUITECTURA\Project3CM2MachX02\adder4bit00\mult4bit0\mult4bit00_mult4bit0.srf
log file: "C:\Users\James\Documents\ESCOM_SEMESTRE_6\3CM2_ARQUITECTURA\Project3CM2MachX02\adder4bit00\mult4bit0\mult4bit00_mult4bit0.srr"
Running: mult4bit0 in foreground

Running proj_1|mult4bit0

Running: compile (Compile) on proj_1|mult4bit0
# Mon Sep  3 10:58:13 2018

Running: compile_flow (Compile Process) on proj_1|mult4bit0
# Mon Sep  3 10:58:13 2018

Running: compiler (Compile Input) on proj_1|mult4bit0
# Mon Sep  3 10:58:13 2018
Copied C:\Users\James\Documents\ESCOM_SEMESTRE_6\3CM2_ARQUITECTURA\Project3CM2MachX02\adder4bit00\mult4bit0\synwork\mult4bit00_mult4bit0_comp.srs to C:\Users\James\Documents\ESCOM_SEMESTRE_6\3CM2_ARQUITECTURA\Project3CM2MachX02\adder4bit00\mult4bit0\mult4bit00_mult4bit0.srs

compiler completed
# Mon Sep  3 10:58:17 2018

Return Code: 0
Run Time:00h:00m:04s

Running: multi_srs_gen (Multi-srs Generator) on proj_1|mult4bit0
# Mon Sep  3 10:58:17 2018

multi_srs_gen completed
# Mon Sep  3 10:58:18 2018

Return Code: 0
Run Time:00h:00m:01s
Copied C:\Users\James\Documents\ESCOM_SEMESTRE_6\3CM2_ARQUITECTURA\Project3CM2MachX02\adder4bit00\mult4bit0\synwork\mult4bit00_mult4bit0_mult.srs to C:\Users\James\Documents\ESCOM_SEMESTRE_6\3CM2_ARQUITECTURA\Project3CM2MachX02\adder4bit00\mult4bit0\mult4bit00_mult4bit0.srs
Copied C:\Users\James\Documents\ESCOM_SEMESTRE_6\3CM2_ARQUITECTURA\Project3CM2MachX02\adder4bit00\mult4bit0\mult4bit00_mult4bit0.srr to C:\Users\James\Documents\ESCOM_SEMESTRE_6\3CM2_ARQUITECTURA\Project3CM2MachX02\adder4bit00\mult4bit0\mult4bit00_mult4bit0.srf
Complete: Compile Process on proj_1|mult4bit0

Running: premap (Pre-mapping) on proj_1|mult4bit0
# Mon Sep  3 10:58:18 2018

premap completed
# Mon Sep  3 10:58:21 2018

Return Code: 0
Run Time:00h:00m:03s
Complete: Compile on proj_1|mult4bit0

Running: map (Map) on proj_1|mult4bit0
# Mon Sep  3 10:58:21 2018
License granted for 4 parallel jobs

Running: fpga_mapper (Map & Optimize) on proj_1|mult4bit0
# Mon Sep  3 10:58:21 2018
fpga_mapper exited with errors
Job failed on: proj_1|mult4bit0

Job: "fpga_mapper" terminated with error status: 2
See log file: "C:\Users\James\Documents\ESCOM_SEMESTRE_6\3CM2_ARQUITECTURA\Project3CM2MachX02\adder4bit00\mult4bit0\synlog\mult4bit00_mult4bit0_fpga_mapper.srr"
# Mon Sep  3 10:58:23 2018

Return Code: 2
Run Time:00h:00m:02s
Complete: Map on proj_1|mult4bit0
Complete: Logic Synthesis on proj_1|mult4bit0
Copied C:\Users\James\Documents\ESCOM_SEMESTRE_6\3CM2_ARQUITECTURA\Project3CM2MachX02\adder4bit00\mult4bit0\mult4bit00_mult4bit0.srr to C:\Users\James\Documents\ESCOM_SEMESTRE_6\3CM2_ARQUITECTURA\Project3CM2MachX02\adder4bit00\mult4bit0\mult4bit00_mult4bit0.srf
Error: At line 71 while processing "mult4bit00_mult4bit0_synplify.tcl"
2
TCL script complete: "mult4bit00_mult4bit0_synplify.tcl"
TCL script had errors: "mult4bit00_mult4bit0_synplify.tcl"
exit status=9
exit status=9
Save changes for project:
C:\Users\James\Documents\ESCOM_SEMESTRE_6\3CM2_ARQUITECTURA\Project3CM2MachX02\adder4bit00\mult4bit0\proj_1.prj
batch mode default:no
