Running in Lattice mode

Starting:    C:\lscc\diamond\3.10_x64\synpbase\bin64\mbin\synbatch.exe
Install:     C:\lscc\diamond\3.10_x64\synpbase
Hostname:    LALO-PC
Date:        Tue Apr 24 09:10:42 2018
Version:     M-2017.03L-SP1-1

Arguments:   -product synplify_pro -batch rom00_rom_synplify.tcl
ProductType: synplify_pro




log file: "F:\rom00\rom\rom00_rom.srr"
Running: hdl_info_gen in foreground

Generating HDL info...

hdl_info_gen completed
# Tue Apr 24 09:10:47 2018

Return Code: 0
Run Time:00h:00m:01s
log file: "F:\rom00\rom\rom00_rom.srr"
Running: rom in foreground

Running proj_1|rom

Running: compile (Compile) on proj_1|rom
# Tue Apr 24 09:10:48 2018

Running: compile_flow (Compile Process) on proj_1|rom
# Tue Apr 24 09:10:48 2018

Running: compiler (Compile Input) on proj_1|rom
# Tue Apr 24 09:10:48 2018
Copied F:\rom00\rom\synwork\rom00_rom_comp.srs to F:\rom00\rom\rom00_rom.srs

compiler completed
# Tue Apr 24 09:10:54 2018

Return Code: 0
Run Time:00h:00m:06s

Running: multi_srs_gen (Multi-srs Generator) on proj_1|rom
# Tue Apr 24 09:10:55 2018

multi_srs_gen completed
# Tue Apr 24 09:10:55 2018

Return Code: 0
Run Time:00h:00m:00s
Copied F:\rom00\rom\synwork\rom00_rom_mult.srs to F:\rom00\rom\rom00_rom.srs
Copied F:\rom00\rom\rom00_rom.srr to F:\rom00\rom\rom00_rom.srf
Complete: Compile Process on proj_1|rom

Running: premap (Pre-mapping) on proj_1|rom
# Tue Apr 24 09:10:55 2018

premap completed with warnings
# Tue Apr 24 09:11:01 2018

Return Code: 1
Run Time:00h:00m:06s
Complete: Compile on proj_1|rom

Running: map (Map) on proj_1|rom
# Tue Apr 24 09:11:01 2018
License granted for 4 parallel jobs

Running: fpga_mapper (Map & Optimize) on proj_1|rom
# Tue Apr 24 09:11:01 2018
Copied F:\rom00\rom\synwork\rom00_rom_m.srm to F:\rom00\rom\rom00_rom.srm

fpga_mapper completed with warnings
# Tue Apr 24 09:11:14 2018

Return Code: 1
Run Time:00h:00m:13s
Complete: Map on proj_1|rom
Copied F:\rom00\rom\rom00_rom.srr to F:\rom00\rom\rom00_rom.srf
Complete: Logic Synthesis on proj_1|rom
TCL script complete: "rom00_rom_synplify.tcl"
exit status=0
exit status=0
Save changes for project:
F:\rom00\rom\proj_1.prj
batch mode default:no
