Running in Lattice mode
error reading package index file C:/Program Files/diamond/3.10_x64/synpbase/lib/pkgIndex.tcl: couldn't read file "{C:/Program Files/diamond/3.10_x64/synpbase/lib/pkgIndex.tcl}": no such file or directory
error reading package index file C:/Program Files/diamond/3.10_x64/synpbase/lib/bwidget-1.9.5/pkgIndex.tcl: couldn't read file "{C:/Program Files/diamond/3.10_x64/synpbase/lib/bwidget-1.9.5/pkgIndex.tcl}": no such file or directory
error reading package index file C:/Program Files/diamond/3.10_x64/synpbase/lib/tcllib-1.12/pkgIndex.tcl: couldn't read file "{C:/Program Files/diamond/3.10_x64/synpbase/lib/tcllib-1.12/pkgIndex.tcl}": no such file or directory
error reading package index file C:/Program Files/diamond/3.10_x64/synpbase/lib/pkgIndex.tcl: couldn't read file "{C:/Program Files/diamond/3.10_x64/synpbase/lib/pkgIndex.tcl}": no such file or directory
error reading package index file C:/Program Files/diamond/3.10_x64/synpbase/lib/pkgIndex.tcl: couldn't read file "{C:/Program Files/diamond/3.10_x64/synpbase/lib/pkgIndex.tcl}": no such file or directory
error reading package index file C:/Program Files/diamond/3.10_x64/synpbase/lib/bwidget-1.9.5/pkgIndex.tcl: couldn't read file "{C:/Program Files/diamond/3.10_x64/synpbase/lib/bwidget-1.9.5/pkgIndex.tcl}": no such file or directory
error reading package index file C:/Program Files/diamond/3.10_x64/synpbase/lib/tcllib-1.12/pkgIndex.tcl: couldn't read file "{C:/Program Files/diamond/3.10_x64/synpbase/lib/tcllib-1.12/pkgIndex.tcl}": no such file or directory
error reading package index file C:/Program Files/diamond/3.10_x64/synpbase/lib/pkgIndex.tcl: couldn't read file "{C:/Program Files/diamond/3.10_x64/synpbase/lib/pkgIndex.tcl}": no such file or directory

Starting:    C:\Program Files\diamond\3.10_x64\synpbase\bin64\mbin\synbatch.exe
Install:     C:\Program Files\diamond\3.10_x64\synpbase
Hostname:    DESKTOP-JBP5BT2
Date:        Mon Feb 25 12:18:53 2019
Version:     M-2017.03L-SP1-1

Arguments:   -product synplify_pro -batch shiftRL00_shiftRL0_synplify.tcl
ProductType: synplify_pro




log file: "C:\Users\Valery Garibay\Documents\6_semestre\arqui\4barrel\shiftRL0\shiftRL00_shiftRL0.srr"
Running: hdl_info_gen in foreground

Generating HDL info...
Warning: The following files were not found:
C:\Users\Valery Garibay\Documents\6_semestre\arqui\topdiv00vhdl\div00.vhd
C:\Users\Valery Garibay\Documents\6_semestre\arqui\topdiv00vhdl\osc00.vhd
C:\Users\Valery Garibay\Documents\6_semestre\arqui\topdiv00vhdl\packagediv00.vhd
C:\Users\Valery Garibay\Documents\6_semestre\arqui\topdiv00vhdl\topdiv00.vhd

Job: "hdl_info_gen" terminated with error status: 2
See log file: "C:\Users\Valery Garibay\Documents\6_semestre\arqui\4barrel\shiftRL0\syntax.log"
# Mon Feb 25 12:18:54 2019

Return Code: 2
Run Time:00h:00m:01s
Copied C:\Users\Valery Garibay\Documents\6_semestre\arqui\4barrel\shiftRL0\shiftRL00_shiftRL0.srr to C:\Users\Valery Garibay\Documents\6_semestre\arqui\4barrel\shiftRL0\shiftRL00_shiftRL0.srf
Error: At line 66 while processing "shiftRL00_shiftRL0_synplify.tcl"
2
TCL script complete: "shiftRL00_shiftRL0_synplify.tcl"
TCL script had errors: "shiftRL00_shiftRL0_synplify.tcl"
exit status=9
exit status=9
Save changes for project:
C:\Users\Valery Garibay\Documents\6_semestre\arqui\4barrel\shiftRL0\proj_1.prj
batch mode default:no
