
synpwrap -msg -prj "lcd00_lcd_synplify.tcl" -log "lcd00_lcd.srf"
Copyright (C) 1992-2017 Lattice Semiconductor Corporation. All rights reserved.
Lattice Diamond Version 3.10.0.111.2
    <postMsg mid="2011000" type="Info"    dynamic="0" navigation="0"  />

==contents of lcd00_lcd.srf
#Build: Synplify Pro (R) M-2017.03L-SP1-1, Build 086R, Aug  4 2017
#install: D:\LatticeDiamond\diamond\3.10_x64\synpbase
#OS: Windows 8 6.2
#Hostname: LAPTOP-I3194EIT

# Wed Jun  6 23:39:29 2018

#Implementation: lcd

Synopsys HDL Compiler, version comp2017q2p1, Build 190R, built Aug  4 2017
@N|Running in 64-bit mode
Copyright (C) 1994-2017 Synopsys, Inc. This Synopsys software and all associated documentation are proprietary to Synopsys, Inc. and may only be used pursuant to the terms and conditions of a written license agreement with Synopsys, Inc. All other use, reproduction, modification, or distribution of the Synopsys software or the associated documentation is strictly prohibited.

Synopsys VHDL Compiler, version comp2017q2p1, Build 190R, built Aug  4 2017
@N|Running in 64-bit mode
Copyright (C) 1994-2017 Synopsys, Inc. This Synopsys software and all associated documentation are proprietary to Synopsys, Inc. and may only be used pursuant to the terms and conditions of a written license agreement with Synopsys, Inc. All other use, reproduction, modification, or distribution of the Synopsys software or the associated documentation is strictly prohibited.

@N: CD720 :"D:\LatticeDiamond\diamond\3.10_x64\synpbase\lib\vhd\std.vhd":123:18:123:21|Setting time resolution to ps
@N:"C:\Users\Sergi\Desktop\Arquitectura de Computadoras\Tareas\grupo3CM1\lcd00\toplcd00.vhdl":9:7:9:14|Top entity is set to toplcd00.
File D:\LatticeDiamond\diamond\3.10_x64\synpbase\lib\cpld\lattice.vhd changed - recompiling
File C:\Users\Sergi\Desktop\Arquitectura de Computadoras\Tareas\grupo3CM1\osc00VHDL\osc00.vhdl changed - recompiling
File D:\LatticeDiamond\diamond\3.10_x64\synpbase\lib\lucent\machxo2.vhd changed - recompiling
File C:\Users\Sergi\Desktop\Arquitectura de Computadoras\Tareas\grupo3CM1\osc00VHDL\packageosc00.vhdl changed - recompiling
File C:\Users\Sergi\Desktop\Arquitectura de Computadoras\Tareas\grupo3CM1\lcd00\lcdcontconfig00.vhdl changed - recompiling
File C:\Users\Sergi\Desktop\Arquitectura de Computadoras\Tareas\grupo3CM1\lcd00\lcdconfig00.vhdl changed - recompiling
File C:\Users\Sergi\Desktop\Arquitectura de Computadoras\Tareas\grupo3CM1\lcd00\lcdcontdata00.vhdl changed - recompiling
File C:\Users\Sergi\Desktop\Arquitectura de Computadoras\Tareas\grupo3CM1\lcd00\lcddata00.vhdl changed - recompiling
File C:\Users\Sergi\Desktop\Arquitectura de Computadoras\Tareas\grupo3CM1\lcd00\lcdmux00.vhdl changed - recompiling
File C:\Users\Sergi\Desktop\Arquitectura de Computadoras\Tareas\grupo3CM1\lcd00\packagelcd00.vhdl changed - recompiling
File C:\Users\Sergi\Desktop\Arquitectura de Computadoras\Tareas\grupo3CM1\osc00VHDL\toposc00.vhdl changed - recompiling
File C:\Users\Sergi\Desktop\Arquitectura de Computadoras\Tareas\grupo3CM1\lcd00\toplcd00.vhdl changed - recompiling
VHDL syntax check successful!
File C:\Users\Sergi\Desktop\Arquitectura de Computadoras\Tareas\grupo3CM1\lcd00\lcdcontdata00.vhdl changed - recompiling
File C:\Users\Sergi\Desktop\Arquitectura de Computadoras\Tareas\grupo3CM1\lcd00\lcddata00.vhdl changed - recompiling
@N: CD630 :"C:\Users\Sergi\Desktop\Arquitectura de Computadoras\Tareas\grupo3CM1\lcd00\toplcd00.vhdl":9:7:9:14|Synthesizing work.toplcd00.toplcd0.
@N: CD630 :"C:\Users\Sergi\Desktop\Arquitectura de Computadoras\Tareas\grupo3CM1\lcd00\lcdmux00.vhdl":8:7:8:14|Synthesizing work.lcdmux00.lcdmux0.
@W: CG296 :"C:\Users\Sergi\Desktop\Arquitectura de Computadoras\Tareas\grupo3CM1\lcd00\lcdmux00.vhdl":27:7:27:13|Incomplete sensitivity list; assuming completeness. Make sure all referenced variables in message CG290 are included in the sensitivity list.
@W: CG290 :"C:\Users\Sergi\Desktop\Arquitectura de Computadoras\Tareas\grupo3CM1\lcd00\lcdmux00.vhdl":44:13:44:15|Referenced variable rwd is not in sensitivity list.
@W: CG290 :"C:\Users\Sergi\Desktop\Arquitectura de Computadoras\Tareas\grupo3CM1\lcd00\lcdmux00.vhdl":41:13:41:15|Referenced variable enc is not in sensitivity list.
@W: CG290 :"C:\Users\Sergi\Desktop\Arquitectura de Computadoras\Tareas\grupo3CM1\lcd00\lcdmux00.vhdl":40:13:40:15|Referenced variable rsc is not in sensitivity list.
@W: CG290 :"C:\Users\Sergi\Desktop\Arquitectura de Computadoras\Tareas\grupo3CM1\lcd00\lcdmux00.vhdl":39:13:39:15|Referenced variable rwc is not in sensitivity list.
@W: CG290 :"C:\Users\Sergi\Desktop\Arquitectura de Computadoras\Tareas\grupo3CM1\lcd00\lcdmux00.vhdl":29:7:29:12|Referenced variable resetm is not in sensitivity list.
@W: CG290 :"C:\Users\Sergi\Desktop\Arquitectura de Computadoras\Tareas\grupo3CM1\lcd00\lcdmux00.vhdl":36:9:36:21|Referenced variable inflagconfigm is not in sensitivity list.
@W: CG290 :"C:\Users\Sergi\Desktop\Arquitectura de Computadoras\Tareas\grupo3CM1\lcd00\lcdmux00.vhdl":46:13:46:16|Referenced variable endd is not in sensitivity list.
@W: CG290 :"C:\Users\Sergi\Desktop\Arquitectura de Computadoras\Tareas\grupo3CM1\lcd00\lcdmux00.vhdl":45:13:45:15|Referenced variable rsd is not in sensitivity list.
Post processing for work.lcdmux00.lcdmux0
@N: CD630 :"C:\Users\Sergi\Desktop\Arquitectura de Computadoras\Tareas\grupo3CM1\lcd00\lcddata00.vhdl":8:7:8:15|Synthesizing work.lcddata00.lcddata0.
Post processing for work.lcddata00.lcddata0
@N: CD630 :"C:\Users\Sergi\Desktop\Arquitectura de Computadoras\Tareas\grupo3CM1\lcd00\lcdcontdata00.vhdl":8:7:8:19|Synthesizing work.lcdcontdata00.lcdcontdata0.
@N: CD364 :"C:\Users\Sergi\Desktop\Arquitectura de Computadoras\Tareas\grupo3CM1\lcd00\lcdcontdata00.vhdl":47:9:47:17|Removing redundant assignment.
Post processing for work.lcdcontdata00.lcdcontdata0
@N: CD630 :"C:\Users\Sergi\Desktop\Arquitectura de Computadoras\Tareas\grupo3CM1\lcd00\lcdconfig00.vhdl":8:7:8:17|Synthesizing work.lcdconfig00.lcdconfig0.
Post processing for work.lcdconfig00.lcdconfig0
@N: CD630 :"C:\Users\Sergi\Desktop\Arquitectura de Computadoras\Tareas\grupo3CM1\lcd00\lcdcontconfig00.vhdl":8:7:8:21|Synthesizing work.lcdcontconfig00.lcdcontconfig0.
@N: CD364 :"C:\Users\Sergi\Desktop\Arquitectura de Computadoras\Tareas\grupo3CM1\lcd00\lcdcontconfig00.vhdl":31:6:31:14|Removing redundant assignment.
Post processing for work.lcdcontconfig00.lcdcontconfig0
@N: CD630 :"C:\Users\Sergi\Desktop\Arquitectura de Computadoras\Tareas\grupo3CM1\osc00VHDL\toposc00.vhdl":7:7:7:14|Synthesizing work.toposc00.toposc0.
@N: CD630 :"C:\Users\Sergi\Desktop\Arquitectura de Computadoras\Tareas\grupo3CM1\osc00VHDL\div00.vhdl":8:7:8:11|Synthesizing work.div00.div0.
@N: CD364 :"C:\Users\Sergi\Desktop\Arquitectura de Computadoras\Tareas\grupo3CM1\osc00VHDL\div00.vhdl":27:6:27:11|Removing redundant assignment.
@N: CD364 :"C:\Users\Sergi\Desktop\Arquitectura de Computadoras\Tareas\grupo3CM1\osc00VHDL\div00.vhdl":36:6:36:11|Removing redundant assignment.
@N: CD364 :"C:\Users\Sergi\Desktop\Arquitectura de Computadoras\Tareas\grupo3CM1\osc00VHDL\div00.vhdl":45:6:45:11|Removing redundant assignment.
@N: CD364 :"C:\Users\Sergi\Desktop\Arquitectura de Computadoras\Tareas\grupo3CM1\osc00VHDL\div00.vhdl":55:6:55:11|Removing redundant assignment.
@N: CD364 :"C:\Users\Sergi\Desktop\Arquitectura de Computadoras\Tareas\grupo3CM1\osc00VHDL\div00.vhdl":64:6:64:11|Removing redundant assignment.
@N: CD364 :"C:\Users\Sergi\Desktop\Arquitectura de Computadoras\Tareas\grupo3CM1\osc00VHDL\div00.vhdl":73:6:73:11|Removing redundant assignment.
@N: CD364 :"C:\Users\Sergi\Desktop\Arquitectura de Computadoras\Tareas\grupo3CM1\osc00VHDL\div00.vhdl":82:6:82:11|Removing redundant assignment.
@N: CD364 :"C:\Users\Sergi\Desktop\Arquitectura de Computadoras\Tareas\grupo3CM1\osc00VHDL\div00.vhdl":91:6:91:11|Removing redundant assignment.
@N: CD364 :"C:\Users\Sergi\Desktop\Arquitectura de Computadoras\Tareas\grupo3CM1\osc00VHDL\div00.vhdl":100:6:100:11|Removing redundant assignment.
Post processing for work.div00.div0
@N: CD630 :"C:\Users\Sergi\Desktop\Arquitectura de Computadoras\Tareas\grupo3CM1\osc00VHDL\osc00.vhdl":8:7:8:11|Synthesizing work.osc00.osc0.
@W: CD276 :"D:\LatticeDiamond\diamond\3.10_x64\cae_library\synthesis\vhdl\machxo2.vhd":2297:8:2297:15|Map for port sedstdby of component osch not found
@N: CD630 :"D:\LatticeDiamond\diamond\3.10_x64\cae_library\synthesis\vhdl\machxo2.vhd":2291:10:2291:13|Synthesizing work.osch.syn_black_box.
Post processing for work.osch.syn_black_box
Post processing for work.osc00.osc0
Post processing for work.toposc00.toposc0
Post processing for work.toplcd00.toplcd0
@N: CL189 :"C:\Users\Sergi\Desktop\Arquitectura de Computadoras\Tareas\grupo3CM1\lcd00\lcdconfig00.vhdl":27:2:27:3|Register bit RSc is always 0.
@N: CL189 :"C:\Users\Sergi\Desktop\Arquitectura de Computadoras\Tareas\grupo3CM1\lcd00\lcdconfig00.vhdl":27:2:27:3|Register bit RWc is always 0.
@N: CL189 :"C:\Users\Sergi\Desktop\Arquitectura de Computadoras\Tareas\grupo3CM1\lcd00\lcdconfig00.vhdl":27:2:27:3|Register bit outwordconfigc(6) is always 0.
@W: CL260 :"C:\Users\Sergi\Desktop\Arquitectura de Computadoras\Tareas\grupo3CM1\lcd00\lcdconfig00.vhdl":27:2:27:3|Pruning register bit 6 of outwordconfigc(7 downto 0). If this is not the intended behavior, drive the input with valid values, or an input from the top level.
@W: CL138 :"C:\Users\Sergi\Desktop\Arquitectura de Computadoras\Tareas\grupo3CM1\lcd00\lcdcontdata00.vhdl":25:2:25:3|Removing register 'RWcd' because it is only assigned 0 or its original value.
@N: CL189 :"C:\Users\Sergi\Desktop\Arquitectura de Computadoras\Tareas\grupo3CM1\lcd00\lcdcontdata00.vhdl":25:2:25:3|Register bit RScd is always 1.
@N: CL189 :"C:\Users\Sergi\Desktop\Arquitectura de Computadoras\Tareas\grupo3CM1\lcd00\lcddata00.vhdl":76:2:76:3|Register bit outwordd(7) is always 0.
@W: CL260 :"C:\Users\Sergi\Desktop\Arquitectura de Computadoras\Tareas\grupo3CM1\lcd00\lcddata00.vhdl":76:2:76:3|Pruning register bit 7 of outwordd(7 downto 0). If this is not the intended behavior, drive the input with valid values, or an input from the top level.

At c_vhdl Exit (Real Time elapsed 0h:00m:00s; CPU Time elapsed 0h:00m:00s; Memory used current: 78MB peak: 81MB)

Process took 0h:00m:01s realtime, 0h:00m:01s cputime

Process completed successfully.
# Wed Jun  6 23:39:30 2018

###########################################################]
Synopsys Netlist Linker, version comp2017q2p1, Build 190R, built Aug  4 2017
@N|Running in 64-bit mode
File C:\Users\Sergi\Desktop\Arquitectura de Computadoras\Tareas\grupo3CM1\lcd00\lcd\synwork\layer0.srs changed - recompiling

At syn_nfilter Exit (Real Time elapsed 0h:00m:00s; CPU Time elapsed 0h:00m:00s; Memory used current: 67MB peak: 68MB)

Process took 0h:00m:01s realtime, 0h:00m:01s cputime

Process completed successfully.
# Wed Jun  6 23:39:30 2018

###########################################################]
@END

At c_hdl Exit (Real Time elapsed 0h:00m:00s; CPU Time elapsed 0h:00m:00s; Memory used current: 3MB peak: 4MB)

Process took 0h:00m:01s realtime, 0h:00m:01s cputime

Process completed successfully.
# Wed Jun  6 23:39:30 2018

###########################################################]
Synopsys Netlist Linker, version comp2017q2p1, Build 190R, built Aug  4 2017
@N|Running in 64-bit mode
File C:\Users\Sergi\Desktop\Arquitectura de Computadoras\Tareas\grupo3CM1\lcd00\lcd\synwork\lcd00_lcd_comp.srs changed - recompiling

At syn_nfilter Exit (Real Time elapsed 0h:00m:00s; CPU Time elapsed 0h:00m:00s; Memory used current: 67MB peak: 68MB)

Process took 0h:00m:01s realtime, 0h:00m:01s cputime

Process completed successfully.
# Wed Jun  6 23:39:31 2018

###########################################################]
Pre-mapping Report

# Wed Jun  6 23:39:32 2018

Synopsys Lattice Technology Pre-mapping, Version maplat, Build 1796R, Built Aug  4 2017 11:10:16
Copyright (C) 1994-2017 Synopsys, Inc. This Synopsys software and all associated documentation are proprietary to Synopsys, Inc. and may only be used pursuant to the terms and conditions of a written license agreement with Synopsys, Inc. All other use, reproduction, modification, or distribution of the Synopsys software or the associated documentation is strictly prohibited.
Product Version M-2017.03L-SP1-1

Mapper Startup Complete (Real Time elapsed 0h:00m:00s; CPU Time elapsed 0h:00m:00s; Memory used current: 99MB peak: 100MB)

@A: MF827 |No constraint file specified.
@L: C:\Users\Sergi\Desktop\Arquitectura de Computadoras\Tareas\grupo3CM1\lcd00\lcd\lcd00_lcd_scck.rpt 
Printing clock  summary report in "C:\Users\Sergi\Desktop\Arquitectura de Computadoras\Tareas\grupo3CM1\lcd00\lcd\lcd00_lcd_scck.rpt" file 
@N: MF248 |Running in 64-bit mode.
@N: MF666 |Clock conversion enabled. (Command "set_option -fix_gated_and_generated_clocks 1" in the project file.)

Design Input Complete (Real Time elapsed 0h:00m:00s; CPU Time elapsed 0h:00m:00s; Memory used current: 100MB peak: 102MB)


Mapper Initialization Complete (Real Time elapsed 0h:00m:00s; CPU Time elapsed 0h:00m:00s; Memory used current: 100MB peak: 102MB)


Start loading timing files (Real Time elapsed 0h:00m:00s; CPU Time elapsed 0h:00m:00s; Memory used current: 112MB peak: 113MB)


Finished loading timing files (Real Time elapsed 0h:00m:00s; CPU Time elapsed 0h:00m:00s; Memory used current: 112MB peak: 115MB)

ICG Latch Removal Summary:
Number of ICG latches removed:	0
Number of ICG latches not removed:	0
syn_allowed_resources : blockrams=26  set on top level netlist toplcd00

Finished netlist restructuring (Real Time elapsed 0h:00m:00s; CPU Time elapsed 0h:00m:00s; Memory used current: 140MB peak: 142MB)



Clock Summary
******************

          Start                            Requested     Requested     Clock                                           Clock                   Clock
Level     Clock                            Frequency     Period        Type                                            Group                   Load 
----------------------------------------------------------------------------------------------------------------------------------------------------
0 -       osc00|osc_int_inferred_clock     2.1 MHz       480.769       inferred                                        Inferred_clkgroup_0     23   
1 .         div00|outosc_derived_clock     2.1 MHz       480.769       derived (from osc00|osc_int_inferred_clock)     Inferred_clkgroup_0     31   
====================================================================================================================================================

@W: MT529 :"c:\users\sergi\desktop\arquitectura de computadoras\tareas\grupo3cm1\osc00vhdl\div00.vhdl":20:2:20:3|Found inferred clock osc00|osc_int_inferred_clock which controls 23 sequential elements including L00.OS01.sdiv[21:0]. This clock has no specified timing constraint which may prevent conversion of gated or generated clocks and may adversely impact design performance. 

Finished Pre Mapping Phase.

Starting constraint checker (Real Time elapsed 0h:00m:00s; CPU Time elapsed 0h:00m:00s; Memory used current: 140MB peak: 142MB)


Finished constraint checker preprocessing (Real Time elapsed 0h:00m:00s; CPU Time elapsed 0h:00m:00s; Memory used current: 140MB peak: 142MB)

None
None

Finished constraint checker (Real Time elapsed 0h:00m:00s; CPU Time elapsed 0h:00m:00s; Memory used current: 140MB peak: 142MB)

Pre-mapping successful!

At Mapper Exit (Real Time elapsed 0h:00m:00s; CPU Time elapsed 0h:00m:00s; Memory used current: 56MB peak: 142MB)

Process took 0h:00m:01s realtime, 0h:00m:01s cputime
# Wed Jun  6 23:39:32 2018

###########################################################]
Map & Optimize Report

# Wed Jun  6 23:39:33 2018

Synopsys Lattice Technology Mapper, Version maplat, Build 1796R, Built Aug  4 2017 11:10:16
Copyright (C) 1994-2017 Synopsys, Inc. This Synopsys software and all associated documentation are proprietary to Synopsys, Inc. and may only be used pursuant to the terms and conditions of a written license agreement with Synopsys, Inc. All other use, reproduction, modification, or distribution of the Synopsys software or the associated documentation is strictly prohibited.
Product Version M-2017.03L-SP1-1

Mapper Startup Complete (Real Time elapsed 0h:00m:00s; CPU Time elapsed 0h:00m:00s; Memory used current: 99MB peak: 100MB)

@N: MF248 |Running in 64-bit mode.
@N: MF666 |Clock conversion enabled. (Command "set_option -fix_gated_and_generated_clocks 1" in the project file.)

Design Input Complete (Real Time elapsed 0h:00m:00s; CPU Time elapsed 0h:00m:00s; Memory used current: 99MB peak: 101MB)


Mapper Initialization Complete (Real Time elapsed 0h:00m:00s; CPU Time elapsed 0h:00m:00s; Memory used current: 99MB peak: 101MB)


Start loading timing files (Real Time elapsed 0h:00m:00s; CPU Time elapsed 0h:00m:00s; Memory used current: 112MB peak: 112MB)


Finished loading timing files (Real Time elapsed 0h:00m:00s; CPU Time elapsed 0h:00m:00s; Memory used current: 112MB peak: 114MB)



Starting Optimization and Mapping (Real Time elapsed 0h:00m:00s; CPU Time elapsed 0h:00m:00s; Memory used current: 139MB peak: 142MB)


Available hyper_sources - for debug and ip models
	None Found


Finished RTL optimizations (Real Time elapsed 0h:00m:00s; CPU Time elapsed 0h:00m:00s; Memory used current: 140MB peak: 142MB)


Starting factoring (Real Time elapsed 0h:00m:00s; CPU Time elapsed 0h:00m:00s; Memory used current: 140MB peak: 142MB)


Finished factoring (Real Time elapsed 0h:00m:00s; CPU Time elapsed 0h:00m:00s; Memory used current: 141MB peak: 142MB)


Starting gated-clock and generated-clock conversion (Real Time elapsed 0h:00m:00s; CPU Time elapsed 0h:00m:00s; Memory used current: 140MB peak: 142MB)


Finished gated-clock and generated-clock conversion (Real Time elapsed 0h:00m:00s; CPU Time elapsed 0h:00m:00s; Memory used current: 141MB peak: 142MB)


Finished generic timing optimizations - Pass 1 (Real Time elapsed 0h:00m:00s; CPU Time elapsed 0h:00m:00s; Memory used current: 143MB peak: 143MB)


Starting Early Timing Optimization (Real Time elapsed 0h:00m:00s; CPU Time elapsed 0h:00m:00s; Memory used current: 143MB peak: 144MB)


Finished Early Timing Optimization (Real Time elapsed 0h:00m:00s; CPU Time elapsed 0h:00m:00s; Memory used current: 143MB peak: 144MB)


Finished generic timing optimizations - Pass 2 (Real Time elapsed 0h:00m:00s; CPU Time elapsed 0h:00m:00s; Memory used current: 143MB peak: 144MB)

@N: FX214 :"c:\users\sergi\desktop\arquitectura de computadoras\tareas\grupo3cm1\lcd00\lcddata00.vhdl":89:21:89:28|Generating ROM L04.pdata\.outwordd_2_0[6:0] (in view: work.toplcd00(toplcd0)).

Finished preparing to map (Real Time elapsed 0h:00m:00s; CPU Time elapsed 0h:00m:00s; Memory used current: 143MB peak: 144MB)


Finished technology mapping (Real Time elapsed 0h:00m:00s; CPU Time elapsed 0h:00m:00s; Memory used current: 148MB peak: 150MB)

Pass		 CPU time		Worst Slack		Luts / Registers
------------------------------------------------------------
   1		0h:00m:00s		   467.70ns		 104 /        54

Finished technology timing optimizations and critical path resynthesis (Real Time elapsed 0h:00m:01s; CPU Time elapsed 0h:00m:00s; Memory used current: 148MB peak: 150MB)

@N: FX164 |The option to pack registers in the IOB has not been specified. Please set syn_useioff attribute.  
@A: BN291 :"c:\users\sergi\desktop\arquitectura de computadoras\tareas\grupo3cm1\lcd00\lcdcontconfig00.vhdl":21:2:21:3|Boundary register L01.outcontcc_4_.fb (in view: work.toplcd00(toplcd0)) is packed into a complex cell. To disable register packing, set syn_keep=1 on the net between the register and the complex cell. 
@A: BN291 :"c:\users\sergi\desktop\arquitectura de computadoras\tareas\grupo3cm1\lcd00\lcdcontconfig00.vhdl":21:2:21:3|Boundary register L01.outcontcc_3_.fb (in view: work.toplcd00(toplcd0)) is packed into a complex cell. To disable register packing, set syn_keep=1 on the net between the register and the complex cell. 
@A: BN291 :"c:\users\sergi\desktop\arquitectura de computadoras\tareas\grupo3cm1\lcd00\lcdcontconfig00.vhdl":21:2:21:3|Boundary register L01.outcontcc_2_.fb (in view: work.toplcd00(toplcd0)) is packed into a complex cell. To disable register packing, set syn_keep=1 on the net between the register and the complex cell. 
@A: BN291 :"c:\users\sergi\desktop\arquitectura de computadoras\tareas\grupo3cm1\lcd00\lcdcontconfig00.vhdl":21:2:21:3|Boundary register L01.outcontcc_1_.fb (in view: work.toplcd00(toplcd0)) is packed into a complex cell. To disable register packing, set syn_keep=1 on the net between the register and the complex cell. 
@A: BN291 :"c:\users\sergi\desktop\arquitectura de computadoras\tareas\grupo3cm1\lcd00\lcdcontconfig00.vhdl":21:2:21:3|Boundary register L01.outcontcc_0_.fb (in view: work.toplcd00(toplcd0)) is packed into a complex cell. To disable register packing, set syn_keep=1 on the net between the register and the complex cell. 
@A: BN291 :"c:\users\sergi\desktop\arquitectura de computadoras\tareas\grupo3cm1\lcd00\lcdcontdata00.vhdl":25:2:25:3|Boundary register L03.outcontcd_0_.fb (in view: work.toplcd00(toplcd0)) is packed into a complex cell. To disable register packing, set syn_keep=1 on the net between the register and the complex cell. 
@A: BN291 :"c:\users\sergi\desktop\arquitectura de computadoras\tareas\grupo3cm1\lcd00\lcdcontdata00.vhdl":25:2:25:3|Boundary register L03.outcontcd_1_.fb (in view: work.toplcd00(toplcd0)) is packed into a complex cell. To disable register packing, set syn_keep=1 on the net between the register and the complex cell. 
@A: BN291 :"c:\users\sergi\desktop\arquitectura de computadoras\tareas\grupo3cm1\lcd00\lcdcontdata00.vhdl":25:2:25:3|Boundary register L03.outcontcd_2_.fb (in view: work.toplcd00(toplcd0)) is packed into a complex cell. To disable register packing, set syn_keep=1 on the net between the register and the complex cell. 
@A: BN291 :"c:\users\sergi\desktop\arquitectura de computadoras\tareas\grupo3cm1\lcd00\lcdcontdata00.vhdl":25:2:25:3|Boundary register L03.outcontcd_3_.fb (in view: work.toplcd00(toplcd0)) is packed into a complex cell. To disable register packing, set syn_keep=1 on the net between the register and the complex cell. 
@A: BN291 :"c:\users\sergi\desktop\arquitectura de computadoras\tareas\grupo3cm1\lcd00\lcdcontdata00.vhdl":25:2:25:3|Boundary register L03.outcontcd_4_.fb (in view: work.toplcd00(toplcd0)) is packed into a complex cell. To disable register packing, set syn_keep=1 on the net between the register and the complex cell. 
@A: BN291 :"c:\users\sergi\desktop\arquitectura de computadoras\tareas\grupo3cm1\lcd00\lcdcontdata00.vhdl":25:2:25:3|Boundary register L03.outcontcd_5_.fb (in view: work.toplcd00(toplcd0)) is packed into a complex cell. To disable register packing, set syn_keep=1 on the net between the register and the complex cell. 
@A: BN291 :"c:\users\sergi\desktop\arquitectura de computadoras\tareas\grupo3cm1\lcd00\lcdcontdata00.vhdl":25:2:25:3|Boundary register L03.outFlagcd.fb (in view: work.toplcd00(toplcd0)) is packed into a complex cell. To disable register packing, set syn_keep=1 on the net between the register and the complex cell. 
@A: BN291 :"c:\users\sergi\desktop\arquitectura de computadoras\tareas\grupo3cm1\lcd00\lcdconfig00.vhdl":27:2:27:3|Boundary register L02.outFlagc.fb (in view: work.toplcd00(toplcd0)) is packed into a complex cell. To disable register packing, set syn_keep=1 on the net between the register and the complex cell. 

Finished restoring hierarchy (Real Time elapsed 0h:00m:01s; CPU Time elapsed 0h:00m:01s; Memory used current: 149MB peak: 150MB)

@N: MT611 :|Automatically generated clock div00|outosc_derived_clock is not used and is being removed


@S |Clock Optimization Summary


#### START OF CLOCK OPTIMIZATION REPORT #####[

0 non-gated/non-generated clock tree(s) driving 0 clock pin(s) of sequential element(s)
1 gated/generated clock tree(s) driving 54 clock pin(s) of sequential element(s)
0 instances converted, 54 sequential instances remain driven by gated/generated clocks

================================================================================================== Gated/Generated Clocks ==================================================================================================
Clock Tree ID     Driving Element       Drive Element Type     Fanout     Sample Instance     Explanation                                                                                                                   
----------------------------------------------------------------------------------------------------------------------------------------------------------------------------------------------------------------------------
@K:CKID0001       L00.OS00.OSCInst0     OSCH                   54         L00.OS01.outosc     Gating structure creates improper gating logic. See the Gated Clocks description in the user guide for conversion requirements
============================================================================================================================================================================================================================


##### END OF CLOCK OPTIMIZATION REPORT ######]


Start Writing Netlists (Real Time elapsed 0h:00m:01s; CPU Time elapsed 0h:00m:01s; Memory used current: 115MB peak: 150MB)

Writing Analyst data base C:\Users\Sergi\Desktop\Arquitectura de Computadoras\Tareas\grupo3CM1\lcd00\lcd\synwork\lcd00_lcd_m.srm

Finished Writing Netlist Databases (Real Time elapsed 0h:00m:01s; CPU Time elapsed 0h:00m:01s; Memory used current: 147MB peak: 150MB)

Writing EDIF Netlist and constraint files
@N: FX1056 |Writing EDF file: C:\Users\Sergi\Desktop\Arquitectura de Computadoras\Tareas\grupo3CM1\lcd00\lcd\lcd00_lcd.edi
M-2017.03L-SP1-1
@N: BW106 |Synplicity Constraint File capacitance units using default value of 1pF 

Finished Writing EDIF Netlist and constraint files (Real Time elapsed 0h:00m:01s; CPU Time elapsed 0h:00m:01s; Memory used current: 152MB peak: 154MB)


Start final timing analysis (Real Time elapsed 0h:00m:01s; CPU Time elapsed 0h:00m:01s; Memory used current: 153MB peak: 154MB)

@W: MT420 |Found inferred clock osc00|osc_int_inferred_clock with period 480.77ns. Please declare a user-defined clock on object "n:L00.OS00.osc_int"


##### START OF TIMING REPORT #####[
# Timing Report written on Wed Jun  6 23:39:34 2018
#


Top view:               toplcd00
Requested Frequency:    2.1 MHz
Wire load mode:         top
Paths requested:        5
Constraint File(s):    
@N: MT320 |This timing report is an estimate of place and route data. For final timing results, use the FPGA vendor place and route report.

@N: MT322 |Clock constraints include only register-to-register paths associated with each individual clock.



Performance Summary
*******************


Worst slack in design: 466.332

                                 Requested     Estimated     Requested     Estimated                 Clock        Clock              
Starting Clock                   Frequency     Frequency     Period        Period        Slack       Type         Group              
-------------------------------------------------------------------------------------------------------------------------------------
osc00|osc_int_inferred_clock     2.1 MHz       69.3 MHz      480.769       14.437        466.332     inferred     Inferred_clkgroup_0
=====================================================================================================================================





Clock Relationships
*******************

Clocks                                                      |    rise  to  rise     |    fall  to  fall   |    rise  to  fall   |    fall  to  rise 
----------------------------------------------------------------------------------------------------------------------------------------------------
Starting                      Ending                        |  constraint  slack    |  constraint  slack  |  constraint  slack  |  constraint  slack
----------------------------------------------------------------------------------------------------------------------------------------------------
osc00|osc_int_inferred_clock  osc00|osc_int_inferred_clock  |  480.769     466.332  |  No paths    -      |  No paths    -      |  No paths    -    
====================================================================================================================================================
 Note: 'No paths' indicates there are no paths in the design for that pair of clock edges.
       'Diff grp' indicates that paths exist but the starting clock and ending clock are in different clock groups.



Interface Information 
*********************

No IO constraint found



====================================
Detailed Report for Clock: osc00|osc_int_inferred_clock
====================================



Starting Points with Worst Slack
********************************

                     Starting                                                         Arrival            
Instance             Reference                        Type        Pin     Net         Time        Slack  
                     Clock                                                                               
---------------------------------------------------------------------------------------------------------
L00.OS01.sdiv[0]     osc00|osc_int_inferred_clock     FD1S3IX     Q       sdiv[0]     1.044       466.332
L00.OS01.sdiv[1]     osc00|osc_int_inferred_clock     FD1S3IX     Q       sdiv[1]     1.044       466.332
L00.OS01.sdiv[2]     osc00|osc_int_inferred_clock     FD1S3IX     Q       sdiv[2]     1.044       466.332
L00.OS01.sdiv[3]     osc00|osc_int_inferred_clock     FD1S3IX     Q       sdiv[3]     1.044       466.332
L00.OS01.sdiv[4]     osc00|osc_int_inferred_clock     FD1S3IX     Q       sdiv[4]     1.044       466.332
L00.OS01.sdiv[5]     osc00|osc_int_inferred_clock     FD1S3IX     Q       sdiv[5]     1.044       466.332
L00.OS01.sdiv[6]     osc00|osc_int_inferred_clock     FD1S3IX     Q       sdiv[6]     1.044       466.332
L00.OS01.sdiv[7]     osc00|osc_int_inferred_clock     FD1S3IX     Q       sdiv[7]     1.044       466.332
L00.OS01.sdiv[8]     osc00|osc_int_inferred_clock     FD1S3IX     Q       sdiv[8]     1.044       466.332
L00.OS01.sdiv[9]     osc00|osc_int_inferred_clock     FD1S3IX     Q       sdiv[9]     1.044       466.332
=========================================================================================================


Ending Points with Worst Slack
******************************

                      Starting                                                              Required            
Instance              Reference                        Type        Pin     Net              Time         Slack  
                      Clock                                                                                     
----------------------------------------------------------------------------------------------------------------
L00.OS01.sdiv[21]     osc00|osc_int_inferred_clock     FD1S3IX     D       un1_sdiv[22]     480.664      466.332
L00.OS01.sdiv[19]     osc00|osc_int_inferred_clock     FD1S3IX     D       un1_sdiv[20]     480.664      466.475
L00.OS01.sdiv[20]     osc00|osc_int_inferred_clock     FD1S3IX     D       un1_sdiv[21]     480.664      466.475
L00.OS01.sdiv[17]     osc00|osc_int_inferred_clock     FD1S3IX     D       un1_sdiv[18]     480.664      466.618
L00.OS01.sdiv[18]     osc00|osc_int_inferred_clock     FD1S3IX     D       un1_sdiv[19]     480.664      466.618
L00.OS01.sdiv[15]     osc00|osc_int_inferred_clock     FD1S3IX     D       un1_sdiv[16]     480.664      466.760
L00.OS01.sdiv[16]     osc00|osc_int_inferred_clock     FD1S3IX     D       un1_sdiv[17]     480.664      466.760
L00.OS01.sdiv[13]     osc00|osc_int_inferred_clock     FD1S3IX     D       un1_sdiv[14]     480.664      466.903
L00.OS01.sdiv[14]     osc00|osc_int_inferred_clock     FD1S3IX     D       un1_sdiv[15]     480.664      466.903
L00.OS01.sdiv[11]     osc00|osc_int_inferred_clock     FD1S3IX     D       un1_sdiv[12]     480.664      467.046
================================================================================================================



Worst Path Information
***********************


Path information for path number 1: 
      Requested Period:                      480.769
    - Setup time:                            0.106
    + Clock delay at ending point:           0.000 (ideal)
    = Required time:                         480.664

    - Propagation time:                      14.332
    - Clock delay at starting point:         0.000 (ideal)
    = Slack (critical) :                     466.332

    Number of logic level(s):                20
    Starting point:                          L00.OS01.sdiv[0] / Q
    Ending point:                            L00.OS01.sdiv[21] / D
    The start point is clocked by            osc00|osc_int_inferred_clock [rising] on pin CK
    The end   point is clocked by            osc00|osc_int_inferred_clock [rising] on pin CK

Instance / Net                                             Pin      Pin               Arrival     No. of    
Name                                          Type         Name     Dir     Delay     Time        Fan Out(s)
------------------------------------------------------------------------------------------------------------
L00.OS01.sdiv[0]                              FD1S3IX      Q        Out     1.044     1.044       -         
sdiv[0]                                       Net          -        -       -         -           2         
L00.OS01.pdiv\.outosc13lto18_i_a2_15_5        ORCALUT4     A        In      0.000     1.044       -         
L00.OS01.pdiv\.outosc13lto18_i_a2_15_5        ORCALUT4     Z        Out     1.089     2.133       -         
outosc13lto18_i_a2_15_5                       Net          -        -       -         -           2         
L00.OS01.pdiv\.outosc38lto21_9_i_a2_1         ORCALUT4     C        In      0.000     2.133       -         
L00.OS01.pdiv\.outosc38lto21_9_i_a2_1         ORCALUT4     Z        Out     1.153     3.285       -         
N_84                                          Net          -        -       -         -           3         
L00.OS01.pdiv\.outosc13lto18_i_a2_17_0_a3     ORCALUT4     B        In      0.000     3.285       -         
L00.OS01.pdiv\.outosc13lto18_i_a2_17_0_a3     ORCALUT4     Z        Out     1.233     4.518       -         
N_3_19                                        Net          -        -       -         -           6         
L00.OS01.pdiv\.outosc28lto21_4_i              ORCALUT4     B        In      0.000     4.518       -         
L00.OS01.pdiv\.outosc28lto21_4_i              ORCALUT4     Z        Out     1.017     5.535       -         
N_45                                          Net          -        -       -         -           1         
L00.OS01.outosc_0_sqmuxa_5                    ORCALUT4     C        In      0.000     5.535       -         
L00.OS01.outosc_0_sqmuxa_5                    ORCALUT4     Z        Out     1.017     6.552       -         
outosc_0_sqmuxa_5                             Net          -        -       -         -           1         
L00.OS01.un1_outosc56_7_1                     ORCALUT4     A        In      0.000     6.552       -         
L00.OS01.un1_outosc56_7_1                     ORCALUT4     Z        Out     1.153     7.705       -         
un1_outosc56_7_1                              Net          -        -       -         -           3         
L00.OS01.un1_outosc56_7_2                     ORCALUT4     D        In      0.000     7.705       -         
L00.OS01.un1_outosc56_7_2                     ORCALUT4     Z        Out     1.089     8.793       -         
un1_outosc56_7_2                              Net          -        -       -         -           2         
L00.OS01.un1_sdiv_cry_0_0_RNO                 ORCALUT4     D        In      0.000     8.793       -         
L00.OS01.un1_sdiv_cry_0_0_RNO                 ORCALUT4     Z        Out     1.017     9.810       -         
un1_outosc56_i                                Net          -        -       -         -           1         
L00.OS01.un1_sdiv_cry_0_0                     CCU2D        B0       In      0.000     9.810       -         
L00.OS01.un1_sdiv_cry_0_0                     CCU2D        COUT     Out     1.544     11.355      -         
un1_sdiv_cry_0                                Net          -        -       -         -           1         
L00.OS01.un1_sdiv_cry_1_0                     CCU2D        CIN      In      0.000     11.355      -         
L00.OS01.un1_sdiv_cry_1_0                     CCU2D        COUT     Out     0.143     11.498      -         
un1_sdiv_cry_2                                Net          -        -       -         -           1         
L00.OS01.un1_sdiv_cry_3_0                     CCU2D        CIN      In      0.000     11.498      -         
L00.OS01.un1_sdiv_cry_3_0                     CCU2D        COUT     Out     0.143     11.640      -         
un1_sdiv_cry_4                                Net          -        -       -         -           1         
L00.OS01.un1_sdiv_cry_5_0                     CCU2D        CIN      In      0.000     11.640      -         
L00.OS01.un1_sdiv_cry_5_0                     CCU2D        COUT     Out     0.143     11.783      -         
un1_sdiv_cry_6                                Net          -        -       -         -           1         
L00.OS01.un1_sdiv_cry_7_0                     CCU2D        CIN      In      0.000     11.783      -         
L00.OS01.un1_sdiv_cry_7_0                     CCU2D        COUT     Out     0.143     11.926      -         
un1_sdiv_cry_8                                Net          -        -       -         -           1         
L00.OS01.un1_sdiv_cry_9_0                     CCU2D        CIN      In      0.000     11.926      -         
L00.OS01.un1_sdiv_cry_9_0                     CCU2D        COUT     Out     0.143     12.069      -         
un1_sdiv_cry_10                               Net          -        -       -         -           1         
L00.OS01.un1_sdiv_cry_11_0                    CCU2D        CIN      In      0.000     12.069      -         
L00.OS01.un1_sdiv_cry_11_0                    CCU2D        COUT     Out     0.143     12.211      -         
un1_sdiv_cry_12                               Net          -        -       -         -           1         
L00.OS01.un1_sdiv_cry_13_0                    CCU2D        CIN      In      0.000     12.211      -         
L00.OS01.un1_sdiv_cry_13_0                    CCU2D        COUT     Out     0.143     12.354      -         
un1_sdiv_cry_14                               Net          -        -       -         -           1         
L00.OS01.un1_sdiv_cry_15_0                    CCU2D        CIN      In      0.000     12.354      -         
L00.OS01.un1_sdiv_cry_15_0                    CCU2D        COUT     Out     0.143     12.497      -         
un1_sdiv_cry_16                               Net          -        -       -         -           1         
L00.OS01.un1_sdiv_cry_17_0                    CCU2D        CIN      In      0.000     12.497      -         
L00.OS01.un1_sdiv_cry_17_0                    CCU2D        COUT     Out     0.143     12.640      -         
un1_sdiv_cry_18                               Net          -        -       -         -           1         
L00.OS01.un1_sdiv_cry_19_0                    CCU2D        CIN      In      0.000     12.640      -         
L00.OS01.un1_sdiv_cry_19_0                    CCU2D        COUT     Out     0.143     12.783      -         
un1_sdiv_cry_20                               Net          -        -       -         -           1         
L00.OS01.un1_sdiv_s_21_0                      CCU2D        CIN      In      0.000     12.783      -         
L00.OS01.un1_sdiv_s_21_0                      CCU2D        S0       Out     1.549     14.332      -         
un1_sdiv[22]                                  Net          -        -       -         -           1         
L00.OS01.sdiv[21]                             FD1S3IX      D        In      0.000     14.332      -         
============================================================================================================



##### END OF TIMING REPORT #####]

Timing exceptions that could not be applied
None

Finished final timing analysis (Real Time elapsed 0h:00m:02s; CPU Time elapsed 0h:00m:01s; Memory used current: 153MB peak: 154MB)


Finished timing report (Real Time elapsed 0h:00m:02s; CPU Time elapsed 0h:00m:01s; Memory used current: 153MB peak: 154MB)

---------------------------------------
Resource Usage Report
Part: lcmxo2_7000he-5

Register bits: 54 of 6864 (1%)
PIC Latch:       0
I/O cells:       42


Details:
CCU2D:          16
FD1P3AX:        9
FD1P3IX:        21
FD1S3AX:        1
FD1S3IX:        23
GSR:            1
IB:             6
OB:             36
ORCALUT4:       105
OSCH:           1
PUR:            1
ROM64X1A:       7
VHI:            9
VLO:            9
Mapper successful!

At Mapper Exit (Real Time elapsed 0h:00m:02s; CPU Time elapsed 0h:00m:01s; Memory used current: 32MB peak: 154MB)

Process took 0h:00m:02s realtime, 0h:00m:01s cputime
# Wed Jun  6 23:39:35 2018

###########################################################]


Synthesis exit by 0.

edif2ngd  -l "MachXO2" -d LCMXO2-7000HE -path "C:/Users/Sergi/Desktop/Arquitectura de Computadoras/Tareas/grupo3CM1/lcd00/lcd" -path "C:/Users/Sergi/Desktop/Arquitectura de Computadoras/Tareas/grupo3CM1/lcd00"   "C:/Users/Sergi/Desktop/Arquitectura de Computadoras/Tareas/grupo3CM1/lcd00/lcd/lcd00_lcd.edi" "lcd00_lcd.ngo"   
edif2ngd:  version Diamond (64-bit) 3.10.0.111.2

Copyright (c) 1991-1994 by NeoCAD Inc. All rights reserved.
Copyright (c) 1995 AT&T Corp.   All rights reserved.
Copyright (c) 1995-2001 Lucent Technologies Inc.  All rights reserved.
Copyright (c) 2001 Agere Systems   All rights reserved.
Copyright (c) 2002-2017 Lattice Semiconductor Corporation,  All rights reserved.
Writing the design to lcd00_lcd.ngo...

Total CPU Time: 0 secs  

Total REAL Time: 0 secs  


ngdbuild  -a "MachXO2" -d LCMXO2-7000HE  -p "D:/LatticeDiamond/diamond/3.10_x64/ispfpga/xo2c00/data"  -p "C:/Users/Sergi/Desktop/Arquitectura de Computadoras/Tareas/grupo3CM1/lcd00/lcd" -p "C:/Users/Sergi/Desktop/Arquitectura de Computadoras/Tareas/grupo3CM1/lcd00"  "lcd00_lcd.ngo" "lcd00_lcd.ngd"  	
ngdbuild:  version Diamond (64-bit) 3.10.0.111.2

Copyright (c) 1991-1994 by NeoCAD Inc. All rights reserved.
Copyright (c) 1995 AT&T Corp.   All rights reserved.
Copyright (c) 1995-2001 Lucent Technologies Inc.  All rights reserved.
Copyright (c) 2001 Agere Systems   All rights reserved.
Copyright (c) 2002-2017 Lattice Semiconductor Corporation,  All rights reserved.
Reading 'lcd00_lcd.ngo' ...
Loading NGL library 'D:/LatticeDiamond/diamond/3.10_x64/ispfpga/xo2c00a/data/xo2alib.ngl'...
Loading NGL library 'D:/LatticeDiamond/diamond/3.10_x64/ispfpga/xo2c00/data/xo2clib.ngl'...
Loading NGL library 'D:/LatticeDiamond/diamond/3.10_x64/ispfpga/mg5g00/data/mg5glib.ngl'...
Loading NGL library 'D:/LatticeDiamond/diamond/3.10_x64/ispfpga/or5g00/data/orc5glib.ngl'...


Running DRC...

    <postMsg mid="1166052" type="Warning" dynamic="2" navigation="1" arg0="logical" arg1="L00/OS00/OSCInst0_SEDSTDBY" arg2="L00/OS00/OSCInst0_SEDSTDBY"  />
    <postMsg mid="1163101" type="Warning" dynamic="1" navigation="0" arg0="1"  />

Design Results:
    244 blocks expanded
Complete the first expansion.
Writing 'lcd00_lcd.ngd' ...
Total CPU Time: 0 secs  

Total REAL Time: 0 secs  


map -a "MachXO2" -p LCMXO2-7000HE -t TQFP144 -s 5 -oc Commercial   "lcd00_lcd.ngd" -o "lcd00_lcd_map.ncd" -pr "lcd00_lcd.prf" -mp "lcd00_lcd.mrp" -lpf "C:/Users/Sergi/Desktop/Arquitectura de Computadoras/Tareas/grupo3CM1/lcd00/lcd/lcd00_lcd_synplify.lpf" -lpf "C:/Users/Sergi/Desktop/Arquitectura de Computadoras/Tareas/grupo3CM1/lcd00/lcd00.lpf" -c 0            
map:  version Diamond (64-bit) 3.10.0.111.2

Copyright (c) 1991-1994 by NeoCAD Inc. All rights reserved.
Copyright (c) 1995 AT&T Corp.   All rights reserved.
Copyright (c) 1995-2001 Lucent Technologies Inc.  All rights reserved.
Copyright (c) 2001 Agere Systems   All rights reserved.
Copyright (c) 2002-2017 Lattice Semiconductor Corporation,  All rights reserved.
   Process the file: lcd00_lcd.ngd
   Picdevice="LCMXO2-7000HE"

   Pictype="TQFP144"

   Picspeed=5

   Remove unused logic

   Do not produce over sized NCDs.

Part used: LCMXO2-7000HETQFP144, Performance used: 5.

Loading device for application map from file 'xo2c7000.nph' in environment: D:/LatticeDiamond/diamond/3.10_x64/ispfpga.
Package Status:                     Final          Version 1.39.

Running general design DRC...

Removing unused logic...

Optimizing...




Design Summary:
   Number of registers:     54 out of  7209 (1%)
      PFU registers:           54 out of  6864 (1%)
      PIO registers:            0 out of   345 (0%)
   Number of SLICEs:        83 out of  3432 (2%)
      SLICEs as Logic/ROM:     83 out of  3432 (2%)
      SLICEs as RAM:            0 out of  2574 (0%)
      SLICEs as Carry:         16 out of  3432 (0%)
   Number of LUT4s:        162 out of  6864 (2%)
      Number used as logic LUTs:        130
      Number used as distributed RAM:     0
      Number used as ripple logic:       32
      Number used as shift registers:     0
   Number of PIO sites used: 42 + 4(JTAG) out of 115 (40%)
   Number of block RAMs:  0 out of 26 (0%)
   Number of GSRs:  0 out of 1 (0%)
   EFB used :       No
   JTAG used :      No
   Readback used :  No
   Oscillator used :  Yes
   Startup used :   No
   POR :            On
   Bandgap :        On
   Number of Power Controller:  0 out of 1 (0%)
   Number of Dynamic Bank Controller (BCINRD):  0 out of 6 (0%)
   Number of Dynamic Bank Controller (BCLVDSO):  0 out of 1 (0%)
   Number of DCCA:  0 out of 8 (0%)
   Number of DCMA:  0 out of 2 (0%)
   Number of PLLs:  0 out of 2 (0%)
   Number of DQSDLLs:  0 out of 2 (0%)
   Number of CLKDIVC:  0 out of 4 (0%)
   Number of ECLKSYNCA:  0 out of 4 (0%)
   Number of ECLKBRIDGECS:  0 out of 2 (0%)
   Notes:-
      1. Total number of LUT4s = (Number of logic LUT4s) + 2*(Number of distributed RAMs) + 2*(Number of ripple logic)
      2. Number of logic LUT4s does not include count of distributed RAM and ripple logic.
   Number of clocks:  1
     Net L00.sclk_0: 37 loads, 37 rising, 0 falling (Driver: L00/OS00/OSCInst0 )
   Number of Clock Enables:  6
     Net L04/outwordd_1_cnv[0]: 7 loads, 7 LSLICEs
     Net G_16: 9 loads, 9 LSLICEs
     Net L03/outFlagcd_RNO: 1 loads, 1 LSLICEs
     Net L03/ENcd_RNO_0: 1 loads, 1 LSLICEs
     Net L02/un1_resetc_2_i_o2_RNILH7O2: 4 loads, 4 LSLICEs
     Net L02/outFlagc_RNO: 1 loads, 1 LSLICEs
   Number of LSRs:  5
     Net G_23: 7 loads, 7 LSLICEs
     Net L03/outcontcd_58: 4 loads, 4 LSLICEs
     Net G_18: 6 loads, 6 LSLICEs
     Net L02/outwordconfigc_1_RNO[7]: 1 loads, 1 LSLICEs
     Net L00/OS01/outosc_0_sqmuxa_i_RNIODRF: 12 loads, 12 LSLICEs
   Number of nets driven by tri-state buffers:  0
   Top 10 highest fanout non-clock nets:
     Net outcontdata0_c[2]: 23 loads
     Net outcontdata0_c[3]: 23 loads
     Net reset0_c: 23 loads
     Net outFlagConfig0_c: 22 loads
     Net outcontdata0_c[1]: 20 loads
     Net outcontdata0_c[4]: 19 loads
     Net G_16: 18 loads
     Net outContConfig0_c[2]: 15 loads
     Net outContConfig0_c[3]: 14 loads
     Net outcontdata0_c[0]: 14 loads
 

   Number of warnings:  0
   Number of errors:    0



Total CPU Time: 0 secs  
Total REAL Time: 0 secs  
Peak Memory Usage: 58 MB

Dumping design to file lcd00_lcd_map.ncd.

mpartrce -p "lcd00_lcd.p2t" -f "lcd00_lcd.p3t" -tf "lcd00_lcd.pt" "lcd00_lcd_map.ncd" "lcd00_lcd.ncd"

---- MParTrce Tool ----
Removing old design directory at request of -rem command line option to this program.
Running par. Please wait . . .

Lattice Place and Route Report for Design "lcd00_lcd_map.ncd"
Wed Jun 06 23:39:38 2018

PAR: Place And Route Diamond (64-bit) 3.10.0.111.2.
Command Line: par -w -l 5 -i 6 -t 1 -c 0 -e 0 -gui -msgset "C:/Users/Sergi/Desktop/Arquitectura de Computadoras/Tareas/grupo3CM1/lcd00/promote.xml" -exp parUseNBR=1:parCDP=0:parCDR=0:parPathBased=OFF lcd00_lcd_map.ncd lcd00_lcd.dir/5_1.ncd lcd00_lcd.prf
Preference file: lcd00_lcd.prf.
Placement level-cost: 5-1.
Routing Iterations: 6

Loading design for application par from file lcd00_lcd_map.ncd.
Design name: toplcd00
NCD version: 3.3
Vendor:      LATTICE
Device:      LCMXO2-7000HE
Package:     TQFP144
Performance: 5
Loading device for application par from file 'xo2c7000.nph' in environment: D:/LatticeDiamond/diamond/3.10_x64/ispfpga.
Package Status:                     Final          Version 1.39.
Performance Hardware Data Status:   Final          Version 34.4.
License checked out.


Ignore Preference Error(s):  True
Device utilization summary:

   PIO (prelim)   42+4(JTAG)/336     14% used
                  42+4(JTAG)/115     40% bonded

   SLICE             83/3432          2% used

   OSC                1/1           100% used


Number of Signals: 230
Number of Connections: 691

Pin Constraint Summary:
   41 out of 42 pins locked (97% locked).

The following 1 signal is selected to use the primary clock routing resources:
    L00.sclk_0 (driver: L00/OS00/OSCInst0, clk load #: 37)


The following 1 signal is selected to use the secondary clock routing resources:
    L00/OS01/outosc_0_sqmuxa_i_RNIODRF (driver: L00/OS01/SLICE_55, clk load #: 0, sr load #: 12, ce load #: 0)

No signal is selected as Global Set/Reset.
.
Starting Placer Phase 0.
..........
Finished Placer Phase 0.  REAL time: 2 secs 

Starting Placer Phase 1.
....................
Placer score = 67063.
Finished Placer Phase 1.  REAL time: 6 secs 

Starting Placer Phase 2.
.
Placer score =  67038
Finished Placer Phase 2.  REAL time: 6 secs 


------------------ Clock Report ------------------

Global Clock Resources:
  CLK_PIN    : 0 out of 8 (0%)
  PLL        : 0 out of 2 (0%)
  DCM        : 0 out of 2 (0%)
  DCC        : 0 out of 8 (0%)

Quadrants All (TL, TR, BL, BR) - Global Clocks:
  PRIMARY "L00.sclk_0" from OSC on comp "L00/OS00/OSCInst0" on site "OSC", clk load = 37
  SECONDARY "L00/OS01/outosc_0_sqmuxa_i_RNIODRF" from F0 on comp "L00/OS01/SLICE_55" on site "R14C18C", clk load = 0, ce load = 0, sr load = 12

  PRIMARY  : 1 out of 8 (12%)
  SECONDARY: 1 out of 8 (12%)

Edge Clocks:
  No edge clock selected.

--------------- End of Clock Report ---------------


I/O Usage Summary (final):
   42 + 4(JTAG) out of 336 (13.7%) PIO sites used.
   42 + 4(JTAG) out of 115 (40.0%) bonded PIO sites used.
   Number of PIO comps: 42; differential: 0.
   Number of Vref pins used: 0.

I/O Bank Usage Summary:
+----------+----------------+------------+-----------+
| I/O Bank | Usage          | Bank Vccio | Bank Vref |
+----------+----------------+------------+-----------+
| 0        | 14 / 28 ( 50%) | 2.5V       | -         |
| 1        | 11 / 29 ( 37%) | 2.5V       | -         |
| 2        | 6 / 29 ( 20%)  | 2.5V       | -         |
| 3        | 0 / 9 (  0%)   | -          | -         |
| 4        | 1 / 10 ( 10%)  | 2.5V       | -         |
| 5        | 10 / 10 (100%) | 2.5V       | -         |
+----------+----------------+------------+-----------+

Total placer CPU time: 5 secs 

Dumping design to file lcd00_lcd.dir/5_1.ncd.

0 connections routed; 691 unrouted.
Starting router resource preassignment

Completed router resource preassignment. Real time: 8 secs 

Start NBR router at 23:39:46 06/06/18

*****************************************************************
Info: NBR allows conflicts(one node used by more than one signal)
      in the earlier iterations. In each iteration, it tries to  
      solve the conflicts while keeping the critical connections 
      routed as short as possible. The routing process is said to
      be completed when no conflicts exist and all connections   
      are routed.                                                
Note: NBR uses a different method to calculate timing slacks. The
      worst slack and total negative slack may not be the same as
      that in TRCE report. You should always run TRCE to verify  
      your design.                                               
*****************************************************************

Start NBR special constraint process at 23:39:46 06/06/18

Start NBR section for initial routing at 23:39:46 06/06/18
Level 4, iteration 1
16(0.00%) conflicts; 0(0.00%) untouched conn; 0 (nbr) score; 
Estimated worst slack/total negative slack<setup>: 465.603ns/0.000ns; real time: 9 secs 

Info: Initial congestion level at 75% usage is 0
Info: Initial congestion area  at 75% usage is 0 (0.00%)

Start NBR section for normal routing at 23:39:47 06/06/18
Level 4, iteration 1
7(0.00%) conflicts; 0(0.00%) untouched conn; 0 (nbr) score; 
Estimated worst slack/total negative slack<setup>: 464.791ns/0.000ns; real time: 9 secs 
Level 4, iteration 2
2(0.00%) conflicts; 0(0.00%) untouched conn; 0 (nbr) score; 
Estimated worst slack/total negative slack<setup>: 464.791ns/0.000ns; real time: 9 secs 
Level 4, iteration 3
1(0.00%) conflict; 0(0.00%) untouched conn; 0 (nbr) score; 
Estimated worst slack/total negative slack<setup>: 464.791ns/0.000ns; real time: 9 secs 
Level 4, iteration 4
0(0.00%) conflict; 0(0.00%) untouched conn; 0 (nbr) score; 
Estimated worst slack/total negative slack<setup>: 464.791ns/0.000ns; real time: 9 secs 

Start NBR section for setup/hold timing optimization with effort level 3 at 23:39:47 06/06/18

Start NBR section for re-routing at 23:39:47 06/06/18
Level 4, iteration 1
0(0.00%) conflict; 0(0.00%) untouched conn; 0 (nbr) score; 
Estimated worst slack/total negative slack<setup>: 464.791ns/0.000ns; real time: 9 secs 

Start NBR section for post-routing at 23:39:47 06/06/18

End NBR router with 0 unrouted connection

NBR Summary
-----------
  Number of unrouted connections : 0 (0.00%)
  Number of connections with timing violations : 0 (0.00%)
  Estimated worst slack<setup> : 464.791ns
  Timing score<setup> : 0
-----------
Notes: The timing info is calculated for SETUP only and all PAR_ADJs are ignored.



Total CPU time 9 secs 
Total REAL time: 10 secs 
Completely routed.
End of route.  691 routed (100.00%); 0 unrouted.

Hold time timing score: 0, hold timing errors: 0

Timing score: 0 

Dumping design to file lcd00_lcd.dir/5_1.ncd.


PAR_SUMMARY::Run status = Success
PAR_SUMMARY::Number of unrouted conns = 0
PAR_SUMMARY::Worst  slack<setup/<ns>> = 464.791
PAR_SUMMARY::Timing score<setup/<ns>> = 0.000
PAR_SUMMARY::Worst  slack<hold /<ns>> = 0.379
PAR_SUMMARY::Timing score<hold /<ns>> = 0.000
PAR_SUMMARY::Number of errors = 0

Total CPU  time to completion: 9 secs 
Total REAL time to completion: 10 secs 

par done!

Copyright (c) 1991-1994 by NeoCAD Inc. All rights reserved.
Copyright (c) 1995 AT&T Corp.   All rights reserved.
Copyright (c) 1995-2001 Lucent Technologies Inc.  All rights reserved.
Copyright (c) 2001 Agere Systems   All rights reserved.
Copyright (c) 2002-2017 Lattice Semiconductor Corporation,  All rights reserved.
Exiting par with exit code 0
Exiting mpartrce with exit code 0

bitgen -f "lcd00_lcd.t2b" -w "lcd00_lcd.ncd" -jedec "lcd00_lcd.prf"


BITGEN: Bitstream Generator Diamond (64-bit) 3.10.0.111.2
Copyright (c) 1991-1994 by NeoCAD Inc. All rights reserved.
Copyright (c) 1995 AT&T Corp.   All rights reserved.
Copyright (c) 1995-2001 Lucent Technologies Inc.  All rights reserved.
Copyright (c) 2001 Agere Systems   All rights reserved.
Copyright (c) 2002-2017 Lattice Semiconductor Corporation,  All rights reserved.


Loading design for application Bitgen from file lcd00_lcd.ncd.
Design name: toplcd00
NCD version: 3.3
Vendor:      LATTICE
Device:      LCMXO2-7000HE
Package:     TQFP144
Performance: 5
Loading device for application Bitgen from file 'xo2c7000.nph' in environment: D:/LatticeDiamond/diamond/3.10_x64/ispfpga.
Package Status:                     Final          Version 1.39.
Performance Hardware Data Status:   Final          Version 34.4.

Running DRC.
DRC detected 0 errors and 0 warnings.
Reading Preference File from lcd00_lcd.prf.

Preference Summary:
+---------------------------------+---------------------------------+
|  Preference                     |  Current Setting                |
+---------------------------------+---------------------------------+
|                         RamCfg  |                        Reset**  |
+---------------------------------+---------------------------------+
|                     MCCLK_FREQ  |                         2.08**  |
+---------------------------------+---------------------------------+
|                  CONFIG_SECURE  |                          OFF**  |
+---------------------------------+---------------------------------+
|                          INBUF  |                           ON**  |
+---------------------------------+---------------------------------+
|                      JTAG_PORT  |                       ENABLE**  |
+---------------------------------+---------------------------------+
|                       SDM_PORT  |                      DISABLE**  |
+---------------------------------+---------------------------------+
|                 SLAVE_SPI_PORT  |                      DISABLE**  |
+---------------------------------+---------------------------------+
|                MASTER_SPI_PORT  |                      DISABLE**  |
+---------------------------------+---------------------------------+
|                       I2C_PORT  |                      DISABLE**  |
+---------------------------------+---------------------------------+
|        MUX_CONFIGURATION_PORTS  |                      DISABLE**  |
+---------------------------------+---------------------------------+
|                  CONFIGURATION  |                          CFG**  |
+---------------------------------+---------------------------------+
|                COMPRESS_CONFIG  |                           ON**  |
+---------------------------------+---------------------------------+
|                        MY_ASSP  |                          OFF**  |
+---------------------------------+---------------------------------+
|               ONE_TIME_PROGRAM  |                          OFF**  |
+---------------------------------+---------------------------------+
|                 ENABLE_TRANSFR  |                      DISABLE**  |
+---------------------------------+---------------------------------+
|                  SHAREDEBRINIT  |                      DISABLE**  |
+---------------------------------+---------------------------------+
|            BACKGROUND_RECONFIG  |                          OFF**  |
+---------------------------------+---------------------------------+
 *  Default setting.
 ** The specified setting matches the default setting.


Creating bit map...
 
Bitstream Status: Final           Version 1.94.
 
Saving bit stream in "lcd00_lcd.jed".
 
===========
UFM Summary.
===========
UFM Size:        2046 Pages (128*2046 Bits).
UFM Utilization: General Purpose Flash Memory.
 
Available General Purpose Flash Memory: 2046 Pages (Page 0 to Page 2045).
Initialized UFM Pages:                     0 Page.
 
