
synpwrap -msg -prj "signo00_signo0_synplify.tcl" -log "signo00_signo0.srf"
Copyright (C) 1992-2017 Lattice Semiconductor Corporation. All rights reserved.
Lattice Diamond Version 3.10.0.111.2
    <postMsg mid="2011000" type="Info"    dynamic="0" navigation="0"  />

==contents of signo00_signo0.srf
#Build: Synplify Pro (R) M-2017.03L-SP1-1, Build 086R, Aug  4 2017
#install: C:\Program Files\diamond\3.10_x64\synpbase
#OS: Windows 8 6.2
#Hostname: DESKTOP-JBP5BT2

# Wed May  8 11:44:53 2019

#Implementation: signo0

Synopsys HDL Compiler, version comp2017q2p1, Build 190R, built Aug  4 2017
@N|Running in 64-bit mode
Copyright (C) 1994-2017 Synopsys, Inc. This Synopsys software and all associated documentation are proprietary to Synopsys, Inc. and may only be used pursuant to the terms and conditions of a written license agreement with Synopsys, Inc. All other use, reproduction, modification, or distribution of the Synopsys software or the associated documentation is strictly prohibited.

Synopsys VHDL Compiler, version comp2017q2p1, Build 190R, built Aug  4 2017
@N|Running in 64-bit mode
Copyright (C) 1994-2017 Synopsys, Inc. This Synopsys software and all associated documentation are proprietary to Synopsys, Inc. and may only be used pursuant to the terms and conditions of a written license agreement with Synopsys, Inc. All other use, reproduction, modification, or distribution of the Synopsys software or the associated documentation is strictly prohibited.

@N: CD720 :"C:\Program Files\diamond\3.10_x64\synpbase\lib\vhd\std.vhd":123:18:123:21|Setting time resolution to ps
@N:"C:\Users\Valery Garibay\Desktop\NUEVOARQUI\signo00\signo00.vhd":4:7:4:13|Top entity is set to signo00.
File C:\Users\Valery Garibay\Desktop\NUEVOARQUI\signo00\signo00.vhd changed - recompiling
VHDL syntax check successful!
File C:\Users\Valery Garibay\Desktop\NUEVOARQUI\signo00\signo00.vhd changed - recompiling
@N: CD630 :"C:\Users\Valery Garibay\Desktop\NUEVOARQUI\signo00\signo00.vhd":4:7:4:13|Synthesizing work.signo00.signo0.
Post processing for work.signo00.signo0

At c_vhdl Exit (Real Time elapsed 0h:00m:00s; CPU Time elapsed 0h:00m:00s; Memory used current: 70MB peak: 71MB)

Process took 0h:00m:01s realtime, 0h:00m:01s cputime

Process completed successfully.
# Wed May  8 11:44:54 2019

###########################################################]
Synopsys Netlist Linker, version comp2017q2p1, Build 190R, built Aug  4 2017
@N|Running in 64-bit mode
File C:\Users\Valery Garibay\Desktop\NUEVOARQUI\signo00\signo0\synwork\layer0.srs changed - recompiling

At syn_nfilter Exit (Real Time elapsed 0h:00m:00s; CPU Time elapsed 0h:00m:00s; Memory used current: 67MB peak: 68MB)

Process took 0h:00m:01s realtime, 0h:00m:01s cputime

Process completed successfully.
# Wed May  8 11:44:55 2019

###########################################################]
@END

At c_hdl Exit (Real Time elapsed 0h:00m:01s; CPU Time elapsed 0h:00m:00s; Memory used current: 3MB peak: 4MB)

Process took 0h:00m:01s realtime, 0h:00m:01s cputime

Process completed successfully.
# Wed May  8 11:44:55 2019

###########################################################]
Synopsys Netlist Linker, version comp2017q2p1, Build 190R, built Aug  4 2017
@N|Running in 64-bit mode
File C:\Users\Valery Garibay\Desktop\NUEVOARQUI\signo00\signo0\synwork\signo00_signo0_comp.srs changed - recompiling

At syn_nfilter Exit (Real Time elapsed 0h:00m:00s; CPU Time elapsed 0h:00m:00s; Memory used current: 67MB peak: 68MB)

Process took 0h:00m:01s realtime, 0h:00m:01s cputime

Process completed successfully.
# Wed May  8 11:44:56 2019

###########################################################]
Pre-mapping Report

# Wed May  8 11:44:57 2019

Synopsys Lattice Technology Pre-mapping, Version maplat, Build 1796R, Built Aug  4 2017 11:10:16
Copyright (C) 1994-2017 Synopsys, Inc. This Synopsys software and all associated documentation are proprietary to Synopsys, Inc. and may only be used pursuant to the terms and conditions of a written license agreement with Synopsys, Inc. All other use, reproduction, modification, or distribution of the Synopsys software or the associated documentation is strictly prohibited.
Product Version M-2017.03L-SP1-1

Mapper Startup Complete (Real Time elapsed 0h:00m:00s; CPU Time elapsed 0h:00m:00s; Memory used current: 99MB peak: 99MB)

@A: MF827 |No constraint file specified.
@L: C:\Users\Valery Garibay\Desktop\NUEVOARQUI\signo00\signo0\signo00_signo0_scck.rpt 
Printing clock  summary report in "C:\Users\Valery Garibay\Desktop\NUEVOARQUI\signo00\signo0\signo00_signo0_scck.rpt" file 
@N: MF248 |Running in 64-bit mode.
@N: MF666 |Clock conversion enabled. (Command "set_option -fix_gated_and_generated_clocks 1" in the project file.)

Design Input Complete (Real Time elapsed 0h:00m:00s; CPU Time elapsed 0h:00m:00s; Memory used current: 99MB peak: 102MB)


Mapper Initialization Complete (Real Time elapsed 0h:00m:00s; CPU Time elapsed 0h:00m:00s; Memory used current: 99MB peak: 102MB)


Start loading timing files (Real Time elapsed 0h:00m:00s; CPU Time elapsed 0h:00m:00s; Memory used current: 111MB peak: 112MB)


Finished loading timing files (Real Time elapsed 0h:00m:00s; CPU Time elapsed 0h:00m:00s; Memory used current: 111MB peak: 114MB)

ICG Latch Removal Summary:
Number of ICG latches removed:	0
Number of ICG latches not removed:	0
syn_allowed_resources : blockrams=26  set on top level netlist signo00

Finished netlist restructuring (Real Time elapsed 0h:00m:00s; CPU Time elapsed 0h:00m:00s; Memory used current: 139MB peak: 141MB)



Clock Summary
******************

          Start     Requested     Requested     Clock     Clock     Clock
Level     Clock     Frequency     Period        Type      Group     Load 
-------------------------------------------------------------------------
=========================================================================

Finished Pre Mapping Phase.

Starting constraint checker (Real Time elapsed 0h:00m:01s; CPU Time elapsed 0h:00m:00s; Memory used current: 139MB peak: 141MB)


Finished constraint checker preprocessing (Real Time elapsed 0h:00m:01s; CPU Time elapsed 0h:00m:00s; Memory used current: 139MB peak: 141MB)

None
None

Finished constraint checker (Real Time elapsed 0h:00m:01s; CPU Time elapsed 0h:00m:00s; Memory used current: 139MB peak: 141MB)

Pre-mapping successful!

At Mapper Exit (Real Time elapsed 0h:00m:01s; CPU Time elapsed 0h:00m:00s; Memory used current: 54MB peak: 141MB)

Process took 0h:00m:01s realtime, 0h:00m:01s cputime
# Wed May  8 11:44:58 2019

###########################################################]
Map & Optimize Report

# Wed May  8 11:44:59 2019

Synopsys Lattice Technology Mapper, Version maplat, Build 1796R, Built Aug  4 2017 11:10:16
Copyright (C) 1994-2017 Synopsys, Inc. This Synopsys software and all associated documentation are proprietary to Synopsys, Inc. and may only be used pursuant to the terms and conditions of a written license agreement with Synopsys, Inc. All other use, reproduction, modification, or distribution of the Synopsys software or the associated documentation is strictly prohibited.
Product Version M-2017.03L-SP1-1

Mapper Startup Complete (Real Time elapsed 0h:00m:00s; CPU Time elapsed 0h:00m:00s; Memory used current: 99MB peak: 99MB)

@N: MF248 |Running in 64-bit mode.
@N: MF666 |Clock conversion enabled. (Command "set_option -fix_gated_and_generated_clocks 1" in the project file.)

Design Input Complete (Real Time elapsed 0h:00m:00s; CPU Time elapsed 0h:00m:00s; Memory used current: 98MB peak: 100MB)


Mapper Initialization Complete (Real Time elapsed 0h:00m:00s; CPU Time elapsed 0h:00m:00s; Memory used current: 98MB peak: 100MB)


Start loading timing files (Real Time elapsed 0h:00m:00s; CPU Time elapsed 0h:00m:00s; Memory used current: 111MB peak: 112MB)


Finished loading timing files (Real Time elapsed 0h:00m:00s; CPU Time elapsed 0h:00m:00s; Memory used current: 111MB peak: 114MB)



Starting Optimization and Mapping (Real Time elapsed 0h:00m:00s; CPU Time elapsed 0h:00m:00s; Memory used current: 139MB peak: 141MB)


Available hyper_sources - for debug and ip models
	None Found


Finished RTL optimizations (Real Time elapsed 0h:00m:00s; CPU Time elapsed 0h:00m:00s; Memory used current: 138MB peak: 141MB)


Starting factoring (Real Time elapsed 0h:00m:00s; CPU Time elapsed 0h:00m:00s; Memory used current: 138MB peak: 141MB)


Finished factoring (Real Time elapsed 0h:00m:00s; CPU Time elapsed 0h:00m:00s; Memory used current: 138MB peak: 141MB)


Starting gated-clock and generated-clock conversion (Real Time elapsed 0h:00m:00s; CPU Time elapsed 0h:00m:00s; Memory used current: 139MB peak: 141MB)


Finished gated-clock and generated-clock conversion (Real Time elapsed 0h:00m:00s; CPU Time elapsed 0h:00m:00s; Memory used current: 139MB peak: 141MB)


Finished generic timing optimizations - Pass 1 (Real Time elapsed 0h:00m:00s; CPU Time elapsed 0h:00m:00s; Memory used current: 139MB peak: 141MB)


Starting Early Timing Optimization (Real Time elapsed 0h:00m:00s; CPU Time elapsed 0h:00m:00s; Memory used current: 139MB peak: 141MB)


Finished Early Timing Optimization (Real Time elapsed 0h:00m:00s; CPU Time elapsed 0h:00m:00s; Memory used current: 139MB peak: 141MB)


Finished generic timing optimizations - Pass 2 (Real Time elapsed 0h:00m:00s; CPU Time elapsed 0h:00m:00s; Memory used current: 139MB peak: 141MB)


Finished preparing to map (Real Time elapsed 0h:00m:00s; CPU Time elapsed 0h:00m:00s; Memory used current: 139MB peak: 141MB)


Finished technology mapping (Real Time elapsed 0h:00m:00s; CPU Time elapsed 0h:00m:00s; Memory used current: 138MB peak: 141MB)

Pass		 CPU time		Worst Slack		Luts / Registers
------------------------------------------------------------

Finished technology timing optimizations and critical path resynthesis (Real Time elapsed 0h:00m:00s; CPU Time elapsed 0h:00m:00s; Memory used current: 138MB peak: 141MB)

@N: FX164 |The option to pack registers in the IOB has not been specified. Please set syn_useioff attribute.  

Finished restoring hierarchy (Real Time elapsed 0h:00m:00s; CPU Time elapsed 0h:00m:00s; Memory used current: 139MB peak: 141MB)



@S |Clock Optimization Summary


#### START OF CLOCK OPTIMIZATION REPORT #####[

0 non-gated/non-generated clock tree(s) driving 0 clock pin(s) of sequential element(s)
0 gated/generated clock tree(s) driving 0 clock pin(s) of sequential element(s)
0 instances converted, 0 sequential instances remain driven by gated/generated clocks



##### END OF CLOCK OPTIMIZATION REPORT ######]


Start Writing Netlists (Real Time elapsed 0h:00m:01s; CPU Time elapsed 0h:00m:00s; Memory used current: 105MB peak: 141MB)

Writing Analyst data base C:\Users\Valery Garibay\Desktop\NUEVOARQUI\signo00\signo0\synwork\signo00_signo0_m.srm

Finished Writing Netlist Databases (Real Time elapsed 0h:00m:01s; CPU Time elapsed 0h:00m:01s; Memory used current: 138MB peak: 141MB)

Writing EDIF Netlist and constraint files
@N: FX1056 |Writing EDF file: C:\Users\Valery Garibay\Desktop\NUEVOARQUI\signo00\signo0\signo00_signo0.edi
M-2017.03L-SP1-1
@N: BW106 |Synplicity Constraint File capacitance units using default value of 1pF 

Finished Writing EDIF Netlist and constraint files (Real Time elapsed 0h:00m:02s; CPU Time elapsed 0h:00m:01s; Memory used current: 142MB peak: 144MB)


Start final timing analysis (Real Time elapsed 0h:00m:02s; CPU Time elapsed 0h:00m:01s; Memory used current: 143MB peak: 144MB)



##### START OF TIMING REPORT #####[
# Timing Report written on Wed May  8 11:45:01 2019
#


Top view:               signo00
Requested Frequency:    1.0 MHz
Wire load mode:         top
Paths requested:        5
Constraint File(s):    
@N: MT320 |This timing report is an estimate of place and route data. For final timing results, use the FPGA vendor place and route report.

@N: MT322 |Clock constraints include only register-to-register paths associated with each individual clock.



Performance Summary
*******************


Worst slack in design: NA






Clock Relationships
*******************

Clocks            |    rise  to  rise   |    fall  to  fall   |    rise  to  fall   |    fall  to  rise 
--------------------------------------------------------------------------------------------------------
Starting  Ending  |  constraint  slack  |  constraint  slack  |  constraint  slack  |  constraint  slack
--------------------------------------------------------------------------------------------------------
========================================================================================================
 Note: 'No paths' indicates there are no paths in the design for that pair of clock edges.
       'Diff grp' indicates that paths exist but the starting clock and ending clock are in different clock groups.



Interface Information 
*********************

No IO constraint found


##### END OF TIMING REPORT #####]

Timing exceptions that could not be applied
None

Finished final timing analysis (Real Time elapsed 0h:00m:02s; CPU Time elapsed 0h:00m:01s; Memory used current: 143MB peak: 144MB)


Finished timing report (Real Time elapsed 0h:00m:02s; CPU Time elapsed 0h:00m:01s; Memory used current: 143MB peak: 144MB)

---------------------------------------
Resource Usage Report
Part: lcmxo2_7000he-4

Register bits: 0 of 6864 (0%)
PIC Latch:       0
I/O cells:       24


Details:
GSR:            1
IB:             8
OB:             16
PUR:            1
VHI:            1
VLO:            1
Mapper successful!

At Mapper Exit (Real Time elapsed 0h:00m:02s; CPU Time elapsed 0h:00m:02s; Memory used current: 30MB peak: 144MB)

Process took 0h:00m:02s realtime, 0h:00m:02s cputime
# Wed May  8 11:45:02 2019

###########################################################]


Synthesis exit by 0.

edif2ngd  -l "MachXO2" -d LCMXO2-7000HE -path "C:/Users/Valery Garibay/Desktop/NUEVOARQUI/signo00/signo0" -path "C:/Users/Valery Garibay/Desktop/NUEVOARQUI/signo00"   "C:/Users/Valery Garibay/Desktop/NUEVOARQUI/signo00/signo0/signo00_signo0.edi" "signo00_signo0.ngo"   
edif2ngd:  version Diamond (64-bit) 3.10.0.111.2

Copyright (c) 1991-1994 by NeoCAD Inc. All rights reserved.
Copyright (c) 1995 AT&T Corp.   All rights reserved.
Copyright (c) 1995-2001 Lucent Technologies Inc.  All rights reserved.
Copyright (c) 2001 Agere Systems   All rights reserved.
Copyright (c) 2002-2017 Lattice Semiconductor Corporation,  All rights reserved.
Writing the design to signo00_signo0.ngo...

Total CPU Time: 0 secs  

Total REAL Time: 0 secs  


ngdbuild  -a "MachXO2" -d LCMXO2-7000HE  -p "C:/Program Files/diamond/3.10_x64/ispfpga/xo2c00/data"  -p "C:/Users/Valery Garibay/Desktop/NUEVOARQUI/signo00/signo0" -p "C:/Users/Valery Garibay/Desktop/NUEVOARQUI/signo00"  "signo00_signo0.ngo" "signo00_signo0.ngd"  	
ngdbuild:  version Diamond (64-bit) 3.10.0.111.2

Copyright (c) 1991-1994 by NeoCAD Inc. All rights reserved.
Copyright (c) 1995 AT&T Corp.   All rights reserved.
Copyright (c) 1995-2001 Lucent Technologies Inc.  All rights reserved.
Copyright (c) 2001 Agere Systems   All rights reserved.
Copyright (c) 2002-2017 Lattice Semiconductor Corporation,  All rights reserved.
Reading 'signo00_signo0.ngo' ...
Loading NGL library 'C:/Program Files/diamond/3.10_x64/ispfpga/xo2c00a/data/xo2alib.ngl'...
Loading NGL library 'C:/Program Files/diamond/3.10_x64/ispfpga/xo2c00/data/xo2clib.ngl'...
Loading NGL library 'C:/Program Files/diamond/3.10_x64/ispfpga/mg5g00/data/mg5glib.ngl'...
Loading NGL library 'C:/Program Files/diamond/3.10_x64/ispfpga/or5g00/data/orc5glib.ngl'...


Running DRC...

DRC complete with no errors or warnings

Design Results:
     27 blocks expanded
Complete the first expansion.
Writing 'signo00_signo0.ngd' ...
Total CPU Time: 0 secs  

Total REAL Time: 0 secs  


map -a "MachXO2" -p LCMXO2-7000HE -t TQFP144 -s 4 -oc Commercial   "signo00_signo0.ngd" -o "signo00_signo0_map.ncd" -pr "signo00_signo0.prf" -mp "signo00_signo0.mrp" -lpf "C:/Users/Valery Garibay/Desktop/NUEVOARQUI/signo00/signo0/signo00_signo0_synplify.lpf" -lpf "C:/Users/Valery Garibay/Desktop/NUEVOARQUI/signo00/signo00.lpf" -c 0            
map:  version Diamond (64-bit) 3.10.0.111.2

Copyright (c) 1991-1994 by NeoCAD Inc. All rights reserved.
Copyright (c) 1995 AT&T Corp.   All rights reserved.
Copyright (c) 1995-2001 Lucent Technologies Inc.  All rights reserved.
Copyright (c) 2001 Agere Systems   All rights reserved.
Copyright (c) 2002-2017 Lattice Semiconductor Corporation,  All rights reserved.
   Process the file: signo00_signo0.ngd
   Picdevice="LCMXO2-7000HE"

   Pictype="TQFP144"

   Picspeed=4

   Remove unused logic

   Do not produce over sized NCDs.

Part used: LCMXO2-7000HETQFP144, Performance used: 4.

    <postMsg mid="1100679" type="Warning" dynamic="2" navigation="2" arg0="C:/Users/Valery Garibay/Desktop/NUEVOARQUI/signo00/signo00.lpf(11): Semantic error in &quot;LOCATE COMP &quot;vector_entrada[8]&quot; SITE &quot;54&quot; ;&quot;: " arg1="vector_entrada[8]" arg2="C:/Users/Valery Garibay/Desktop/NUEVOARQUI/signo00/signo00.lpf" arg3="11"  />
    <postMsg mid="1100679" type="Warning" dynamic="2" navigation="2" arg0="C:/Users/Valery Garibay/Desktop/NUEVOARQUI/signo00/signo00.lpf(12): Semantic error in &quot;LOCATE COMP &quot;vector_entrada[9]&quot; SITE &quot;56&quot; ;&quot;: " arg1="vector_entrada[9]" arg2="C:/Users/Valery Garibay/Desktop/NUEVOARQUI/signo00/signo00.lpf" arg3="12"  />
    <postMsg mid="1100679" type="Warning" dynamic="2" navigation="2" arg0="C:/Users/Valery Garibay/Desktop/NUEVOARQUI/signo00/signo00.lpf(13): Semantic error in &quot;LOCATE COMP &quot;vector_entrada[10]&quot; SITE &quot;52&quot; ;&quot;: " arg1="vector_entrada[10]" arg2="C:/Users/Valery Garibay/Desktop/NUEVOARQUI/signo00/signo00.lpf" arg3="13"  />
    <postMsg mid="1100679" type="Warning" dynamic="2" navigation="2" arg0="C:/Users/Valery Garibay/Desktop/NUEVOARQUI/signo00/signo00.lpf(14): Semantic error in &quot;LOCATE COMP &quot;vector_entrada[11]&quot; SITE &quot;55&quot; ;&quot;: " arg1="vector_entrada[11]" arg2="C:/Users/Valery Garibay/Desktop/NUEVOARQUI/signo00/signo00.lpf" arg3="14"  />
    <postMsg mid="1100679" type="Warning" dynamic="2" navigation="2" arg0="C:/Users/Valery Garibay/Desktop/NUEVOARQUI/signo00/signo00.lpf(15): Semantic error in &quot;LOCATE COMP &quot;vector_entrada[12]&quot; SITE &quot;48&quot; ;&quot;: " arg1="vector_entrada[12]" arg2="C:/Users/Valery Garibay/Desktop/NUEVOARQUI/signo00/signo00.lpf" arg3="15"  />
    <postMsg mid="1100679" type="Warning" dynamic="2" navigation="2" arg0="C:/Users/Valery Garibay/Desktop/NUEVOARQUI/signo00/signo00.lpf(16): Semantic error in &quot;LOCATE COMP &quot;vector_entrada[13]&quot; SITE &quot;50&quot; ;&quot;: " arg1="vector_entrada[13]" arg2="C:/Users/Valery Garibay/Desktop/NUEVOARQUI/signo00/signo00.lpf" arg3="16"  />
    <postMsg mid="1100679" type="Warning" dynamic="2" navigation="2" arg0="C:/Users/Valery Garibay/Desktop/NUEVOARQUI/signo00/signo00.lpf(17): Semantic error in &quot;LOCATE COMP &quot;vector_entrada[14]&quot; SITE &quot;47&quot; ;&quot;: " arg1="vector_entrada[14]" arg2="C:/Users/Valery Garibay/Desktop/NUEVOARQUI/signo00/signo00.lpf" arg3="17"  />
    <postMsg mid="1100679" type="Warning" dynamic="2" navigation="2" arg0="C:/Users/Valery Garibay/Desktop/NUEVOARQUI/signo00/signo00.lpf(18): Semantic error in &quot;LOCATE COMP &quot;vector_entrada[15]&quot; SITE &quot;49&quot; ;&quot;: " arg1="vector_entrada[15]" arg2="C:/Users/Valery Garibay/Desktop/NUEVOARQUI/signo00/signo00.lpf" arg3="18"  />
    <postMsg mid="1100679" type="Warning" dynamic="2" navigation="2" arg0="C:/Users/Valery Garibay/Desktop/NUEVOARQUI/signo00/signo00.lpf(34): Semantic error in &quot;LOCATE COMP &quot;vector_salida[17]&quot; SITE &quot;133&quot; ;&quot;: " arg1="vector_salida[17]" arg2="C:/Users/Valery Garibay/Desktop/NUEVOARQUI/signo00/signo00.lpf" arg3="34"  />
    <postMsg mid="1100679" type="Warning" dynamic="2" navigation="2" arg0="C:/Users/Valery Garibay/Desktop/NUEVOARQUI/signo00/signo00.lpf(35): Semantic error in &quot;LOCATE COMP &quot;vector_salida[18]&quot; SITE &quot;132&quot; ;&quot;: " arg1="vector_salida[18]" arg2="C:/Users/Valery Garibay/Desktop/NUEVOARQUI/signo00/signo00.lpf" arg3="35"  />
    <postMsg mid="1100679" type="Warning" dynamic="2" navigation="2" arg0="C:/Users/Valery Garibay/Desktop/NUEVOARQUI/signo00/signo00.lpf(36): Semantic error in &quot;LOCATE COMP &quot;vector_salida[19]&quot; SITE &quot;74&quot; ;&quot;: " arg1="vector_salida[19]" arg2="C:/Users/Valery Garibay/Desktop/NUEVOARQUI/signo00/signo00.lpf" arg3="36"  />
    <postMsg mid="1100679" type="Warning" dynamic="2" navigation="2" arg0="C:/Users/Valery Garibay/Desktop/NUEVOARQUI/signo00/signo00.lpf(37): Semantic error in &quot;LOCATE COMP &quot;vector_salida[20]&quot; SITE &quot;73&quot; ;&quot;: " arg1="vector_salida[20]" arg2="C:/Users/Valery Garibay/Desktop/NUEVOARQUI/signo00/signo00.lpf" arg3="37"  />
    <postMsg mid="1100679" type="Warning" dynamic="2" navigation="2" arg0="C:/Users/Valery Garibay/Desktop/NUEVOARQUI/signo00/signo00.lpf(38): Semantic error in &quot;LOCATE COMP &quot;vector_salida[21]&quot; SITE &quot;76&quot; ;&quot;: " arg1="vector_salida[21]" arg2="C:/Users/Valery Garibay/Desktop/NUEVOARQUI/signo00/signo00.lpf" arg3="38"  />
    <postMsg mid="1100679" type="Warning" dynamic="2" navigation="2" arg0="C:/Users/Valery Garibay/Desktop/NUEVOARQUI/signo00/signo00.lpf(39): Semantic error in &quot;LOCATE COMP &quot;vector_salida[22]&quot; SITE &quot;75&quot; ;&quot;: " arg1="vector_salida[22]" arg2="C:/Users/Valery Garibay/Desktop/NUEVOARQUI/signo00/signo00.lpf" arg3="39"  />
    <postMsg mid="1100679" type="Warning" dynamic="2" navigation="2" arg0="C:/Users/Valery Garibay/Desktop/NUEVOARQUI/signo00/signo00.lpf(40): Semantic error in &quot;LOCATE COMP &quot;vector_salida[23]&quot; SITE &quot;78&quot; ;&quot;: " arg1="vector_salida[23]" arg2="C:/Users/Valery Garibay/Desktop/NUEVOARQUI/signo00/signo00.lpf" arg3="40"  />
    <postMsg mid="1100679" type="Warning" dynamic="2" navigation="2" arg0="C:/Users/Valery Garibay/Desktop/NUEVOARQUI/signo00/signo00.lpf(41): Semantic error in &quot;LOCATE COMP &quot;vector_salida[24]&quot; SITE &quot;77&quot; ;&quot;: " arg1="vector_salida[24]" arg2="C:/Users/Valery Garibay/Desktop/NUEVOARQUI/signo00/signo00.lpf" arg3="41"  />
    <postMsg mid="1100679" type="Warning" dynamic="2" navigation="2" arg0="C:/Users/Valery Garibay/Desktop/NUEVOARQUI/signo00/signo00.lpf(42): Semantic error in &quot;LOCATE COMP &quot;vector_salida[25]&quot; SITE &quot;82&quot; ;&quot;: " arg1="vector_salida[25]" arg2="C:/Users/Valery Garibay/Desktop/NUEVOARQUI/signo00/signo00.lpf" arg3="42"  />
    <postMsg mid="1100679" type="Warning" dynamic="2" navigation="2" arg0="C:/Users/Valery Garibay/Desktop/NUEVOARQUI/signo00/signo00.lpf(43): Semantic error in &quot;LOCATE COMP &quot;vector_salida[26]&quot; SITE &quot;81&quot; ;&quot;: " arg1="vector_salida[26]" arg2="C:/Users/Valery Garibay/Desktop/NUEVOARQUI/signo00/signo00.lpf" arg3="43"  />
    <postMsg mid="1100679" type="Warning" dynamic="2" navigation="2" arg0="C:/Users/Valery Garibay/Desktop/NUEVOARQUI/signo00/signo00.lpf(44): Semantic error in &quot;LOCATE COMP &quot;vector_salida[27]&quot; SITE &quot;84&quot; ;&quot;: " arg1="vector_salida[27]" arg2="C:/Users/Valery Garibay/Desktop/NUEVOARQUI/signo00/signo00.lpf" arg3="44"  />
    <postMsg mid="1100679" type="Warning" dynamic="2" navigation="2" arg0="C:/Users/Valery Garibay/Desktop/NUEVOARQUI/signo00/signo00.lpf(45): Semantic error in &quot;LOCATE COMP &quot;vector_salida[28]&quot; SITE &quot;83&quot; ;&quot;: " arg1="vector_salida[28]" arg2="C:/Users/Valery Garibay/Desktop/NUEVOARQUI/signo00/signo00.lpf" arg3="45"  />
    <postMsg mid="1100679" type="Warning" dynamic="2" navigation="2" arg0="C:/Users/Valery Garibay/Desktop/NUEVOARQUI/signo00/signo00.lpf(46): Semantic error in &quot;LOCATE COMP &quot;vector_salida[29]&quot; SITE &quot;86&quot; ;&quot;: " arg1="vector_salida[29]" arg2="C:/Users/Valery Garibay/Desktop/NUEVOARQUI/signo00/signo00.lpf" arg3="46"  />
    <postMsg mid="1100679" type="Warning" dynamic="2" navigation="2" arg0="C:/Users/Valery Garibay/Desktop/NUEVOARQUI/signo00/signo00.lpf(47): Semantic error in &quot;LOCATE COMP &quot;vector_salida[30]&quot; SITE &quot;85&quot; ;&quot;: " arg1="vector_salida[30]" arg2="C:/Users/Valery Garibay/Desktop/NUEVOARQUI/signo00/signo00.lpf" arg3="47"  />
    <postMsg mid="1100679" type="Warning" dynamic="2" navigation="2" arg0="C:/Users/Valery Garibay/Desktop/NUEVOARQUI/signo00/signo00.lpf(48): Semantic error in &quot;LOCATE COMP &quot;vector_salida[31]&quot; SITE &quot;92&quot; ;&quot;: " arg1="vector_salida[31]" arg2="C:/Users/Valery Garibay/Desktop/NUEVOARQUI/signo00/signo00.lpf" arg3="48"  />
    <postMsg mid="1100679" type="Warning" dynamic="2" navigation="2" arg0="C:/Users/Valery Garibay/Desktop/NUEVOARQUI/signo00/signo00.lpf(50): Semantic error in &quot;LOCATE COMP &quot;vector_salida[16]&quot; SITE &quot;138&quot; ;&quot;: " arg1="vector_salida[16]" arg2="C:/Users/Valery Garibay/Desktop/NUEVOARQUI/signo00/signo00.lpf" arg3="50"  />
Loading device for application map from file 'xo2c7000.nph' in environment: C:/Program Files/diamond/3.10_x64/ispfpga.
Package Status:                     Final          Version 1.39.

Running general design DRC...

Removing unused logic...

Optimizing...




Design Summary:
   Number of registers:      0 out of  7209 (0%)
      PFU registers:            0 out of  6864 (0%)
      PIO registers:            0 out of   345 (0%)
   Number of SLICEs:         0 out of  3432 (0%)
      SLICEs as Logic/ROM:      0 out of  3432 (0%)
      SLICEs as RAM:            0 out of  2574 (0%)
      SLICEs as Carry:          0 out of  3432 (0%)
   Number of LUT4s:          0 out of  6864 (0%)
      Number used as logic LUTs:          0
      Number used as distributed RAM:     0
      Number used as ripple logic:        0
      Number used as shift registers:     0
   Number of PIO sites used: 24 + 4(JTAG) out of 115 (24%)
   Number of block RAMs:  0 out of 26 (0%)
   Number of GSRs:  0 out of 1 (0%)
   EFB used :       No
   JTAG used :      No
   Readback used :  No
   Oscillator used :  No
   Startup used :   No
   POR :            On
   Bandgap :        On
   Number of Power Controller:  0 out of 1 (0%)
   Number of Dynamic Bank Controller (BCINRD):  0 out of 6 (0%)
   Number of Dynamic Bank Controller (BCLVDSO):  0 out of 1 (0%)
   Number of DCCA:  0 out of 8 (0%)
   Number of DCMA:  0 out of 2 (0%)
   Number of PLLs:  0 out of 2 (0%)
   Number of DQSDLLs:  0 out of 2 (0%)
   Number of CLKDIVC:  0 out of 4 (0%)
   Number of ECLKSYNCA:  0 out of 4 (0%)
   Number of ECLKBRIDGECS:  0 out of 2 (0%)
   Notes:-
      1. Total number of LUT4s = (Number of logic LUT4s) + 2*(Number of distributed RAMs) + 2*(Number of ripple logic)
      2. Number of logic LUT4s does not include count of distributed RAM and ripple logic.
   Number of clocks:  0
   Number of Clock Enables:  0
   Number of LSRs:  0
   Number of nets driven by tri-state buffers:  0
   Top 10 highest fanout non-clock nets:
     Net vector_salida_c[7]: 9 loads
     Net vector_salida_c[0]: 1 loads
     Net vector_salida_c[1]: 1 loads
     Net vector_salida_c[2]: 1 loads
     Net vector_salida_c[3]: 1 loads
     Net vector_salida_c[4]: 1 loads
     Net vector_salida_c[5]: 1 loads
     Net vector_salida_c[6]: 1 loads
 

   Number of warnings:  24
   Number of errors:    0



Total CPU Time: 1 secs  
Total REAL Time: 0 secs  
Peak Memory Usage: 56 MB

Dumping design to file signo00_signo0_map.ncd.

mpartrce -p "signo00_signo0.p2t" -f "signo00_signo0.p3t" -tf "signo00_signo0.pt" "signo00_signo0_map.ncd" "signo00_signo0.ncd"

---- MParTrce Tool ----
Removing old design directory at request of -rem command line option to this program.
Running par. Please wait . . .

Lattice Place and Route Report for Design "signo00_signo0_map.ncd"
Wed May 08 11:45:06 2019

PAR: Place And Route Diamond (64-bit) 3.10.0.111.2.
Command Line: par -w -l 5 -i 6 -t 1 -c 0 -e 0 -gui -msgset "C:/Users/Valery Garibay/Desktop/NUEVOARQUI/signo00/promote.xml" -exp parUseNBR=1:parCDP=0:parCDR=0:parPathBased=OFF signo00_signo0_map.ncd signo00_signo0.dir/5_1.ncd signo00_signo0.prf
Preference file: signo00_signo0.prf.
Placement level-cost: 5-1.
Routing Iterations: 6

Loading design for application par from file signo00_signo0_map.ncd.
Design name: signo00
NCD version: 3.3
Vendor:      LATTICE
Device:      LCMXO2-7000HE
Package:     TQFP144
Performance: 4
Loading device for application par from file 'xo2c7000.nph' in environment: C:/Program Files/diamond/3.10_x64/ispfpga.
Package Status:                     Final          Version 1.39.
Performance Hardware Data Status:   Final          Version 34.4.
License checked out.


Ignore Preference Error(s):  True
Device utilization summary:

   PIO (prelim)   24+4(JTAG)/336     8% used
                  24+4(JTAG)/115     24% bonded

   SLICE              0/3432          0% used



Number of Signals: 8
Number of Connections: 16

Pin Constraint Summary:
   24 out of 24 pins locked (100% locked).

No signal is selected as primary clock.


No signal is selected as secondary clock.

No signal is selected as Global Set/Reset.
Starting Placer Phase 0.

Finished Placer Phase 0.  REAL time: 2 secs 

Starting Placer Phase 1.

Placer score = 20371.
Finished Placer Phase 1.  REAL time: 2 secs 

Starting Placer Phase 2.
.
Placer score =  20371
Finished Placer Phase 2.  REAL time: 2 secs 


------------------ Clock Report ------------------

Global Clock Resources:
  CLK_PIN    : 0 out of 8 (0%)
  PLL        : 0 out of 2 (0%)
  DCM        : 0 out of 2 (0%)
  DCC        : 0 out of 8 (0%)

Quadrants All (TL, TR, BL, BR) - Global Clocks:

  PRIMARY  : 0 out of 8 (0%)
  SECONDARY: 0 out of 8 (0%)

Edge Clocks:
  No edge clock selected.

--------------- End of Clock Report ---------------


I/O Usage Summary (final):
   24 + 4(JTAG) out of 336 (8.3%) PIO sites used.
   24 + 4(JTAG) out of 115 (24.3%) bonded PIO sites used.
   Number of PIO comps: 24; differential: 0.
   Number of Vref pins used: 0.

I/O Bank Usage Summary:
+----------+----------------+------------+-----------+
| I/O Bank | Usage          | Bank Vccio | Bank Vref |
+----------+----------------+------------+-----------+
| 0        | 16 / 28 ( 57%) | 2.5V       | -         |
| 1        | 0 / 29 (  0%)  | -          | -         |
| 2        | 8 / 29 ( 27%)  | 2.5V       | -         |
| 3        | 0 / 9 (  0%)   | -          | -         |
| 4        | 0 / 10 (  0%)  | -          | -         |
| 5        | 0 / 10 (  0%)  | -          | -         |
+----------+----------------+------------+-----------+

Total placer CPU time: 2 secs 

Dumping design to file signo00_signo0.dir/5_1.ncd.


-----------------------------------------------------------------
INFO - par: ASE feature is off due to non timing-driven settings.  
-----------------------------------------------------------------

0 connections routed; 16 unrouted.
Starting router resource preassignment

Completed router resource preassignment. Real time: 5 secs 

Start NBR router at 11:45:11 05/08/19

*****************************************************************
Info: NBR allows conflicts(one node used by more than one signal)
      in the earlier iterations. In each iteration, it tries to  
      solve the conflicts while keeping the critical connections 
      routed as short as possible. The routing process is said to
      be completed when no conflicts exist and all connections   
      are routed.                                                
Note: NBR uses a different method to calculate timing slacks. The
      worst slack and total negative slack may not be the same as
      that in TRCE report. You should always run TRCE to verify  
      your design.                                               
*****************************************************************

Start NBR special constraint process at 11:45:11 05/08/19

Start NBR section for initial routing at 11:45:11 05/08/19
Level 4, iteration 1
0(0.00%) conflict; 0(0.00%) untouched conn; 0 (nbr) score; real time: 5 secs 

Info: Initial congestion level at 75% usage is 0
Info: Initial congestion area  at 75% usage is 0 (0.00%)

Start NBR section for normal routing at 11:45:11 05/08/19
Level 4, iteration 1
0(0.00%) conflict; 0(0.00%) untouched conn; 0 (nbr) score; real time: 5 secs 

Start NBR section for re-routing at 11:45:11 05/08/19
Level 4, iteration 1
0(0.00%) conflict; 0(0.00%) untouched conn; 0 (nbr) score; real time: 5 secs 

Start NBR section for post-routing at 11:45:11 05/08/19

End NBR router with 0 unrouted connection

NBR Summary
-----------
  Number of unrouted connections : 0 (0.00%)
  Number of connections with timing violations : 0 (0.00%)
  Estimated worst slack<setup> : <n/a>
  Timing score<setup> : 0
-----------
Notes: The timing info is calculated for SETUP only and all PAR_ADJs are ignored.



Total CPU time 5 secs 
Total REAL time: 5 secs 
Completely routed.
End of route.  16 routed (100.00%); 0 unrouted.

Hold time timing score: 0, hold timing errors: 0

Timing score: 0 

Dumping design to file signo00_signo0.dir/5_1.ncd.


PAR_SUMMARY::Run status = Success
PAR_SUMMARY::Number of unrouted conns = 0
PAR_SUMMARY::Worst  slack<setup/<ns>> = <n/a>
PAR_SUMMARY::Timing score<setup/<ns>> = <n/a>
PAR_SUMMARY::Worst  slack<hold /<ns>> = <n/a>
PAR_SUMMARY::Timing score<hold /<ns>> = <n/a>
PAR_SUMMARY::Number of errors = 0

Total CPU  time to completion: 5 secs 
Total REAL time to completion: 6 secs 

par done!

Copyright (c) 1991-1994 by NeoCAD Inc. All rights reserved.
Copyright (c) 1995 AT&T Corp.   All rights reserved.
Copyright (c) 1995-2001 Lucent Technologies Inc.  All rights reserved.
Copyright (c) 2001 Agere Systems   All rights reserved.
Copyright (c) 2002-2017 Lattice Semiconductor Corporation,  All rights reserved.
Exiting par with exit code 0
Exiting mpartrce with exit code 0

bitgen -f "signo00_signo0.t2b" -w "signo00_signo0.ncd" -jedec "signo00_signo0.prf"


BITGEN: Bitstream Generator Diamond (64-bit) 3.10.0.111.2
Copyright (c) 1991-1994 by NeoCAD Inc. All rights reserved.
Copyright (c) 1995 AT&T Corp.   All rights reserved.
Copyright (c) 1995-2001 Lucent Technologies Inc.  All rights reserved.
Copyright (c) 2001 Agere Systems   All rights reserved.
Copyright (c) 2002-2017 Lattice Semiconductor Corporation,  All rights reserved.


Loading design for application Bitgen from file signo00_signo0.ncd.
Design name: signo00
NCD version: 3.3
Vendor:      LATTICE
Device:      LCMXO2-7000HE
Package:     TQFP144
Performance: 4
Loading device for application Bitgen from file 'xo2c7000.nph' in environment: C:/Program Files/diamond/3.10_x64/ispfpga.
Package Status:                     Final          Version 1.39.
Performance Hardware Data Status:   Final          Version 34.4.

Running DRC.
DRC detected 0 errors and 0 warnings.
Reading Preference File from signo00_signo0.prf.

Preference Summary:
+---------------------------------+---------------------------------+
|  Preference                     |  Current Setting                |
+---------------------------------+---------------------------------+
|                         RamCfg  |                        Reset**  |
+---------------------------------+---------------------------------+
|                     MCCLK_FREQ  |                         2.08**  |
+---------------------------------+---------------------------------+
|                  CONFIG_SECURE  |                          OFF**  |
+---------------------------------+---------------------------------+
|                          INBUF  |                           ON**  |
+---------------------------------+---------------------------------+
|                      JTAG_PORT  |                       ENABLE**  |
+---------------------------------+---------------------------------+
|                       SDM_PORT  |                      DISABLE**  |
+---------------------------------+---------------------------------+
|                 SLAVE_SPI_PORT  |                      DISABLE**  |
+---------------------------------+---------------------------------+
|                MASTER_SPI_PORT  |                      DISABLE**  |
+---------------------------------+---------------------------------+
|                       I2C_PORT  |                      DISABLE**  |
+---------------------------------+---------------------------------+
|        MUX_CONFIGURATION_PORTS  |                      DISABLE**  |
+---------------------------------+---------------------------------+
|                  CONFIGURATION  |                          CFG**  |
+---------------------------------+---------------------------------+
|                COMPRESS_CONFIG  |                           ON**  |
+---------------------------------+---------------------------------+
|                        MY_ASSP  |                          OFF**  |
+---------------------------------+---------------------------------+
|               ONE_TIME_PROGRAM  |                          OFF**  |
+---------------------------------+---------------------------------+
|                 ENABLE_TRANSFR  |                      DISABLE**  |
+---------------------------------+---------------------------------+
|                  SHAREDEBRINIT  |                      DISABLE**  |
+---------------------------------+---------------------------------+
|            BACKGROUND_RECONFIG  |                          OFF**  |
+---------------------------------+---------------------------------+
 *  Default setting.
 ** The specified setting matches the default setting.


Creating bit map...
 
Bitstream Status: Final           Version 1.94.
 
Saving bit stream in "signo00_signo0.jed".
 
===========
UFM Summary.
===========
UFM Size:        2046 Pages (128*2046 Bits).
UFM Utilization: General Purpose Flash Memory.
 
Available General Purpose Flash Memory: 2046 Pages (Page 0 to Page 2045).
Initialized UFM Pages:                     0 Page.
 
