
          Lattice Mapping Report File for Design Module 'topword00'


Design Information
------------------

Command line:   map -a MachXO2 -p LCMXO2-7000HE -t TQFP144 -s 5 -oc Commercial
     word00_word.ngd -o word00_word_map.ncd -pr word00_word.prf -mp
     word00_word.mrp -lpf C:/Users/James/Documents/ESCOM_SEMESTRE_6/3CM2_ARQUITE
     CTURA/Project3CM2MachX02/word00/word/word00_word_synplify.lpf -lpf C:/Users
     /James/Documents/ESCOM_SEMESTRE_6/3CM2_ARQUITECTURA/Project3CM2MachX02/word
     00/word00.lpf -c 0 -gui -msgset C:/Users/James/Documents/ESCOM_SEMESTRE_6/3
     CM2_ARQUITECTURA/Project3CM2MachX02/word00/promote.xml 
Target Vendor:  LATTICE
Target Device:  LCMXO2-7000HETQFP144
Target Performance:   5
Mapper:  xo2c00,  version:  Diamond (64-bit) 3.10.0.111.2
Mapped on:  09/17/18  16:51:12

Design Summary
--------------

   Number of registers:     29 out of  7209 (0%)
      PFU registers:           29 out of  6864 (0%)
      PIO registers:            0 out of   345 (0%)
   Number of SLICEs:        39 out of  3432 (1%)
      SLICEs as Logic/ROM:     39 out of  3432 (1%)
      SLICEs as RAM:            0 out of  2574 (0%)
      SLICEs as Carry:         11 out of  3432 (0%)
   Number of LUT4s:         78 out of  6864 (1%)
      Number used as logic LUTs:         56
      Number used as distributed RAM:     0
      Number used as ripple logic:       22
      Number used as shift registers:     0
   Number of PIO sites used: 22 + 4(JTAG) out of 115 (23%)
   Number of block RAMs:  0 out of 26 (0%)
   Number of GSRs:  0 out of 1 (0%)
   EFB used :       No
   JTAG used :      No
   Readback used :  No
   Oscillator used :  Yes
   Startup used :   No
   POR :            On
   Bandgap :        On
   Number of Power Controller:  0 out of 1 (0%)
   Number of Dynamic Bank Controller (BCINRD):  0 out of 6 (0%)
   Number of Dynamic Bank Controller (BCLVDSO):  0 out of 1 (0%)
   Number of DCCA:  0 out of 8 (0%)
   Number of DCMA:  0 out of 2 (0%)
   Number of PLLs:  0 out of 2 (0%)
   Number of DQSDLLs:  0 out of 2 (0%)
   Number of CLKDIVC:  0 out of 4 (0%)
   Number of ECLKSYNCA:  0 out of 4 (0%)
   Number of ECLKBRIDGECS:  0 out of 2 (0%)
   Notes:-
      1. Total number of LUT4s = (Number of logic LUT4s) + 2*(Number of
     distributed RAMs) + 2*(Number of ripple logic)
      2. Number of logic LUT4s does not include count of distributed RAM and
     ripple logic.
   Number of clocks:  1
     Net W00.sclk_0: 16 loads, 16 rising, 0 falling (Driver: W00/D00/OSCInst0 )

                                    Page 1




Design:  topword00                                     Date:  09/17/18  16:51:12

Design Summary (cont)
---------------------
   Number of Clock Enables:  1
     Net un1_outosc_0_sqmuxa_1_1_RNI98VB1: 4 loads, 4 LSLICEs
   Number of LSRs:  2
     Net enc0_pad_RNI34PC1: 4 loads, 4 LSLICEs
     Net W00/D01/un1_outosc50_2_0_RNITBE51: 11 loads, 11 LSLICEs
   Number of nets driven by tri-state buffers:  0
   Top 10 highest fanout non-clock nets:
     Net W00/D01/un1_outosc50_2_0_RNITBE51: 11 loads
     Net outtransist0_c[3]: 9 loads
     Net W00/D01/sdiv[16]: 9 loads
     Net W00/D01/sdiv[17]: 9 loads
     Net W00/D01/sdiv[18]: 9 loads
     Net cdiv0_c[4]: 8 loads
     Net cdiv0_c[0]: 7 loads
     Net outtransist0_c[0]: 7 loads
     Net outtransist0_c[1]: 7 loads
     Net outtransist0_c[2]: 7 loads




   Number of warnings:  0
   Number of errors:    0
     

Design Errors/Warnings
----------------------

   No errors or warnings present.

IO (PIO) Attributes
-------------------

+---------------------+-----------+-----------+------------+
| IO Name             | Direction | Levelmode | IO         |
|                     |           |  IO_TYPE  | Register   |
+---------------------+-----------+-----------+------------+
| clk0                | OUTPUT    | LVCMOS25  |            |
+---------------------+-----------+-----------+------------+
| cdiv0[0]            | INPUT     | LVCMOS25  |            |
+---------------------+-----------+-----------+------------+
| outcoder0[6]        | OUTPUT    | LVCMOS25  |            |
+---------------------+-----------+-----------+------------+
| outcoder0[5]        | OUTPUT    | LVCMOS25  |            |
+---------------------+-----------+-----------+------------+
| outcoder0[4]        | OUTPUT    | LVCMOS25  |            |
+---------------------+-----------+-----------+------------+
| outcoder0[3]        | OUTPUT    | LVCMOS25  |            |
+---------------------+-----------+-----------+------------+
| outcoder0[2]        | OUTPUT    | LVCMOS25  |            |
+---------------------+-----------+-----------+------------+
| outcoder0[1]        | OUTPUT    | LVCMOS25  |            |
+---------------------+-----------+-----------+------------+
| outcoder0[0]        | OUTPUT    | LVCMOS25  |            |
+---------------------+-----------+-----------+------------+
| outtransistled0[3]  | OUTPUT    | LVCMOS25  |            |

                                    Page 2




Design:  topword00                                     Date:  09/17/18  16:51:12

IO (PIO) Attributes (cont)
--------------------------
+---------------------+-----------+-----------+------------+
| outtransistled0[2]  | OUTPUT    | LVCMOS25  |            |
+---------------------+-----------+-----------+------------+
| outtransistled0[1]  | OUTPUT    | LVCMOS25  |            |
+---------------------+-----------+-----------+------------+
| outtransistled0[0]  | OUTPUT    | LVCMOS25  |            |
+---------------------+-----------+-----------+------------+
| outtransist0[3]     | OUTPUT    | LVCMOS25  |            |
+---------------------+-----------+-----------+------------+
| outtransist0[2]     | OUTPUT    | LVCMOS25  |            |
+---------------------+-----------+-----------+------------+
| outtransist0[1]     | OUTPUT    | LVCMOS25  |            |
+---------------------+-----------+-----------+------------+
| outtransist0[0]     | OUTPUT    | LVCMOS25  |            |
+---------------------+-----------+-----------+------------+
| enc0                | INPUT     | LVCMOS25  |            |
+---------------------+-----------+-----------+------------+
| cdiv0[4]            | INPUT     | LVCMOS25  |            |
+---------------------+-----------+-----------+------------+
| cdiv0[3]            | INPUT     | LVCMOS25  |            |
+---------------------+-----------+-----------+------------+
| cdiv0[2]            | INPUT     | LVCMOS25  |            |
+---------------------+-----------+-----------+------------+
| cdiv0[1]            | INPUT     | LVCMOS25  |            |
+---------------------+-----------+-----------+------------+

Removed logic
-------------

Block VCC undriven or does not drive anything - clipped.
Block GSR_INST undriven or does not drive anything - clipped.
Block GND undriven or does not drive anything - clipped.
Block W00/GND undriven or does not drive anything - clipped.
Block W00/VCC undriven or does not drive anything - clipped.
Block W00/D00/VCC undriven or does not drive anything - clipped.
Block W00/D01/VCC undriven or does not drive anything - clipped.
Block W01/GND undriven or does not drive anything - clipped.
Block W01/VCC undriven or does not drive anything - clipped.
Block W02/GND undriven or does not drive anything - clipped.
Block W02/VCC undriven or does not drive anything - clipped.
Signal W00/D00/GND undriven or does not drive anything - clipped.
Signal W00/D01/GND undriven or does not drive anything - clipped.
Signal VCC undriven or does not drive anything - clipped.
Signal W00/D00/OSCInst0_SEDSTDBY undriven or does not drive anything - clipped.
Signal W00/D01/un1_sdiv_cry_19_0_COUT undriven or does not drive anything -
     clipped.
Signal W00/D01/un1_sdiv_cry_0_0_S0 undriven or does not drive anything -
     clipped.
Signal W00/D01/N_1 undriven or does not drive anything - clipped.
Block W00/D00/GND was optimized away.
Block W00/D01/GND was optimized away.

Memory Usage
------------



                                    Page 3




Design:  topword00                                     Date:  09/17/18  16:51:12

Memory Usage (cont)
-------------------
     

OSC Summary
-----------

OSC 1:                                     Pin/Node Value
  OSC Instance Name:                                W00/D00/OSCInst0
  OSC Type:                                         OSCH
  STDBY Input:                                      NONE
  OSC Output:                              NODE     W00.sclk_0
  OSC Nominal Frequency (MHz):                      2.08

ASIC Components
---------------

Instance Name: W00/D00/OSCInst0
         Type: OSCH

Run Time and Memory Usage
-------------------------

   Total CPU Time: 0 secs  
   Total REAL Time: 0 secs  
   Peak Memory Usage: 57 MB
        
































                                    Page 4


Copyright (c) 1991-1994 by NeoCAD Inc. All rights reserved.
     Copyright (c) 1995 AT&T Corp.   All rights reserved.
     Copyright (c) 1995-2001 Lucent Technologies Inc.  All rights reserved.
     Copyright (c) 2001 Agere Systems   All rights reserved.
     Copyright (c) 2002-2017 Lattice Semiconductor Corporation,  All rights
     reserved.
