C:\Program Files\diamond\3.10_x64\synpbase\bin64\c_hdl.exe  -osyn  "C:\Users\Valery Garibay\Desktop\NUEVOARQUI\LCDRAM\lcdram00\lcdram00\synwork\lcdram00_lcdram00_comp.srs"  -top  topram00  -hdllog  "C:\Users\Valery Garibay\Desktop\NUEVOARQUI\LCDRAM\lcdram00\lcdram00\synlog\lcdram00_lcdram00_compiler.srr"  -encrypt  -mp  4  -verification_mode 0  -vhdl  -prodtype  synplify_pro  -dspmac -fixsmult -infer_seqShift -nram -sdff_counter -divnmod -nostructver  -encrypt  -pro  -dmgen  "C:\Users\Valery Garibay\Desktop\NUEVOARQUI\LCDRAM\lcdram00\lcdram00\dm"  -lite -ui -fid2 -ram -sharing on -ll 2000 -autosm  -ignore_undefined_lib  -lib work "C:\Program Files\diamond\3.10_x64\cae_library\synthesis\vhdl\machxo2.vhd" -lib work "C:\Users\Valery Garibay\Desktop\NUEVOARQUI\LCDRAM\osc00VHDL\div00.vhdl" -lib work "C:\Users\Valery Garibay\Desktop\NUEVOARQUI\LCDRAM\osc00VHDL\osc00.vhdl" -lib work "C:\Users\Valery Garibay\Desktop\NUEVOARQUI\LCDRAM\osc00VHDL\packageosc00.vhdl" -lib work "C:\Users\Valery Garibay\Desktop\NUEVOARQUI\LCDRAM\lcdram00vhdl\lcdcontconfig00.vhdl" -lib work "C:\Users\Valery Garibay\Desktop\NUEVOARQUI\LCDRAM\lcdram00vhdl\lcdconfig00.vhdl" -lib work "C:\Users\Valery Garibay\Desktop\NUEVOARQUI\LCDRAM\lcdram00vhdl\coder00.vhdl" -lib work "C:\Users\Valery Garibay\Desktop\NUEVOARQUI\LCDRAM\lcdram00vhdl\contReadRa00.vhdl" -lib work "C:\Users\Valery Garibay\Desktop\NUEVOARQUI\LCDRAM\lcdram00vhdl\contring00.vhdl" -lib work "C:\Users\Valery Garibay\Desktop\NUEVOARQUI\LCDRAM\lcdram00vhdl\ram00.vhdl" -lib work "C:\Users\Valery Garibay\Desktop\NUEVOARQUI\LCDRAM\lcdram00vhdl\muxra00.vhdl" -lib work "C:\Users\Valery Garibay\Desktop\NUEVOARQUI\LCDRAM\lcdram00vhdl\packageram00.vhdl" -lib work "C:\Users\Valery Garibay\Desktop\NUEVOARQUI\LCDRAM\osc00VHDL\toposc00.vhdl" -lib work "C:\Users\Valery Garibay\Desktop\NUEVOARQUI\LCDRAM\lcdram00vhdl\topram00.vhdl"  -jobname  "compiler" 
relcom:..\..\..\..\..\..\..\..\Program Files\diamond\3.10_x64\synpbase\bin64\c_hdl.exe -osyn "C:\Users\Valery Garibay\Desktop\NUEVOARQUI\LCDRAM\lcdram00\lcdram00\synwork\lcdram00_lcdram00_comp.srs" -top topram00 -hdllog "C:\Users\Valery Garibay\Desktop\NUEVOARQUI\LCDRAM\lcdram00\lcdram00\synlog\lcdram00_lcdram00_compiler.srr" -encrypt -mp 4 -verification_mode 0 -vhdl -prodtype synplify_pro -dspmac -fixsmult -infer_seqShift -nram -sdff_counter -divnmod -nostructver -encrypt -pro -dmgen "C:\Users\Valery Garibay\Desktop\NUEVOARQUI\LCDRAM\lcdram00\lcdram00\dm" -lite -ui -fid2 -ram -sharing on -ll 2000 -autosm -ignore_undefined_lib -lib work "C:\Program Files\diamond\3.10_x64\cae_library\synthesis\vhdl\machxo2.vhd" -lib work "C:\Users\Valery Garibay\Desktop\NUEVOARQUI\LCDRAM\osc00VHDL\div00.vhdl" -lib work "C:\Users\Valery Garibay\Desktop\NUEVOARQUI\LCDRAM\osc00VHDL\osc00.vhdl" -lib work "C:\Users\Valery Garibay\Desktop\NUEVOARQUI\LCDRAM\osc00VHDL\packageosc00.vhdl" -lib work "C:\Users\Valery Garibay\Desktop\NUEVOARQUI\LCDRAM\lcdram00vhdl\lcdcontconfig00.vhdl" -lib work "C:\Users\Valery Garibay\Desktop\NUEVOARQUI\LCDRAM\lcdram00vhdl\lcdconfig00.vhdl" -lib work "C:\Users\Valery Garibay\Desktop\NUEVOARQUI\LCDRAM\lcdram00vhdl\coder00.vhdl" -lib work "C:\Users\Valery Garibay\Desktop\NUEVOARQUI\LCDRAM\lcdram00vhdl\contReadRa00.vhdl" -lib work "C:\Users\Valery Garibay\Desktop\NUEVOARQUI\LCDRAM\lcdram00vhdl\contring00.vhdl" -lib work "C:\Users\Valery Garibay\Desktop\NUEVOARQUI\LCDRAM\lcdram00vhdl\ram00.vhdl" -lib work "C:\Users\Valery Garibay\Desktop\NUEVOARQUI\LCDRAM\lcdram00vhdl\muxra00.vhdl" -lib work "C:\Users\Valery Garibay\Desktop\NUEVOARQUI\LCDRAM\lcdram00vhdl\packageram00.vhdl" -lib work "C:\Users\Valery Garibay\Desktop\NUEVOARQUI\LCDRAM\osc00VHDL\toposc00.vhdl" -lib work "C:\Users\Valery Garibay\Desktop\NUEVOARQUI\LCDRAM\lcdram00vhdl\topram00.vhdl" -jobname "compiler"
rc:0 success:1 runtime:4
file:..\synwork\lcdram00_lcdram00_comp.srs|io:o|time:1558540463|size:20115|exec:0|csum:
file:..\synlog\lcdram00_lcdram00_compiler.srr|io:o|time:1558540463|size:8427|exec:0|csum:
file:..\..\..\..\..\..\..\..\Program Files\diamond\3.10_x64\cae_library\synthesis\vhdl\machxo2.vhd|io:i|time:1493331104|size:73964|exec:0|csum:CFF92E93E4FE354031DBB4E0E47DD4A6
file:..\..\..\osc00VHDL\div00.vhdl|io:i|time:1558540247|size:2199|exec:0|csum:E6CAF02E2D65A26E7D44E02A954477DE
file:..\..\..\osc00VHDL\osc00.vhdl|io:i|time:1520348576|size:509|exec:0|csum:52FA8B1858CC10A6F1BAC84382475755
file:..\..\..\osc00VHDL\packageosc00.vhdl|io:i|time:1520349518|size:398|exec:0|csum:3BB5632FFAC3B5BFB197A3D4EA8A04D5
file:..\..\..\lcdram00vhdl\lcdcontconfig00.vhdl|io:i|time:1512675584|size:940|exec:0|csum:9EBF3DE4FAF2F5265BC0159801D4BDD4
file:..\..\..\lcdram00vhdl\lcdconfig00.vhdl|io:i|time:1512675522|size:3254|exec:0|csum:ABB1422FDE9152020590182FBA6C0D13
file:..\..\..\lcdram00vhdl\coder00.vhdl|io:i|time:1512675448|size:4642|exec:0|csum:1C61D8FCADBD8F3AF9E79389569DFBBC
file:..\..\..\lcdram00vhdl\contReadRa00.vhdl|io:i|time:1512675498|size:1354|exec:0|csum:78A627F23B02DFCB7A78F37B65F3D7E9
file:..\..\..\lcdram00vhdl\contring00.vhdl|io:i|time:1512675506|size:797|exec:0|csum:E1B513872306083A6DA7AB8EA1096B39
file:..\..\..\lcdram00vhdl\ram00.vhdl|io:i|time:1512675646|size:1195|exec:0|csum:1EDD6873AEBCA5F0A1E0810417F59BD8
file:..\..\..\lcdram00vhdl\muxra00.vhdl|io:i|time:1512675592|size:1296|exec:0|csum:A7C2EB5817F63FB1A993DED772983389
file:..\..\..\lcdram00vhdl\packageram00.vhdl|io:i|time:1558540449|size:2693|exec:0|csum:695D1234BB19D5CF6CFE0CA6038D74B1
file:..\..\..\osc00VHDL\toposc00.vhdl|io:i|time:1520349706|size:515|exec:0|csum:BE8F543B892BE4EFB5915CFA0AB04830
file:..\..\..\lcdram00vhdl\topram00.vhdl|io:i|time:1558540389|size:3436|exec:0|csum:0D8177B7008E423FBFFB8C6749A23804
file:..\..\..\..\..\..\..\..\Program Files\diamond\3.10_x64\synpbase\bin64\c_hdl.exe|io:i|time:1501913558|size:5526016|exec:1|csum:B0FC75282263C9BC65A760D01C67ECBA
