
map -a "MachXO2" -p LCMXO2-7000HE -t TQFP144 -s 5 -oc Commercial   "LCDram00_LCDram.ngd" -o "LCDram00_LCDram_map.ncd" -pr "LCDram00_LCDram.prf" -mp "LCDram00_LCDram.mrp" -lpf "F:/hghg/LCDram/LCDram/LCDram00_LCDram_synplify.lpf" -lpf "F:/hghg/LCDram/LCDram00.lpf" -c 0            
map:  version Diamond (64-bit) 3.10.0.111.2

Copyright (c) 1991-1994 by NeoCAD Inc. All rights reserved.
Copyright (c) 1995 AT&T Corp.   All rights reserved.
Copyright (c) 1995-2001 Lucent Technologies Inc.  All rights reserved.
Copyright (c) 2001 Agere Systems   All rights reserved.
Copyright (c) 2002-2017 Lattice Semiconductor Corporation,  All rights reserved.
   Process the file: LCDram00_LCDram.ngd
   Picdevice="LCMXO2-7000HE"

   Pictype="TQFP144"

   Picspeed=5

   Remove unused logic

   Do not produce over sized NCDs.

Part used: LCMXO2-7000HETQFP144, Performance used: 5.

Loading device for application map from file 'xo2c7000.nph' in environment: C:/lscc/diamond/3.10_x64/ispfpga.
Package Status:                     Final          Version 1.39.

Running general design DRC...

Removing unused logic...

Optimizing...

    <postMsg mid="51001030" type="Warning" dynamic="1" navigation="0" arg0="clr0_c"  />



Design Summary:
   Number of registers:    331 out of  7209 (5%)
      PFU registers:          328 out of  6864 (5%)
      PIO registers:            3 out of   345 (1%)
   Number of SLICEs:       245 out of  3432 (7%)
      SLICEs as Logic/ROM:    245 out of  3432 (7%)
      SLICEs as RAM:            0 out of  2574 (0%)
      SLICEs as Carry:         29 out of  3432 (1%)
   Number of LUT4s:        415 out of  6864 (6%)
      Number used as logic LUTs:        357
      Number used as distributed RAM:     0
      Number used as ripple logic:       58
      Number used as shift registers:     0
   Number of PIO sites used: 36 + 4(JTAG) out of 115 (35%)
   Number of block RAMs:  0 out of 26 (0%)
   Number of GSRs:  1 out of 1 (100%)
   EFB used :       No
   JTAG used :      No
   Readback used :  No
   Oscillator used :  Yes
   Startup used :   No
   POR :            On
   Bandgap :        On
   Number of Power Controller:  0 out of 1 (0%)
   Number of Dynamic Bank Controller (BCINRD):  0 out of 6 (0%)
   Number of Dynamic Bank Controller (BCLVDSO):  0 out of 1 (0%)
   Number of DCCA:  0 out of 8 (0%)
   Number of DCMA:  0 out of 2 (0%)
   Number of PLLs:  0 out of 2 (0%)
   Number of DQSDLLs:  0 out of 2 (0%)
   Number of CLKDIVC:  0 out of 4 (0%)
   Number of ECLKSYNCA:  0 out of 4 (0%)
   Number of ECLKBRIDGECS:  0 out of 2 (0%)
   Notes:-
      1. Total number of LUT4s = (Number of logic LUT4s) + 2*(Number of distributed RAMs) + 2*(Number of ripple logic)
      2. Number of logic LUT4s does not include count of distributed RAM and ripple logic.
   Number of clocks:  1
     Net U0.sclk_0: 188 loads, 188 rising, 0 falling (Driver: U0/OS00/OSCInst0 )
   Number of Clock Enables:  40
     Net current_state_RNI9NVS2[3]: 2 loads, 0 LSLICEs
     Net U1/G_44: 25 loads, 25 LSLICEs
     Net U1/COLS_1_59_RNI4RNJ2: 2 loads, 2 LSLICEs
     Net U1/un1_clr_13_i_0_i_o2_RNIKOOO2: 4 loads, 4 LSLICEs
     Net U1/c_key_cnv[0]: 4 loads, 4 LSLICEs
     Net U1/un1_clr_6_i_0_i_o4_0_RNIJ8S04: 4 loads, 4 LSLICEs
     Net U1/un1_clr_6_i_0_i_o4_RNIGIMU3: 4 loads, 4 LSLICEs
     Net U1/un1_clr_8_i_0_i_o4_RNILQ4R3_0: 4 loads, 4 LSLICEs
     Net U1/un1_clr_8_i_0_i_o4_RNII4VO3_0: 4 loads, 4 LSLICEs
     Net U1/un1_clr_6_i_0_i_o4_0_RNIJ8S04_0: 4 loads, 4 LSLICEs
     Net U1/un1_clr_6_i_0_i_o4_RNIGIMU3_0: 4 loads, 4 LSLICEs
     Net U1/current_state_ns_i_i_a2_0_RNITSMG4[15]: 4 loads, 4 LSLICEs
     Net U1/un1_clr_13_i_0_i_o2_RNIP07L2: 4 loads, 4 LSLICEs
     Net U1/un1_clr_13_i_0_i_o2_RNIMGQ04: 4 loads, 4 LSLICEs
     Net U1/un1_clr_8_i_0_i_o4_RNIP6HB3: 4 loads, 4 LSLICEs
     Net U1/un1_clr_8_i_0_i_o4_RNIMGB93: 4 loads, 4 LSLICEs
     Net U1/un1_clr_6_i_0_i_o4_0_RNINK8H3: 4 loads, 4 LSLICEs
     Net U1/un1_clr_6_i_0_i_o4_RNIKU2F3: 4 loads, 4 LSLICEs
     Net U1/un1_clr_8_i_0_i_o4_RNI8CV14: 4 loads, 4 LSLICEs
     Net U1/un1_clr_8_i_0_i_o4_RNI8CV14_1: 4 loads, 4 LSLICEs
     Net U1/un1_clr_13_i_0_i_o2_RNIMA1J2: 4 loads, 4 LSLICEs
     Net U1/un1_clr_8_i_0_i_o4_RNI5MPV3: 4 loads, 4 LSLICEs
     Net U1/un1_clr_6_i_0_i_o4_0_RNI6QM74: 4 loads, 4 LSLICEs
     Net U1/un1_clr_6_i_0_i_o4_RNI34H54: 4 loads, 4 LSLICEs
     Net U1/un1_clr_6_i_0_i_o4_0_RNI6QM74_1: 4 loads, 4 LSLICEs
     Net U1/un1_clr_8_i_0_i_o4_RNI5MPV3_1: 4 loads, 4 LSLICEs
     Net U1/un1_clr_6_i_0_i_o4_RNI34H54_1: 4 loads, 4 LSLICEs
     Net U1/un1_clr_13_i_0_i_o2_RNINEUQ2: 4 loads, 4 LSLICEs
     Net U1/un1_clr_8_i_0_i_o4_RNI8CV14_0: 4 loads, 4 LSLICEs
     Net U1/un1_clr_8_i_0_i_o4_RNI5MPV3_0: 4 loads, 4 LSLICEs
     Net U1/un1_clr_6_i_0_i_o4_0_RNI6QM74_0: 4 loads, 4 LSLICEs
     Net U1/un1_clr_6_i_0_i_o4_RNI34H54_0: 4 loads, 4 LSLICEs
     Net U1/un1_clr_8_i_0_i_o4_RNILQ4R3_1: 4 loads, 4 LSLICEs
     Net U1/un1_clr_8_i_0_i_o4_RNII4VO3_1: 4 loads, 4 LSLICEs
     Net U1/un1_clr_6_i_0_i_o4_0_RNIJ8S04_1: 4 loads, 4 LSLICEs
     Net U1/un1_clr_6_i_0_i_o4_RNIGIMU3_1: 4 loads, 4 LSLICEs
     Net U1/un1_clr_8_i_0_i_o4_RNILQ4R3: 4 loads, 4 LSLICEs
     Net U1/un1_clr_8_i_0_i_o4_RNII4VO3: 4 loads, 4 LSLICEs
     Net U1/c_keyce[0]: 5 loads, 5 LSLICEs
     Net LED1_1_sqmuxa_RNI9DHJ2: 1 loads, 0 LSLICEs
   Number of local set/reset loads for net clr0_c merged into GSR:  53
   Number of LSRs:  1
     Net U0/OS01/un1_oscout56_7_3_RNII1OA2: 12 loads, 12 LSLICEs
   Number of nets driven by tri-state buffers:  0
   Top 10 highest fanout non-clock nets:
     Net U1/addr[0]: 118 loads
     Net U1/addr[1]: 63 loads
     Net U1/G_44: 61 loads
     Net U1/addr[2]: 41 loads
     Net U1/c_key_RNIFF622[4]: 33 loads
     Net U1/c_key_RNIN65C3[1]: 33 loads
     Net U1/c_key_RNIPUKU2[0]: 33 loads
     Net U1/c_key_RNIS1LU2[3]: 33 loads
     Net U1/c_key_RNISB5C3[6]: 33 loads
     Net U1/c_key_RNITO4H2[2]: 33 loads
 

   Number of warnings:  1
   Number of errors:    0



Total CPU Time: 0 secs  
Total REAL Time: 0 secs  
Peak Memory Usage: 60 MB

Dumping design to file LCDram00_LCDram_map.ncd.

mpartrce -p "LCDram00_LCDram.p2t" -f "LCDram00_LCDram.p3t" -tf "LCDram00_LCDram.pt" "LCDram00_LCDram_map.ncd" "LCDram00_LCDram.ncd"

---- MParTrce Tool ----
Removing old design directory at request of -rem command line option to this program.
Running par. Please wait . . .

Lattice Place and Route Report for Design "LCDram00_LCDram_map.ncd"
Fri Jun 15 14:46:19 2018

PAR: Place And Route Diamond (64-bit) 3.10.0.111.2.
Command Line: par -w -l 5 -i 6 -t 1 -c 0 -e 0 -gui -msgset F:/hghg/LCDram/promote.xml -exp parUseNBR=1:parCDP=0:parCDR=0:parPathBased=OFF LCDram00_LCDram_map.ncd LCDram00_LCDram.dir/5_1.ncd LCDram00_LCDram.prf
Preference file: LCDram00_LCDram.prf.
Placement level-cost: 5-1.
Routing Iterations: 6

Loading design for application par from file LCDram00_LCDram_map.ncd.
Design name: toplcdram00
NCD version: 3.3
Vendor:      LATTICE
Device:      LCMXO2-7000HE
Package:     TQFP144
Performance: 5
Loading device for application par from file 'xo2c7000.nph' in environment: C:/lscc/diamond/3.10_x64/ispfpga.
Package Status:                     Final          Version 1.39.
Performance Hardware Data Status:   Final          Version 34.4.
License checked out.


Ignore Preference Error(s):  True
Device utilization summary:

   PIO (prelim)   36+4(JTAG)/336     12% used
                  36+4(JTAG)/115     35% bonded
   IOLOGIC            3/336          <1% used

   SLICE            245/3432          7% used

   GSR                1/1           100% used
   OSC                1/1           100% used


Number of Signals: 760
Number of Connections: 2248

Pin Constraint Summary:
   36 out of 36 pins locked (100% locked).

The following 1 signal is selected to use the primary clock routing resources:
    U0.sclk_0 (driver: U0/OS00/OSCInst0, clk load #: 188)


The following 2 signals are selected to use the secondary clock routing resources:
    U1/G_44 (driver: U1/SLICE_258, clk load #: 0, sr load #: 0, ce load #: 25)
    U0/OS01/un1_oscout56_7_3_RNII1OA2 (driver: SLICE_287, clk load #: 0, sr load #: 12, ce load #: 0)

Signal clr0_c is selected as Global Set/Reset.
Starting Placer Phase 0.
...........
Finished Placer Phase 0.  REAL time: 6 secs 

Starting Placer Phase 1.
...................
Placer score = 170146.
Finished Placer Phase 1.  REAL time: 15 secs 

Starting Placer Phase 2.
.
Placer score =  169922
Finished Placer Phase 2.  REAL time: 15 secs 


------------------ Clock Report ------------------

Global Clock Resources:
  CLK_PIN    : 0 out of 8 (0%)
  PLL        : 0 out of 2 (0%)
  DCM        : 0 out of 2 (0%)
  DCC        : 0 out of 8 (0%)

Quadrants All (TL, TR, BL, BR) - Global Clocks:
  PRIMARY "U0.sclk_0" from OSC on comp "U0/OS00/OSCInst0" on site "OSC", clk load = 188
  SECONDARY "U1/G_44" from F1 on comp "U1/SLICE_258" on site "R14C20B", clk load = 0, ce load = 25, sr load = 0
  SECONDARY "U0/OS01/un1_oscout56_7_3_RNII1OA2" from F0 on comp "SLICE_287" on site "R14C20A", clk load = 0, ce load = 0, sr load = 12

  PRIMARY  : 1 out of 8 (12%)
  SECONDARY: 2 out of 8 (25%)

Edge Clocks:
  No edge clock selected.

--------------- End of Clock Report ---------------


I/O Usage Summary (final):
   36 + 4(JTAG) out of 336 (11.9%) PIO sites used.
   36 + 4(JTAG) out of 115 (34.8%) bonded PIO sites used.
   Number of PIO comps: 36; differential: 0.
   Number of Vref pins used: 0.

I/O Bank Usage Summary:
+----------+----------------+------------+-----------+
| I/O Bank | Usage          | Bank Vccio | Bank Vref |
+----------+----------------+------------+-----------+
| 0        | 8 / 28 ( 28%)  | 2.5V       | -         |
| 1        | 13 / 29 ( 44%) | 2.5V       | -         |
| 2        | 5 / 29 ( 17%)  | 2.5V       | -         |
| 3        | 1 / 9 ( 11%)   | 2.5V       | -         |
| 4        | 1 / 10 ( 10%)  | 2.5V       | -         |
| 5        | 8 / 10 ( 80%)  | 2.5V       | -         |
+----------+----------------+------------+-----------+

Total placer CPU time: 14 secs 

Dumping design to file LCDram00_LCDram.dir/5_1.ncd.

0 connections routed; 2248 unrouted.
Starting router resource preassignment

Completed router resource preassignment. Real time: 24 secs 

Start NBR router at 14:46:43 06/15/18

*****************************************************************
Info: NBR allows conflicts(one node used by more than one signal)
      in the earlier iterations. In each iteration, it tries to  
      solve the conflicts while keeping the critical connections 
      routed as short as possible. The routing process is said to
      be completed when no conflicts exist and all connections   
      are routed.                                                
Note: NBR uses a different method to calculate timing slacks. The
      worst slack and total negative slack may not be the same as
      that in TRCE report. You should always run TRCE to verify  
      your design.                                               
*****************************************************************

Start NBR special constraint process at 14:46:43 06/15/18

Start NBR section for initial routing at 14:46:43 06/15/18
Level 4, iteration 1
146(0.04%) conflicts; 0(0.00%) untouched conn; 0 (nbr) score; 
Estimated worst slack/total negative slack<setup>: 460.024ns/0.000ns; real time: 25 secs 

Info: Initial congestion level at 75% usage is 0
Info: Initial congestion area  at 75% usage is 0 (0.00%)

Start NBR section for normal routing at 14:46:44 06/15/18
Level 4, iteration 1
80(0.02%) conflicts; 0(0.00%) untouched conn; 0 (nbr) score; 
Estimated worst slack/total negative slack<setup>: 460.024ns/0.000ns; real time: 25 secs 
Level 4, iteration 2
42(0.01%) conflicts; 0(0.00%) untouched conn; 0 (nbr) score; 
Estimated worst slack/total negative slack<setup>: 460.024ns/0.000ns; real time: 26 secs 
Level 4, iteration 3
8(0.00%) conflicts; 0(0.00%) untouched conn; 0 (nbr) score; 
Estimated worst slack/total negative slack<setup>: 460.024ns/0.000ns; real time: 26 secs 
Level 4, iteration 4
5(0.00%) conflicts; 0(0.00%) untouched conn; 0 (nbr) score; 
Estimated worst slack/total negative slack<setup>: 460.024ns/0.000ns; real time: 26 secs 
Level 4, iteration 5
0(0.00%) conflict; 0(0.00%) untouched conn; 0 (nbr) score; 
Estimated worst slack/total negative slack<setup>: 460.024ns/0.000ns; real time: 26 secs 

Start NBR section for setup/hold timing optimization with effort level 3 at 14:46:45 06/15/18

Start NBR section for re-routing at 14:46:45 06/15/18
Level 4, iteration 1
0(0.00%) conflict; 0(0.00%) untouched conn; 0 (nbr) score; 
Estimated worst slack/total negative slack<setup>: 460.024ns/0.000ns; real time: 26 secs 

Start NBR section for post-routing at 14:46:45 06/15/18

End NBR router with 0 unrouted connection

NBR Summary
-----------
  Number of unrouted connections : 0 (0.00%)
  Number of connections with timing violations : 0 (0.00%)
  Estimated worst slack<setup> : 460.024ns
  Timing score<setup> : 0
-----------
Notes: The timing info is calculated for SETUP only and all PAR_ADJs are ignored.



Total CPU time 23 secs 
Total REAL time: 28 secs 
Completely routed.
End of route.  2248 routed (100.00%); 0 unrouted.

Hold time timing score: 0, hold timing errors: 0

Timing score: 0 

Dumping design to file LCDram00_LCDram.dir/5_1.ncd.


PAR_SUMMARY::Run status = Success
PAR_SUMMARY::Number of unrouted conns = 0
PAR_SUMMARY::Worst  slack<setup/<ns>> = 460.024
PAR_SUMMARY::Timing score<setup/<ns>> = 0.000
PAR_SUMMARY::Worst  slack<hold /<ns>> = 0.306
PAR_SUMMARY::Timing score<hold /<ns>> = 0.000
PAR_SUMMARY::Number of errors = 0

Total CPU  time to completion: 23 secs 
Total REAL time to completion: 30 secs 

par done!

Copyright (c) 1991-1994 by NeoCAD Inc. All rights reserved.
Copyright (c) 1995 AT&T Corp.   All rights reserved.
Copyright (c) 1995-2001 Lucent Technologies Inc.  All rights reserved.
Copyright (c) 2001 Agere Systems   All rights reserved.
Copyright (c) 2002-2017 Lattice Semiconductor Corporation,  All rights reserved.
Exiting par with exit code 0
Exiting mpartrce with exit code 0

bitgen -f "LCDram00_LCDram.t2b" -w "LCDram00_LCDram.ncd" -jedec "LCDram00_LCDram.prf"


BITGEN: Bitstream Generator Diamond (64-bit) 3.10.0.111.2
Copyright (c) 1991-1994 by NeoCAD Inc. All rights reserved.
Copyright (c) 1995 AT&T Corp.   All rights reserved.
Copyright (c) 1995-2001 Lucent Technologies Inc.  All rights reserved.
Copyright (c) 2001 Agere Systems   All rights reserved.
Copyright (c) 2002-2017 Lattice Semiconductor Corporation,  All rights reserved.


Loading design for application Bitgen from file LCDram00_LCDram.ncd.
Design name: toplcdram00
NCD version: 3.3
Vendor:      LATTICE
Device:      LCMXO2-7000HE
Package:     TQFP144
Performance: 5
Loading device for application Bitgen from file 'xo2c7000.nph' in environment: C:/lscc/diamond/3.10_x64/ispfpga.
Package Status:                     Final          Version 1.39.
Performance Hardware Data Status:   Final          Version 34.4.

Running DRC.
DRC detected 0 errors and 0 warnings.
Reading Preference File from LCDram00_LCDram.prf.

Preference Summary:
+---------------------------------+---------------------------------+
|  Preference                     |  Current Setting                |
+---------------------------------+---------------------------------+
|                         RamCfg  |                        Reset**  |
+---------------------------------+---------------------------------+
|                     MCCLK_FREQ  |                         2.08**  |
+---------------------------------+---------------------------------+
|                  CONFIG_SECURE  |                          OFF**  |
+---------------------------------+---------------------------------+
|                          INBUF  |                           ON**  |
+---------------------------------+---------------------------------+
|                      JTAG_PORT  |                       ENABLE**  |
+---------------------------------+---------------------------------+
|                       SDM_PORT  |                      DISABLE**  |
+---------------------------------+---------------------------------+
|                 SLAVE_SPI_PORT  |                      DISABLE**  |
+---------------------------------+---------------------------------+
|                MASTER_SPI_PORT  |                      DISABLE**  |
+---------------------------------+---------------------------------+
|                       I2C_PORT  |                      DISABLE**  |
+---------------------------------+---------------------------------+
|        MUX_CONFIGURATION_PORTS  |                      DISABLE**  |
+---------------------------------+---------------------------------+
|                  CONFIGURATION  |                          CFG**  |
+---------------------------------+---------------------------------+
|                COMPRESS_CONFIG  |                           ON**  |
+---------------------------------+---------------------------------+
|                        MY_ASSP  |                          OFF**  |
+---------------------------------+---------------------------------+
|               ONE_TIME_PROGRAM  |                          OFF**  |
+---------------------------------+---------------------------------+
|                 ENABLE_TRANSFR  |                      DISABLE**  |
+---------------------------------+---------------------------------+
|                  SHAREDEBRINIT  |                      DISABLE**  |
+---------------------------------+---------------------------------+
|            BACKGROUND_RECONFIG  |                          OFF**  |
+---------------------------------+---------------------------------+
 *  Default setting.
 ** The specified setting matches the default setting.


Creating bit map...
 
Bitstream Status: Final           Version 1.94.
 
Saving bit stream in "LCDram00_LCDram.jed".
 
===========
UFM Summary.
===========
UFM Size:        2046 Pages (128*2046 Bits).
UFM Utilization: General Purpose Flash Memory.
 
Available General Purpose Flash Memory: 2046 Pages (Page 0 to Page 2045).
Initialized UFM Pages:                     0 Page.
 
