Running in Lattice mode

Starting:    C:\lscc\diamond\3.10_x64\synpbase\bin64\mbin\synbatch.exe
Install:     C:\lscc\diamond\3.10_x64\synpbase
Hostname:    LALO-PC
Date:        Fri Jun 15 14:36:46 2018
Version:     M-2017.03L-SP1-1

Arguments:   -product synplify_pro -batch LCDram00_LCDram_synplify.tcl
ProductType: synplify_pro




log file: "F:\hghg\LCDram\LCDram\LCDram00_LCDram.srr"
Running: hdl_info_gen in foreground

Generating HDL info...

hdl_info_gen completed
# Fri Jun 15 14:36:53 2018

Return Code: 0
Run Time:00h:00m:04s
Copied F:\hghg\LCDram\LCDram\LCDram00_LCDram.srr to F:\hghg\LCDram\LCDram\LCDram00_LCDram.srf
log file: "F:\hghg\LCDram\LCDram\LCDram00_LCDram.srr"
Running: LCDram in foreground

Running proj_1|LCDram

Running: compile (Compile) on proj_1|LCDram
# Fri Jun 15 14:36:53 2018

Running: compile_flow (Compile Process) on proj_1|LCDram
# Fri Jun 15 14:36:53 2018

Running: compiler (Compile Input) on proj_1|LCDram
# Fri Jun 15 14:36:53 2018
Copied F:\hghg\LCDram\LCDram\synwork\LCDram00_LCDram_comp.srs to F:\hghg\LCDram\LCDram\LCDram00_LCDram.srs

compiler completed
# Fri Jun 15 14:37:10 2018

Return Code: 0
Run Time:00h:00m:17s

Running: multi_srs_gen (Multi-srs Generator) on proj_1|LCDram
# Fri Jun 15 14:37:10 2018

multi_srs_gen completed
# Fri Jun 15 14:37:11 2018

Return Code: 0
Run Time:00h:00m:01s
Copied F:\hghg\LCDram\LCDram\synwork\LCDram00_LCDram_mult.srs to F:\hghg\LCDram\LCDram\LCDram00_LCDram.srs
Copied F:\hghg\LCDram\LCDram\LCDram00_LCDram.srr to F:\hghg\LCDram\LCDram\LCDram00_LCDram.srf
Complete: Compile Process on proj_1|LCDram

Running: premap (Pre-mapping) on proj_1|LCDram
# Fri Jun 15 14:37:11 2018

premap completed with warnings
# Fri Jun 15 14:37:18 2018

Return Code: 1
Run Time:00h:00m:07s
Complete: Compile on proj_1|LCDram

Running: map (Map) on proj_1|LCDram
# Fri Jun 15 14:37:18 2018
License granted for 4 parallel jobs

Running: fpga_mapper (Map & Optimize) on proj_1|LCDram
# Fri Jun 15 14:37:18 2018
Copied F:\hghg\LCDram\LCDram\synwork\LCDram00_LCDram_m.srm to F:\hghg\LCDram\LCDram\LCDram00_LCDram.srm

fpga_mapper completed with warnings
# Fri Jun 15 14:37:32 2018

Return Code: 1
Run Time:00h:00m:14s
Complete: Map on proj_1|LCDram
Copied F:\hghg\LCDram\LCDram\LCDram00_LCDram.srr to F:\hghg\LCDram\LCDram\LCDram00_LCDram.srf
Complete: Logic Synthesis on proj_1|LCDram
TCL script complete: "LCDram00_LCDram_synplify.tcl"
exit status=0
exit status=0
Save changes for project:
F:\hghg\LCDram\LCDram\proj_1.prj
batch mode default:no
