Running in Lattice mode


Starting:    C:\ispLEVER_Classic2_0\synpbase\win64\mbin\synbatch.exe
Install:     C:\ispLEVER_Classic2_0\synpbase
Date:        Thu May 30 19:57:46 2019
Version:     I-2014.03LC 

Arguments:   -product synplify_pro  -batch c:/users/valery garibay/documents/6_semestre/arqui/proyectocpld\topcontrol.prj
ProductType: synplify_pro





log file: "C:\users\valery garibay\documents\6_semestre\arqui\proyectocpld\topcontrol.srr"

Generating HDL info...
hdl_info_gen Completed
Return Code: 0
Run Time:0h:00m:01s
log file: "C:\users\valery garibay\documents\6_semestre\arqui\proyectocpld\topcontrol.srr"

Running topcontrol|proyectocpld

Running: Compile on topcontrol|proyectocpld

Running: Compile Process on topcontrol|proyectocpld

Running: Compile Input on topcontrol|proyectocpld
Copied C:\users\valery garibay\documents\6_semestre\arqui\proyectocpld\synwork\topcontrol_comp.srs to C:\users\valery garibay\documents\6_semestre\arqui\proyectocpld\topcontrol.srs
compiler Completed
Return Code: 0
Run Time:0h:00m:01s

Running: Multi-srs Generator on topcontrol|proyectocpld
Copied C:\users\valery garibay\documents\6_semestre\arqui\proyectocpld\synwork\topcontrol_comp.srs to C:\users\valery garibay\documents\6_semestre\arqui\proyectocpld\synwork\topcontrol_s.srs
multi_srs_gen Completed
Return Code: 0
Run Time:0h:00m:01s
Copied C:\users\valery garibay\documents\6_semestre\arqui\proyectocpld\synwork\topcontrol_mult.srs to C:\users\valery garibay\documents\6_semestre\arqui\proyectocpld\topcontrol.srs
Copied C:\users\valery garibay\documents\6_semestre\arqui\proyectocpld\topcontrol.srr to C:\users\valery garibay\documents\6_semestre\arqui\proyectocpld\topcontrol.srf
Complete: Compile Process on topcontrol|proyectocpld
Complete: Compile on topcontrol|proyectocpld

Running: Map on topcontrol|proyectocpld

Running: Map & Optimize on topcontrol|proyectocpld
fpga_mapper Completed
Return Code: 0
Run Time:0h:00m:00s
Complete: Map on topcontrol|proyectocpld
Complete: Logic Synthesis on topcontrol|proyectocpld

exit status=0

exit status=0

