
map -a "MachXO2" -p LCMXO2-7000HE -t TQFP144 -s 5 -oc Commercial   "alu00_alu.ngd" -o "alu00_alu_map.ncd" -pr "alu00_alu.prf" -mp "alu00_alu.mrp" -lpf "C:/Users/Valery Garibay/Documents/nuevoG/segundo/alu00/alu/alu00_alu_synplify.lpf" -lpf "C:/Users/Valery Garibay/Documents/nuevoG/segundo/alu00/alu00.lpf" -c 0            
map:  version Diamond (64-bit) 3.10.0.111.2

Copyright (c) 1991-1994 by NeoCAD Inc. All rights reserved.
Copyright (c) 1995 AT&T Corp.   All rights reserved.
Copyright (c) 1995-2001 Lucent Technologies Inc.  All rights reserved.
Copyright (c) 2001 Agere Systems   All rights reserved.
Copyright (c) 2002-2017 Lattice Semiconductor Corporation,  All rights reserved.
   Process the file: alu00_alu.ngd
   Picdevice="LCMXO2-7000HE"

   Pictype="TQFP144"

   Picspeed=5

   Remove unused logic

   Do not produce over sized NCDs.

Part used: LCMXO2-7000HETQFP144, Performance used: 5.

Loading device for application map from file 'xo2c7000.nph' in environment: C:/Program Files/diamond/3.10_x64/ispfpga.
Package Status:                     Final          Version 1.39.

Running general design DRC...

Removing unused logic...

Optimizing...

1 CCU2 constant inputs absorbed.




Design Summary:
   Number of registers:    142 out of  7209 (2%)
      PFU registers:          134 out of  6864 (2%)
      PIO registers:            8 out of   345 (2%)
   Number of SLICEs:       141 out of  3432 (4%)
      SLICEs as Logic/ROM:    141 out of  3432 (4%)
      SLICEs as RAM:            0 out of  2574 (0%)
      SLICEs as Carry:         22 out of  3432 (1%)
   Number of LUT4s:        268 out of  6864 (4%)
      Number used as logic LUTs:        224
      Number used as distributed RAM:     0
      Number used as ripple logic:       44
      Number used as shift registers:     0
   Number of PIO sites used: 53 + 4(JTAG) out of 115 (50%)
   Number of block RAMs:  0 out of 26 (0%)
   Number of GSRs:  0 out of 1 (0%)
   EFB used :       No
   JTAG used :      No
   Readback used :  No
   Oscillator used :  Yes
   Startup used :   No
   POR :            On
   Bandgap :        On
   Number of Power Controller:  0 out of 1 (0%)
   Number of Dynamic Bank Controller (BCINRD):  0 out of 6 (0%)
   Number of Dynamic Bank Controller (BCLVDSO):  0 out of 1 (0%)
   Number of DCCA:  0 out of 8 (0%)
   Number of DCMA:  0 out of 2 (0%)
   Number of PLLs:  0 out of 2 (0%)
   Number of DQSDLLs:  0 out of 2 (0%)
   Number of CLKDIVC:  0 out of 4 (0%)
   Number of ECLKSYNCA:  0 out of 4 (0%)
   Number of ECLKBRIDGECS:  0 out of 2 (0%)
   Notes:-
      1. Total number of LUT4s = (Number of logic LUT4s) + 2*(Number of distributed RAMs) + 2*(Number of ripple logic)
      2. Number of logic LUT4s does not include count of distributed RAM and ripple logic.
   Number of clocks:  1
     Net AC00.sclk_0: 92 loads, 92 rising, 0 falling (Driver: AC00/OS00/OSCInst0 )
   Number of Clock Enables:  21
     Net outac_cnv[0]: 8 loads, 0 LSLICEs
     Net G_3: 23 loads, 23 LSLICEs
     Net AC01/un1_opcodeal_0_a2_RNIFDNI: 4 loads, 4 LSLICEs
     Net AC01/aux_RNO_7: 1 loads, 1 LSLICEs
     Net AC02/un1_opcodeoral_0_a2_RNIV6IH: 4 loads, 4 LSLICEs
     Net AC02/aux_RNO_6: 1 loads, 1 LSLICEs
     Net AC03/outxoral_1ce[0]: 4 loads, 4 LSLICEs
     Net AC03/aux_RNO_5: 1 loads, 1 LSLICEs
     Net AC04/un1_opcodeaal_0_a2_RNIFC7L: 4 loads, 4 LSLICEs
     Net AC04/aux_RNO_4: 1 loads, 1 LSLICEs
     Net AC05/outnoral_1ce[0]: 4 loads, 4 LSLICEs
     Net AC05/aux_RNO_3: 1 loads, 1 LSLICEs
     Net AC06/outxnoral_1ce[0]: 4 loads, 4 LSLICEs
     Net AC06/aux_RNO_2: 1 loads, 1 LSLICEs
     Net AC07/outnotaal_1ce[0]: 4 loads, 4 LSLICEs
     Net AC07/aux_RNO_1: 1 loads, 1 LSLICEs
     Net AC08/outadderal_1ce[0]: 5 loads, 5 LSLICEs
     Net AC08/aux_RNO_0: 1 loads, 1 LSLICEs
     Net AC09/outsubsal_1ce[0]: 5 loads, 5 LSLICEs
     Net AC09/aux_RNO: 1 loads, 1 LSLICEs
     Net AC10/aux_RNO_8: 1 loads, 1 LSLICEs
   Number of LSRs:  1
     Net AC00/OS01/un1_outosc56_7_1_RNILOL1: 12 loads, 12 LSLICEs
   Number of nets driven by tri-state buffers:  0
   Top 10 highest fanout non-clock nets:
     Net G_3: 43 loads
     Net outFlagac0_c: 39 loads
     Net opcode0_c[0]: 15 loads
     Net opcode0_c[1]: 15 loads
     Net AC00/OS01/un1_outosc56_7_1_RNILOL1: 12 loads
     Net opcode0_c[2]: 12 loads
     Net opcode0_c[3]: 12 loads
     Net portA0_c[0]: 11 loads
     Net portB0_c[0]: 10 loads
     Net AC01.outal_cl[7]: 9 loads
 

   Number of warnings:  0
   Number of errors:    0



Total CPU Time: 1 secs  
Total REAL Time: 2 secs  
Peak Memory Usage: 59 MB

Dumping design to file alu00_alu_map.ncd.

mpartrce -p "alu00_alu.p2t" -f "alu00_alu.p3t" -tf "alu00_alu.pt" "alu00_alu_map.ncd" "alu00_alu.ncd"

---- MParTrce Tool ----
Removing old design directory at request of -rem command line option to this program.
Running par. Please wait . . .

Lattice Place and Route Report for Design "alu00_alu_map.ncd"
Fri Apr 05 11:16:43 2019

PAR: Place And Route Diamond (64-bit) 3.10.0.111.2.
Command Line: par -w -l 5 -i 6 -t 1 -c 0 -e 0 -gui -msgset "C:/Users/Valery Garibay/Documents/nuevoG/segundo/alu00/promote.xml" -exp parUseNBR=1:parCDP=0:parCDR=0:parPathBased=OFF alu00_alu_map.ncd alu00_alu.dir/5_1.ncd alu00_alu.prf
Preference file: alu00_alu.prf.
Placement level-cost: 5-1.
Routing Iterations: 6

Loading design for application par from file alu00_alu_map.ncd.
Design name: topalu00
NCD version: 3.3
Vendor:      LATTICE
Device:      LCMXO2-7000HE
Package:     TQFP144
Performance: 5
Loading device for application par from file 'xo2c7000.nph' in environment: C:/Program Files/diamond/3.10_x64/ispfpga.
Package Status:                     Final          Version 1.39.
Performance Hardware Data Status:   Final          Version 34.4.
License checked out.


Ignore Preference Error(s):  True
Device utilization summary:

   PIO (prelim)   53+4(JTAG)/336     17% used
                  53+4(JTAG)/115     50% bonded
   IOLOGIC            8/336           2% used

   SLICE            141/3432          4% used

   OSC                1/1           100% used


Number of Signals: 449
Number of Connections: 1179

Pin Constraint Summary:
   38 out of 53 pins locked (71% locked).

The following 1 signal is selected to use the primary clock routing resources:
    AC00.sclk_0 (driver: AC00/OS00/OSCInst0, clk load #: 92)


The following 2 signals are selected to use the secondary clock routing resources:
    G_3 (driver: SLICE_93, clk load #: 0, sr load #: 0, ce load #: 23)
    AC00/OS01/un1_outosc56_7_1_RNILOL1 (driver: AC00/OS01/SLICE_120, clk load #: 0, sr load #: 12, ce load #: 0)

No signal is selected as Global Set/Reset.
.
Starting Placer Phase 0.
................
Finished Placer Phase 0.  REAL time: 2 secs 

Starting Placer Phase 1.
....................
Placer score = 79893.
Finished Placer Phase 1.  REAL time: 10 secs 

Starting Placer Phase 2.
.
Placer score =  79744
Finished Placer Phase 2.  REAL time: 11 secs 


------------------ Clock Report ------------------

Global Clock Resources:
  CLK_PIN    : 0 out of 8 (0%)
  PLL        : 0 out of 2 (0%)
  DCM        : 0 out of 2 (0%)
  DCC        : 0 out of 8 (0%)

Quadrants All (TL, TR, BL, BR) - Global Clocks:
  PRIMARY "AC00.sclk_0" from OSC on comp "AC00/OS00/OSCInst0" on site "OSC", clk load = 92
  SECONDARY "G_3" from F1 on comp "SLICE_93" on site "R21C18B", clk load = 0, ce load = 23, sr load = 0
  SECONDARY "AC00/OS01/un1_outosc56_7_1_RNILOL1" from F0 on comp "AC00/OS01/SLICE_120" on site "R14C18A", clk load = 0, ce load = 0, sr load = 12

  PRIMARY  : 1 out of 8 (12%)
  SECONDARY: 2 out of 8 (25%)

Edge Clocks:
  No edge clock selected.

--------------- End of Clock Report ---------------


I/O Usage Summary (final):
   53 + 4(JTAG) out of 336 (17.0%) PIO sites used.
   53 + 4(JTAG) out of 115 (49.6%) bonded PIO sites used.
   Number of PIO comps: 53; differential: 0.
   Number of Vref pins used: 0.

I/O Bank Usage Summary:
+----------+----------------+------------+-----------+
| I/O Bank | Usage          | Bank Vccio | Bank Vref |
+----------+----------------+------------+-----------+
| 0        | 8 / 28 ( 28%)  | 2.5V       | -         |
| 1        | 0 / 29 (  0%)  | -          | -         |
| 2        | 26 / 29 ( 89%) | 2.5V       | -         |
| 3        | 9 / 9 (100%)   | 2.5V       | -         |
| 4        | 9 / 10 ( 90%)  | 2.5V       | -         |
| 5        | 1 / 10 ( 10%)  | 2.5V       | -         |
+----------+----------------+------------+-----------+

Total placer CPU time: 10 secs 

Dumping design to file alu00_alu.dir/5_1.ncd.

0 connections routed; 1179 unrouted.
Starting router resource preassignment

Completed router resource preassignment. Real time: 16 secs 

Start NBR router at 11:16:59 04/05/19

*****************************************************************
Info: NBR allows conflicts(one node used by more than one signal)
      in the earlier iterations. In each iteration, it tries to  
      solve the conflicts while keeping the critical connections 
      routed as short as possible. The routing process is said to
      be completed when no conflicts exist and all connections   
      are routed.                                                
Note: NBR uses a different method to calculate timing slacks. The
      worst slack and total negative slack may not be the same as
      that in TRCE report. You should always run TRCE to verify  
      your design.                                               
*****************************************************************

Start NBR special constraint process at 11:16:59 04/05/19

Start NBR section for initial routing at 11:16:59 04/05/19
Level 4, iteration 1
31(0.01%) conflicts; 0(0.00%) untouched conn; 0 (nbr) score; 
Estimated worst slack/total negative slack<setup>: 462.471ns/0.000ns; real time: 17 secs 

Info: Initial congestion level at 75% usage is 0
Info: Initial congestion area  at 75% usage is 0 (0.00%)

Start NBR section for normal routing at 11:17:00 04/05/19
Level 4, iteration 1
11(0.00%) conflicts; 0(0.00%) untouched conn; 0 (nbr) score; 
Estimated worst slack/total negative slack<setup>: 461.929ns/0.000ns; real time: 17 secs 
Level 4, iteration 2
4(0.00%) conflicts; 0(0.00%) untouched conn; 0 (nbr) score; 
Estimated worst slack/total negative slack<setup>: 461.935ns/0.000ns; real time: 17 secs 
Level 4, iteration 3
0(0.00%) conflict; 0(0.00%) untouched conn; 0 (nbr) score; 
Estimated worst slack/total negative slack<setup>: 461.935ns/0.000ns; real time: 17 secs 

Start NBR section for setup/hold timing optimization with effort level 3 at 11:17:00 04/05/19

Start NBR section for re-routing at 11:17:00 04/05/19
Level 4, iteration 1
0(0.00%) conflict; 0(0.00%) untouched conn; 0 (nbr) score; 
Estimated worst slack/total negative slack<setup>: 461.935ns/0.000ns; real time: 17 secs 

Start NBR section for post-routing at 11:17:00 04/05/19

End NBR router with 0 unrouted connection

NBR Summary
-----------
  Number of unrouted connections : 0 (0.00%)
  Number of connections with timing violations : 0 (0.00%)
  Estimated worst slack<setup> : 461.935ns
  Timing score<setup> : 0
-----------
Notes: The timing info is calculated for SETUP only and all PAR_ADJs are ignored.



Total CPU time 18 secs 
Total REAL time: 18 secs 
Completely routed.
End of route.  1179 routed (100.00%); 0 unrouted.

Hold time timing score: 0, hold timing errors: 0

Timing score: 0 

Dumping design to file alu00_alu.dir/5_1.ncd.


PAR_SUMMARY::Run status = Success
PAR_SUMMARY::Number of unrouted conns = 0
PAR_SUMMARY::Worst  slack<setup/<ns>> = 461.935
PAR_SUMMARY::Timing score<setup/<ns>> = 0.000
PAR_SUMMARY::Worst  slack<hold /<ns>> = 0.379
PAR_SUMMARY::Timing score<hold /<ns>> = 0.000
PAR_SUMMARY::Number of errors = 0

Total CPU  time to completion: 18 secs 
Total REAL time to completion: 19 secs 

par done!

Copyright (c) 1991-1994 by NeoCAD Inc. All rights reserved.
Copyright (c) 1995 AT&T Corp.   All rights reserved.
Copyright (c) 1995-2001 Lucent Technologies Inc.  All rights reserved.
Copyright (c) 2001 Agere Systems   All rights reserved.
Copyright (c) 2002-2017 Lattice Semiconductor Corporation,  All rights reserved.
Exiting par with exit code 0
Exiting mpartrce with exit code 0

bitgen -f "alu00_alu.t2b" -w "alu00_alu.ncd" -jedec "alu00_alu.prf"


BITGEN: Bitstream Generator Diamond (64-bit) 3.10.0.111.2
Copyright (c) 1991-1994 by NeoCAD Inc. All rights reserved.
Copyright (c) 1995 AT&T Corp.   All rights reserved.
Copyright (c) 1995-2001 Lucent Technologies Inc.  All rights reserved.
Copyright (c) 2001 Agere Systems   All rights reserved.
Copyright (c) 2002-2017 Lattice Semiconductor Corporation,  All rights reserved.


Loading design for application Bitgen from file alu00_alu.ncd.
Design name: topalu00
NCD version: 3.3
Vendor:      LATTICE
Device:      LCMXO2-7000HE
Package:     TQFP144
Performance: 5
Loading device for application Bitgen from file 'xo2c7000.nph' in environment: C:/Program Files/diamond/3.10_x64/ispfpga.
Package Status:                     Final          Version 1.39.
Performance Hardware Data Status:   Final          Version 34.4.

Running DRC.
DRC detected 0 errors and 0 warnings.
Reading Preference File from alu00_alu.prf.

Preference Summary:
+---------------------------------+---------------------------------+
|  Preference                     |  Current Setting                |
+---------------------------------+---------------------------------+
|                         RamCfg  |                        Reset**  |
+---------------------------------+---------------------------------+
|                     MCCLK_FREQ  |                         2.08**  |
+---------------------------------+---------------------------------+
|                  CONFIG_SECURE  |                          OFF**  |
+---------------------------------+---------------------------------+
|                          INBUF  |                           ON**  |
+---------------------------------+---------------------------------+
|                      JTAG_PORT  |                       ENABLE**  |
+---------------------------------+---------------------------------+
|                       SDM_PORT  |                      DISABLE**  |
+---------------------------------+---------------------------------+
|                 SLAVE_SPI_PORT  |                      DISABLE**  |
+---------------------------------+---------------------------------+
|                MASTER_SPI_PORT  |                      DISABLE**  |
+---------------------------------+---------------------------------+
|                       I2C_PORT  |                      DISABLE**  |
+---------------------------------+---------------------------------+
|        MUX_CONFIGURATION_PORTS  |                      DISABLE**  |
+---------------------------------+---------------------------------+
|                  CONFIGURATION  |                          CFG**  |
+---------------------------------+---------------------------------+
|                COMPRESS_CONFIG  |                           ON**  |
+---------------------------------+---------------------------------+
|                        MY_ASSP  |                          OFF**  |
+---------------------------------+---------------------------------+
|               ONE_TIME_PROGRAM  |                          OFF**  |
+---------------------------------+---------------------------------+
|                 ENABLE_TRANSFR  |                      DISABLE**  |
+---------------------------------+---------------------------------+
|                  SHAREDEBRINIT  |                      DISABLE**  |
+---------------------------------+---------------------------------+
|            BACKGROUND_RECONFIG  |                          OFF**  |
+---------------------------------+---------------------------------+
 *  Default setting.
 ** The specified setting matches the default setting.


Creating bit map...
 
Bitstream Status: Final           Version 1.94.
 
Saving bit stream in "alu00_alu.jed".
 
===========
UFM Summary.
===========
UFM Size:        2046 Pages (128*2046 Bits).
UFM Utilization: General Purpose Flash Memory.
 
Available General Purpose Flash Memory: 2046 Pages (Page 0 to Page 2045).
Initialized UFM Pages:                     0 Page.
 
