Running in Lattice mode
error reading package index file C:/Program Files/diamond/3.10_x64/synpbase/lib/pkgIndex.tcl: couldn't read file "{C:/Program Files/diamond/3.10_x64/synpbase/lib/pkgIndex.tcl}": no such file or directory
error reading package index file C:/Program Files/diamond/3.10_x64/synpbase/lib/bwidget-1.9.5/pkgIndex.tcl: couldn't read file "{C:/Program Files/diamond/3.10_x64/synpbase/lib/bwidget-1.9.5/pkgIndex.tcl}": no such file or directory
error reading package index file C:/Program Files/diamond/3.10_x64/synpbase/lib/tcllib-1.12/pkgIndex.tcl: couldn't read file "{C:/Program Files/diamond/3.10_x64/synpbase/lib/tcllib-1.12/pkgIndex.tcl}": no such file or directory
error reading package index file C:/Program Files/diamond/3.10_x64/synpbase/lib/pkgIndex.tcl: couldn't read file "{C:/Program Files/diamond/3.10_x64/synpbase/lib/pkgIndex.tcl}": no such file or directory
error reading package index file C:/Program Files/diamond/3.10_x64/synpbase/lib/pkgIndex.tcl: couldn't read file "{C:/Program Files/diamond/3.10_x64/synpbase/lib/pkgIndex.tcl}": no such file or directory
error reading package index file C:/Program Files/diamond/3.10_x64/synpbase/lib/bwidget-1.9.5/pkgIndex.tcl: couldn't read file "{C:/Program Files/diamond/3.10_x64/synpbase/lib/bwidget-1.9.5/pkgIndex.tcl}": no such file or directory
error reading package index file C:/Program Files/diamond/3.10_x64/synpbase/lib/tcllib-1.12/pkgIndex.tcl: couldn't read file "{C:/Program Files/diamond/3.10_x64/synpbase/lib/tcllib-1.12/pkgIndex.tcl}": no such file or directory
error reading package index file C:/Program Files/diamond/3.10_x64/synpbase/lib/pkgIndex.tcl: couldn't read file "{C:/Program Files/diamond/3.10_x64/synpbase/lib/pkgIndex.tcl}": no such file or directory

Starting:    C:\Program Files\diamond\3.10_x64\synpbase\bin64\mbin\synbatch.exe
Install:     C:\Program Files\diamond\3.10_x64\synpbase
Hostname:    DESKTOP-JBP5BT2
Date:        Mon May 13 12:36:43 2019
Version:     M-2017.03L-SP1-1

Arguments:   -product synplify_pro -batch LCDram00_LCDram_synplify.tcl
ProductType: synplify_pro




log file: "C:\Users\Valery Garibay\Desktop\NUEVOARQUI\practicas_Gelas\hghg\LCDram\LCDram\LCDram00_LCDram.srr"
Running: hdl_info_gen in foreground

Generating HDL info...

hdl_info_gen completed
# Mon May 13 12:36:44 2019

Return Code: 0
Run Time:00h:00m:01s
Copied C:\Users\Valery Garibay\Desktop\NUEVOARQUI\practicas_Gelas\hghg\LCDram\LCDram\LCDram00_LCDram.srr to C:\Users\Valery Garibay\Desktop\NUEVOARQUI\practicas_Gelas\hghg\LCDram\LCDram\LCDram00_LCDram.srf
log file: "C:\Users\Valery Garibay\Desktop\NUEVOARQUI\practicas_Gelas\hghg\LCDram\LCDram\LCDram00_LCDram.srr"
Running: LCDram in foreground

Running proj_1|LCDram

Running: compile (Compile) on proj_1|LCDram
# Mon May 13 12:36:44 2019

Running: compile_flow (Compile Process) on proj_1|LCDram
# Mon May 13 12:36:44 2019

Running: compiler (Compile Input) on proj_1|LCDram
# Mon May 13 12:36:44 2019
Copied C:\Users\Valery Garibay\Desktop\NUEVOARQUI\practicas_Gelas\hghg\LCDram\LCDram\synwork\LCDram00_LCDram_comp.srs to C:\Users\Valery Garibay\Desktop\NUEVOARQUI\practicas_Gelas\hghg\LCDram\LCDram\LCDram00_LCDram.srs

compiler completed
# Mon May 13 12:36:49 2019

Return Code: 0
Run Time:00h:00m:05s

Running: multi_srs_gen (Multi-srs Generator) on proj_1|LCDram
# Mon May 13 12:36:49 2019

multi_srs_gen completed
# Mon May 13 12:36:50 2019

Return Code: 0
Run Time:00h:00m:01s
Copied C:\Users\Valery Garibay\Desktop\NUEVOARQUI\practicas_Gelas\hghg\LCDram\LCDram\synwork\LCDram00_LCDram_mult.srs to C:\Users\Valery Garibay\Desktop\NUEVOARQUI\practicas_Gelas\hghg\LCDram\LCDram\LCDram00_LCDram.srs
Copied C:\Users\Valery Garibay\Desktop\NUEVOARQUI\practicas_Gelas\hghg\LCDram\LCDram\LCDram00_LCDram.srr to C:\Users\Valery Garibay\Desktop\NUEVOARQUI\practicas_Gelas\hghg\LCDram\LCDram\LCDram00_LCDram.srf
Complete: Compile Process on proj_1|LCDram

Running: premap (Pre-mapping) on proj_1|LCDram
# Mon May 13 12:36:50 2019

premap completed with warnings
# Mon May 13 12:36:52 2019

Return Code: 1
Run Time:00h:00m:02s
Complete: Compile on proj_1|LCDram

Running: map (Map) on proj_1|LCDram
# Mon May 13 12:36:52 2019
License granted for 4 parallel jobs

Running: fpga_mapper (Map & Optimize) on proj_1|LCDram
# Mon May 13 12:36:52 2019
Copied C:\Users\Valery Garibay\Desktop\NUEVOARQUI\practicas_Gelas\hghg\LCDram\LCDram\synwork\LCDram00_LCDram_m.srm to C:\Users\Valery Garibay\Desktop\NUEVOARQUI\practicas_Gelas\hghg\LCDram\LCDram\LCDram00_LCDram.srm

fpga_mapper completed with warnings
# Mon May 13 12:36:59 2019

Return Code: 1
Run Time:00h:00m:07s
Complete: Map on proj_1|LCDram
Copied C:\Users\Valery Garibay\Desktop\NUEVOARQUI\practicas_Gelas\hghg\LCDram\LCDram\LCDram00_LCDram.srr to C:\Users\Valery Garibay\Desktop\NUEVOARQUI\practicas_Gelas\hghg\LCDram\LCDram\LCDram00_LCDram.srf
Complete: Logic Synthesis on proj_1|LCDram
TCL script complete: "LCDram00_LCDram_synplify.tcl"
exit status=0
exit status=0
Save changes for project:
C:\Users\Valery Garibay\Desktop\NUEVOARQUI\practicas_Gelas\hghg\LCDram\LCDram\proj_1.prj
batch mode default:no
