Running in Lattice mode
error reading package index file C:/Program Files/diamond/3.10_x64/synpbase/lib/pkgIndex.tcl: couldn't read file "{C:/Program Files/diamond/3.10_x64/synpbase/lib/pkgIndex.tcl}": no such file or directory
error reading package index file C:/Program Files/diamond/3.10_x64/synpbase/lib/bwidget-1.9.5/pkgIndex.tcl: couldn't read file "{C:/Program Files/diamond/3.10_x64/synpbase/lib/bwidget-1.9.5/pkgIndex.tcl}": no such file or directory
error reading package index file C:/Program Files/diamond/3.10_x64/synpbase/lib/tcllib-1.12/pkgIndex.tcl: couldn't read file "{C:/Program Files/diamond/3.10_x64/synpbase/lib/tcllib-1.12/pkgIndex.tcl}": no such file or directory
error reading package index file C:/Program Files/diamond/3.10_x64/synpbase/lib/pkgIndex.tcl: couldn't read file "{C:/Program Files/diamond/3.10_x64/synpbase/lib/pkgIndex.tcl}": no such file or directory
error reading package index file C:/Program Files/diamond/3.10_x64/synpbase/lib/pkgIndex.tcl: couldn't read file "{C:/Program Files/diamond/3.10_x64/synpbase/lib/pkgIndex.tcl}": no such file or directory
error reading package index file C:/Program Files/diamond/3.10_x64/synpbase/lib/bwidget-1.9.5/pkgIndex.tcl: couldn't read file "{C:/Program Files/diamond/3.10_x64/synpbase/lib/bwidget-1.9.5/pkgIndex.tcl}": no such file or directory
error reading package index file C:/Program Files/diamond/3.10_x64/synpbase/lib/tcllib-1.12/pkgIndex.tcl: couldn't read file "{C:/Program Files/diamond/3.10_x64/synpbase/lib/tcllib-1.12/pkgIndex.tcl}": no such file or directory
error reading package index file C:/Program Files/diamond/3.10_x64/synpbase/lib/pkgIndex.tcl: couldn't read file "{C:/Program Files/diamond/3.10_x64/synpbase/lib/pkgIndex.tcl}": no such file or directory

Starting:    C:\Program Files\diamond\3.10_x64\synpbase\bin64\mbin\synbatch.exe
Install:     C:\Program Files\diamond\3.10_x64\synpbase
Hostname:    DESKTOP-JBP5BT2
Date:        Wed May  8 11:49:00 2019
Version:     M-2017.03L-SP1-1

Arguments:   -product synplify_pro -batch bcd00_bcd0_synplify.tcl
ProductType: synplify_pro




log file: "C:\Users\Valery Garibay\Documents\Project3CM2MachX02\bcd01\bcd0\bcd00_bcd0.srr"
Running: hdl_info_gen in foreground

Generating HDL info...

hdl_info_gen completed
# Wed May  8 11:49:01 2019

Return Code: 0
Run Time:00h:00m:01s
Copied C:\Users\Valery Garibay\Documents\Project3CM2MachX02\bcd01\bcd0\bcd00_bcd0.srr to C:\Users\Valery Garibay\Documents\Project3CM2MachX02\bcd01\bcd0\bcd00_bcd0.srf
log file: "C:\Users\Valery Garibay\Documents\Project3CM2MachX02\bcd01\bcd0\bcd00_bcd0.srr"
Running: bcd0 in foreground

Running proj_1|bcd0

Running: compile (Compile) on proj_1|bcd0
# Wed May  8 11:49:01 2019

Running: compile_flow (Compile Process) on proj_1|bcd0
# Wed May  8 11:49:01 2019

Running: compiler (Compile Input) on proj_1|bcd0
# Wed May  8 11:49:01 2019
compiler exited with errors
Job failed on: proj_1|bcd0

Job: "compiler" terminated with error status: 2
See log file: "C:\Users\Valery Garibay\Documents\Project3CM2MachX02\bcd01\bcd0\synlog\bcd00_bcd0_compiler.srr"
# Wed May  8 11:49:03 2019

Return Code: 2
Run Time:00h:00m:02s
Complete: Compile Process on proj_1|bcd0
Complete: Compile on proj_1|bcd0
Complete: Logic Synthesis on proj_1|bcd0
Copied C:\Users\Valery Garibay\Documents\Project3CM2MachX02\bcd01\bcd0\bcd00_bcd0.srr to C:\Users\Valery Garibay\Documents\Project3CM2MachX02\bcd01\bcd0\bcd00_bcd0.srf
Error: At line 83 while processing "bcd00_bcd0_synplify.tcl"
2
TCL script complete: "bcd00_bcd0_synplify.tcl"
TCL script had errors: "bcd00_bcd0_synplify.tcl"
exit status=9
exit status=9
Save changes for project:
C:\Users\Valery Garibay\Documents\Project3CM2MachX02\bcd01\bcd0\proj_1.prj
batch mode default:no
