Running in Lattice mode

Starting:    C:\lscc\diamond\3.10_x64\synpbase\bin64\mbin\synbatch.exe
Install:     C:\lscc\diamond\3.10_x64\synpbase
Hostname:    LAPTOP-ONJC2QMR
Date:        Tue Sep 11 09:28:38 2018
Version:     M-2017.03L-SP1-1

Arguments:   -product synplify_pro -batch shiftRL00_shiftRL_synplify.tcl
ProductType: synplify_pro




Copied C:\Users\James\Documents\ESCOM_SEMESTRE_6\3CM2_ARQUITECTURA\Project3CM2MachX02\shiftRL00\shiftRL\shiftRL00_shiftRL.srr to C:\Users\James\Documents\ESCOM_SEMESTRE_6\3CM2_ARQUITECTURA\Project3CM2MachX02\shiftRL00\shiftRL\backup\shiftRL00_shiftRL.srr
log file: "C:\Users\James\Documents\ESCOM_SEMESTRE_6\3CM2_ARQUITECTURA\Project3CM2MachX02\shiftRL00\shiftRL\shiftRL00_shiftRL.srr"
Running: hdl_info_gen in foreground

Generating HDL info...

hdl_info_gen completed
# Tue Sep 11 09:28:40 2018

Return Code: 0
Run Time:00h:00m:01s
Copied C:\Users\James\Documents\ESCOM_SEMESTRE_6\3CM2_ARQUITECTURA\Project3CM2MachX02\shiftRL00\shiftRL\shiftRL00_shiftRL.srr to C:\Users\James\Documents\ESCOM_SEMESTRE_6\3CM2_ARQUITECTURA\Project3CM2MachX02\shiftRL00\shiftRL\shiftRL00_shiftRL.srf
log file: "C:\Users\James\Documents\ESCOM_SEMESTRE_6\3CM2_ARQUITECTURA\Project3CM2MachX02\shiftRL00\shiftRL\shiftRL00_shiftRL.srr"
Running: shiftRL in foreground

Running proj_1|shiftRL

Running: compile (Compile) on proj_1|shiftRL
# Tue Sep 11 09:28:41 2018

Running: compile_flow (Compile Process) on proj_1|shiftRL
# Tue Sep 11 09:28:41 2018

Running: compiler (Compile Input) on proj_1|shiftRL
# Tue Sep 11 09:28:41 2018
Copied C:\Users\James\Documents\ESCOM_SEMESTRE_6\3CM2_ARQUITECTURA\Project3CM2MachX02\shiftRL00\shiftRL\synwork\shiftRL00_shiftRL_comp.srs to C:\Users\James\Documents\ESCOM_SEMESTRE_6\3CM2_ARQUITECTURA\Project3CM2MachX02\shiftRL00\shiftRL\shiftRL00_shiftRL.srs

compiler completed
# Tue Sep 11 09:28:45 2018

Return Code: 0
Run Time:00h:00m:04s

Running: multi_srs_gen (Multi-srs Generator) on proj_1|shiftRL
# Tue Sep 11 09:28:45 2018

multi_srs_gen completed
# Tue Sep 11 09:28:46 2018

Return Code: 0
Run Time:00h:00m:01s
Copied C:\Users\James\Documents\ESCOM_SEMESTRE_6\3CM2_ARQUITECTURA\Project3CM2MachX02\shiftRL00\shiftRL\synwork\shiftRL00_shiftRL_mult.srs to C:\Users\James\Documents\ESCOM_SEMESTRE_6\3CM2_ARQUITECTURA\Project3CM2MachX02\shiftRL00\shiftRL\shiftRL00_shiftRL.srs
Copied C:\Users\James\Documents\ESCOM_SEMESTRE_6\3CM2_ARQUITECTURA\Project3CM2MachX02\shiftRL00\shiftRL\shiftRL00_shiftRL.srr to C:\Users\James\Documents\ESCOM_SEMESTRE_6\3CM2_ARQUITECTURA\Project3CM2MachX02\shiftRL00\shiftRL\shiftRL00_shiftRL.srf
Complete: Compile Process on proj_1|shiftRL

Running: premap (Pre-mapping) on proj_1|shiftRL
# Tue Sep 11 09:28:46 2018

premap completed with warnings
# Tue Sep 11 09:28:48 2018

Return Code: 1
Run Time:00h:00m:02s
Complete: Compile on proj_1|shiftRL

Running: map (Map) on proj_1|shiftRL
# Tue Sep 11 09:28:49 2018
License granted for 4 parallel jobs

Running: fpga_mapper (Map & Optimize) on proj_1|shiftRL
# Tue Sep 11 09:28:49 2018
Copied C:\Users\James\Documents\ESCOM_SEMESTRE_6\3CM2_ARQUITECTURA\Project3CM2MachX02\shiftRL00\shiftRL\synwork\shiftRL00_shiftRL_m.srm to C:\Users\James\Documents\ESCOM_SEMESTRE_6\3CM2_ARQUITECTURA\Project3CM2MachX02\shiftRL00\shiftRL\shiftRL00_shiftRL.srm

fpga_mapper completed with warnings
# Tue Sep 11 09:28:54 2018

Return Code: 1
Run Time:00h:00m:05s
Complete: Map on proj_1|shiftRL
Copied C:\Users\James\Documents\ESCOM_SEMESTRE_6\3CM2_ARQUITECTURA\Project3CM2MachX02\shiftRL00\shiftRL\shiftRL00_shiftRL.srr to C:\Users\James\Documents\ESCOM_SEMESTRE_6\3CM2_ARQUITECTURA\Project3CM2MachX02\shiftRL00\shiftRL\shiftRL00_shiftRL.srf
Complete: Logic Synthesis on proj_1|shiftRL
TCL script complete: "shiftRL00_shiftRL_synplify.tcl"
exit status=0
exit status=0
Save changes for project:
C:\Users\James\Documents\ESCOM_SEMESTRE_6\3CM2_ARQUITECTURA\Project3CM2MachX02\shiftRL00\shiftRL\proj_1.prj
batch mode default:no
