
synpwrap -msg -prj "sequence00_sequence0_synplify.tcl" -log "sequence00_sequence0.srf"
Copyright (C) 1992-2017 Lattice Semiconductor Corporation. All rights reserved.
Lattice Diamond Version 3.10.0.111.2
    <postMsg mid="2011000" type="Info"    dynamic="0" navigation="0"  />

==contents of sequence00_sequence0.srf
#Build: Synplify Pro (R) M-2017.03L-SP1-1, Build 086R, Aug  4 2017
#install: C:\lscc\diamond\3.10_x64\synpbase
#OS: Windows 8 6.2
#Hostname: LAPTOP-ONJC2QMR

# Thu Nov  8 18:23:50 2018

#Implementation: sequence0

Synopsys HDL Compiler, version comp2017q2p1, Build 190R, built Aug  4 2017
@N|Running in 64-bit mode
Copyright (C) 1994-2017 Synopsys, Inc. This Synopsys software and all associated documentation are proprietary to Synopsys, Inc. and may only be used pursuant to the terms and conditions of a written license agreement with Synopsys, Inc. All other use, reproduction, modification, or distribution of the Synopsys software or the associated documentation is strictly prohibited.

Synopsys VHDL Compiler, version comp2017q2p1, Build 190R, built Aug  4 2017
@N|Running in 64-bit mode
Copyright (C) 1994-2017 Synopsys, Inc. This Synopsys software and all associated documentation are proprietary to Synopsys, Inc. and may only be used pursuant to the terms and conditions of a written license agreement with Synopsys, Inc. All other use, reproduction, modification, or distribution of the Synopsys software or the associated documentation is strictly prohibited.

@N: CD720 :"C:\lscc\diamond\3.10_x64\synpbase\lib\vhd\std.vhd":123:18:123:21|Setting time resolution to ps
@N:"C:\Users\James\Documents\ESCOM_SEMESTRE_6\3CM2_ARQUITECTURA\Project3CM2MachX02\sequence00\topsequence00.vhd":9:7:9:19|Top entity is set to topsequence00.
VHDL syntax check successful!
@N: CD630 :"C:\Users\James\Documents\ESCOM_SEMESTRE_6\3CM2_ARQUITECTURA\Project3CM2MachX02\sequence00\topsequence00.vhd":9:7:9:19|Synthesizing work.topsequence00.topsequence0.
@N: CD630 :"C:\Users\James\Documents\ESCOM_SEMESTRE_6\3CM2_ARQUITECTURA\Project3CM2MachX02\sequence00\sequence00.vhd":9:7:9:16|Synthesizing work.sequence00.sequence0.
@N: CD231 :"C:\Users\James\Documents\ESCOM_SEMESTRE_6\3CM2_ARQUITECTURA\Project3CM2MachX02\sequence00\sequence00.vhd":20:16:20:17|Using onehot encoding for type state_type. For example, enumeration a is mapped to "10000".
@W: CG296 :"C:\Users\James\Documents\ESCOM_SEMESTRE_6\3CM2_ARQUITECTURA\Project3CM2MachX02\sequence00\sequence00.vhd":23:8:23:14|Incomplete sensitivity list; assuming completeness. Make sure all referenced variables in message CG290 are included in the sensitivity list.
@W: CG290 :"C:\Users\James\Documents\ESCOM_SEMESTRE_6\3CM2_ARQUITECTURA\Project3CM2MachX02\sequence00\sequence00.vhd":25:5:25:7|Referenced variable ens is not in sensitivity list.
Post processing for work.sequence00.sequence0
@N: CD630 :"C:\Users\James\Documents\ESCOM_SEMESTRE_6\3CM2_ARQUITECTURA\Project3CM2MachX02\shiftRL00\topshiftRL00.vhd":9:7:9:18|Synthesizing work.topshiftrl00.topshiftrl0.
@N: CD630 :"C:\Users\James\Documents\ESCOM_SEMESTRE_6\3CM2_ARQUITECTURA\Project3CM2MachX02\shiftRL00\shiftRL00.vhd":7:7:7:15|Synthesizing work.shiftrl00.shiftrl0.
Post processing for work.shiftrl00.shiftrl0
@W: CL177 :"C:\Users\James\Documents\ESCOM_SEMESTRE_6\3CM2_ARQUITECTURA\Project3CM2MachX02\shiftRL00\shiftRL00.vhd":24:2:24:3|Sharing sequential element outseq. Add a syn_preserve attribute to the element to prevent sharing.
@N: CD630 :"C:\Users\James\Documents\ESCOM_SEMESTRE_6\3CM2_ARQUITECTURA\Project3CM2MachX02\div00vhdl\topdiv00.vhd":9:7:9:14|Synthesizing work.topdiv00.topdiv0.
@N: CD630 :"C:\Users\James\Documents\ESCOM_SEMESTRE_6\3CM2_ARQUITECTURA\Project3CM2MachX02\div00vhdl\div00.vhd":9:7:9:11|Synthesizing work.div00.div0.
Post processing for work.div00.div0
@N: CD630 :"C:\Users\James\Documents\ESCOM_SEMESTRE_6\3CM2_ARQUITECTURA\Project3CM2MachX02\div00vhdl\osc00.vhd":10:7:10:11|Synthesizing work.osc00.osc0.
@W: CD276 :"C:\lscc\diamond\3.10_x64\cae_library\synthesis\vhdl\machxo2.vhd":2297:8:2297:15|Map for port sedstdby of component osch not found
@N: CD630 :"C:\lscc\diamond\3.10_x64\cae_library\synthesis\vhdl\machxo2.vhd":2291:10:2291:13|Synthesizing work.osch.syn_black_box.
Post processing for work.osch.syn_black_box
Post processing for work.osc00.osc0
Post processing for work.topdiv00.topdiv0
Post processing for work.topshiftrl00.topshiftrl0
Post processing for work.topsequence00.topsequence0
@N: CL201 :"C:\Users\James\Documents\ESCOM_SEMESTRE_6\3CM2_ARQUITECTURA\Project3CM2MachX02\sequence00\sequence00.vhd":25:2:25:3|Trying to extract state machine for register state.
Extracted state machine for register state
State machine has 5 reachable states with original encodings of:
   00001
   00010
   00100
   01000
   10000
@W: CL249 :"C:\Users\James\Documents\ESCOM_SEMESTRE_6\3CM2_ARQUITECTURA\Project3CM2MachX02\sequence00\sequence00.vhd":25:2:25:3|Initial value is not supported on state machine state

At c_vhdl Exit (Real Time elapsed 0h:00m:00s; CPU Time elapsed 0h:00m:00s; Memory used current: 77MB peak: 80MB)

Process took 0h:00m:01s realtime, 0h:00m:01s cputime

Process completed successfully.
# Thu Nov  8 18:23:51 2018

###########################################################]
Synopsys Netlist Linker, version comp2017q2p1, Build 190R, built Aug  4 2017
@N|Running in 64-bit mode

At syn_nfilter Exit (Real Time elapsed 0h:00m:00s; CPU Time elapsed 0h:00m:00s; Memory used current: 67MB peak: 68MB)

Process took 0h:00m:01s realtime, 0h:00m:01s cputime

Process completed successfully.
# Thu Nov  8 18:23:52 2018

###########################################################]
@END

At c_hdl Exit (Real Time elapsed 0h:00m:01s; CPU Time elapsed 0h:00m:00s; Memory used current: 3MB peak: 4MB)

Process took 0h:00m:01s realtime, 0h:00m:01s cputime

Process completed successfully.
# Thu Nov  8 18:23:52 2018

###########################################################]
Synopsys Netlist Linker, version comp2017q2p1, Build 190R, built Aug  4 2017
@N|Running in 64-bit mode

At syn_nfilter Exit (Real Time elapsed 0h:00m:00s; CPU Time elapsed 0h:00m:00s; Memory used current: 67MB peak: 68MB)

Process took 0h:00m:01s realtime, 0h:00m:01s cputime

Process completed successfully.
# Thu Nov  8 18:23:54 2018

###########################################################]
Pre-mapping Report

# Thu Nov  8 18:23:55 2018

Synopsys Lattice Technology Pre-mapping, Version maplat, Build 1796R, Built Aug  4 2017 11:10:16
Copyright (C) 1994-2017 Synopsys, Inc. This Synopsys software and all associated documentation are proprietary to Synopsys, Inc. and may only be used pursuant to the terms and conditions of a written license agreement with Synopsys, Inc. All other use, reproduction, modification, or distribution of the Synopsys software or the associated documentation is strictly prohibited.
Product Version M-2017.03L-SP1-1

Mapper Startup Complete (Real Time elapsed 0h:00m:00s; CPU Time elapsed 0h:00m:00s; Memory used current: 99MB peak: 100MB)

@A: MF827 |No constraint file specified.
@L: C:\Users\James\Documents\ESCOM_SEMESTRE_6\3CM2_ARQUITECTURA\Project3CM2MachX02\sequence00\sequence0\sequence00_sequence0_scck.rpt 
Printing clock  summary report in "C:\Users\James\Documents\ESCOM_SEMESTRE_6\3CM2_ARQUITECTURA\Project3CM2MachX02\sequence00\sequence0\sequence00_sequence0_scck.rpt" file 
@N: MF248 |Running in 64-bit mode.
@N: MF666 |Clock conversion enabled. (Command "set_option -fix_gated_and_generated_clocks 1" in the project file.)

Design Input Complete (Real Time elapsed 0h:00m:00s; CPU Time elapsed 0h:00m:00s; Memory used current: 100MB peak: 102MB)


Mapper Initialization Complete (Real Time elapsed 0h:00m:00s; CPU Time elapsed 0h:00m:00s; Memory used current: 100MB peak: 102MB)


Start loading timing files (Real Time elapsed 0h:00m:00s; CPU Time elapsed 0h:00m:00s; Memory used current: 112MB peak: 113MB)


Finished loading timing files (Real Time elapsed 0h:00m:00s; CPU Time elapsed 0h:00m:00s; Memory used current: 112MB peak: 115MB)

ICG Latch Removal Summary:
Number of ICG latches removed:	0
Number of ICG latches not removed:	0
syn_allowed_resources : blockrams=26  set on top level netlist topsequence00

Finished netlist restructuring (Real Time elapsed 0h:00m:01s; CPU Time elapsed 0h:00m:00s; Memory used current: 140MB peak: 142MB)



Clock Summary
******************

          Start                            Requested     Requested     Clock                                           Clock                   Clock
Level     Clock                            Frequency     Period        Type                                            Group                   Load 
----------------------------------------------------------------------------------------------------------------------------------------------------
0 -       osc00|osc_int_inferred_clock     2.1 MHz       480.769       inferred                                        Inferred_clkgroup_0     22   
1 .         div00|outosc_derived_clock     2.1 MHz       480.769       derived (from osc00|osc_int_inferred_clock)     Inferred_clkgroup_0     22   
====================================================================================================================================================

@W: MT529 :"c:\users\james\documents\escom_semestre_6\3cm2_arquitectura\project3cm2machx02\div00vhdl\div00.vhd":23:2:23:3|Found inferred clock osc00|osc_int_inferred_clock which controls 22 sequential elements including S00.SRL00.D01.sdiv[20:0]. This clock has no specified timing constraint which may prevent conversion of gated or generated clocks and may adversely impact design performance. 

Finished Pre Mapping Phase.

Starting constraint checker (Real Time elapsed 0h:00m:01s; CPU Time elapsed 0h:00m:00s; Memory used current: 140MB peak: 142MB)

Encoding state machine state[0:4] (in view: work.sequence00(sequence0))
original code -> new code
   00001 -> 00001
   00010 -> 00010
   00100 -> 00100
   01000 -> 01000
   10000 -> 10000

Finished constraint checker preprocessing (Real Time elapsed 0h:00m:01s; CPU Time elapsed 0h:00m:00s; Memory used current: 140MB peak: 142MB)

None
None

Finished constraint checker (Real Time elapsed 0h:00m:02s; CPU Time elapsed 0h:00m:00s; Memory used current: 140MB peak: 142MB)

Pre-mapping successful!

At Mapper Exit (Real Time elapsed 0h:00m:02s; CPU Time elapsed 0h:00m:00s; Memory used current: 56MB peak: 142MB)

Process took 0h:00m:02s realtime, 0h:00m:01s cputime
# Thu Nov  8 18:23:57 2018

###########################################################]
Map & Optimize Report

# Thu Nov  8 18:23:58 2018

Synopsys Lattice Technology Mapper, Version maplat, Build 1796R, Built Aug  4 2017 11:10:16
Copyright (C) 1994-2017 Synopsys, Inc. This Synopsys software and all associated documentation are proprietary to Synopsys, Inc. and may only be used pursuant to the terms and conditions of a written license agreement with Synopsys, Inc. All other use, reproduction, modification, or distribution of the Synopsys software or the associated documentation is strictly prohibited.
Product Version M-2017.03L-SP1-1

Mapper Startup Complete (Real Time elapsed 0h:00m:00s; CPU Time elapsed 0h:00m:00s; Memory used current: 99MB peak: 100MB)

@N: MF248 |Running in 64-bit mode.
@N: MF666 |Clock conversion enabled. (Command "set_option -fix_gated_and_generated_clocks 1" in the project file.)

Design Input Complete (Real Time elapsed 0h:00m:00s; CPU Time elapsed 0h:00m:00s; Memory used current: 99MB peak: 101MB)


Mapper Initialization Complete (Real Time elapsed 0h:00m:00s; CPU Time elapsed 0h:00m:00s; Memory used current: 99MB peak: 101MB)


Start loading timing files (Real Time elapsed 0h:00m:00s; CPU Time elapsed 0h:00m:00s; Memory used current: 112MB peak: 113MB)


Finished loading timing files (Real Time elapsed 0h:00m:00s; CPU Time elapsed 0h:00m:00s; Memory used current: 112MB peak: 115MB)



Starting Optimization and Mapping (Real Time elapsed 0h:00m:00s; CPU Time elapsed 0h:00m:00s; Memory used current: 140MB peak: 142MB)


Available hyper_sources - for debug and ip models
	None Found


Finished RTL optimizations (Real Time elapsed 0h:00m:00s; CPU Time elapsed 0h:00m:00s; Memory used current: 140MB peak: 142MB)

Encoding state machine state[0:4] (in view: work.sequence00(sequence0))
original code -> new code
   00001 -> 00001
   00010 -> 00010
   00100 -> 00100
   01000 -> 01000
   10000 -> 10000

Starting factoring (Real Time elapsed 0h:00m:00s; CPU Time elapsed 0h:00m:00s; Memory used current: 140MB peak: 142MB)


Finished factoring (Real Time elapsed 0h:00m:00s; CPU Time elapsed 0h:00m:00s; Memory used current: 142MB peak: 142MB)


Starting gated-clock and generated-clock conversion (Real Time elapsed 0h:00m:00s; CPU Time elapsed 0h:00m:00s; Memory used current: 141MB peak: 142MB)


Finished gated-clock and generated-clock conversion (Real Time elapsed 0h:00m:00s; CPU Time elapsed 0h:00m:00s; Memory used current: 141MB peak: 142MB)


Finished generic timing optimizations - Pass 1 (Real Time elapsed 0h:00m:01s; CPU Time elapsed 0h:00m:00s; Memory used current: 143MB peak: 144MB)


Starting Early Timing Optimization (Real Time elapsed 0h:00m:01s; CPU Time elapsed 0h:00m:00s; Memory used current: 143MB peak: 144MB)


Finished Early Timing Optimization (Real Time elapsed 0h:00m:01s; CPU Time elapsed 0h:00m:00s; Memory used current: 143MB peak: 144MB)


Finished generic timing optimizations - Pass 2 (Real Time elapsed 0h:00m:01s; CPU Time elapsed 0h:00m:00s; Memory used current: 143MB peak: 144MB)


Finished preparing to map (Real Time elapsed 0h:00m:01s; CPU Time elapsed 0h:00m:01s; Memory used current: 143MB peak: 144MB)


Finished technology mapping (Real Time elapsed 0h:00m:01s; CPU Time elapsed 0h:00m:01s; Memory used current: 148MB peak: 150MB)

Pass		 CPU time		Worst Slack		Luts / Registers
------------------------------------------------------------
   1		0h:00m:01s		   468.35ns		  71 /        44

Finished technology timing optimizations and critical path resynthesis (Real Time elapsed 0h:00m:01s; CPU Time elapsed 0h:00m:01s; Memory used current: 148MB peak: 150MB)

@N: FX164 |The option to pack registers in the IOB has not been specified. Please set syn_useioff attribute.  
@A: BN291 :"c:\users\james\documents\escom_semestre_6\3cm2_arquitectura\project3cm2machx02\shiftrl00\shiftrl00.vhd":24:2:24:3|Boundary register S00.SRL01.outs_7_.fb (in view: work.topsequence00(topsequence0)) is packed into a complex cell. To disable register packing, set syn_keep=1 on the net between the register and the complex cell. 
@A: BN291 :"c:\users\james\documents\escom_semestre_6\3cm2_arquitectura\project3cm2machx02\shiftrl00\shiftrl00.vhd":24:2:24:3|Boundary register S00.SRL01.outs_6_.fb (in view: work.topsequence00(topsequence0)) is packed into a complex cell. To disable register packing, set syn_keep=1 on the net between the register and the complex cell. 
@A: BN291 :"c:\users\james\documents\escom_semestre_6\3cm2_arquitectura\project3cm2machx02\shiftrl00\shiftrl00.vhd":24:2:24:3|Boundary register S00.SRL01.outs_5_.fb (in view: work.topsequence00(topsequence0)) is packed into a complex cell. To disable register packing, set syn_keep=1 on the net between the register and the complex cell. 
@A: BN291 :"c:\users\james\documents\escom_semestre_6\3cm2_arquitectura\project3cm2machx02\shiftrl00\shiftrl00.vhd":24:2:24:3|Boundary register S00.SRL01.outs_4_.fb (in view: work.topsequence00(topsequence0)) is packed into a complex cell. To disable register packing, set syn_keep=1 on the net between the register and the complex cell. 
@A: BN291 :"c:\users\james\documents\escom_semestre_6\3cm2_arquitectura\project3cm2machx02\shiftrl00\shiftrl00.vhd":24:2:24:3|Boundary register S00.SRL01.outs_3_.fb (in view: work.topsequence00(topsequence0)) is packed into a complex cell. To disable register packing, set syn_keep=1 on the net between the register and the complex cell. 
@A: BN291 :"c:\users\james\documents\escom_semestre_6\3cm2_arquitectura\project3cm2machx02\shiftrl00\shiftrl00.vhd":24:2:24:3|Boundary register S00.SRL01.outs_2_.fb (in view: work.topsequence00(topsequence0)) is packed into a complex cell. To disable register packing, set syn_keep=1 on the net between the register and the complex cell. 
@A: BN291 :"c:\users\james\documents\escom_semestre_6\3cm2_arquitectura\project3cm2machx02\shiftrl00\shiftrl00.vhd":24:2:24:3|Boundary register S00.SRL01.outs_1_.fb (in view: work.topsequence00(topsequence0)) is packed into a complex cell. To disable register packing, set syn_keep=1 on the net between the register and the complex cell. 
@A: BN291 :"c:\users\james\documents\escom_semestre_6\3cm2_arquitectura\project3cm2machx02\shiftrl00\shiftrl00.vhd":24:2:24:3|Boundary register S00.SRL01.outs_0_.fb (in view: work.topsequence00(topsequence0)) is packed into a complex cell. To disable register packing, set syn_keep=1 on the net between the register and the complex cell. 

Finished restoring hierarchy (Real Time elapsed 0h:00m:01s; CPU Time elapsed 0h:00m:01s; Memory used current: 148MB peak: 150MB)

@N: MT611 :|Automatically generated clock div00|outosc_derived_clock is not used and is being removed


@S |Clock Optimization Summary


#### START OF CLOCK OPTIMIZATION REPORT #####[

0 non-gated/non-generated clock tree(s) driving 0 clock pin(s) of sequential element(s)
1 gated/generated clock tree(s) driving 44 clock pin(s) of sequential element(s)
0 instances converted, 44 sequential instances remain driven by gated/generated clocks

======================================================================================================= Gated/Generated Clocks =======================================================================================================
Clock Tree ID     Driving Element            Drive Element Type     Fanout     Sample Instance          Explanation                                                                                                                   
--------------------------------------------------------------------------------------------------------------------------------------------------------------------------------------------------------------------------------------
@K:CKID0001       S00.SRL00.D00.OSCInst0     OSCH                   44         S00.SRL00.D01.outosc     Gating structure creates improper gating logic. See the Gated Clocks description in the user guide for conversion requirements
======================================================================================================================================================================================================================================


##### END OF CLOCK OPTIMIZATION REPORT ######]


Start Writing Netlists (Real Time elapsed 0h:00m:02s; CPU Time elapsed 0h:00m:01s; Memory used current: 115MB peak: 150MB)

Writing Analyst data base C:\Users\James\Documents\ESCOM_SEMESTRE_6\3CM2_ARQUITECTURA\Project3CM2MachX02\sequence00\sequence0\synwork\sequence00_sequence0_m.srm

Finished Writing Netlist Databases (Real Time elapsed 0h:00m:02s; CPU Time elapsed 0h:00m:01s; Memory used current: 147MB peak: 150MB)

Writing EDIF Netlist and constraint files
@N: FX1056 |Writing EDF file: C:\Users\James\Documents\ESCOM_SEMESTRE_6\3CM2_ARQUITECTURA\Project3CM2MachX02\sequence00\sequence0\sequence00_sequence0.edi
M-2017.03L-SP1-1
@N: BW106 |Synplicity Constraint File capacitance units using default value of 1pF 

Finished Writing EDIF Netlist and constraint files (Real Time elapsed 0h:00m:03s; CPU Time elapsed 0h:00m:02s; Memory used current: 150MB peak: 152MB)


Start final timing analysis (Real Time elapsed 0h:00m:03s; CPU Time elapsed 0h:00m:02s; Memory used current: 152MB peak: 152MB)

@W: MT420 |Found inferred clock osc00|osc_int_inferred_clock with period 480.77ns. Please declare a user-defined clock on object "n:S00.SRL00.D00.osc_int"


##### START OF TIMING REPORT #####[
# Timing Report written on Thu Nov  8 18:24:01 2018
#


Top view:               topsequence00
Requested Frequency:    2.1 MHz
Wire load mode:         top
Paths requested:        5
Constraint File(s):    
@N: MT320 |This timing report is an estimate of place and route data. For final timing results, use the FPGA vendor place and route report.

@N: MT322 |Clock constraints include only register-to-register paths associated with each individual clock.



Performance Summary
*******************


Worst slack in design: 466.579

                                 Requested     Estimated     Requested     Estimated                 Clock        Clock              
Starting Clock                   Frequency     Frequency     Period        Period        Slack       Type         Group              
-------------------------------------------------------------------------------------------------------------------------------------
osc00|osc_int_inferred_clock     2.1 MHz       70.5 MHz      480.769       14.191        466.579     inferred     Inferred_clkgroup_0
=====================================================================================================================================





Clock Relationships
*******************

Clocks                                                      |    rise  to  rise     |    fall  to  fall   |    rise  to  fall   |    fall  to  rise 
----------------------------------------------------------------------------------------------------------------------------------------------------
Starting                      Ending                        |  constraint  slack    |  constraint  slack  |  constraint  slack  |  constraint  slack
----------------------------------------------------------------------------------------------------------------------------------------------------
osc00|osc_int_inferred_clock  osc00|osc_int_inferred_clock  |  480.769     466.579  |  No paths    -      |  No paths    -      |  No paths    -    
====================================================================================================================================================
 Note: 'No paths' indicates there are no paths in the design for that pair of clock edges.
       'Diff grp' indicates that paths exist but the starting clock and ending clock are in different clock groups.



Interface Information 
*********************

No IO constraint found



====================================
Detailed Report for Clock: osc00|osc_int_inferred_clock
====================================



Starting Points with Worst Slack
********************************

                          Starting                                                         Arrival            
Instance                  Reference                        Type        Pin     Net         Time        Slack  
                          Clock                                                                               
--------------------------------------------------------------------------------------------------------------
S00.SRL00.D01.sdiv[0]     osc00|osc_int_inferred_clock     FD1S3IX     Q       sdiv[0]     1.044       466.579
S00.SRL00.D01.sdiv[1]     osc00|osc_int_inferred_clock     FD1S3IX     Q       sdiv[1]     1.044       466.579
S00.SRL00.D01.sdiv[4]     osc00|osc_int_inferred_clock     FD1S3IX     Q       sdiv[4]     1.044       466.579
S00.SRL00.D01.sdiv[5]     osc00|osc_int_inferred_clock     FD1S3IX     Q       sdiv[5]     1.044       466.579
S00.SRL00.D01.sdiv[6]     osc00|osc_int_inferred_clock     FD1S3IX     Q       sdiv[6]     1.044       466.579
S00.SRL00.D01.sdiv[7]     osc00|osc_int_inferred_clock     FD1S3IX     Q       sdiv[7]     1.044       466.579
S00.SRL00.D01.sdiv[2]     osc00|osc_int_inferred_clock     FD1S3IX     Q       sdiv[2]     1.044       467.596
S00.SRL00.D01.sdiv[3]     osc00|osc_int_inferred_clock     FD1S3IX     Q       sdiv[3]     1.044       467.596
S00.SRL00.D01.sdiv[8]     osc00|osc_int_inferred_clock     FD1S3IX     Q       sdiv[8]     1.044       467.596
S00.SRL00.D01.sdiv[9]     osc00|osc_int_inferred_clock     FD1S3IX     Q       sdiv[9]     1.044       467.596
==============================================================================================================


Ending Points with Worst Slack
******************************

                           Starting                                                              Required            
Instance                   Reference                        Type        Pin     Net              Time         Slack  
                           Clock                                                                                     
---------------------------------------------------------------------------------------------------------------------
S00.SRL00.D01.sdiv[19]     osc00|osc_int_inferred_clock     FD1S3IX     D       un1_sdiv[20]     480.664      466.579
S00.SRL00.D01.sdiv[20]     osc00|osc_int_inferred_clock     FD1S3IX     D       un1_sdiv[21]     480.664      466.579
S00.SRL00.D01.sdiv[17]     osc00|osc_int_inferred_clock     FD1S3IX     D       un1_sdiv[18]     480.664      466.721
S00.SRL00.D01.sdiv[18]     osc00|osc_int_inferred_clock     FD1S3IX     D       un1_sdiv[19]     480.664      466.721
S00.SRL00.D01.sdiv[15]     osc00|osc_int_inferred_clock     FD1S3IX     D       un1_sdiv[16]     480.664      466.864
S00.SRL00.D01.sdiv[16]     osc00|osc_int_inferred_clock     FD1S3IX     D       un1_sdiv[17]     480.664      466.864
S00.SRL00.D01.sdiv[13]     osc00|osc_int_inferred_clock     FD1S3IX     D       un1_sdiv[14]     480.664      467.007
S00.SRL00.D01.sdiv[14]     osc00|osc_int_inferred_clock     FD1S3IX     D       un1_sdiv[15]     480.664      467.007
S00.SRL00.D01.sdiv[11]     osc00|osc_int_inferred_clock     FD1S3IX     D       un1_sdiv[12]     480.664      467.150
S00.SRL00.D01.sdiv[12]     osc00|osc_int_inferred_clock     FD1S3IX     D       un1_sdiv[13]     480.664      467.150
=====================================================================================================================



Worst Path Information
***********************


Path information for path number 1: 
      Requested Period:                      480.769
    - Setup time:                            0.106
    + Clock delay at ending point:           0.000 (ideal)
    = Required time:                         480.664

    - Propagation time:                      14.085
    - Clock delay at starting point:         0.000 (ideal)
    = Slack (critical) :                     466.579

    Number of logic level(s):                19
    Starting point:                          S00.SRL00.D01.sdiv[0] / Q
    Ending point:                            S00.SRL00.D01.sdiv[20] / D
    The start point is clocked by            osc00|osc_int_inferred_clock [rising] on pin CK
    The end   point is clocked by            osc00|osc_int_inferred_clock [rising] on pin CK

Instance / Net                                               Pin      Pin               Arrival     No. of    
Name                                            Type         Name     Dir     Delay     Time        Fan Out(s)
--------------------------------------------------------------------------------------------------------------
S00.SRL00.D01.sdiv[0]                           FD1S3IX      Q        Out     1.044     1.044       -         
sdiv[0]                                         Net          -        -       -         -           2         
S00.SRL00.D01.pdiv\.outosc13lto17_i_a2_14_3     ORCALUT4     A        In      0.000     1.044       -         
S00.SRL00.D01.pdiv\.outosc13lto17_i_a2_14_3     ORCALUT4     Z        Out     1.017     2.061       -         
outosc13lto17_i_a2_14_3                         Net          -        -       -         -           1         
S00.SRL00.D01.pdiv\.outosc13lto17_i_a2_14       ORCALUT4     A        In      0.000     2.061       -         
S00.SRL00.D01.pdiv\.outosc13lto17_i_a2_14       ORCALUT4     Z        Out     1.193     3.253       -         
N_3_16                                          Net          -        -       -         -           4         
S00.SRL00.D01.pdiv\.outosc23lto15_i_a2          ORCALUT4     A        In      0.000     3.253       -         
S00.SRL00.D01.pdiv\.outosc23lto15_i_a2          ORCALUT4     Z        Out     1.225     4.478       -         
N_3_18                                          Net          -        -       -         -           5         
S00.SRL00.D01.pdiv\.outosc13lto20               ORCALUT4     A        In      0.000     4.478       -         
S00.SRL00.D01.pdiv\.outosc13lto20               ORCALUT4     Z        Out     1.017     5.495       -         
outosc13                                        Net          -        -       -         -           1         
S00.SRL00.D01.outosc_0_sqmuxa_2                 ORCALUT4     A        In      0.000     5.495       -         
S00.SRL00.D01.outosc_0_sqmuxa_2                 ORCALUT4     Z        Out     1.017     6.512       -         
outosc_0_sqmuxa_2                               Net          -        -       -         -           1         
S00.SRL00.D01.un1_outosc50_4                    ORCALUT4     A        In      0.000     6.512       -         
S00.SRL00.D01.un1_outosc50_4                    ORCALUT4     Z        Out     1.089     7.601       -         
un1_outosc50_4                                  Net          -        -       -         -           2         
S00.SRL00.D01.un1_outosc50_4_0                  ORCALUT4     D        In      0.000     7.601       -         
S00.SRL00.D01.un1_outosc50_4_0                  ORCALUT4     Z        Out     1.089     8.689       -         
un1_outosc50_4_0                                Net          -        -       -         -           2         
S00.SRL00.D01.un1_sdiv_cry_0_0_RNO              ORCALUT4     B        In      0.000     8.689       -         
S00.SRL00.D01.un1_sdiv_cry_0_0_RNO              ORCALUT4     Z        Out     1.017     9.706       -         
un1_outosc50_i                                  Net          -        -       -         -           1         
S00.SRL00.D01.un1_sdiv_cry_0_0                  CCU2D        B0       In      0.000     9.706       -         
S00.SRL00.D01.un1_sdiv_cry_0_0                  CCU2D        COUT     Out     1.544     11.251      -         
un1_sdiv_cry_0                                  Net          -        -       -         -           1         
S00.SRL00.D01.un1_sdiv_cry_1_0                  CCU2D        CIN      In      0.000     11.251      -         
S00.SRL00.D01.un1_sdiv_cry_1_0                  CCU2D        COUT     Out     0.143     11.393      -         
un1_sdiv_cry_2                                  Net          -        -       -         -           1         
S00.SRL00.D01.un1_sdiv_cry_3_0                  CCU2D        CIN      In      0.000     11.393      -         
S00.SRL00.D01.un1_sdiv_cry_3_0                  CCU2D        COUT     Out     0.143     11.536      -         
un1_sdiv_cry_4                                  Net          -        -       -         -           1         
S00.SRL00.D01.un1_sdiv_cry_5_0                  CCU2D        CIN      In      0.000     11.536      -         
S00.SRL00.D01.un1_sdiv_cry_5_0                  CCU2D        COUT     Out     0.143     11.679      -         
un1_sdiv_cry_6                                  Net          -        -       -         -           1         
S00.SRL00.D01.un1_sdiv_cry_7_0                  CCU2D        CIN      In      0.000     11.679      -         
S00.SRL00.D01.un1_sdiv_cry_7_0                  CCU2D        COUT     Out     0.143     11.822      -         
un1_sdiv_cry_8                                  Net          -        -       -         -           1         
S00.SRL00.D01.un1_sdiv_cry_9_0                  CCU2D        CIN      In      0.000     11.822      -         
S00.SRL00.D01.un1_sdiv_cry_9_0                  CCU2D        COUT     Out     0.143     11.965      -         
un1_sdiv_cry_10                                 Net          -        -       -         -           1         
S00.SRL00.D01.un1_sdiv_cry_11_0                 CCU2D        CIN      In      0.000     11.965      -         
S00.SRL00.D01.un1_sdiv_cry_11_0                 CCU2D        COUT     Out     0.143     12.107      -         
un1_sdiv_cry_12                                 Net          -        -       -         -           1         
S00.SRL00.D01.un1_sdiv_cry_13_0                 CCU2D        CIN      In      0.000     12.107      -         
S00.SRL00.D01.un1_sdiv_cry_13_0                 CCU2D        COUT     Out     0.143     12.250      -         
un1_sdiv_cry_14                                 Net          -        -       -         -           1         
S00.SRL00.D01.un1_sdiv_cry_15_0                 CCU2D        CIN      In      0.000     12.250      -         
S00.SRL00.D01.un1_sdiv_cry_15_0                 CCU2D        COUT     Out     0.143     12.393      -         
un1_sdiv_cry_16                                 Net          -        -       -         -           1         
S00.SRL00.D01.un1_sdiv_cry_17_0                 CCU2D        CIN      In      0.000     12.393      -         
S00.SRL00.D01.un1_sdiv_cry_17_0                 CCU2D        COUT     Out     0.143     12.536      -         
un1_sdiv_cry_18                                 Net          -        -       -         -           1         
S00.SRL00.D01.un1_sdiv_cry_19_0                 CCU2D        CIN      In      0.000     12.536      -         
S00.SRL00.D01.un1_sdiv_cry_19_0                 CCU2D        S1       Out     1.549     14.085      -         
un1_sdiv[21]                                    Net          -        -       -         -           1         
S00.SRL00.D01.sdiv[20]                          FD1S3IX      D        In      0.000     14.085      -         
==============================================================================================================



##### END OF TIMING REPORT #####]

Timing exceptions that could not be applied
None

Finished final timing analysis (Real Time elapsed 0h:00m:03s; CPU Time elapsed 0h:00m:02s; Memory used current: 152MB peak: 152MB)


Finished timing report (Real Time elapsed 0h:00m:03s; CPU Time elapsed 0h:00m:02s; Memory used current: 152MB peak: 152MB)

---------------------------------------
Resource Usage Report
Part: lcmxo2_7000he-5

Register bits: 44 of 6864 (1%)
PIC Latch:       0
I/O cells:       25


Details:
CCU2D:          11
FD1P3AX:        8
FD1P3BX:        1
FD1P3DX:        4
FD1P3IX:        1
FD1S3AX:        1
FD1S3IX:        21
GSR:            1
IB:             14
INV:            2
OB:             11
OFS1P3DX:       1
OFS1P3IX:       7
ORCALUT4:       68
OSCH:           1
PUR:            1
VHI:            7
VLO:            7
Mapper successful!

At Mapper Exit (Real Time elapsed 0h:00m:03s; CPU Time elapsed 0h:00m:02s; Memory used current: 33MB peak: 152MB)

Process took 0h:00m:03s realtime, 0h:00m:02s cputime
# Thu Nov  8 18:24:01 2018

###########################################################]


Synthesis exit by 0.

edif2ngd  -l "MachXO2" -d LCMXO2-7000HE -path "C:/Users/James/Documents/ESCOM_SEMESTRE_6/3CM2_ARQUITECTURA/Project3CM2MachX02/sequence00/sequence0" -path "C:/Users/James/Documents/ESCOM_SEMESTRE_6/3CM2_ARQUITECTURA/Project3CM2MachX02/sequence00"   "C:/Users/James/Documents/ESCOM_SEMESTRE_6/3CM2_ARQUITECTURA/Project3CM2MachX02/sequence00/sequence0/sequence00_sequence0.edi" "sequence00_sequence0.ngo"   
edif2ngd:  version Diamond (64-bit) 3.10.0.111.2

Copyright (c) 1991-1994 by NeoCAD Inc. All rights reserved.
Copyright (c) 1995 AT&T Corp.   All rights reserved.
Copyright (c) 1995-2001 Lucent Technologies Inc.  All rights reserved.
Copyright (c) 2001 Agere Systems   All rights reserved.
Copyright (c) 2002-2017 Lattice Semiconductor Corporation,  All rights reserved.
Writing the design to sequence00_sequence0.ngo...

Total CPU Time: 0 secs  

Total REAL Time: 0 secs  


ngdbuild  -a "MachXO2" -d LCMXO2-7000HE  -p "C:/lscc/diamond/3.10_x64/ispfpga/xo2c00/data"  -p "C:/Users/James/Documents/ESCOM_SEMESTRE_6/3CM2_ARQUITECTURA/Project3CM2MachX02/sequence00/sequence0" -p "C:/Users/James/Documents/ESCOM_SEMESTRE_6/3CM2_ARQUITECTURA/Project3CM2MachX02/sequence00"  "sequence00_sequence0.ngo" "sequence00_sequence0.ngd"  	
ngdbuild:  version Diamond (64-bit) 3.10.0.111.2

Copyright (c) 1991-1994 by NeoCAD Inc. All rights reserved.
Copyright (c) 1995 AT&T Corp.   All rights reserved.
Copyright (c) 1995-2001 Lucent Technologies Inc.  All rights reserved.
Copyright (c) 2001 Agere Systems   All rights reserved.
Copyright (c) 2002-2017 Lattice Semiconductor Corporation,  All rights reserved.
Reading 'sequence00_sequence0.ngo' ...
Loading NGL library 'C:/lscc/diamond/3.10_x64/ispfpga/xo2c00a/data/xo2alib.ngl'...
Loading NGL library 'C:/lscc/diamond/3.10_x64/ispfpga/xo2c00/data/xo2clib.ngl'...
Loading NGL library 'C:/lscc/diamond/3.10_x64/ispfpga/mg5g00/data/mg5glib.ngl'...
Loading NGL library 'C:/lscc/diamond/3.10_x64/ispfpga/or5g00/data/orc5glib.ngl'...


Running DRC...

    <postMsg mid="1166052" type="Warning" dynamic="2" navigation="1" arg0="logical" arg1="S00/SRL00/D00/OSCInst0_SEDSTDBY" arg2="S00/SRL00/D00/OSCInst0_SEDSTDBY"  />
    <postMsg mid="1163101" type="Warning" dynamic="1" navigation="0" arg0="1"  />

Design Results:
    166 blocks expanded
Complete the first expansion.
Writing 'sequence00_sequence0.ngd' ...
Total CPU Time: 0 secs  

Total REAL Time: 0 secs  


map -a "MachXO2" -p LCMXO2-7000HE -t TQFP144 -s 5 -oc Commercial   "sequence00_sequence0.ngd" -o "sequence00_sequence0_map.ncd" -pr "sequence00_sequence0.prf" -mp "sequence00_sequence0.mrp" -lpf "C:/Users/James/Documents/ESCOM_SEMESTRE_6/3CM2_ARQUITECTURA/Project3CM2MachX02/sequence00/sequence0/sequence00_sequence0_synplify.lpf" -lpf "C:/Users/James/Documents/ESCOM_SEMESTRE_6/3CM2_ARQUITECTURA/Project3CM2MachX02/sequence00/sequence00.lpf" -c 0            
map:  version Diamond (64-bit) 3.10.0.111.2

Copyright (c) 1991-1994 by NeoCAD Inc. All rights reserved.
Copyright (c) 1995 AT&T Corp.   All rights reserved.
Copyright (c) 1995-2001 Lucent Technologies Inc.  All rights reserved.
Copyright (c) 2001 Agere Systems   All rights reserved.
Copyright (c) 2002-2017 Lattice Semiconductor Corporation,  All rights reserved.
   Process the file: sequence00_sequence0.ngd
   Picdevice="LCMXO2-7000HE"

   Pictype="TQFP144"

   Picspeed=5

   Remove unused logic

   Do not produce over sized NCDs.

Part used: LCMXO2-7000HETQFP144, Performance used: 5.

Loading device for application map from file 'xo2c7000.nph' in environment: C:/lscc/diamond/3.10_x64/ispfpga.
Package Status:                     Final          Version 1.39.

Running general design DRC...

Removing unused logic...

Optimizing...

    <postMsg mid="51001030" type="Warning" dynamic="1" navigation="0" arg0="ens_c"  />



Design Summary:
   Number of registers:     44 out of  7209 (1%)
      PFU registers:           36 out of  6864 (1%)
      PIO registers:            8 out of   345 (2%)
   Number of SLICEs:        46 out of  3432 (1%)
      SLICEs as Logic/ROM:     46 out of  3432 (1%)
      SLICEs as RAM:            0 out of  2574 (0%)
      SLICEs as Carry:         11 out of  3432 (0%)
   Number of LUT4s:         91 out of  6864 (1%)
      Number used as logic LUTs:         69
      Number used as distributed RAM:     0
      Number used as ripple logic:       22
      Number used as shift registers:     0
   Number of PIO sites used: 25 + 4(JTAG) out of 115 (25%)
   Number of block RAMs:  0 out of 26 (0%)
   Number of GSRs:  1 out of 1 (100%)
   EFB used :       No
   JTAG used :      No
   Readback used :  No
   Oscillator used :  Yes
   Startup used :   No
   POR :            On
   Bandgap :        On
   Number of Power Controller:  0 out of 1 (0%)
   Number of Dynamic Bank Controller (BCINRD):  0 out of 6 (0%)
   Number of Dynamic Bank Controller (BCLVDSO):  0 out of 1 (0%)
   Number of DCCA:  0 out of 8 (0%)
   Number of DCMA:  0 out of 2 (0%)
   Number of PLLs:  0 out of 2 (0%)
   Number of DQSDLLs:  0 out of 2 (0%)
   Number of CLKDIVC:  0 out of 4 (0%)
   Number of ECLKSYNCA:  0 out of 4 (0%)
   Number of ECLKBRIDGECS:  0 out of 2 (0%)
   Notes:-
      1. Total number of LUT4s = (Number of logic LUT4s) + 2*(Number of distributed RAMs) + 2*(Number of ripple logic)
      2. Number of logic LUT4s does not include count of distributed RAM and ripple logic.
   Number of clocks:  1
     Net S00.SRL00.sclk_0: 29 loads, 29 rising, 0 falling (Driver: S00/SRL00/D00/OSCInst0 )
   Number of Clock Enables:  2
     Net un1_outosc_0_sqmuxa_1_RNIG5IJ: 16 loads, 9 LSLICEs
     Net state_RNIQTIC1[4]: 1 loads, 0 LSLICEs
   Number of local set/reset loads for net ens_c merged into GSR:  6
   Number of LSRs:  2
     Net un1_outosc_0_sqmuxa_1_RNIAAEK: 8 loads, 1 LSLICEs
     Net S00/SRL00/D01/outosc_0_sqmuxa_RNIBDUF: 11 loads, 11 LSLICEs
   Number of nets driven by tri-state buffers:  0
   Top 10 highest fanout non-clock nets:
     Net un1_outosc_0_sqmuxa_1_RNIG5IJ: 17 loads
     Net S00/SRL00/D01/outosc_0_sqmuxa_RNIBDUF: 11 loads
     Net ens_c: 10 loads
     Net cdiv_c[1]: 9 loads
     Net cdiv_c[4]: 9 loads
     Net cdiv_c[0]: 8 loads
     Net outseq_c: 8 loads
     Net un1_outosc_0_sqmuxa_1_RNIAAEK: 8 loads
     Net S00/SRL00/D01/sdiv[18]: 7 loads
     Net S00/SRL00/D01/sdiv[16]: 6 loads
 

   Number of warnings:  1
   Number of errors:    0



Total CPU Time: 1 secs  
Total REAL Time: 4 secs  
Peak Memory Usage: 58 MB

Dumping design to file sequence00_sequence0_map.ncd.

mpartrce -p "sequence00_sequence0.p2t" -f "sequence00_sequence0.p3t" -tf "sequence00_sequence0.pt" "sequence00_sequence0_map.ncd" "sequence00_sequence0.ncd"

---- MParTrce Tool ----
Removing old design directory at request of -rem command line option to this program.
Running par. Please wait . . .

Lattice Place and Route Report for Design "sequence00_sequence0_map.ncd"
Thu Nov 08 18:24:11 2018

PAR: Place And Route Diamond (64-bit) 3.10.0.111.2.
Command Line: par -w -l 5 -i 6 -t 1 -c 0 -e 0 -gui -msgset C:/Users/James/Documents/ESCOM_SEMESTRE_6/3CM2_ARQUITECTURA/Project3CM2MachX02/sequence00/promote.xml -exp parUseNBR=1:parCDP=0:parCDR=0:parPathBased=OFF sequence00_sequence0_map.ncd sequence00_sequence0.dir/5_1.ncd sequence00_sequence0.prf
Preference file: sequence00_sequence0.prf.
Placement level-cost: 5-1.
Routing Iterations: 6

Loading design for application par from file sequence00_sequence0_map.ncd.
Design name: topsequence00
NCD version: 3.3
Vendor:      LATTICE
Device:      LCMXO2-7000HE
Package:     TQFP144
Performance: 5
Loading device for application par from file 'xo2c7000.nph' in environment: C:/lscc/diamond/3.10_x64/ispfpga.
Package Status:                     Final          Version 1.39.
Performance Hardware Data Status:   Final          Version 34.4.
License checked out.


Ignore Preference Error(s):  True
Device utilization summary:

   PIO (prelim)   25+4(JTAG)/336     9% used
                  25+4(JTAG)/115     25% bonded
   IOLOGIC            8/336           2% used

   SLICE             46/3432          1% used

   GSR                1/1           100% used
   OSC                1/1           100% used


Number of Signals: 159
Number of Connections: 375

Pin Constraint Summary:
   25 out of 25 pins locked (100% locked).

The following 1 signal is selected to use the primary clock routing resources:
    S00.SRL00.sclk_0 (driver: S00/SRL00/D00/OSCInst0, clk load #: 29)


The following 2 signals are selected to use the secondary clock routing resources:
    un1_outosc_0_sqmuxa_1_RNIG5IJ (driver: SLICE_22, clk load #: 0, sr load #: 0, ce load #: 16)
    S00/SRL00/D01/outosc_0_sqmuxa_RNIBDUF (driver: S00/SRL00/D01/SLICE_21, clk load #: 0, sr load #: 11, ce load #: 0)

Signal ens_c is selected as Global Set/Reset.
Starting Placer Phase 0.

Finished Placer Phase 0.  REAL time: 5 secs 

Starting Placer Phase 1.
....................
Placer score = 45215.
Finished Placer Phase 1.  REAL time: 11 secs 

Starting Placer Phase 2.
.
Placer score =  45142
Finished Placer Phase 2.  REAL time: 11 secs 


------------------ Clock Report ------------------

Global Clock Resources:
  CLK_PIN    : 0 out of 8 (0%)
  PLL        : 0 out of 2 (0%)
  DCM        : 0 out of 2 (0%)
  DCC        : 0 out of 8 (0%)

Quadrants All (TL, TR, BL, BR) - Global Clocks:
  PRIMARY "S00.SRL00.sclk_0" from OSC on comp "S00/SRL00/D00/OSCInst0" on site "OSC", clk load = 29
  SECONDARY "un1_outosc_0_sqmuxa_1_RNIG5IJ" from F1 on comp "SLICE_22" on site "R14C20A", clk load = 0, ce load = 16, sr load = 0
  SECONDARY "S00/SRL00/D01/outosc_0_sqmuxa_RNIBDUF" from F0 on comp "S00/SRL00/D01/SLICE_21" on site "R14C18D", clk load = 0, ce load = 0, sr load = 11

  PRIMARY  : 1 out of 8 (12%)
  SECONDARY: 2 out of 8 (25%)

Edge Clocks:
  No edge clock selected.

--------------- End of Clock Report ---------------


I/O Usage Summary (final):
   25 + 4(JTAG) out of 336 (8.6%) PIO sites used.
   25 + 4(JTAG) out of 115 (25.2%) bonded PIO sites used.
   Number of PIO comps: 25; differential: 0.
   Number of Vref pins used: 0.

I/O Bank Usage Summary:
+----------+---------------+------------+-----------+
| I/O Bank | Usage         | Bank Vccio | Bank Vref |
+----------+---------------+------------+-----------+
| 0        | 0 / 28 (  0%) | -          | -         |
| 1        | 9 / 29 ( 31%) | 2.5V       | -         |
| 2        | 2 / 29 (  6%) | 2.5V       | -         |
| 3        | 8 / 9 ( 88%)  | 2.5V       | -         |
| 4        | 2 / 10 ( 20%) | 2.5V       | -         |
| 5        | 4 / 10 ( 40%) | 2.5V       | -         |
+----------+---------------+------------+-----------+

Total placer CPU time: 8 secs 

Dumping design to file sequence00_sequence0.dir/5_1.ncd.

0 connections routed; 375 unrouted.
Starting router resource preassignment

Completed router resource preassignment. Real time: 14 secs 

Start NBR router at 18:24:25 11/08/18

*****************************************************************
Info: NBR allows conflicts(one node used by more than one signal)
      in the earlier iterations. In each iteration, it tries to  
      solve the conflicts while keeping the critical connections 
      routed as short as possible. The routing process is said to
      be completed when no conflicts exist and all connections   
      are routed.                                                
Note: NBR uses a different method to calculate timing slacks. The
      worst slack and total negative slack may not be the same as
      that in TRCE report. You should always run TRCE to verify  
      your design.                                               
*****************************************************************

Start NBR special constraint process at 18:24:25 11/08/18

Start NBR section for initial routing at 18:24:25 11/08/18
Level 4, iteration 1
4(0.00%) conflicts; 0(0.00%) untouched conn; 0 (nbr) score; 
Estimated worst slack/total negative slack<setup>: 465.321ns/0.000ns; real time: 15 secs 

Info: Initial congestion level at 75% usage is 0
Info: Initial congestion area  at 75% usage is 0 (0.00%)

Start NBR section for normal routing at 18:24:26 11/08/18
Level 4, iteration 1
3(0.00%) conflicts; 0(0.00%) untouched conn; 0 (nbr) score; 
Estimated worst slack/total negative slack<setup>: 465.321ns/0.000ns; real time: 15 secs 
Level 4, iteration 2
0(0.00%) conflict; 0(0.00%) untouched conn; 0 (nbr) score; 
Estimated worst slack/total negative slack<setup>: 465.321ns/0.000ns; real time: 15 secs 

Start NBR section for setup/hold timing optimization with effort level 3 at 18:24:26 11/08/18

Start NBR section for re-routing at 18:24:27 11/08/18
Level 4, iteration 1
0(0.00%) conflict; 0(0.00%) untouched conn; 0 (nbr) score; 
Estimated worst slack/total negative slack<setup>: 465.321ns/0.000ns; real time: 16 secs 

Start NBR section for post-routing at 18:24:27 11/08/18

End NBR router with 0 unrouted connection

NBR Summary
-----------
  Number of unrouted connections : 0 (0.00%)
  Number of connections with timing violations : 0 (0.00%)
  Estimated worst slack<setup> : 465.321ns
  Timing score<setup> : 0
-----------
Notes: The timing info is calculated for SETUP only and all PAR_ADJs are ignored.



Total CPU time 12 secs 
Total REAL time: 16 secs 
Completely routed.
End of route.  375 routed (100.00%); 0 unrouted.

Hold time timing score: 0, hold timing errors: 0

Timing score: 0 

Dumping design to file sequence00_sequence0.dir/5_1.ncd.


PAR_SUMMARY::Run status = Success
PAR_SUMMARY::Number of unrouted conns = 0
PAR_SUMMARY::Worst  slack<setup/<ns>> = 465.321
PAR_SUMMARY::Timing score<setup/<ns>> = 0.000
PAR_SUMMARY::Worst  slack<hold /<ns>> = 0.379
PAR_SUMMARY::Timing score<hold /<ns>> = 0.000
PAR_SUMMARY::Number of errors = 0

Total CPU  time to completion: 12 secs 
Total REAL time to completion: 17 secs 

par done!

Copyright (c) 1991-1994 by NeoCAD Inc. All rights reserved.
Copyright (c) 1995 AT&T Corp.   All rights reserved.
Copyright (c) 1995-2001 Lucent Technologies Inc.  All rights reserved.
Copyright (c) 2001 Agere Systems   All rights reserved.
Copyright (c) 2002-2017 Lattice Semiconductor Corporation,  All rights reserved.
Exiting par with exit code 0
Exiting mpartrce with exit code 0

bitgen -f "sequence00_sequence0.t2b" -w "sequence00_sequence0.ncd" -jedec "sequence00_sequence0.prf"


BITGEN: Bitstream Generator Diamond (64-bit) 3.10.0.111.2
Copyright (c) 1991-1994 by NeoCAD Inc. All rights reserved.
Copyright (c) 1995 AT&T Corp.   All rights reserved.
Copyright (c) 1995-2001 Lucent Technologies Inc.  All rights reserved.
Copyright (c) 2001 Agere Systems   All rights reserved.
Copyright (c) 2002-2017 Lattice Semiconductor Corporation,  All rights reserved.


Loading design for application Bitgen from file sequence00_sequence0.ncd.
Design name: topsequence00
NCD version: 3.3
Vendor:      LATTICE
Device:      LCMXO2-7000HE
Package:     TQFP144
Performance: 5
Loading device for application Bitgen from file 'xo2c7000.nph' in environment: C:/lscc/diamond/3.10_x64/ispfpga.
Package Status:                     Final          Version 1.39.
Performance Hardware Data Status:   Final          Version 34.4.

Running DRC.
DRC detected 0 errors and 0 warnings.
Reading Preference File from sequence00_sequence0.prf.

Preference Summary:
+---------------------------------+---------------------------------+
|  Preference                     |  Current Setting                |
+---------------------------------+---------------------------------+
|                         RamCfg  |                        Reset**  |
+---------------------------------+---------------------------------+
|                     MCCLK_FREQ  |                         2.08**  |
+---------------------------------+---------------------------------+
|                  CONFIG_SECURE  |                          OFF**  |
+---------------------------------+---------------------------------+
|                          INBUF  |                           ON**  |
+---------------------------------+---------------------------------+
|                      JTAG_PORT  |                       ENABLE**  |
+---------------------------------+---------------------------------+
|                       SDM_PORT  |                      DISABLE**  |
+---------------------------------+---------------------------------+
|                 SLAVE_SPI_PORT  |                      DISABLE**  |
+---------------------------------+---------------------------------+
|                MASTER_SPI_PORT  |                      DISABLE**  |
+---------------------------------+---------------------------------+
|                       I2C_PORT  |                      DISABLE**  |
+---------------------------------+---------------------------------+
|        MUX_CONFIGURATION_PORTS  |                      DISABLE**  |
+---------------------------------+---------------------------------+
|                  CONFIGURATION  |                          CFG**  |
+---------------------------------+---------------------------------+
|                COMPRESS_CONFIG  |                           ON**  |
+---------------------------------+---------------------------------+
|                        MY_ASSP  |                          OFF**  |
+---------------------------------+---------------------------------+
|               ONE_TIME_PROGRAM  |                          OFF**  |
+---------------------------------+---------------------------------+
|                 ENABLE_TRANSFR  |                      DISABLE**  |
+---------------------------------+---------------------------------+
|                  SHAREDEBRINIT  |                      DISABLE**  |
+---------------------------------+---------------------------------+
|            BACKGROUND_RECONFIG  |                          OFF**  |
+---------------------------------+---------------------------------+
 *  Default setting.
 ** The specified setting matches the default setting.


Creating bit map...
 
Bitstream Status: Final           Version 1.94.
 
Saving bit stream in "sequence00_sequence0.jed".
 
===========
UFM Summary.
===========
UFM Size:        2046 Pages (128*2046 Bits).
UFM Utilization: General Purpose Flash Memory.
 
Available General Purpose Flash Memory: 2046 Pages (Page 0 to Page 2045).
Initialized UFM Pages:                     0 Page.
 
