Running in Lattice mode

Starting:    C:\lscc\diamond\3.10_x64\synpbase\bin64\mbin\synbatch.exe
Install:     C:\lscc\diamond\3.10_x64\synpbase
Hostname:    LAPTOP-ONJC2QMR
Date:        Thu Nov  8 18:23:45 2018
Version:     M-2017.03L-SP1-1

Arguments:   -product synplify_pro -batch sequence00_sequence0_synplify.tcl
ProductType: synplify_pro




Copied C:\Users\James\Documents\ESCOM_SEMESTRE_6\3CM2_ARQUITECTURA\Project3CM2MachX02\sequence00\sequence0\sequence00_sequence0.srr to C:\Users\James\Documents\ESCOM_SEMESTRE_6\3CM2_ARQUITECTURA\Project3CM2MachX02\sequence00\sequence0\backup\sequence00_sequence0.srr
log file: "C:\Users\James\Documents\ESCOM_SEMESTRE_6\3CM2_ARQUITECTURA\Project3CM2MachX02\sequence00\sequence0\sequence00_sequence0.srr"
Running: hdl_info_gen in foreground

Generating HDL info...

hdl_info_gen completed
# Thu Nov  8 18:23:49 2018

Return Code: 0
Run Time:00h:00m:02s
Copied C:\Users\James\Documents\ESCOM_SEMESTRE_6\3CM2_ARQUITECTURA\Project3CM2MachX02\sequence00\sequence0\sequence00_sequence0.srr to C:\Users\James\Documents\ESCOM_SEMESTRE_6\3CM2_ARQUITECTURA\Project3CM2MachX02\sequence00\sequence0\sequence00_sequence0.srf
log file: "C:\Users\James\Documents\ESCOM_SEMESTRE_6\3CM2_ARQUITECTURA\Project3CM2MachX02\sequence00\sequence0\sequence00_sequence0.srr"
Running: sequence0 in foreground

Running proj_1|sequence0

Running: compile (Compile) on proj_1|sequence0
# Thu Nov  8 18:23:50 2018

Running: compile_flow (Compile Process) on proj_1|sequence0
# Thu Nov  8 18:23:50 2018

Running: compiler (Compile Input) on proj_1|sequence0
# Thu Nov  8 18:23:50 2018
Copied C:\Users\James\Documents\ESCOM_SEMESTRE_6\3CM2_ARQUITECTURA\Project3CM2MachX02\sequence00\sequence0\synwork\sequence00_sequence0_comp.srs to C:\Users\James\Documents\ESCOM_SEMESTRE_6\3CM2_ARQUITECTURA\Project3CM2MachX02\sequence00\sequence0\sequence00_sequence0.srs

compiler completed
# Thu Nov  8 18:23:54 2018

Return Code: 0
Run Time:00h:00m:04s

Running: multi_srs_gen (Multi-srs Generator) on proj_1|sequence0
# Thu Nov  8 18:23:54 2018

multi_srs_gen completed
# Thu Nov  8 18:23:54 2018

Return Code: 0
Run Time:00h:00m:00s
Copied C:\Users\James\Documents\ESCOM_SEMESTRE_6\3CM2_ARQUITECTURA\Project3CM2MachX02\sequence00\sequence0\synwork\sequence00_sequence0_mult.srs to C:\Users\James\Documents\ESCOM_SEMESTRE_6\3CM2_ARQUITECTURA\Project3CM2MachX02\sequence00\sequence0\sequence00_sequence0.srs
Copied C:\Users\James\Documents\ESCOM_SEMESTRE_6\3CM2_ARQUITECTURA\Project3CM2MachX02\sequence00\sequence0\sequence00_sequence0.srr to C:\Users\James\Documents\ESCOM_SEMESTRE_6\3CM2_ARQUITECTURA\Project3CM2MachX02\sequence00\sequence0\sequence00_sequence0.srf
Complete: Compile Process on proj_1|sequence0

Running: premap (Pre-mapping) on proj_1|sequence0
# Thu Nov  8 18:23:54 2018

premap completed with warnings
# Thu Nov  8 18:23:57 2018

Return Code: 1
Run Time:00h:00m:03s
Complete: Compile on proj_1|sequence0

Running: map (Map) on proj_1|sequence0
# Thu Nov  8 18:23:58 2018
License granted for 4 parallel jobs

Running: fpga_mapper (Map & Optimize) on proj_1|sequence0
# Thu Nov  8 18:23:58 2018
Copied C:\Users\James\Documents\ESCOM_SEMESTRE_6\3CM2_ARQUITECTURA\Project3CM2MachX02\sequence00\sequence0\synwork\sequence00_sequence0_m.srm to C:\Users\James\Documents\ESCOM_SEMESTRE_6\3CM2_ARQUITECTURA\Project3CM2MachX02\sequence00\sequence0\sequence00_sequence0.srm

fpga_mapper completed with warnings
# Thu Nov  8 18:24:02 2018

Return Code: 1
Run Time:00h:00m:04s
Complete: Map on proj_1|sequence0
Copied C:\Users\James\Documents\ESCOM_SEMESTRE_6\3CM2_ARQUITECTURA\Project3CM2MachX02\sequence00\sequence0\sequence00_sequence0.srr to C:\Users\James\Documents\ESCOM_SEMESTRE_6\3CM2_ARQUITECTURA\Project3CM2MachX02\sequence00\sequence0\sequence00_sequence0.srf
Complete: Logic Synthesis on proj_1|sequence0
TCL script complete: "sequence00_sequence0_synplify.tcl"
exit status=0
exit status=0
Save changes for project:
C:\Users\James\Documents\ESCOM_SEMESTRE_6\3CM2_ARQUITECTURA\Project3CM2MachX02\sequence00\sequence0\proj_1.prj
batch mode default:no
