
            Lattice Mapping Report File for Design Module 'topp07'


Design Information
------------------

Command line:   map -a MachXO2 -p LCMXO2-7000HE -t TQFP144 -s 5 -oc Commercial
     bcd00_bcd.ngd -o bcd00_bcd_map.ncd -pr bcd00_bcd.prf -mp bcd00_bcd.mrp -lpf
     F:/bcd00/bcd/bcd00_bcd_synplify.lpf -lpf F:/bcd00/bcd00.lpf -c 0 -gui
     -msgset F:/bcd00/promote.xml 
Target Vendor:  LATTICE
Target Device:  LCMXO2-7000HETQFP144
Target Performance:   5
Mapper:  xo2c00,  version:  Diamond (64-bit) 3.10.0.111.2
Mapped on:  06/15/18  16:33:03

Design Summary
--------------

   Number of registers:    165 out of  7209 (2%)
      PFU registers:          156 out of  6864 (2%)
      PIO registers:            9 out of   345 (3%)
   Number of SLICEs:       145 out of  3432 (4%)
      SLICEs as Logic/ROM:    145 out of  3432 (4%)
      SLICEs as RAM:            0 out of  2574 (0%)
      SLICEs as Carry:         12 out of  3432 (0%)
   Number of LUT4s:        281 out of  6864 (4%)
      Number used as logic LUTs:        257
      Number used as distributed RAM:     0
      Number used as ripple logic:       24
      Number used as shift registers:     0
   Number of PIO sites used: 61 + 4(JTAG) out of 115 (57%)
   Number of block RAMs:  0 out of 26 (0%)
   Number of GSRs:  1 out of 1 (100%)
   EFB used :       No
   JTAG used :      No
   Readback used :  No
   Oscillator used :  Yes
   Startup used :   No
   POR :            On
   Bandgap :        On
   Number of Power Controller:  0 out of 1 (0%)
   Number of Dynamic Bank Controller (BCINRD):  0 out of 6 (0%)
   Number of Dynamic Bank Controller (BCLVDSO):  0 out of 1 (0%)
   Number of DCCA:  0 out of 8 (0%)
   Number of DCMA:  0 out of 2 (0%)
   Number of PLLs:  0 out of 2 (0%)
   Number of DQSDLLs:  0 out of 2 (0%)
   Number of CLKDIVC:  0 out of 4 (0%)
   Number of ECLKSYNCA:  0 out of 4 (0%)
   Number of ECLKBRIDGECS:  0 out of 2 (0%)
   Notes:-
      1. Total number of LUT4s = (Number of logic LUT4s) + 2*(Number of
     distributed RAMs) + 2*(Number of ripple logic)
      2. Number of logic LUT4s does not include count of distributed RAM and
     ripple logic.
   Number of clocks:  1
     Net U00.sclk_0_0: 104 loads, 104 rising, 0 falling (Driver:
     U00/OS00/OSCInst0 )
   Number of Clock Enables:  10
     Net ACLpA_1_cnv[0]: 8 loads, 0 LSLICEs

                                    Page 1




Design:  topp07                                        Date:  06/15/18  16:33:03

Design Summary (cont)
---------------------
     Net un1_oscout_0_sqmuxa_1_3_RNIF1PR: 28 loads, 27 LSLICEs
     Net U08/outAC12bitsu_1_cnv[0]: 6 loads, 6 LSLICEs
     Net U01/aux1_RNO: 1 loads, 1 LSLICEs
     Net U06/outACs_1ce[1]: 4 loads, 4 LSLICEs
     Net U10/outACss_1ce[10]: 6 loads, 6 LSLICEs
     Net U09/snibb00_cnv[0]: 6 loads, 6 LSLICEs
     Net U09/aux_RNIEBMA3: 7 loads, 7 LSLICEs
     Net U07/aux_RNIFPL03: 6 loads, 6 LSLICEs
     Net U04/outac8_cnv[0]: 4 loads, 4 LSLICEs
   Number of local set/reset loads for net U14/outbcdmux12 merged into GSR:  7
   Number of LSRs:  5
     Net U01/aux0_RNIETFI2: 1 loads, 1 LSLICEs
     Net U01/fb: 1 loads, 1 LSLICEs
     Net reset0_pad_RNIMFD11: 5 loads, 5 LSLICEs
     Net outFlagIt_RNIATD31: 2 loads, 2 LSLICEs
     Net U00/OS01/oscout_0_sqmuxa_RNIS4PP: 12 loads, 12 LSLICEs
   Number of nets driven by tri-state buffers:  0
   Top 10 highest fanout non-clock nets:
     Net un1_oscout_0_sqmuxa_1_3_RNIF1PR: 51 loads
     Net soutFlagpc_c: 41 loads
     Net outcode_1_i[0]: 14 loads
     Net U08.outAC12bitsu_cl[11]: 13 loads
     Net U09.outBuf12ca_cl[11]: 13 loads
     Net outport120_c[0]: 12 loads
     Net outport120_c[6]: 12 loads
     Net U05.outcode[0]: 12 loads
     Net U10/outACss_cl[11]: 12 loads
     Net U14/outr_ret_2: 12 loads




   Number of warnings:  5
   Number of errors:    0
     

Design Errors/Warnings
----------------------

WARNING - map: F:/bcd00/bcd00.lpf(66): In "LOCATE COMP "outport8a0[5]" SITE "21"
     ;": Overriding attribute LOC with 21 from preference file.
WARNING - map: F:/bcd00/bcd00.lpf(67): In "LOCATE COMP "sFlag12B" SITE "20" ;":
     Overriding attribute LOC with 20 from preference file.
WARNING - map: Preference parsing results:  2 semantic errors detected.
WARNING - map: Using local reset signal 'U14/outbcdmux12' to infer global GSR
     net.
WARNING - map: There are semantic errors in the preference file
     F:/bcd00/bcd00.lpf.

IO (PIO) Attributes
-------------------

+---------------------+-----------+-----------+------------+
| IO Name             | Direction | Levelmode | IO         |
|                     |           |  IO_TYPE  | Register   |
+---------------------+-----------+-----------+------------+

                                    Page 2




Design:  topp07                                        Date:  06/15/18  16:33:03

IO (PIO) Attributes (cont)
--------------------------
| sFlagInst           | BIDIR     | LVCMOS25  | IN         |
+---------------------+-----------+-----------+------------+
| clk00               | OUTPUT    | LVCMOS25  |            |
+---------------------+-----------+-----------+------------+
| cdiv00[0]           | INPUT     | LVCMOS25  |            |
+---------------------+-----------+-----------+------------+
| outDisplay[6]       | OUTPUT    | LVCMOS25  |            |
+---------------------+-----------+-----------+------------+
| outDisplay[5]       | OUTPUT    | LVCMOS25  |            |
+---------------------+-----------+-----------+------------+
| outDisplay[4]       | OUTPUT    | LVCMOS25  |            |
+---------------------+-----------+-----------+------------+
| outDisplay[3]       | OUTPUT    | LVCMOS25  |            |
+---------------------+-----------+-----------+------------+
| outDisplay[2]       | OUTPUT    | LVCMOS25  |            |
+---------------------+-----------+-----------+------------+
| outDisplay[1]       | OUTPUT    | LVCMOS25  |            |
+---------------------+-----------+-----------+------------+
| outDisplay[0]       | OUTPUT    | LVCMOS25  |            |
+---------------------+-----------+-----------+------------+
| outTransist0[3]     | OUTPUT    | LVCMOS25  |            |
+---------------------+-----------+-----------+------------+
| outTransist0[2]     | OUTPUT    | LVCMOS25  |            |
+---------------------+-----------+-----------+------------+
| outTransist0[1]     | OUTPUT    | LVCMOS25  |            |
+---------------------+-----------+-----------+------------+
| outTransist0[0]     | OUTPUT    | LVCMOS25  |            |
+---------------------+-----------+-----------+------------+
| outport8a0[7]       | OUTPUT    | LVCMOS25  |            |
+---------------------+-----------+-----------+------------+
| outport8a0[6]       | OUTPUT    | LVCMOS25  |            |
+---------------------+-----------+-----------+------------+
| outport8a0[5]       | OUTPUT    | LVCMOS25  |            |
+---------------------+-----------+-----------+------------+
| outport8a0[4]       | OUTPUT    | LVCMOS25  |            |
+---------------------+-----------+-----------+------------+
| outport8a0[3]       | OUTPUT    | LVCMOS25  |            |
+---------------------+-----------+-----------+------------+
| outport8a0[2]       | OUTPUT    | LVCMOS25  |            |
+---------------------+-----------+-----------+------------+
| outport8a0[1]       | OUTPUT    | LVCMOS25  |            |
+---------------------+-----------+-----------+------------+
| outport8a0[0]       | OUTPUT    | LVCMOS25  |            |
+---------------------+-----------+-----------+------------+
| outport120[11]      | OUTPUT    | LVCMOS25  |            |
+---------------------+-----------+-----------+------------+
| outport120[10]      | OUTPUT    | LVCMOS25  |            |
+---------------------+-----------+-----------+------------+
| outport120[9]       | OUTPUT    | LVCMOS25  |            |
+---------------------+-----------+-----------+------------+
| outport120[8]       | OUTPUT    | LVCMOS25  |            |
+---------------------+-----------+-----------+------------+
| outport120[7]       | OUTPUT    | LVCMOS25  |            |
+---------------------+-----------+-----------+------------+
| outport120[6]       | OUTPUT    | LVCMOS25  |            |
+---------------------+-----------+-----------+------------+

                                    Page 3




Design:  topp07                                        Date:  06/15/18  16:33:03

IO (PIO) Attributes (cont)
--------------------------
| outport120[5]       | OUTPUT    | LVCMOS25  |            |
+---------------------+-----------+-----------+------------+
| outport120[4]       | OUTPUT    | LVCMOS25  |            |
+---------------------+-----------+-----------+------------+
| outport120[3]       | OUTPUT    | LVCMOS25  |            |
+---------------------+-----------+-----------+------------+
| outport120[2]       | OUTPUT    | LVCMOS25  |            |
+---------------------+-----------+-----------+------------+
| outport120[1]       | OUTPUT    | LVCMOS25  |            |
+---------------------+-----------+-----------+------------+
| outport120[0]       | OUTPUT    | LVCMOS25  |            |
+---------------------+-----------+-----------+------------+
| inport8a0[7]        | INPUT     | LVCMOS25  | IN         |
+---------------------+-----------+-----------+------------+
| inport8a0[6]        | INPUT     | LVCMOS25  | IN         |
+---------------------+-----------+-----------+------------+
| inport8a0[5]        | INPUT     | LVCMOS25  | IN         |
+---------------------+-----------+-----------+------------+
| inport8a0[4]        | INPUT     | LVCMOS25  | IN         |
+---------------------+-----------+-----------+------------+
| inport8a0[3]        | INPUT     | LVCMOS25  | IN         |
+---------------------+-----------+-----------+------------+
| inport8a0[2]        | INPUT     | LVCMOS25  | IN         |
+---------------------+-----------+-----------+------------+
| inport8a0[1]        | INPUT     | LVCMOS25  | IN         |
+---------------------+-----------+-----------+------------+
| inport8a0[0]        | INPUT     | LVCMOS25  | IN         |
+---------------------+-----------+-----------+------------+
| outcodeport[3]      | OUTPUT    | LVCMOS25  |            |
+---------------------+-----------+-----------+------------+
| outcodeport[2]      | OUTPUT    | LVCMOS25  |            |
+---------------------+-----------+-----------+------------+
| outcodeport[1]      | OUTPUT    | LVCMOS25  |            |
+---------------------+-----------+-----------+------------+
| outcodeport[0]      | OUTPUT    | LVCMOS25  |            |
+---------------------+-----------+-----------+------------+
| outpcport[3]        | OUTPUT    | LVCMOS25  |            |
+---------------------+-----------+-----------+------------+
| outpcport[2]        | OUTPUT    | LVCMOS25  |            |
+---------------------+-----------+-----------+------------+
| outpcport[1]        | OUTPUT    | LVCMOS25  |            |
+---------------------+-----------+-----------+------------+
| outpcport[0]        | OUTPUT    | LVCMOS25  |            |
+---------------------+-----------+-----------+------------+
| soutFlagIt          | OUTPUT    | LVCMOS25  |            |
+---------------------+-----------+-----------+------------+
| soutFlagrom         | OUTPUT    | LVCMOS25  |            |
+---------------------+-----------+-----------+------------+
| sFlag12B            | BIDIR     | LVCMOS25  |            |
+---------------------+-----------+-----------+------------+
| sFlag12out          | OUTPUT    | LVCMOS25  |            |
+---------------------+-----------+-----------+------------+
| sFlag8out           | OUTPUT    | LVCMOS25  |            |
+---------------------+-----------+-----------+------------+
| soutFlagpc          | OUTPUT    | LVCMOS25  |            |
+---------------------+-----------+-----------+------------+

                                    Page 4




Design:  topp07                                        Date:  06/15/18  16:33:03

IO (PIO) Attributes (cont)
--------------------------
| reset0              | INPUT     | LVCMOS25  |            |
+---------------------+-----------+-----------+------------+
| cdiv00[4]           | INPUT     | LVCMOS25  |            |
+---------------------+-----------+-----------+------------+
| cdiv00[3]           | INPUT     | LVCMOS25  |            |
+---------------------+-----------+-----------+------------+
| cdiv00[2]           | INPUT     | LVCMOS25  |            |
+---------------------+-----------+-----------+------------+
| cdiv00[1]           | INPUT     | LVCMOS25  |            |
+---------------------+-----------+-----------+------------+

Removed logic
-------------

Block VCC undriven or does not drive anything - clipped.
Block U00/GND undriven or does not drive anything - clipped.
Block U00/VCC undriven or does not drive anything - clipped.
Block U00/OS00/VCC undriven or does not drive anything - clipped.
Block U00/OS01/VCC undriven or does not drive anything - clipped.
Block U03/GND undriven or does not drive anything - clipped.
Block U03/VCC undriven or does not drive anything - clipped.
Block U04/GND undriven or does not drive anything - clipped.
Block U04/VCC undriven or does not drive anything - clipped.
Block U05/GND undriven or does not drive anything - clipped.
Block U05/VCC undriven or does not drive anything - clipped.
Block U07/GND undriven or does not drive anything - clipped.
Block U07/VCC undriven or does not drive anything - clipped.
Block U09/VCC undriven or does not drive anything - clipped.
Block U09/GND undriven or does not drive anything - clipped.
Block U10/VCC undriven or does not drive anything - clipped.
Block U10/GND undriven or does not drive anything - clipped.
Block U11/VCC undriven or does not drive anything - clipped.
Block U11/GND undriven or does not drive anything - clipped.
Block U13/VCC undriven or does not drive anything - clipped.
Block U13/GND undriven or does not drive anything - clipped.
Block U14/VCC undriven or does not drive anything - clipped.
Block U14/GND undriven or does not drive anything - clipped.
Block U06/VCC undriven or does not drive anything - clipped.
Block U06/GND undriven or does not drive anything - clipped.
Block U02/GND undriven or does not drive anything - clipped.
Block U02/VCC undriven or does not drive anything - clipped.
Block U01/VCC undriven or does not drive anything - clipped.
Block U01/GND undriven or does not drive anything - clipped.
Block U08/GND undriven or does not drive anything - clipped.
Block U08/VCC undriven or does not drive anything - clipped.
Signal outFlagsu_tri_enable_i was merged into signal outFlagsu_tri_enable
Signal U00/OS00/GND undriven or does not drive anything - clipped.
Signal U00/OS01/GND undriven or does not drive anything - clipped.
Signal VCC undriven or does not drive anything - clipped.
Signal U00/OS00/OSCInst0_SEDSTDBY undriven or does not drive anything - clipped.
     
Signal U00/OS01/un1_sdiv_s_21_0_S1 undriven or does not drive anything -
     clipped.
Signal U00/OS01/un1_sdiv_s_21_0_COUT undriven or does not drive anything -
     clipped.
Signal U00/OS01/un1_sdiv_cry_0_0_S0 undriven or does not drive anything -

                                    Page 5




Design:  topp07                                        Date:  06/15/18  16:33:03

Removed logic (cont)
--------------------
     clipped.
Signal U00/OS01/N_1 undriven or does not drive anything - clipped.
Block U08/outFlagsu_tri_enable_RNIP51C was optimized away.
Block U00/OS00/GND was optimized away.
Block U00/OS01/GND was optimized away.

Memory Usage
------------


     

OSC Summary
-----------

OSC 1:                                     Pin/Node Value
  OSC Instance Name:                                U00/OS00/OSCInst0
  OSC Type:                                         OSCH
  STDBY Input:                                      NONE
  OSC Output:                              NODE     U00.sclk_0_0
  OSC Nominal Frequency (MHz):                      2.08

ASIC Components
---------------

Instance Name: U00/OS00/OSCInst0
         Type: OSCH

GSR Usage
---------

GSR Component:
   The local reset signal 'U14/outbcdmux12' of the design has been inferred as
        Global Set Reset (GSR). The reset signal used for GSR control is
        'U14/outbcdmux12'.
        

     GSR Property:
   The design components with GSR property set to ENABLED will respond to global
        set reset while the components with GSR property set to DISABLED will
        not.
        

Run Time and Memory Usage
-------------------------

   Total CPU Time: 0 secs  
   Total REAL Time: 0 secs  
   Peak Memory Usage: 59 MB
        







                                    Page 6


Copyright (c) 1991-1994 by NeoCAD Inc. All rights reserved.
     Copyright (c) 1995 AT&T Corp.   All rights reserved.
     Copyright (c) 1995-2001 Lucent Technologies Inc.  All rights reserved.
     Copyright (c) 2001 Agere Systems   All rights reserved.
     Copyright (c) 2002-2017 Lattice Semiconductor Corporation,  All rights
     reserved.
