C:\Program Files\diamond\3.10_x64\synpbase\bin64\c_vhdl.exe  -osyn  "C:\Users\Valery Garibay\Desktop\Project3CM2MachX02\bcd00\bcd0\synwork\bcd00_bcd0_hdl_.srs"  -top  uc00  -prodtype  synplify_pro  -dspmac -fixsmult -infer_seqShift -nram -sdff_counter -divnmod -nostructver  -encrypt  -pro  -dmgen  "C:\Users\Valery Garibay\Desktop\Project3CM2MachX02\bcd00\bcd0\dm"  -lite -ui -fid2 -ram -sharing on -ll 2000 -autosm  -ignore_undefined_lib  -lib work "C:\Program Files\diamond\3.10_x64\cae_library\synthesis\vhdl\machxo2.vhd" -lib work "C:\Users\Valery Garibay\Desktop\Project3CM2MachX02\div00vhdl\div00.vhd" -lib work "C:\Users\Valery Garibay\Desktop\Project3CM2MachX02\bcd00\div01.vhd" -lib work "C:\Users\Valery Garibay\Desktop\Project3CM2MachX02\div00vhdl\osc00.vhd" -lib work "C:\Users\Valery Garibay\Desktop\Project3CM2MachX02\div00vhdl\packagediv00.vhd" -lib work "C:\Users\Valery Garibay\Desktop\Project3CM2MachX02\div00vhdl\topdiv00.vhd" -lib work "C:\Users\Valery Garibay\Desktop\Project3CM2MachX02\bcd00\init00.vhd" -lib work "C:\Users\Valery Garibay\Desktop\Project3CM2MachX02\bcd00\loadData00.vhd" -lib work "C:\Users\Valery Garibay\Desktop\Project3CM2MachX02\bcd00\sust00.vhd" -lib work "C:\Users\Valery Garibay\Desktop\Project3CM2MachX02\bcd00\compadd00.vhd" -lib work "C:\Users\Valery Garibay\Desktop\Project3CM2MachX02\bcd00\shift800.vhd" -lib work "C:\Users\Valery Garibay\Desktop\Project3CM2MachX02\bcd00\shift1200.vhd" -lib work "C:\Users\Valery Garibay\Desktop\Project3CM2MachX02\bcd00\ac800.vhd" -lib work "C:\Users\Valery Garibay\Desktop\Project3CM2MachX02\bcd00\ac1200.vhd" -lib work "C:\Users\Valery Garibay\Desktop\Project3CM2MachX02\bcd00\checkCode00.vhd" -lib work "C:\Users\Valery Garibay\Desktop\Project3CM2MachX02\bcd00\contIter00.vhd" -lib work "C:\Users\Valery Garibay\Desktop\Project3CM2MachX02\bcd00\packagebcd00.vhd" -lib work "C:\Users\Valery Garibay\Desktop\Project3CM2MachX02\bcd00\bcd00.vhd" -lib work "C:\Users\Valery Garibay\Desktop\Project3CM2MachX02\bcd00\pc00.vhd" -lib work "C:\Users\Valery Garibay\Desktop\Project3CM2MachX02\bcd00\progMem00.vhd" -lib work "C:\Users\Valery Garibay\Desktop\Project3CM2MachX02\bcd00\uc00.vhd"  -log  "C:\Users\Valery Garibay\Desktop\Project3CM2MachX02\bcd00\bcd0\syntax.log"  -fileorder  "C:\Users\Valery Garibay\Desktop\Project3CM2MachX02\bcd00\bcd0\syntmp\hdlorder.tcl"  -jobname  "hdl_info_gen" 
relcom:..\..\..\..\..\..\..\Program Files\diamond\3.10_x64\synpbase\bin64\c_vhdl.exe -osyn "C:\Users\Valery Garibay\Desktop\Project3CM2MachX02\bcd00\bcd0\synwork\bcd00_bcd0_hdl_.srs" -top uc00 -prodtype synplify_pro -dspmac -fixsmult -infer_seqShift -nram -sdff_counter -divnmod -nostructver -encrypt -pro -dmgen "C:\Users\Valery Garibay\Desktop\Project3CM2MachX02\bcd00\bcd0\dm" -lite -ui -fid2 -ram -sharing on -ll 2000 -autosm -ignore_undefined_lib -lib work "C:\Program Files\diamond\3.10_x64\cae_library\synthesis\vhdl\machxo2.vhd" -lib work "C:\Users\Valery Garibay\Desktop\Project3CM2MachX02\div00vhdl\div00.vhd" -lib work "C:\Users\Valery Garibay\Desktop\Project3CM2MachX02\bcd00\div01.vhd" -lib work "C:\Users\Valery Garibay\Desktop\Project3CM2MachX02\div00vhdl\osc00.vhd" -lib work "C:\Users\Valery Garibay\Desktop\Project3CM2MachX02\div00vhdl\packagediv00.vhd" -lib work "C:\Users\Valery Garibay\Desktop\Project3CM2MachX02\div00vhdl\topdiv00.vhd" -lib work "C:\Users\Valery Garibay\Desktop\Project3CM2MachX02\bcd00\init00.vhd" -lib work "C:\Users\Valery Garibay\Desktop\Project3CM2MachX02\bcd00\loadData00.vhd" -lib work "C:\Users\Valery Garibay\Desktop\Project3CM2MachX02\bcd00\sust00.vhd" -lib work "C:\Users\Valery Garibay\Desktop\Project3CM2MachX02\bcd00\compadd00.vhd" -lib work "C:\Users\Valery Garibay\Desktop\Project3CM2MachX02\bcd00\shift800.vhd" -lib work "C:\Users\Valery Garibay\Desktop\Project3CM2MachX02\bcd00\shift1200.vhd" -lib work "C:\Users\Valery Garibay\Desktop\Project3CM2MachX02\bcd00\ac800.vhd" -lib work "C:\Users\Valery Garibay\Desktop\Project3CM2MachX02\bcd00\ac1200.vhd" -lib work "C:\Users\Valery Garibay\Desktop\Project3CM2MachX02\bcd00\checkCode00.vhd" -lib work "C:\Users\Valery Garibay\Desktop\Project3CM2MachX02\bcd00\contIter00.vhd" -lib work "C:\Users\Valery Garibay\Desktop\Project3CM2MachX02\bcd00\packagebcd00.vhd" -lib work "C:\Users\Valery Garibay\Desktop\Project3CM2MachX02\bcd00\bcd00.vhd" -lib work "C:\Users\Valery Garibay\Desktop\Project3CM2MachX02\bcd00\pc00.vhd" -lib work "C:\Users\Valery Garibay\Desktop\Project3CM2MachX02\bcd00\progMem00.vhd" -lib work "C:\Users\Valery Garibay\Desktop\Project3CM2MachX02\bcd00\uc00.vhd" -log "C:\Users\Valery Garibay\Desktop\Project3CM2MachX02\bcd00\bcd0\syntax.log" -fileorder "C:\Users\Valery Garibay\Desktop\Project3CM2MachX02\bcd00\bcd0\syntmp\hdlorder.tcl" -jobname "hdl_info_gen"
rc:2 success:0 runtime:3
file:..\synwork\bcd00_bcd0_hdl_.srs|io:o|time:0|size:0|exec:0|csum:
file:..\..\..\..\..\..\..\Program Files\diamond\3.10_x64\cae_library\synthesis\vhdl\machxo2.vhd|io:i|time:1493331104|size:73964|exec:0|csum:CFF92E93E4FE354031DBB4E0E47DD4A6
file:..\..\..\div00vhdl\div00.vhd|io:i|time:1551287393|size:1890|exec:0|csum:DBE52D3D778D1CC250BA7E18F2601BFA
file:..\..\div01.vhd|io:i|time:1543855162|size:1905|exec:0|csum:DDD9E9C63B0CEFD9D4BDF3FE503DBFBE
file:..\..\..\div00vhdl\osc00.vhd|io:i|time:1536089045|size:616|exec:0|csum:E7DBE68D4F6B976F5C8287C193231DA5
file:..\..\..\div00vhdl\packagediv00.vhd|io:i|time:1551287345|size:351|exec:0|csum:DFAF811D277B3618F497D7FC2E6023CA
file:..\..\..\div00vhdl\topdiv00.vhd|io:i|time:1551287455|size:537|exec:0|csum:4B354D0A3F412DA2E133B57914FC9ED0
file:..\..\init00.vhd|io:i|time:1542123373|size:1454|exec:0|csum:1E221D265CB0CE9DE20B304A7417F788
file:..\..\loadData00.vhd|io:i|time:1542124441|size:940|exec:0|csum:341187A6F0B5A47EA680621DE89497D0
file:..\..\sust00.vhd|io:i|time:1544113416|size:1343|exec:0|csum:F5120FAB397C4979E2EF7D5C45D695C0
file:..\..\compadd00.vhd|io:i|time:1543331410|size:1844|exec:0|csum:330548F5635AC73F92298576742C522D
file:..\..\shift800.vhd|io:i|time:1542727913|size:1019|exec:0|csum:2F4C393E22899EA2644AC50523DCB12F
file:..\..\shift1200.vhd|io:i|time:1542906055|size:1002|exec:0|csum:ACCBEFA2B3FB481265158020F3D8628D
file:..\..\ac800.vhd|io:i|time:1543253506|size:744|exec:0|csum:0375DE497773401E574176F4813774F7
file:..\..\ac1200.vhd|io:i|time:1543253589|size:728|exec:0|csum:DA388792547501B33F7F766436F468A1
file:..\..\checkCode00.vhd|io:i|time:1543858011|size:639|exec:0|csum:007DA785E87CAE4671D513F362B368F6
file:..\..\contIter00.vhd|io:i|time:1543254830|size:1053|exec:0|csum:32824682B2FFC7705205A6628D32784E
file:..\..\packagebcd00.vhd|io:i|time:1544113520|size:4485|exec:0|csum:1F22E3697B9A84A73547B719D6E5B2B7
file:..\..\bcd00.vhd|io:i|time:1544113554|size:4218|exec:0|csum:565DC94291DD089EF32538627BA4E746
file:..\..\pc00.vhd|io:i|time:1543857685|size:898|exec:0|csum:98AF3DAF71CF29B661E689A9B23DA64C
file:..\..\progMem00.vhd|io:i|time:1543858472|size:0|exec:0|csum:D41D8CD98F00B204E9800998ECF8427E
file:..\..\uc00.vhd|io:i|time:1543857654|size:909|exec:0|csum:F9ABDC3BF31C400033742681A800DF27
file:..\syntax.log|io:o|time:1557754220|size:1230|exec:0|csum:
file:..\..\..\..\..\..\..\Program Files\diamond\3.10_x64\synpbase\bin64\c_vhdl.exe|io:i|time:1501913710|size:5913600|exec:1|csum:93E5DE52AE488E4DC33E43C149B8DA6C
