# Synopsys Constraint Checker, version maplat, Build 1796R, built Aug  4 2017
# Copyright (C) 1994-2017 Synopsys, Inc. This Synopsys software and all associated documentation are proprietary to Synopsys, Inc. and may only be used pursuant to the terms and conditions of a written license agreement with Synopsys, Inc. All other use, reproduction, modification, or distribution of the Synopsys software or the associated documentation is strictly prohibited.

# Written on Tue May 21 11:54:24 2019


##### DESIGN INFO #######################################################

Top View:                "servo_pwm_clk64kHz"
Constraint File(s):      (none)




##### SUMMARY ############################################################

Found 0 issues in 0 out of 0 constraints


##### DETAILS ############################################################



Clock Relationships
*******************

Starting                            Ending                              |     rise to rise     |     fall to fall     |     rise to fall     |     fall to rise                     
-----------------------------------------------------------------------------------------------------------------------------------------------------------------------------------
servo_pwm_clk64kHz|clk              servo_pwm_clk64kHz|clk              |     1000.000         |     No paths         |     No paths         |     No paths                         
clk64kHz|temporal_derived_clock     clk64kHz|temporal_derived_clock     |     1000.000         |     No paths         |     No paths         |     No paths                         
===================================================================================================================================================================================
 Note: 'No paths' indicates there are no paths in the design for that pair of clock edges.
       'Diff grp' indicates that paths exist but the starting clock and ending clock are in different clock groups.


Unconstrained Start/End Points
******************************

p:pos[0]
p:pos[1]
p:pos[2]
p:pos[3]
p:pos[4]
p:pos[5]
p:pos[6]
p:reset
p:servo


Inapplicable constraints
************************

(none)


Applicable constraints with issues
**********************************

(none)


Constraints with matching wildcard expressions
**********************************************

(none)


Library Report
**************


# End of Constraint Checker Report
