Running in Lattice mode
error reading package index file C:/Program Files/diamond/3.10_x64/synpbase/lib/pkgIndex.tcl: couldn't read file "{C:/Program Files/diamond/3.10_x64/synpbase/lib/pkgIndex.tcl}": no such file or directory
error reading package index file C:/Program Files/diamond/3.10_x64/synpbase/lib/bwidget-1.9.5/pkgIndex.tcl: couldn't read file "{C:/Program Files/diamond/3.10_x64/synpbase/lib/bwidget-1.9.5/pkgIndex.tcl}": no such file or directory
error reading package index file C:/Program Files/diamond/3.10_x64/synpbase/lib/tcllib-1.12/pkgIndex.tcl: couldn't read file "{C:/Program Files/diamond/3.10_x64/synpbase/lib/tcllib-1.12/pkgIndex.tcl}": no such file or directory
error reading package index file C:/Program Files/diamond/3.10_x64/synpbase/lib/pkgIndex.tcl: couldn't read file "{C:/Program Files/diamond/3.10_x64/synpbase/lib/pkgIndex.tcl}": no such file or directory
error reading package index file C:/Program Files/diamond/3.10_x64/synpbase/lib/pkgIndex.tcl: couldn't read file "{C:/Program Files/diamond/3.10_x64/synpbase/lib/pkgIndex.tcl}": no such file or directory
error reading package index file C:/Program Files/diamond/3.10_x64/synpbase/lib/bwidget-1.9.5/pkgIndex.tcl: couldn't read file "{C:/Program Files/diamond/3.10_x64/synpbase/lib/bwidget-1.9.5/pkgIndex.tcl}": no such file or directory
error reading package index file C:/Program Files/diamond/3.10_x64/synpbase/lib/tcllib-1.12/pkgIndex.tcl: couldn't read file "{C:/Program Files/diamond/3.10_x64/synpbase/lib/tcllib-1.12/pkgIndex.tcl}": no such file or directory
error reading package index file C:/Program Files/diamond/3.10_x64/synpbase/lib/pkgIndex.tcl: couldn't read file "{C:/Program Files/diamond/3.10_x64/synpbase/lib/pkgIndex.tcl}": no such file or directory

Starting:    C:\Program Files\diamond\3.10_x64\synpbase\bin64\mbin\synbatch.exe
Install:     C:\Program Files\diamond\3.10_x64\synpbase
Hostname:    DESKTOP-JBP5BT2
Date:        Tue May 21 11:54:15 2019
Version:     M-2017.03L-SP1-1

Arguments:   -product synplify_pro -batch proyectoMotor_proyectoMotor_synplify.tcl
ProductType: synplify_pro




Copied C:\Users\Valery Garibay\Documents\6_semestre\arqui\ProyectoMotor\proyectoMotor\proyectoMotor_proyectoMotor.srr to C:\Users\Valery Garibay\Documents\6_semestre\arqui\ProyectoMotor\proyectoMotor\backup\proyectoMotor_proyectoMotor.srr
log file: "C:\Users\Valery Garibay\Documents\6_semestre\arqui\ProyectoMotor\proyectoMotor\proyectoMotor_proyectoMotor.srr"
Running: hdl_info_gen in foreground

Generating HDL info...

hdl_info_gen completed
# Tue May 21 11:54:16 2019

Return Code: 0
Run Time:00h:00m:01s
Copied C:\Users\Valery Garibay\Documents\6_semestre\arqui\ProyectoMotor\proyectoMotor\proyectoMotor_proyectoMotor.srr to C:\Users\Valery Garibay\Documents\6_semestre\arqui\ProyectoMotor\proyectoMotor\proyectoMotor_proyectoMotor.srf
log file: "C:\Users\Valery Garibay\Documents\6_semestre\arqui\ProyectoMotor\proyectoMotor\proyectoMotor_proyectoMotor.srr"
Running: proyectoMotor in foreground

Running proj_1|proyectoMotor

Running: compile (Compile) on proj_1|proyectoMotor
# Tue May 21 11:54:16 2019

Running: compile_flow (Compile Process) on proj_1|proyectoMotor
# Tue May 21 11:54:16 2019

Running: compiler (Compile Input) on proj_1|proyectoMotor
# Tue May 21 11:54:16 2019
Copied C:\Users\Valery Garibay\Documents\6_semestre\arqui\ProyectoMotor\proyectoMotor\synwork\proyectoMotor_proyectoMotor_comp.srs to C:\Users\Valery Garibay\Documents\6_semestre\arqui\ProyectoMotor\proyectoMotor\proyectoMotor_proyectoMotor.srs

compiler completed
# Tue May 21 11:54:20 2019

Return Code: 0
Run Time:00h:00m:04s

Running: multi_srs_gen (Multi-srs Generator) on proj_1|proyectoMotor
# Tue May 21 11:54:20 2019

multi_srs_gen completed
# Tue May 21 11:54:20 2019

Return Code: 0
Run Time:00h:00m:00s
Copied C:\Users\Valery Garibay\Documents\6_semestre\arqui\ProyectoMotor\proyectoMotor\synwork\proyectoMotor_proyectoMotor_mult.srs to C:\Users\Valery Garibay\Documents\6_semestre\arqui\ProyectoMotor\proyectoMotor\proyectoMotor_proyectoMotor.srs
Copied C:\Users\Valery Garibay\Documents\6_semestre\arqui\ProyectoMotor\proyectoMotor\proyectoMotor_proyectoMotor.srr to C:\Users\Valery Garibay\Documents\6_semestre\arqui\ProyectoMotor\proyectoMotor\proyectoMotor_proyectoMotor.srf
Complete: Compile Process on proj_1|proyectoMotor

Running: premap (Pre-mapping) on proj_1|proyectoMotor
# Tue May 21 11:54:20 2019

premap completed with warnings
# Tue May 21 11:54:24 2019

Return Code: 1
Run Time:00h:00m:04s
Complete: Compile on proj_1|proyectoMotor

Running: map (Map) on proj_1|proyectoMotor
# Tue May 21 11:54:25 2019
License granted for 4 parallel jobs

Running: fpga_mapper (Map & Optimize) on proj_1|proyectoMotor
# Tue May 21 11:54:25 2019
Copied C:\Users\Valery Garibay\Documents\6_semestre\arqui\ProyectoMotor\proyectoMotor\synwork\proyectoMotor_proyectoMotor_m.srm to C:\Users\Valery Garibay\Documents\6_semestre\arqui\ProyectoMotor\proyectoMotor\proyectoMotor_proyectoMotor.srm

fpga_mapper completed with warnings
# Tue May 21 11:54:30 2019

Return Code: 1
Run Time:00h:00m:05s
Complete: Map on proj_1|proyectoMotor
Copied C:\Users\Valery Garibay\Documents\6_semestre\arqui\ProyectoMotor\proyectoMotor\proyectoMotor_proyectoMotor.srr to C:\Users\Valery Garibay\Documents\6_semestre\arqui\ProyectoMotor\proyectoMotor\proyectoMotor_proyectoMotor.srf
Complete: Logic Synthesis on proj_1|proyectoMotor
TCL script complete: "proyectoMotor_proyectoMotor_synplify.tcl"
exit status=0
exit status=0
Save changes for project:
C:\Users\Valery Garibay\Documents\6_semestre\arqui\ProyectoMotor\proyectoMotor\proj_1.prj
batch mode default:no
