
map -a "MachXO2" -p LCMXO2-7000HE -t TQFP144 -s 5 -oc Commercial   "barrelSRL00_barrelSRL.ngd" -o "barrelSRL00_barrelSRL_map.ncd" -pr "barrelSRL00_barrelSRL.prf" -mp "barrelSRL00_barrelSRL.mrp" -lpf "C:/Users/jmaci/Desktop/ADC2/barrelSRL00/barrelSRL/barrelSRL00_barrelSRL_synplify.lpf" -lpf "C:/Users/jmaci/Desktop/ADC2/barrelSRL00/barrelSRL00.lpf" -c 0            
map:  version Diamond (64-bit) 3.10.1.112

Copyright (c) 1991-1994 by NeoCAD Inc. All rights reserved.
Copyright (c) 1995 AT&T Corp.   All rights reserved.
Copyright (c) 1995-2001 Lucent Technologies Inc.  All rights reserved.
Copyright (c) 2001 Agere Systems   All rights reserved.
Copyright (c) 2002-2017 Lattice Semiconductor Corporation,  All rights reserved.
   Process the file: barrelSRL00_barrelSRL.ngd
   Picdevice="LCMXO2-7000HE"

   Pictype="TQFP144"

   Picspeed=5

   Remove unused logic

   Do not produce over sized NCDs.

Part used: LCMXO2-7000HETQFP144, Performance used: 5.

Loading device for application map from file 'xo2c7000.nph' in environment: C:/lscc/diamond/3.10_x64/ispfpga.
Package Status:                     Final          Version 1.39.

Running general design DRC...

Removing unused logic...

Optimizing...




Design Summary:
   Number of registers:     43 out of  7209 (1%)
      PFU registers:           35 out of  6864 (1%)
      PIO registers:            8 out of   345 (2%)
   Number of SLICEs:        55 out of  3432 (2%)
      SLICEs as Logic/ROM:     55 out of  3432 (2%)
      SLICEs as RAM:            0 out of  2574 (0%)
      SLICEs as Carry:         15 out of  3432 (0%)
   Number of LUT4s:        109 out of  6864 (2%)
      Number used as logic LUTs:         79
      Number used as distributed RAM:     0
      Number used as ripple logic:       30
      Number used as shift registers:     0
   Number of PIO sites used: 30 + 4(JTAG) out of 115 (30%)
   Number of block RAMs:  0 out of 26 (0%)
   Number of GSRs:  0 out of 1 (0%)
   EFB used :       No
   JTAG used :      No
   Readback used :  No
   Oscillator used :  Yes
   Startup used :   No
   POR :            On
   Bandgap :        On
   Number of Power Controller:  0 out of 1 (0%)
   Number of Dynamic Bank Controller (BCINRD):  0 out of 6 (0%)
   Number of Dynamic Bank Controller (BCLVDSO):  0 out of 1 (0%)
   Number of DCCA:  0 out of 8 (0%)
   Number of DCMA:  0 out of 2 (0%)
   Number of PLLs:  0 out of 2 (0%)
   Number of DQSDLLs:  0 out of 2 (0%)
   Number of CLKDIVC:  0 out of 4 (0%)
   Number of ECLKSYNCA:  0 out of 4 (0%)
   Number of ECLKBRIDGECS:  0 out of 2 (0%)
   Notes:-
      1. Total number of LUT4s = (Number of logic LUT4s) + 2*(Number of distributed RAMs) + 2*(Number of ripple logic)
      2. Number of logic LUT4s does not include count of distributed RAM and ripple logic.
   Number of clocks:  1
     Net BSRL00.sclk_0: 27 loads, 27 rising, 0 falling (Driver: BSRL00/OS00/OSCInst0 )
   Number of Clock Enables:  3
     Net pbarrelSRL.un6_rl_cry_3_0_RNIGSHS: 8 loads, 0 LSLICEs
     Net BSRL01/G_2: 2 loads, 2 LSLICEs
     Net BSRL01/un6_rl_cry_3_0_RNI7JJ41: 4 loads, 4 LSLICEs
   Number of LSRs:  3
     Net G_10: 8 loads, 0 LSLICEs
     Net BSRL01/scont_25: 2 loads, 2 LSLICEs
     Net BSRL00/OS01/un1_oscout56_7_1_RNIJUI: 12 loads, 12 LSLICEs
   Number of nets driven by tri-state buffers:  0
   Top 10 highest fanout non-clock nets:
     Net BSRL00/OS01/un1_oscout56_7_1_RNIJUI: 12 loads
     Net en0_c: 11 loads
     Net cdiv00_c[4]: 9 loads
     Net BSRL00/OS01/sdiv[16]: 8 loads
     Net BSRL00/OS01/sdiv[17]: 8 loads
     Net BSRL01/sins_20_sn_N_6_mux: 8 loads
     Net cdiv00_c[1]: 8 loads
     Net G_10: 8 loads
     Net pbarrelSRL.un6_rl_cry_3_0_RNIGSHS: 8 loads
     Net cdiv00_c[3]: 7 loads
 

   Number of warnings:  0
   Number of errors:    0



Total CPU Time: 1 secs  
Total REAL Time: 2 secs  
Peak Memory Usage: 58 MB

Dumping design to file barrelSRL00_barrelSRL_map.ncd.

mpartrce -p "barrelSRL00_barrelSRL.p2t" -f "barrelSRL00_barrelSRL.p3t" -tf "barrelSRL00_barrelSRL.pt" "barrelSRL00_barrelSRL_map.ncd" "barrelSRL00_barrelSRL.ncd"

---- MParTrce Tool ----
Removing old design directory at request of -rem command line option to this program.
Running par. Please wait . . .

Lattice Place and Route Report for Design "barrelSRL00_barrelSRL_map.ncd"
Tue Mar 20 23:23:23 2018

PAR: Place And Route Diamond (64-bit) 3.10.1.112.
Command Line: par -w -l 5 -i 6 -t 1 -c 0 -e 0 -gui -msgset C:/Users/jmaci/Desktop/ADC2/barrelSRL00/promote.xml -exp parUseNBR=1:parCDP=0:parCDR=0:parPathBased=OFF barrelSRL00_barrelSRL_map.ncd barrelSRL00_barrelSRL.dir/5_1.ncd barrelSRL00_barrelSRL.prf
Preference file: barrelSRL00_barrelSRL.prf.
Placement level-cost: 5-1.
Routing Iterations: 6

Loading design for application par from file barrelSRL00_barrelSRL_map.ncd.
Design name: topbarrelSRL00
NCD version: 3.3
Vendor:      LATTICE
Device:      LCMXO2-7000HE
Package:     TQFP144
Performance: 5
Loading device for application par from file 'xo2c7000.nph' in environment: C:/lscc/diamond/3.10_x64/ispfpga.
Package Status:                     Final          Version 1.39.
Performance Hardware Data Status:   Final          Version 34.4.
License checked out.


Ignore Preference Error(s):  True
Device utilization summary:

   PIO (prelim)   30+4(JTAG)/336     10% used
                  30+4(JTAG)/115     30% bonded
   IOLOGIC            8/336           2% used

   SLICE             55/3432          1% used

   OSC                1/1           100% used


Number of Signals: 180
Number of Connections: 431

Pin Constraint Summary:
   30 out of 30 pins locked (100% locked).

The following 1 signal is selected to use the primary clock routing resources:
    BSRL00.sclk_0 (driver: BSRL00/OS00/OSCInst0, clk load #: 27)


The following 1 signal is selected to use the secondary clock routing resources:
    BSRL00/OS01/un1_oscout56_7_1_RNIJUI (driver: BSRL00/OS01/SLICE_29, clk load #: 0, sr load #: 12, ce load #: 0)

No signal is selected as Global Set/Reset.
Starting Placer Phase 0.

Finished Placer Phase 0.  REAL time: 3 secs 

Starting Placer Phase 1.
...................
Placer score = 46174.
Finished Placer Phase 1.  REAL time: 11 secs 

Starting Placer Phase 2.
.
Placer score =  46173
Finished Placer Phase 2.  REAL time: 11 secs 


------------------ Clock Report ------------------

Global Clock Resources:
  CLK_PIN    : 0 out of 8 (0%)
  PLL        : 0 out of 2 (0%)
  DCM        : 0 out of 2 (0%)
  DCC        : 0 out of 8 (0%)

Quadrants All (TL, TR, BL, BR) - Global Clocks:
  PRIMARY "BSRL00.sclk_0" from OSC on comp "BSRL00/OS00/OSCInst0" on site "OSC", clk load = 27
  SECONDARY "BSRL00/OS01/un1_oscout56_7_1_RNIJUI" from F0 on comp "BSRL00/OS01/SLICE_29" on site "R21C20D", clk load = 0, ce load = 0, sr load = 12

  PRIMARY  : 1 out of 8 (12%)
  SECONDARY: 1 out of 8 (12%)

Edge Clocks:
  No edge clock selected.

--------------- End of Clock Report ---------------


I/O Usage Summary (final):
   30 + 4(JTAG) out of 336 (10.1%) PIO sites used.
   30 + 4(JTAG) out of 115 (29.6%) bonded PIO sites used.
   Number of PIO comps: 30; differential: 0.
   Number of Vref pins used: 0.

I/O Bank Usage Summary:
+----------+----------------+------------+-----------+
| I/O Bank | Usage          | Bank Vccio | Bank Vref |
+----------+----------------+------------+-----------+
| 0        | 8 / 28 ( 28%)  | 2.5V       | -         |
| 1        | 5 / 29 ( 17%)  | 2.5V       | -         |
| 2        | 16 / 29 ( 55%) | 2.5V       | -         |
| 3        | 1 / 9 ( 11%)   | 2.5V       | -         |
| 4        | 0 / 10 (  0%)  | -          | -         |
| 5        | 0 / 10 (  0%)  | -          | -         |
+----------+----------------+------------+-----------+

Total placer CPU time: 9 secs 

Dumping design to file barrelSRL00_barrelSRL.dir/5_1.ncd.

0 connections routed; 431 unrouted.
Starting router resource preassignment

Completed router resource preassignment. Real time: 15 secs 

Start NBR router at 23:23:38 03/20/18

*****************************************************************
Info: NBR allows conflicts(one node used by more than one signal)
      in the earlier iterations. In each iteration, it tries to  
      solve the conflicts while keeping the critical connections 
      routed as short as possible. The routing process is said to
      be completed when no conflicts exist and all connections   
      are routed.                                                
Note: NBR uses a different method to calculate timing slacks. The
      worst slack and total negative slack may not be the same as
      that in TRCE report. You should always run TRCE to verify  
      your design.                                               
*****************************************************************

Start NBR special constraint process at 23:23:38 03/20/18

Start NBR section for initial routing at 23:23:38 03/20/18
Level 4, iteration 1
10(0.00%) conflicts; 0(0.00%) untouched conn; 0 (nbr) score; 
Estimated worst slack/total negative slack<setup>: 462.491ns/0.000ns; real time: 15 secs 

Info: Initial congestion level at 75% usage is 0
Info: Initial congestion area  at 75% usage is 0 (0.00%)

Start NBR section for normal routing at 23:23:38 03/20/18
Level 4, iteration 1
5(0.00%) conflicts; 0(0.00%) untouched conn; 0 (nbr) score; 
Estimated worst slack/total negative slack<setup>: 462.181ns/0.000ns; real time: 15 secs 
Level 4, iteration 2
4(0.00%) conflicts; 0(0.00%) untouched conn; 0 (nbr) score; 
Estimated worst slack/total negative slack<setup>: 462.111ns/0.000ns; real time: 15 secs 
Level 4, iteration 3
2(0.00%) conflicts; 0(0.00%) untouched conn; 0 (nbr) score; 
Estimated worst slack/total negative slack<setup>: 462.111ns/0.000ns; real time: 16 secs 
Level 4, iteration 4
0(0.00%) conflict; 0(0.00%) untouched conn; 0 (nbr) score; 
Estimated worst slack/total negative slack<setup>: 462.111ns/0.000ns; real time: 16 secs 

Start NBR section for setup/hold timing optimization with effort level 3 at 23:23:39 03/20/18

Start NBR section for re-routing at 23:23:39 03/20/18
Level 4, iteration 1
0(0.00%) conflict; 0(0.00%) untouched conn; 0 (nbr) score; 
Estimated worst slack/total negative slack<setup>: 462.111ns/0.000ns; real time: 16 secs 

Start NBR section for post-routing at 23:23:39 03/20/18

End NBR router with 0 unrouted connection

NBR Summary
-----------
  Number of unrouted connections : 0 (0.00%)
  Number of connections with timing violations : 0 (0.00%)
  Estimated worst slack<setup> : 462.111ns
  Timing score<setup> : 0
-----------
Notes: The timing info is calculated for SETUP only and all PAR_ADJs are ignored.



Total CPU time 15 secs 
Total REAL time: 17 secs 
Completely routed.
End of route.  431 routed (100.00%); 0 unrouted.

Hold time timing score: 0, hold timing errors: 0

Timing score: 0 

Dumping design to file barrelSRL00_barrelSRL.dir/5_1.ncd.


PAR_SUMMARY::Run status = Success
PAR_SUMMARY::Number of unrouted conns = 0
PAR_SUMMARY::Worst  slack<setup/<ns>> = 462.111
PAR_SUMMARY::Timing score<setup/<ns>> = 0.000
PAR_SUMMARY::Worst  slack<hold /<ns>> = 0.379
PAR_SUMMARY::Timing score<hold /<ns>> = 0.000
PAR_SUMMARY::Number of errors = 0

Total CPU  time to completion: 15 secs 
Total REAL time to completion: 17 secs 

par done!

Copyright (c) 1991-1994 by NeoCAD Inc. All rights reserved.
Copyright (c) 1995 AT&T Corp.   All rights reserved.
Copyright (c) 1995-2001 Lucent Technologies Inc.  All rights reserved.
Copyright (c) 2001 Agere Systems   All rights reserved.
Copyright (c) 2002-2017 Lattice Semiconductor Corporation,  All rights reserved.
Exiting par with exit code 0
Exiting mpartrce with exit code 0

bitgen -f "barrelSRL00_barrelSRL.t2b" -w "barrelSRL00_barrelSRL.ncd" -jedec "barrelSRL00_barrelSRL.prf"


BITGEN: Bitstream Generator Diamond (64-bit) 3.10.1.112
Copyright (c) 1991-1994 by NeoCAD Inc. All rights reserved.
Copyright (c) 1995 AT&T Corp.   All rights reserved.
Copyright (c) 1995-2001 Lucent Technologies Inc.  All rights reserved.
Copyright (c) 2001 Agere Systems   All rights reserved.
Copyright (c) 2002-2017 Lattice Semiconductor Corporation,  All rights reserved.


Loading design for application Bitgen from file barrelSRL00_barrelSRL.ncd.
Design name: topbarrelSRL00
NCD version: 3.3
Vendor:      LATTICE
Device:      LCMXO2-7000HE
Package:     TQFP144
Performance: 5
Loading device for application Bitgen from file 'xo2c7000.nph' in environment: C:/lscc/diamond/3.10_x64/ispfpga.
Package Status:                     Final          Version 1.39.
Performance Hardware Data Status:   Final          Version 34.4.

Running DRC.
DRC detected 0 errors and 0 warnings.
Reading Preference File from barrelSRL00_barrelSRL.prf.

Preference Summary:
+---------------------------------+---------------------------------+
|  Preference                     |  Current Setting                |
+---------------------------------+---------------------------------+
|                         RamCfg  |                        Reset**  |
+---------------------------------+---------------------------------+
|                     MCCLK_FREQ  |                         2.08**  |
+---------------------------------+---------------------------------+
|                  CONFIG_SECURE  |                          OFF**  |
+---------------------------------+---------------------------------+
|                          INBUF  |                           ON**  |
+---------------------------------+---------------------------------+
|                      JTAG_PORT  |                       ENABLE**  |
+---------------------------------+---------------------------------+
|                       SDM_PORT  |                      DISABLE**  |
+---------------------------------+---------------------------------+
|                 SLAVE_SPI_PORT  |                      DISABLE**  |
+---------------------------------+---------------------------------+
|                MASTER_SPI_PORT  |                      DISABLE**  |
+---------------------------------+---------------------------------+
|                       I2C_PORT  |                      DISABLE**  |
+---------------------------------+---------------------------------+
|        MUX_CONFIGURATION_PORTS  |                      DISABLE**  |
+---------------------------------+---------------------------------+
|                  CONFIGURATION  |                          CFG**  |
+---------------------------------+---------------------------------+
|                COMPRESS_CONFIG  |                           ON**  |
+---------------------------------+---------------------------------+
|                        MY_ASSP  |                          OFF**  |
+---------------------------------+---------------------------------+
|               ONE_TIME_PROGRAM  |                          OFF**  |
+---------------------------------+---------------------------------+
|                 ENABLE_TRANSFR  |                      DISABLE**  |
+---------------------------------+---------------------------------+
|                  SHAREDEBRINIT  |                      DISABLE**  |
+---------------------------------+---------------------------------+
|            BACKGROUND_RECONFIG  |                          OFF**  |
+---------------------------------+---------------------------------+
 *  Default setting.
 ** The specified setting matches the default setting.


Creating bit map...
 
Bitstream Status: Final           Version 1.94.
 
Saving bit stream in "barrelSRL00_barrelSRL.jed".
 
===========
UFM Summary.
===========
UFM Size:        2046 Pages (128*2046 Bits).
UFM Utilization: General Purpose Flash Memory.
 
Available General Purpose Flash Memory: 2046 Pages (Page 0 to Page 2045).
Initialized UFM Pages:                     0 Page.
 
