# Synopsys Constraint Checker, version maplat, Build 1368R, built Jan  8 2016
# Copyright (C) 1994-2016 Synopsys, Inc. All rights reserved. This Synopsys software and all associated documentation are proprietary to Synopsys, Inc. and may only be used pursuant to the terms and conditions of a written license agreement with Synopsys, Inc. All other use, reproduction, modification, or distribution of the Synopsys software or the associated documentation is strictly prohibited.

# Written on Mon Nov 07 00:09:13 2016


##### DESIGN INFO #######################################################

Top View:                "topgeneric01"
Constraint File(s):      (none)




##### SUMMARY ############################################################

Found 0 issues in 0 out of 0 constraints


##### DETAILS ############################################################



Clock Relationships
*******************

Starting                         Ending                           |     rise to rise     |     fall to fall     |     rise to fall     |     fall to rise                     
-----------------------------------------------------------------------------------------------------------------------------------------------------------------------------
osc00|osc_int_inferred_clock     osc00|osc_int_inferred_clock     |     480.769          |     No paths         |     No paths         |     No paths                         
div0|outdiv_derived_clock        div0|outdiv_derived_clock        |     480.769          |     No paths         |     No paths         |     No paths                         
=============================================================================================================================================================================
 Note: 'No paths' indicates there are no paths in the design for that pair of clock edges.
       'Diff grp' indicates that paths exist but the starting clock and ending clock are in different clock groups.


Unconstrained Start/End Points
******************************

p:AC0[0]
p:AC0[1]
p:AC0[2]
p:AC0[3]
p:AC0[4]
p:AC0[5]
p:AC0[6]
p:AC0[7]
p:carryOut
p:carryOut1
p:cdiv0[0]
p:cdiv0[1]
p:cdiv0[2]
p:cdiv0[3]
p:codop0[0]
p:codop0[1]
p:codop0[2]
p:codop0[3]
p:codop0[4]
p:enable0
p:outFlag0
p:outdiv00
p:portA0[0]
p:portA0[1]
p:portA0[2]
p:portA0[3]
p:portA0[4]
p:portA0[5]
p:portA0[6]
p:portA0[7]
p:portB0[0]
p:portB0[1]
p:portB0[2]
p:portB0[3]
p:portB0[4]
p:portB0[5]
p:portB0[6]
p:portB0[7]
p:sFlag0 (bidir end point)
p:sFlag0 (bidir start point)


Inapplicable constraints
************************

(none)


Applicable constraints with issues
**********************************

(none)


Constraints with matching wildcard expressions
**********************************************

(none)


Library Report
**************


# End of Constraint Checker Report
