
        Lattice Mapping Report File for Design Module 'topadder8bit00'


Design Information
------------------

Command line:   map -a MachXO2 -p LCMXO2-7000HE -t TQFP144 -s 5 -oc Commercial
     sum8bit00_sum8bit00.ngd -o sum8bit00_sum8bit00_map.ncd -pr
     sum8bit00_sum8bit00.prf -mp sum8bit00_sum8bit00.mrp -lpf C:/Users/jmaci/Des
     ktop/sum8bit00/sum8bit00/sum8bit00_sum8bit00_synplify.lpf -lpf
     C:/Users/jmaci/Desktop/sum8bit00/sum8bit00.lpf -c 0 -gui 
Target Vendor:  LATTICE
Target Device:  LCMXO2-7000HETQFP144
Target Performance:   5
Mapper:  xo2c00,  version:  Diamond (64-bit) 3.10.1.112
Mapped on:  03/07/18  23:52:48

Design Summary
--------------

   Number of registers:      0 out of  7209 (0%)
      PFU registers:            0 out of  6864 (0%)
      PIO registers:            0 out of   345 (0%)
   Number of SLICEs:        11 out of  3432 (0%)
      SLICEs as Logic/ROM:     11 out of  3432 (0%)
      SLICEs as RAM:            0 out of  2574 (0%)
      SLICEs as Carry:          0 out of  3432 (0%)
   Number of LUT4s:         22 out of  6864 (0%)
      Number used as logic LUTs:         22
      Number used as distributed RAM:     0
      Number used as ripple logic:        0
      Number used as shift registers:     0
   Number of PIO sites used: 26 + 4(JTAG) out of 115 (26%)
   Number of block RAMs:  0 out of 26 (0%)
   Number of GSRs:  0 out of 1 (0%)
   EFB used :       No
   JTAG used :      No
   Readback used :  No
   Oscillator used :  No
   Startup used :   No
   POR :            On
   Bandgap :        On
   Number of Power Controller:  0 out of 1 (0%)
   Number of Dynamic Bank Controller (BCINRD):  0 out of 6 (0%)
   Number of Dynamic Bank Controller (BCLVDSO):  0 out of 1 (0%)
   Number of DCCA:  0 out of 8 (0%)
   Number of DCMA:  0 out of 2 (0%)
   Number of PLLs:  0 out of 2 (0%)
   Number of DQSDLLs:  0 out of 2 (0%)
   Number of CLKDIVC:  0 out of 4 (0%)
   Number of ECLKSYNCA:  0 out of 4 (0%)
   Number of ECLKBRIDGECS:  0 out of 2 (0%)
   Notes:-
      1. Total number of LUT4s = (Number of logic LUT4s) + 2*(Number of
     distributed RAMs) + 2*(Number of ripple logic)
      2. Number of logic LUT4s does not include count of distributed RAM and
     ripple logic.
   Number of clocks:  0
   Number of Clock Enables:  0
   Number of LSRs:  0
   Number of nets driven by tri-state buffers:  0

                                    Page 1




Design:  topadder8bit00                                Date:  03/07/18  23:52:48

Design Summary (cont)
---------------------
   Top 10 highest fanout non-clock nets:
     Net SL_c: 15 loads
     Net LED_c: 8 loads
     Net Ai_c[4]: 2 loads
     Net Ai_c[5]: 2 loads
     Net Ai_c[6]: 2 loads
     Net Ai_c[7]: 2 loads
     Net Bi_c[7]: 2 loads
     Net SC[4]: 2 loads
     Net SC[5]: 2 loads
     Net SC[6]: 2 loads




   Number of warnings:  0
   Number of errors:    0
     

Design Errors/Warnings
----------------------

   No errors or warnings present.

IO (PIO) Attributes
-------------------

+---------------------+-----------+-----------+------------+
| IO Name             | Direction | Levelmode | IO         |
|                     |           |  IO_TYPE  | Register   |
+---------------------+-----------+-----------+------------+
| So[0]               | OUTPUT    | LVCMOS25  |            |
+---------------------+-----------+-----------+------------+
| SL                  | INPUT     | LVCMOS25  |            |
+---------------------+-----------+-----------+------------+
| LED                 | OUTPUT    | LVCMOS25  |            |
+---------------------+-----------+-----------+------------+
| So[7]               | OUTPUT    | LVCMOS25  |            |
+---------------------+-----------+-----------+------------+
| So[6]               | OUTPUT    | LVCMOS25  |            |
+---------------------+-----------+-----------+------------+
| So[5]               | OUTPUT    | LVCMOS25  |            |
+---------------------+-----------+-----------+------------+
| So[4]               | OUTPUT    | LVCMOS25  |            |
+---------------------+-----------+-----------+------------+
| So[3]               | OUTPUT    | LVCMOS25  |            |
+---------------------+-----------+-----------+------------+
| So[2]               | OUTPUT    | LVCMOS25  |            |
+---------------------+-----------+-----------+------------+
| So[1]               | OUTPUT    | LVCMOS25  |            |
+---------------------+-----------+-----------+------------+
| Bi[7]               | INPUT     | LVCMOS25  |            |
+---------------------+-----------+-----------+------------+
| Bi[6]               | INPUT     | LVCMOS25  |            |
+---------------------+-----------+-----------+------------+
| Bi[5]               | INPUT     | LVCMOS25  |            |

                                    Page 2




Design:  topadder8bit00                                Date:  03/07/18  23:52:48

IO (PIO) Attributes (cont)
--------------------------
+---------------------+-----------+-----------+------------+
| Bi[4]               | INPUT     | LVCMOS25  |            |
+---------------------+-----------+-----------+------------+
| Bi[3]               | INPUT     | LVCMOS25  |            |
+---------------------+-----------+-----------+------------+
| Bi[2]               | INPUT     | LVCMOS25  |            |
+---------------------+-----------+-----------+------------+
| Bi[1]               | INPUT     | LVCMOS25  |            |
+---------------------+-----------+-----------+------------+
| Bi[0]               | INPUT     | LVCMOS25  |            |
+---------------------+-----------+-----------+------------+
| Ai[7]               | INPUT     | LVCMOS25  |            |
+---------------------+-----------+-----------+------------+
| Ai[6]               | INPUT     | LVCMOS25  |            |
+---------------------+-----------+-----------+------------+
| Ai[5]               | INPUT     | LVCMOS25  |            |
+---------------------+-----------+-----------+------------+
| Ai[4]               | INPUT     | LVCMOS25  |            |
+---------------------+-----------+-----------+------------+
| Ai[3]               | INPUT     | LVCMOS25  |            |
+---------------------+-----------+-----------+------------+
| Ai[2]               | INPUT     | LVCMOS25  |            |
+---------------------+-----------+-----------+------------+
| Ai[1]               | INPUT     | LVCMOS25  |            |
+---------------------+-----------+-----------+------------+
| Ai[0]               | INPUT     | LVCMOS25  |            |
+---------------------+-----------+-----------+------------+

Removed logic
-------------

Block VCC undriven or does not drive anything - clipped.
Block GSR_INST undriven or does not drive anything - clipped.
Block GND undriven or does not drive anything - clipped.
Block A01/VCC undriven or does not drive anything - clipped.
Block A01/GND undriven or does not drive anything - clipped.
Block A02/VCC undriven or does not drive anything - clipped.
Block A02/GND undriven or does not drive anything - clipped.
Block A03/VCC undriven or does not drive anything - clipped.
Block A03/GND undriven or does not drive anything - clipped.
Block A04/VCC undriven or does not drive anything - clipped.
Block A04/GND undriven or does not drive anything - clipped.
Block A05/VCC undriven or does not drive anything - clipped.
Block A05/GND undriven or does not drive anything - clipped.
Block A06/VCC undriven or does not drive anything - clipped.
Block A06/GND undriven or does not drive anything - clipped.
Block A08/GND undriven or does not drive anything - clipped.
Block A08/VCC undriven or does not drive anything - clipped.
Block A08/F02/VCC undriven or does not drive anything - clipped.
Block A08/F02/GND undriven or does not drive anything - clipped.
Block A09/GND undriven or does not drive anything - clipped.
Block A09/VCC undriven or does not drive anything - clipped.
Block A09/F02/GND undriven or does not drive anything - clipped.
Block A09/F02/VCC undriven or does not drive anything - clipped.
Block A10/GND undriven or does not drive anything - clipped.
Block A10/VCC undriven or does not drive anything - clipped.

                                    Page 3




Design:  topadder8bit00                                Date:  03/07/18  23:52:48

Removed logic (cont)
--------------------
Block A10/F02/GND undriven or does not drive anything - clipped.
Block A10/F02/VCC undriven or does not drive anything - clipped.
Block A11/GND undriven or does not drive anything - clipped.
Block A11/VCC undriven or does not drive anything - clipped.
Block A11/F02/GND undriven or does not drive anything - clipped.
Block A11/F02/VCC undriven or does not drive anything - clipped.
Block A12/GND undriven or does not drive anything - clipped.
Block A12/VCC undriven or does not drive anything - clipped.
Block A12/F02/GND undriven or does not drive anything - clipped.
Block A12/F02/VCC undriven or does not drive anything - clipped.
Block A13/GND undriven or does not drive anything - clipped.
Block A13/VCC undriven or does not drive anything - clipped.
Block A13/F02/GND undriven or does not drive anything - clipped.
Block A13/F02/VCC undriven or does not drive anything - clipped.
Block A14/GND undriven or does not drive anything - clipped.
Block A14/VCC undriven or does not drive anything - clipped.
Block A14/F02/GND undriven or does not drive anything - clipped.
Block A14/F02/VCC undriven or does not drive anything - clipped.
Block A16/VCC undriven or does not drive anything - clipped.
Block A16/GND undriven or does not drive anything - clipped.
Block A17/GND undriven or does not drive anything - clipped.
Block A17/VCC undriven or does not drive anything - clipped.
Block A18/GND undriven or does not drive anything - clipped.
Block A18/VCC undriven or does not drive anything - clipped.
Block A19/GND undriven or does not drive anything - clipped.
Block A19/VCC undriven or does not drive anything - clipped.
Block A20/GND undriven or does not drive anything - clipped.
Block A20/VCC undriven or does not drive anything - clipped.
Block A21/GND undriven or does not drive anything - clipped.
Block A21/VCC undriven or does not drive anything - clipped.
Block A22/GND undriven or does not drive anything - clipped.
Block A22/VCC undriven or does not drive anything - clipped.
Block A23/GND undriven or does not drive anything - clipped.
Block A23/VCC undriven or does not drive anything - clipped.
Block A24/GND undriven or does not drive anything - clipped.
Block A24/VCC undriven or does not drive anything - clipped.
Signal VCC undriven or does not drive anything - clipped.

Memory Usage
------------


     

Run Time and Memory Usage
-------------------------

   Total CPU Time: 0 secs  
   Total REAL Time: 0 secs  
   Peak Memory Usage: 57 MB
        






                                    Page 4


Copyright (c) 1991-1994 by NeoCAD Inc. All rights reserved.
     Copyright (c) 1995 AT&T Corp.   All rights reserved.
     Copyright (c) 1995-2001 Lucent Technologies Inc.  All rights reserved.
     Copyright (c) 2001 Agere Systems   All rights reserved.
     Copyright (c) 2002-2017 Lattice Semiconductor Corporation,  All rights
     reserved.
