
synpwrap -msg -prj "keylcd00_keylcd0_synplify.tcl" -log "keylcd00_keylcd0.srf"
Copyright (C) 1992-2017 Lattice Semiconductor Corporation. All rights reserved.
Lattice Diamond Version 3.10.0.111.2
    <postMsg mid="2011000" type="Info"    dynamic="0" navigation="0"  />

==contents of keylcd00_keylcd0.srf
#Build: Synplify Pro (R) M-2017.03L-SP1-1, Build 086R, Aug  4 2017
#install: C:\lscc\diamond\3.10_x64\synpbase
#OS: Windows 8 6.2
#Hostname: LAPTOP-ONJC2QMR

# Tue Nov 20 19:06:09 2018

#Implementation: keylcd0

Synopsys HDL Compiler, version comp2017q2p1, Build 190R, built Aug  4 2017
@N|Running in 64-bit mode
Copyright (C) 1994-2017 Synopsys, Inc. This Synopsys software and all associated documentation are proprietary to Synopsys, Inc. and may only be used pursuant to the terms and conditions of a written license agreement with Synopsys, Inc. All other use, reproduction, modification, or distribution of the Synopsys software or the associated documentation is strictly prohibited.

Synopsys VHDL Compiler, version comp2017q2p1, Build 190R, built Aug  4 2017
@N|Running in 64-bit mode
Copyright (C) 1994-2017 Synopsys, Inc. This Synopsys software and all associated documentation are proprietary to Synopsys, Inc. and may only be used pursuant to the terms and conditions of a written license agreement with Synopsys, Inc. All other use, reproduction, modification, or distribution of the Synopsys software or the associated documentation is strictly prohibited.

@N: CD720 :"C:\lscc\diamond\3.10_x64\synpbase\lib\vhd\std.vhd":123:18:123:21|Setting time resolution to ps
@N:"C:\Users\James\Documents\ESCOM_SEMESTRE_6\3CM2_ARQUITECTURA\Project3CM2MachX02\lcd00\toplcd00.vhd":7:7:7:14|Top entity is set to toplcd00.
File C:\lscc\diamond\3.10_x64\synpbase\lib\cpld\lattice.vhd changed - recompiling
File C:\Users\James\Documents\ESCOM_SEMESTRE_6\3CM2_ARQUITECTURA\Project3CM2MachX02\div00vhdl\osc00.vhd changed - recompiling
File C:\lscc\diamond\3.10_x64\synpbase\lib\lucent\machxo2.vhd changed - recompiling
File C:\Users\James\Documents\ESCOM_SEMESTRE_6\3CM2_ARQUITECTURA\Project3CM2MachX02\div00vhdl\packagediv00.vhd changed - recompiling
File C:\Users\James\Documents\ESCOM_SEMESTRE_6\3CM2_ARQUITECTURA\Project3CM2MachX02\keylcd00\shiftRL00.vhd changed - recompiling
File C:\Users\James\Documents\ESCOM_SEMESTRE_6\3CM2_ARQUITECTURA\Project3CM2MachX02\keylcd00\coder00.vhd changed - recompiling
File C:\Users\James\Documents\ESCOM_SEMESTRE_6\3CM2_ARQUITECTURA\Project3CM2MachX02\lcd00\lcdConfig00.vhd changed - recompiling
File C:\Users\James\Documents\ESCOM_SEMESTRE_6\3CM2_ARQUITECTURA\Project3CM2MachX02\lcd00\lcdContConfig00.vhd changed - recompiling
File C:\Users\James\Documents\ESCOM_SEMESTRE_6\3CM2_ARQUITECTURA\Project3CM2MachX02\lcd00\lcdData00.vhd changed - recompiling
File C:\Users\James\Documents\ESCOM_SEMESTRE_6\3CM2_ARQUITECTURA\Project3CM2MachX02\lcd00\lcdmux00.vhd changed - recompiling
File C:\Users\James\Documents\ESCOM_SEMESTRE_6\3CM2_ARQUITECTURA\Project3CM2MachX02\lcd00\packagelcd00.vhd changed - recompiling
File C:\Users\James\Documents\ESCOM_SEMESTRE_6\3CM2_ARQUITECTURA\Project3CM2MachX02\div00vhdl\topdiv00.vhd changed - recompiling
File C:\Users\James\Documents\ESCOM_SEMESTRE_6\3CM2_ARQUITECTURA\Project3CM2MachX02\lcd00\toplcd00.vhd changed - recompiling
VHDL syntax check successful!
File C:\Users\James\Documents\ESCOM_SEMESTRE_6\3CM2_ARQUITECTURA\Project3CM2MachX02\lcd00\lcdData00.vhd changed - recompiling
@N: CD630 :"C:\Users\James\Documents\ESCOM_SEMESTRE_6\3CM2_ARQUITECTURA\Project3CM2MachX02\lcd00\toplcd00.vhd":7:7:7:14|Synthesizing work.toplcd00.toplcd0.
@N: CD630 :"C:\Users\James\Documents\ESCOM_SEMESTRE_6\3CM2_ARQUITECTURA\Project3CM2MachX02\lcd00\lcdmux00.vhd":6:7:6:14|Synthesizing work.lcdmux00.lcdmux0.
Post processing for work.lcdmux00.lcdmux0
@N: CD630 :"C:\Users\James\Documents\ESCOM_SEMESTRE_6\3CM2_ARQUITECTURA\Project3CM2MachX02\lcd00\lcdData00.vhd":8:7:8:15|Synthesizing work.lcddata00.lcddata0.
Post processing for work.lcddata00.lcddata0
@N: CL189 :"C:\Users\James\Documents\ESCOM_SEMESTRE_6\3CM2_ARQUITECTURA\Project3CM2MachX02\lcd00\lcdData00.vhd":32:4:32:5|Register bit RWda is always 0.
@N: CD630 :"C:\Users\James\Documents\ESCOM_SEMESTRE_6\3CM2_ARQUITECTURA\Project3CM2MachX02\lcd00\lcdConfig00.vhd":6:7:6:17|Synthesizing work.lcdconfig00.lcdconfig0.
Post processing for work.lcdconfig00.lcdconfig0
@N: CD630 :"C:\Users\James\Documents\ESCOM_SEMESTRE_6\3CM2_ARQUITECTURA\Project3CM2MachX02\lcd00\lcdContConfig00.vhd":9:7:9:21|Synthesizing work.lcdcontconfig00.lcdcontconfig0.
@N: CD364 :"C:\Users\James\Documents\ESCOM_SEMESTRE_6\3CM2_ARQUITECTURA\Project3CM2MachX02\lcd00\lcdContConfig00.vhd":35:5:35:13|Removing redundant assignment.
Post processing for work.lcdcontconfig00.lcdcontconfig0
@N: CD630 :"C:\Users\James\Documents\ESCOM_SEMESTRE_6\3CM2_ARQUITECTURA\Project3CM2MachX02\keylcd00\coder00.vhd":7:7:7:13|Synthesizing work.coder00.coder0.
Post processing for work.coder00.coder0
@N: CL189 :"C:\Users\James\Documents\ESCOM_SEMESTRE_6\3CM2_ARQUITECTURA\Project3CM2MachX02\keylcd00\coder00.vhd":23:2:23:3|Register bit outcoderk(7) is always 0.
@W: CL260 :"C:\Users\James\Documents\ESCOM_SEMESTRE_6\3CM2_ARQUITECTURA\Project3CM2MachX02\keylcd00\coder00.vhd":23:2:23:3|Pruning register bit 7 of outcoderk(7 downto 0). If this is not the intended behavior, drive the input with valid values, or an input from the top level.
@N: CD630 :"C:\Users\James\Documents\ESCOM_SEMESTRE_6\3CM2_ARQUITECTURA\Project3CM2MachX02\keylcd00\shiftRL00.vhd":7:7:7:15|Synthesizing work.shiftrl00.shiftrl0.
Post processing for work.shiftrl00.shiftrl0
@W: CL279 :"C:\Users\James\Documents\ESCOM_SEMESTRE_6\3CM2_ARQUITECTURA\Project3CM2MachX02\keylcd00\shiftRL00.vhd":21:2:21:3|Pruning register bits 3 to 1 of scontcr(3 downto 0). If this is not the intended behavior, drive the inputs with valid values, or inputs from the top level.
@N: CD630 :"C:\Users\James\Documents\ESCOM_SEMESTRE_6\3CM2_ARQUITECTURA\Project3CM2MachX02\div00vhdl\topdiv00.vhd":9:7:9:14|Synthesizing work.topdiv00.topdiv0.
@N: CD630 :"C:\Users\James\Documents\ESCOM_SEMESTRE_6\3CM2_ARQUITECTURA\Project3CM2MachX02\div00vhdl\div00.vhd":9:7:9:11|Synthesizing work.div00.div0.
Post processing for work.div00.div0
@N: CD630 :"C:\Users\James\Documents\ESCOM_SEMESTRE_6\3CM2_ARQUITECTURA\Project3CM2MachX02\div00vhdl\osc00.vhd":10:7:10:11|Synthesizing work.osc00.osc0.
@W: CD276 :"C:\lscc\diamond\3.10_x64\cae_library\synthesis\vhdl\machxo2.vhd":2297:8:2297:15|Map for port sedstdby of component osch not found
@N: CD630 :"C:\lscc\diamond\3.10_x64\cae_library\synthesis\vhdl\machxo2.vhd":2291:10:2291:13|Synthesizing work.osch.syn_black_box.
Post processing for work.osch.syn_black_box
Post processing for work.osc00.osc0
Post processing for work.topdiv00.topdiv0
Post processing for work.toplcd00.toplcd0
@N: CL189 :"C:\Users\James\Documents\ESCOM_SEMESTRE_6\3CM2_ARQUITECTURA\Project3CM2MachX02\lcd00\lcdConfig00.vhd":25:4:25:5|Register bit RScf is always 0.
@N: CL189 :"C:\Users\James\Documents\ESCOM_SEMESTRE_6\3CM2_ARQUITECTURA\Project3CM2MachX02\lcd00\lcdConfig00.vhd":25:4:25:5|Register bit RWcf is always 0.
@N: CL189 :"C:\Users\James\Documents\ESCOM_SEMESTRE_6\3CM2_ARQUITECTURA\Project3CM2MachX02\lcd00\lcdConfig00.vhd":25:4:25:5|Register bit commandcf(6) is always 0.
@W: CL260 :"C:\Users\James\Documents\ESCOM_SEMESTRE_6\3CM2_ARQUITECTURA\Project3CM2MachX02\lcd00\lcdConfig00.vhd":25:4:25:5|Pruning register bit 6 of commandcf(7 downto 0). If this is not the intended behavior, drive the input with valid values, or an input from the top level.
@W: CL260 :"C:\Users\James\Documents\ESCOM_SEMESTRE_6\3CM2_ARQUITECTURA\Project3CM2MachX02\lcd00\lcdConfig00.vhd":25:4:25:5|Pruning register bit 5 of commandcf(5 downto 0). If this is not the intended behavior, drive the input with valid values, or an input from the top level.
@N: CL189 :"C:\Users\James\Documents\ESCOM_SEMESTRE_6\3CM2_ARQUITECTURA\Project3CM2MachX02\lcd00\lcdData00.vhd":32:4:32:5|Register bit wordscounter(31) is always 0.
@W: CL260 :"C:\Users\James\Documents\ESCOM_SEMESTRE_6\3CM2_ARQUITECTURA\Project3CM2MachX02\lcd00\lcdData00.vhd":32:4:32:5|Pruning register bit 31 of wordscounter(31 downto 0). If this is not the intended behavior, drive the input with valid values, or an input from the top level.
@N: CL189 :"C:\Users\James\Documents\ESCOM_SEMESTRE_6\3CM2_ARQUITECTURA\Project3CM2MachX02\lcd00\lcdData00.vhd":32:4:32:5|Register bit wordscounter(5) is always 0.
@N: CL189 :"C:\Users\James\Documents\ESCOM_SEMESTRE_6\3CM2_ARQUITECTURA\Project3CM2MachX02\lcd00\lcdData00.vhd":32:4:32:5|Register bit wordscounter(6) is always 0.
@N: CL189 :"C:\Users\James\Documents\ESCOM_SEMESTRE_6\3CM2_ARQUITECTURA\Project3CM2MachX02\lcd00\lcdData00.vhd":32:4:32:5|Register bit wordscounter(7) is always 0.
@N: CL189 :"C:\Users\James\Documents\ESCOM_SEMESTRE_6\3CM2_ARQUITECTURA\Project3CM2MachX02\lcd00\lcdData00.vhd":32:4:32:5|Register bit wordscounter(8) is always 0.
@N: CL189 :"C:\Users\James\Documents\ESCOM_SEMESTRE_6\3CM2_ARQUITECTURA\Project3CM2MachX02\lcd00\lcdData00.vhd":32:4:32:5|Register bit wordscounter(9) is always 0.
@N: CL189 :"C:\Users\James\Documents\ESCOM_SEMESTRE_6\3CM2_ARQUITECTURA\Project3CM2MachX02\lcd00\lcdData00.vhd":32:4:32:5|Register bit wordscounter(10) is always 0.
@N: CL189 :"C:\Users\James\Documents\ESCOM_SEMESTRE_6\3CM2_ARQUITECTURA\Project3CM2MachX02\lcd00\lcdData00.vhd":32:4:32:5|Register bit wordscounter(11) is always 0.
@N: CL189 :"C:\Users\James\Documents\ESCOM_SEMESTRE_6\3CM2_ARQUITECTURA\Project3CM2MachX02\lcd00\lcdData00.vhd":32:4:32:5|Register bit wordscounter(12) is always 0.
@N: CL189 :"C:\Users\James\Documents\ESCOM_SEMESTRE_6\3CM2_ARQUITECTURA\Project3CM2MachX02\lcd00\lcdData00.vhd":32:4:32:5|Register bit wordscounter(13) is always 0.
@N: CL189 :"C:\Users\James\Documents\ESCOM_SEMESTRE_6\3CM2_ARQUITECTURA\Project3CM2MachX02\lcd00\lcdData00.vhd":32:4:32:5|Register bit wordscounter(14) is always 0.
@N: CL189 :"C:\Users\James\Documents\ESCOM_SEMESTRE_6\3CM2_ARQUITECTURA\Project3CM2MachX02\lcd00\lcdData00.vhd":32:4:32:5|Register bit wordscounter(15) is always 0.
@N: CL189 :"C:\Users\James\Documents\ESCOM_SEMESTRE_6\3CM2_ARQUITECTURA\Project3CM2MachX02\lcd00\lcdData00.vhd":32:4:32:5|Register bit wordscounter(16) is always 0.
@N: CL189 :"C:\Users\James\Documents\ESCOM_SEMESTRE_6\3CM2_ARQUITECTURA\Project3CM2MachX02\lcd00\lcdData00.vhd":32:4:32:5|Register bit wordscounter(17) is always 0.
@N: CL189 :"C:\Users\James\Documents\ESCOM_SEMESTRE_6\3CM2_ARQUITECTURA\Project3CM2MachX02\lcd00\lcdData00.vhd":32:4:32:5|Register bit wordscounter(18) is always 0.
@N: CL189 :"C:\Users\James\Documents\ESCOM_SEMESTRE_6\3CM2_ARQUITECTURA\Project3CM2MachX02\lcd00\lcdData00.vhd":32:4:32:5|Register bit wordscounter(19) is always 0.
@N: CL189 :"C:\Users\James\Documents\ESCOM_SEMESTRE_6\3CM2_ARQUITECTURA\Project3CM2MachX02\lcd00\lcdData00.vhd":32:4:32:5|Register bit wordscounter(20) is always 0.
@N: CL189 :"C:\Users\James\Documents\ESCOM_SEMESTRE_6\3CM2_ARQUITECTURA\Project3CM2MachX02\lcd00\lcdData00.vhd":32:4:32:5|Register bit wordscounter(21) is always 0.
@N: CL189 :"C:\Users\James\Documents\ESCOM_SEMESTRE_6\3CM2_ARQUITECTURA\Project3CM2MachX02\lcd00\lcdData00.vhd":32:4:32:5|Register bit wordscounter(22) is always 0.
@N: CL189 :"C:\Users\James\Documents\ESCOM_SEMESTRE_6\3CM2_ARQUITECTURA\Project3CM2MachX02\lcd00\lcdData00.vhd":32:4:32:5|Register bit wordscounter(23) is always 0.
@N: CL189 :"C:\Users\James\Documents\ESCOM_SEMESTRE_6\3CM2_ARQUITECTURA\Project3CM2MachX02\lcd00\lcdData00.vhd":32:4:32:5|Register bit wordscounter(24) is always 0.
@N: CL189 :"C:\Users\James\Documents\ESCOM_SEMESTRE_6\3CM2_ARQUITECTURA\Project3CM2MachX02\lcd00\lcdData00.vhd":32:4:32:5|Register bit wordscounter(25) is always 0.
@N: CL189 :"C:\Users\James\Documents\ESCOM_SEMESTRE_6\3CM2_ARQUITECTURA\Project3CM2MachX02\lcd00\lcdData00.vhd":32:4:32:5|Register bit wordscounter(26) is always 0.
@N: CL189 :"C:\Users\James\Documents\ESCOM_SEMESTRE_6\3CM2_ARQUITECTURA\Project3CM2MachX02\lcd00\lcdData00.vhd":32:4:32:5|Register bit wordscounter(27) is always 0.
@N: CL189 :"C:\Users\James\Documents\ESCOM_SEMESTRE_6\3CM2_ARQUITECTURA\Project3CM2MachX02\lcd00\lcdData00.vhd":32:4:32:5|Register bit wordscounter(28) is always 0.
@N: CL189 :"C:\Users\James\Documents\ESCOM_SEMESTRE_6\3CM2_ARQUITECTURA\Project3CM2MachX02\lcd00\lcdData00.vhd":32:4:32:5|Register bit wordscounter(29) is always 0.
@N: CL189 :"C:\Users\James\Documents\ESCOM_SEMESTRE_6\3CM2_ARQUITECTURA\Project3CM2MachX02\lcd00\lcdData00.vhd":32:4:32:5|Register bit wordscounter(30) is always 0.
@W: CL279 :"C:\Users\James\Documents\ESCOM_SEMESTRE_6\3CM2_ARQUITECTURA\Project3CM2MachX02\lcd00\lcdData00.vhd":32:4:32:5|Pruning register bits 30 to 5 of wordscounter(30 downto 0). If this is not the intended behavior, drive the inputs with valid values, or inputs from the top level.
@W: CL158 :"C:\Users\James\Documents\ESCOM_SEMESTRE_6\3CM2_ARQUITECTURA\Project3CM2MachX02\lcd00\toplcd00.vhd":11:2:11:5|Inout clk1 is unused
@N: CL159 :"C:\Users\James\Documents\ESCOM_SEMESTRE_6\3CM2_ARQUITECTURA\Project3CM2MachX02\lcd00\toplcd00.vhd":13:2:13:6|Input cdiv1 is unused.

At c_vhdl Exit (Real Time elapsed 0h:00m:01s; CPU Time elapsed 0h:00m:00s; Memory used current: 78MB peak: 81MB)

Process took 0h:00m:01s realtime, 0h:00m:01s cputime

Process completed successfully.
# Tue Nov 20 19:06:11 2018

###########################################################]
Synopsys Netlist Linker, version comp2017q2p1, Build 190R, built Aug  4 2017
@N|Running in 64-bit mode
File C:\Users\James\Documents\ESCOM_SEMESTRE_6\3CM2_ARQUITECTURA\Project3CM2MachX02\keylcd00\keylcd0\synwork\layer0.srs changed - recompiling

At syn_nfilter Exit (Real Time elapsed 0h:00m:00s; CPU Time elapsed 0h:00m:00s; Memory used current: 67MB peak: 68MB)

Process took 0h:00m:01s realtime, 0h:00m:01s cputime

Process completed successfully.
# Tue Nov 20 19:06:12 2018

###########################################################]
@END

At c_hdl Exit (Real Time elapsed 0h:00m:02s; CPU Time elapsed 0h:00m:01s; Memory used current: 3MB peak: 4MB)

Process took 0h:00m:02s realtime, 0h:00m:01s cputime

Process completed successfully.
# Tue Nov 20 19:06:12 2018

###########################################################]
Synopsys Netlist Linker, version comp2017q2p1, Build 190R, built Aug  4 2017
@N|Running in 64-bit mode
File C:\Users\James\Documents\ESCOM_SEMESTRE_6\3CM2_ARQUITECTURA\Project3CM2MachX02\keylcd00\keylcd0\synwork\keylcd00_keylcd0_comp.srs changed - recompiling

At syn_nfilter Exit (Real Time elapsed 0h:00m:00s; CPU Time elapsed 0h:00m:00s; Memory used current: 68MB peak: 68MB)

Process took 0h:00m:01s realtime, 0h:00m:01s cputime

Process completed successfully.
# Tue Nov 20 19:06:14 2018

###########################################################]
Pre-mapping Report

# Tue Nov 20 19:06:14 2018

Synopsys Lattice Technology Pre-mapping, Version maplat, Build 1796R, Built Aug  4 2017 11:10:16
Copyright (C) 1994-2017 Synopsys, Inc. This Synopsys software and all associated documentation are proprietary to Synopsys, Inc. and may only be used pursuant to the terms and conditions of a written license agreement with Synopsys, Inc. All other use, reproduction, modification, or distribution of the Synopsys software or the associated documentation is strictly prohibited.
Product Version M-2017.03L-SP1-1

Mapper Startup Complete (Real Time elapsed 0h:00m:00s; CPU Time elapsed 0h:00m:00s; Memory used current: 99MB peak: 100MB)

@A: MF827 |No constraint file specified.
@L: C:\Users\James\Documents\ESCOM_SEMESTRE_6\3CM2_ARQUITECTURA\Project3CM2MachX02\keylcd00\keylcd0\keylcd00_keylcd0_scck.rpt 
Printing clock  summary report in "C:\Users\James\Documents\ESCOM_SEMESTRE_6\3CM2_ARQUITECTURA\Project3CM2MachX02\keylcd00\keylcd0\keylcd00_keylcd0_scck.rpt" file 
@N: MF248 |Running in 64-bit mode.
@N: MF666 |Clock conversion enabled. (Command "set_option -fix_gated_and_generated_clocks 1" in the project file.)

Design Input Complete (Real Time elapsed 0h:00m:00s; CPU Time elapsed 0h:00m:00s; Memory used current: 100MB peak: 103MB)


Mapper Initialization Complete (Real Time elapsed 0h:00m:00s; CPU Time elapsed 0h:00m:00s; Memory used current: 100MB peak: 103MB)


Start loading timing files (Real Time elapsed 0h:00m:00s; CPU Time elapsed 0h:00m:00s; Memory used current: 112MB peak: 113MB)


Finished loading timing files (Real Time elapsed 0h:00m:00s; CPU Time elapsed 0h:00m:00s; Memory used current: 112MB peak: 115MB)

@W: FX474 |User-specified initial value defined for some sequential elements which can prevent optimum synthesis results from being achieved. 
ICG Latch Removal Summary:
Number of ICG latches removed:	0
Number of ICG latches not removed:	0
syn_allowed_resources : blockrams=26  set on top level netlist toplcd00

Finished netlist restructuring (Real Time elapsed 0h:00m:00s; CPU Time elapsed 0h:00m:00s; Memory used current: 140MB peak: 142MB)



Clock Summary
******************

          Start                            Requested     Requested     Clock                                           Clock                   Clock
Level     Clock                            Frequency     Period        Type                                            Group                   Load 
----------------------------------------------------------------------------------------------------------------------------------------------------
0 -       osc00|osc_int_inferred_clock     2.1 MHz       480.769       inferred                                        Inferred_clkgroup_0     22   
1 .         div00|outosc_derived_clock     2.1 MHz       480.769       derived (from osc00|osc_int_inferred_clock)     Inferred_clkgroup_0     47   
====================================================================================================================================================

@W: MT529 :"c:\users\james\documents\escom_semestre_6\3cm2_arquitectura\project3cm2machx02\div00vhdl\div00.vhd":23:2:23:3|Found inferred clock osc00|osc_int_inferred_clock which controls 22 sequential elements including LC00.D01.sdiv[20:0]. This clock has no specified timing constraint which may prevent conversion of gated or generated clocks and may adversely impact design performance. 

Finished Pre Mapping Phase.

Starting constraint checker (Real Time elapsed 0h:00m:00s; CPU Time elapsed 0h:00m:00s; Memory used current: 140MB peak: 142MB)


Finished constraint checker preprocessing (Real Time elapsed 0h:00m:00s; CPU Time elapsed 0h:00m:00s; Memory used current: 140MB peak: 142MB)

None
None

Finished constraint checker (Real Time elapsed 0h:00m:01s; CPU Time elapsed 0h:00m:00s; Memory used current: 140MB peak: 142MB)

Pre-mapping successful!

At Mapper Exit (Real Time elapsed 0h:00m:01s; CPU Time elapsed 0h:00m:00s; Memory used current: 56MB peak: 142MB)

Process took 0h:00m:01s realtime, 0h:00m:01s cputime
# Tue Nov 20 19:06:15 2018

###########################################################]
Map & Optimize Report

# Tue Nov 20 19:06:16 2018

Synopsys Lattice Technology Mapper, Version maplat, Build 1796R, Built Aug  4 2017 11:10:16
Copyright (C) 1994-2017 Synopsys, Inc. This Synopsys software and all associated documentation are proprietary to Synopsys, Inc. and may only be used pursuant to the terms and conditions of a written license agreement with Synopsys, Inc. All other use, reproduction, modification, or distribution of the Synopsys software or the associated documentation is strictly prohibited.
Product Version M-2017.03L-SP1-1

Mapper Startup Complete (Real Time elapsed 0h:00m:00s; CPU Time elapsed 0h:00m:00s; Memory used current: 99MB peak: 100MB)

@N: MF248 |Running in 64-bit mode.
@N: MF666 |Clock conversion enabled. (Command "set_option -fix_gated_and_generated_clocks 1" in the project file.)

Design Input Complete (Real Time elapsed 0h:00m:00s; CPU Time elapsed 0h:00m:00s; Memory used current: 99MB peak: 101MB)


Mapper Initialization Complete (Real Time elapsed 0h:00m:00s; CPU Time elapsed 0h:00m:00s; Memory used current: 99MB peak: 101MB)


Start loading timing files (Real Time elapsed 0h:00m:00s; CPU Time elapsed 0h:00m:00s; Memory used current: 112MB peak: 112MB)


Finished loading timing files (Real Time elapsed 0h:00m:00s; CPU Time elapsed 0h:00m:00s; Memory used current: 112MB peak: 114MB)



Starting Optimization and Mapping (Real Time elapsed 0h:00m:00s; CPU Time elapsed 0h:00m:00s; Memory used current: 140MB peak: 142MB)


Available hyper_sources - for debug and ip models
	None Found


Finished RTL optimizations (Real Time elapsed 0h:00m:00s; CPU Time elapsed 0h:00m:00s; Memory used current: 140MB peak: 142MB)


Starting factoring (Real Time elapsed 0h:00m:00s; CPU Time elapsed 0h:00m:00s; Memory used current: 141MB peak: 142MB)


Finished factoring (Real Time elapsed 0h:00m:00s; CPU Time elapsed 0h:00m:00s; Memory used current: 142MB peak: 143MB)


Starting gated-clock and generated-clock conversion (Real Time elapsed 0h:00m:00s; CPU Time elapsed 0h:00m:00s; Memory used current: 142MB peak: 143MB)


Finished gated-clock and generated-clock conversion (Real Time elapsed 0h:00m:00s; CPU Time elapsed 0h:00m:00s; Memory used current: 142MB peak: 143MB)


Finished generic timing optimizations - Pass 1 (Real Time elapsed 0h:00m:00s; CPU Time elapsed 0h:00m:00s; Memory used current: 143MB peak: 143MB)


Starting Early Timing Optimization (Real Time elapsed 0h:00m:00s; CPU Time elapsed 0h:00m:00s; Memory used current: 143MB peak: 144MB)


Finished Early Timing Optimization (Real Time elapsed 0h:00m:00s; CPU Time elapsed 0h:00m:00s; Memory used current: 143MB peak: 144MB)


Finished generic timing optimizations - Pass 2 (Real Time elapsed 0h:00m:00s; CPU Time elapsed 0h:00m:00s; Memory used current: 143MB peak: 144MB)


Finished preparing to map (Real Time elapsed 0h:00m:01s; CPU Time elapsed 0h:00m:01s; Memory used current: 143MB peak: 144MB)


Finished technology mapping (Real Time elapsed 0h:00m:01s; CPU Time elapsed 0h:00m:01s; Memory used current: 149MB peak: 150MB)

Pass		 CPU time		Worst Slack		Luts / Registers
------------------------------------------------------------
   1		0h:00m:01s		   467.20ns		 140 /        69

Finished technology timing optimizations and critical path resynthesis (Real Time elapsed 0h:00m:01s; CPU Time elapsed 0h:00m:01s; Memory used current: 149MB peak: 150MB)

@N: FX164 |The option to pack registers in the IOB has not been specified. Please set syn_useioff attribute.  
@A: BN291 :"c:\users\james\documents\escom_semestre_6\3cm2_arquitectura\project3cm2machx02\keylcd00\shiftrl00.vhd":21:2:21:3|Boundary register LC01.outcr_3_.fb (in view: work.toplcd00(toplcd0)) is packed into a complex cell. To disable register packing, set syn_keep=1 on the net between the register and the complex cell. 
@A: BN291 :"c:\users\james\documents\escom_semestre_6\3cm2_arquitectura\project3cm2machx02\keylcd00\shiftrl00.vhd":21:2:21:3|Boundary register LC01.outcr_2_.fb (in view: work.toplcd00(toplcd0)) is packed into a complex cell. To disable register packing, set syn_keep=1 on the net between the register and the complex cell. 
@A: BN291 :"c:\users\james\documents\escom_semestre_6\3cm2_arquitectura\project3cm2machx02\keylcd00\shiftrl00.vhd":21:2:21:3|Boundary register LC01.outcr_1_.fb (in view: work.toplcd00(toplcd0)) is packed into a complex cell. To disable register packing, set syn_keep=1 on the net between the register and the complex cell. 
@A: BN291 :"c:\users\james\documents\escom_semestre_6\3cm2_arquitectura\project3cm2machx02\keylcd00\shiftrl00.vhd":21:2:21:3|Boundary register LC01.outcr_0_.fb (in view: work.toplcd00(toplcd0)) is packed into a complex cell. To disable register packing, set syn_keep=1 on the net between the register and the complex cell. 
@A: BN291 :"c:\users\james\documents\escom_semestre_6\3cm2_arquitectura\project3cm2machx02\lcd00\lcdcontconfig00.vhd":24:4:24:5|Boundary register LC03.outcontcc_4_.fb (in view: work.toplcd00(toplcd0)) is packed into a complex cell. To disable register packing, set syn_keep=1 on the net between the register and the complex cell. 
@A: BN291 :"c:\users\james\documents\escom_semestre_6\3cm2_arquitectura\project3cm2machx02\lcd00\lcdcontconfig00.vhd":24:4:24:5|Boundary register LC03.outcontcc_3_.fb (in view: work.toplcd00(toplcd0)) is packed into a complex cell. To disable register packing, set syn_keep=1 on the net between the register and the complex cell. 
@A: BN291 :"c:\users\james\documents\escom_semestre_6\3cm2_arquitectura\project3cm2machx02\lcd00\lcdcontconfig00.vhd":24:4:24:5|Boundary register LC03.outcontcc_2_.fb (in view: work.toplcd00(toplcd0)) is packed into a complex cell. To disable register packing, set syn_keep=1 on the net between the register and the complex cell. 
@A: BN291 :"c:\users\james\documents\escom_semestre_6\3cm2_arquitectura\project3cm2machx02\lcd00\lcdcontconfig00.vhd":24:4:24:5|Boundary register LC03.outcontcc_1_.fb (in view: work.toplcd00(toplcd0)) is packed into a complex cell. To disable register packing, set syn_keep=1 on the net between the register and the complex cell. 
@A: BN291 :"c:\users\james\documents\escom_semestre_6\3cm2_arquitectura\project3cm2machx02\lcd00\lcdcontconfig00.vhd":24:4:24:5|Boundary register LC03.outcontcc_0_.fb (in view: work.toplcd00(toplcd0)) is packed into a complex cell. To disable register packing, set syn_keep=1 on the net between the register and the complex cell. 
@A: BN291 :"c:\users\james\documents\escom_semestre_6\3cm2_arquitectura\project3cm2machx02\lcd00\lcdcontconfig00.vhd":24:4:24:5|Boundary register LC03.outFlagcc.fb (in view: work.toplcd00(toplcd0)) is packed into a complex cell. To disable register packing, set syn_keep=1 on the net between the register and the complex cell. 
@A: BN291 :"c:\users\james\documents\escom_semestre_6\3cm2_arquitectura\project3cm2machx02\lcd00\lcddata00.vhd":32:4:32:5|Boundary register LC05.outFlagw.fb (in view: work.toplcd00(toplcd0)) is packed into a complex cell. To disable register packing, set syn_keep=1 on the net between the register and the complex cell. 
@A: BN291 :"c:\users\james\documents\escom_semestre_6\3cm2_arquitectura\project3cm2machx02\lcd00\lcdconfig00.vhd":25:4:25:5|Boundary register LC04.outFlagcf.fb (in view: work.toplcd00(toplcd0)) is packed into a complex cell. To disable register packing, set syn_keep=1 on the net between the register and the complex cell. 

Finished restoring hierarchy (Real Time elapsed 0h:00m:01s; CPU Time elapsed 0h:00m:01s; Memory used current: 149MB peak: 150MB)

@N: MT611 :|Automatically generated clock div00|outosc_derived_clock is not used and is being removed


@S |Clock Optimization Summary


#### START OF CLOCK OPTIMIZATION REPORT #####[

0 non-gated/non-generated clock tree(s) driving 0 clock pin(s) of sequential element(s)
1 gated/generated clock tree(s) driving 69 clock pin(s) of sequential element(s)
0 instances converted, 69 sequential instances remain driven by gated/generated clocks

================================================================================================== Gated/Generated Clocks ==================================================================================================
Clock Tree ID     Driving Element       Drive Element Type     Fanout     Sample Instance     Explanation                                                                                                                   
----------------------------------------------------------------------------------------------------------------------------------------------------------------------------------------------------------------------------
@K:CKID0001       LC00.D00.OSCInst0     OSCH                   69         LC05_outFlagwio     Gating structure creates improper gating logic. See the Gated Clocks description in the user guide for conversion requirements
============================================================================================================================================================================================================================


##### END OF CLOCK OPTIMIZATION REPORT ######]


Start Writing Netlists (Real Time elapsed 0h:00m:02s; CPU Time elapsed 0h:00m:01s; Memory used current: 115MB peak: 150MB)

Writing Analyst data base C:\Users\James\Documents\ESCOM_SEMESTRE_6\3CM2_ARQUITECTURA\Project3CM2MachX02\keylcd00\keylcd0\synwork\keylcd00_keylcd0_m.srm

Finished Writing Netlist Databases (Real Time elapsed 0h:00m:02s; CPU Time elapsed 0h:00m:02s; Memory used current: 148MB peak: 150MB)

Writing EDIF Netlist and constraint files
@N: FX1056 |Writing EDF file: C:\Users\James\Documents\ESCOM_SEMESTRE_6\3CM2_ARQUITECTURA\Project3CM2MachX02\keylcd00\keylcd0\keylcd00_keylcd0.edi
M-2017.03L-SP1-1
@N: BW106 |Synplicity Constraint File capacitance units using default value of 1pF 

Finished Writing EDIF Netlist and constraint files (Real Time elapsed 0h:00m:03s; CPU Time elapsed 0h:00m:02s; Memory used current: 152MB peak: 154MB)


Start final timing analysis (Real Time elapsed 0h:00m:03s; CPU Time elapsed 0h:00m:03s; Memory used current: 153MB peak: 154MB)

@W: MT420 |Found inferred clock osc00|osc_int_inferred_clock with period 480.77ns. Please declare a user-defined clock on object "n:LC00.D00.osc_int"


##### START OF TIMING REPORT #####[
# Timing Report written on Tue Nov 20 19:06:20 2018
#


Top view:               toplcd00
Requested Frequency:    2.1 MHz
Wire load mode:         top
Paths requested:        5
Constraint File(s):    
@N: MT320 |This timing report is an estimate of place and route data. For final timing results, use the FPGA vendor place and route report.

@N: MT322 |Clock constraints include only register-to-register paths associated with each individual clock.



Performance Summary
*******************


Worst slack in design: 466.435

                                 Requested     Estimated     Requested     Estimated                 Clock        Clock              
Starting Clock                   Frequency     Frequency     Period        Period        Slack       Type         Group              
-------------------------------------------------------------------------------------------------------------------------------------
osc00|osc_int_inferred_clock     2.1 MHz       69.8 MHz      480.769       14.335        466.435     inferred     Inferred_clkgroup_0
=====================================================================================================================================





Clock Relationships
*******************

Clocks                                                      |    rise  to  rise     |    fall  to  fall   |    rise  to  fall   |    fall  to  rise 
----------------------------------------------------------------------------------------------------------------------------------------------------
Starting                      Ending                        |  constraint  slack    |  constraint  slack  |  constraint  slack  |  constraint  slack
----------------------------------------------------------------------------------------------------------------------------------------------------
osc00|osc_int_inferred_clock  osc00|osc_int_inferred_clock  |  480.769     466.435  |  No paths    -      |  No paths    -      |  No paths    -    
====================================================================================================================================================
 Note: 'No paths' indicates there are no paths in the design for that pair of clock edges.
       'Diff grp' indicates that paths exist but the starting clock and ending clock are in different clock groups.



Interface Information 
*********************

No IO constraint found



====================================
Detailed Report for Clock: osc00|osc_int_inferred_clock
====================================



Starting Points with Worst Slack
********************************

                      Starting                                                          Arrival            
Instance              Reference                        Type        Pin     Net          Time        Slack  
                      Clock                                                                                
-----------------------------------------------------------------------------------------------------------
LC00.D01.sdiv[0]      osc00|osc_int_inferred_clock     FD1S3IX     Q       sdiv[0]      1.044       466.435
LC00.D01.sdiv[12]     osc00|osc_int_inferred_clock     FD1S3IX     Q       sdiv[12]     1.044       466.435
LC00.D01.sdiv[20]     osc00|osc_int_inferred_clock     FD1S3IX     Q       sdiv[20]     1.180       467.387
LC00.D01.sdiv[19]     osc00|osc_int_inferred_clock     FD1S3IX     Q       sdiv[19]     1.148       467.420
LC00.D01.sdiv[1]      osc00|osc_int_inferred_clock     FD1S3IX     Q       sdiv[1]      1.044       467.452
LC00.D01.sdiv[2]      osc00|osc_int_inferred_clock     FD1S3IX     Q       sdiv[2]      1.044       467.452
LC00.D01.sdiv[3]      osc00|osc_int_inferred_clock     FD1S3IX     Q       sdiv[3]      1.044       467.452
LC00.D01.sdiv[4]      osc00|osc_int_inferred_clock     FD1S3IX     Q       sdiv[4]      1.044       467.452
LC00.D01.sdiv[5]      osc00|osc_int_inferred_clock     FD1S3IX     Q       sdiv[5]      1.044       467.452
LC00.D01.sdiv[6]      osc00|osc_int_inferred_clock     FD1S3IX     Q       sdiv[6]      1.044       467.452
===========================================================================================================


Ending Points with Worst Slack
******************************

                      Starting                                                              Required            
Instance              Reference                        Type        Pin     Net              Time         Slack  
                      Clock                                                                                     
----------------------------------------------------------------------------------------------------------------
LC00.D01.sdiv[19]     osc00|osc_int_inferred_clock     FD1S3IX     D       un1_sdiv[20]     480.664      466.435
LC00.D01.sdiv[20]     osc00|osc_int_inferred_clock     FD1S3IX     D       un1_sdiv[21]     480.664      466.435
LC00.D01.sdiv[17]     osc00|osc_int_inferred_clock     FD1S3IX     D       un1_sdiv[18]     480.664      466.577
LC00.D01.sdiv[18]     osc00|osc_int_inferred_clock     FD1S3IX     D       un1_sdiv[19]     480.664      466.577
LC00.D01.sdiv[15]     osc00|osc_int_inferred_clock     FD1S3IX     D       un1_sdiv[16]     480.664      466.720
LC00.D01.sdiv[16]     osc00|osc_int_inferred_clock     FD1S3IX     D       un1_sdiv[17]     480.664      466.720
LC00.D01.sdiv[13]     osc00|osc_int_inferred_clock     FD1S3IX     D       un1_sdiv[14]     480.664      466.863
LC00.D01.sdiv[14]     osc00|osc_int_inferred_clock     FD1S3IX     D       un1_sdiv[15]     480.664      466.863
LC00.D01.sdiv[11]     osc00|osc_int_inferred_clock     FD1S3IX     D       un1_sdiv[12]     480.664      467.006
LC00.D01.sdiv[12]     osc00|osc_int_inferred_clock     FD1S3IX     D       un1_sdiv[13]     480.664      467.006
================================================================================================================



Worst Path Information
***********************


Path information for path number 1: 
      Requested Period:                      480.769
    - Setup time:                            0.106
    + Clock delay at ending point:           0.000 (ideal)
    = Required time:                         480.664

    - Propagation time:                      14.229
    - Clock delay at starting point:         0.000 (ideal)
    = Slack (critical) :                     466.435

    Number of logic level(s):                19
    Starting point:                          LC00.D01.sdiv[0] / Q
    Ending point:                            LC00.D01.sdiv[20] / D
    The start point is clocked by            osc00|osc_int_inferred_clock [rising] on pin CK
    The end   point is clocked by            osc00|osc_int_inferred_clock [rising] on pin CK

Instance / Net                                           Pin      Pin               Arrival     No. of    
Name                                        Type         Name     Dir     Delay     Time        Fan Out(s)
----------------------------------------------------------------------------------------------------------
LC00.D01.sdiv[0]                            FD1S3IX      Q        Out     1.044     1.044       -         
sdiv[0]                                     Net          -        -       -         -           2         
LC00.D01.outosc_0_sqmuxa_7_i_a2_0           ORCALUT4     A        In      0.000     1.044       -         
LC00.D01.outosc_0_sqmuxa_7_i_a2_0           ORCALUT4     Z        Out     1.017     2.061       -         
outosc_0_sqmuxa_7_i_a2_0                    Net          -        -       -         -           1         
LC00.D01.outosc_0_sqmuxa_7_i_a2_9           ORCALUT4     A        In      0.000     2.061       -         
LC00.D01.outosc_0_sqmuxa_7_i_a2_9           ORCALUT4     Z        Out     1.089     3.149       -         
outosc_0_sqmuxa_7_i_a2_9                    Net          -        -       -         -           2         
LC00.D01.outosc_0_sqmuxa_6_i_a2_0           ORCALUT4     B        In      0.000     3.149       -         
LC00.D01.outosc_0_sqmuxa_6_i_a2_0           ORCALUT4     Z        Out     1.153     4.302       -         
outosc_0_sqmuxa_6_i_a2_0                    Net          -        -       -         -           3         
LC00.D01.outosc_0_sqmuxa_4_i_a2_0           ORCALUT4     C        In      0.000     4.302       -         
LC00.D01.outosc_0_sqmuxa_4_i_a2_0           ORCALUT4     Z        Out     1.153     5.455       -         
N_156                                       Net          -        -       -         -           3         
LC00.D01.outosc_0_sqmuxa_i_a2               ORCALUT4     C        In      0.000     5.455       -         
LC00.D01.outosc_0_sqmuxa_i_a2               ORCALUT4     Z        Out     1.089     6.544       -         
N_160                                       Net          -        -       -         -           2         
LC00.D01.outosc_0_sqmuxa_1_i_2_RNIU5RA1     ORCALUT4     D        In      0.000     6.544       -         
LC00.D01.outosc_0_sqmuxa_1_i_2_RNIU5RA1     ORCALUT4     Z        Out     1.017     7.561       -         
un1_outosc50_49_1                           Net          -        -       -         -           1         
LC00.D01.outosc_0_sqmuxa_2_i_0_RNI75P52     ORCALUT4     C        In      0.000     7.561       -         
LC00.D01.outosc_0_sqmuxa_2_i_0_RNI75P52     ORCALUT4     Z        Out     1.273     8.833       -         
outosc_0_sqmuxa_2_i_0_RNI75P52              Net          -        -       -         -           9         
LC00.D01.un1_sdiv_cry_0_0_RNO               ORCALUT4     B        In      0.000     8.833       -         
LC00.D01.un1_sdiv_cry_0_0_RNO               ORCALUT4     Z        Out     1.017     9.850       -         
un1_outosc50_i                              Net          -        -       -         -           1         
LC00.D01.un1_sdiv_cry_0_0                   CCU2D        B0       In      0.000     9.850       -         
LC00.D01.un1_sdiv_cry_0_0                   CCU2D        COUT     Out     1.544     11.395      -         
un1_sdiv_cry_0                              Net          -        -       -         -           1         
LC00.D01.un1_sdiv_cry_1_0                   CCU2D        CIN      In      0.000     11.395      -         
LC00.D01.un1_sdiv_cry_1_0                   CCU2D        COUT     Out     0.143     11.537      -         
un1_sdiv_cry_2                              Net          -        -       -         -           1         
LC00.D01.un1_sdiv_cry_3_0                   CCU2D        CIN      In      0.000     11.537      -         
LC00.D01.un1_sdiv_cry_3_0                   CCU2D        COUT     Out     0.143     11.680      -         
un1_sdiv_cry_4                              Net          -        -       -         -           1         
LC00.D01.un1_sdiv_cry_5_0                   CCU2D        CIN      In      0.000     11.680      -         
LC00.D01.un1_sdiv_cry_5_0                   CCU2D        COUT     Out     0.143     11.823      -         
un1_sdiv_cry_6                              Net          -        -       -         -           1         
LC00.D01.un1_sdiv_cry_7_0                   CCU2D        CIN      In      0.000     11.823      -         
LC00.D01.un1_sdiv_cry_7_0                   CCU2D        COUT     Out     0.143     11.966      -         
un1_sdiv_cry_8                              Net          -        -       -         -           1         
LC00.D01.un1_sdiv_cry_9_0                   CCU2D        CIN      In      0.000     11.966      -         
LC00.D01.un1_sdiv_cry_9_0                   CCU2D        COUT     Out     0.143     12.109      -         
un1_sdiv_cry_10                             Net          -        -       -         -           1         
LC00.D01.un1_sdiv_cry_11_0                  CCU2D        CIN      In      0.000     12.109      -         
LC00.D01.un1_sdiv_cry_11_0                  CCU2D        COUT     Out     0.143     12.252      -         
un1_sdiv_cry_12                             Net          -        -       -         -           1         
LC00.D01.un1_sdiv_cry_13_0                  CCU2D        CIN      In      0.000     12.252      -         
LC00.D01.un1_sdiv_cry_13_0                  CCU2D        COUT     Out     0.143     12.394      -         
un1_sdiv_cry_14                             Net          -        -       -         -           1         
LC00.D01.un1_sdiv_cry_15_0                  CCU2D        CIN      In      0.000     12.394      -         
LC00.D01.un1_sdiv_cry_15_0                  CCU2D        COUT     Out     0.143     12.537      -         
un1_sdiv_cry_16                             Net          -        -       -         -           1         
LC00.D01.un1_sdiv_cry_17_0                  CCU2D        CIN      In      0.000     12.537      -         
LC00.D01.un1_sdiv_cry_17_0                  CCU2D        COUT     Out     0.143     12.680      -         
un1_sdiv_cry_18                             Net          -        -       -         -           1         
LC00.D01.un1_sdiv_cry_19_0                  CCU2D        CIN      In      0.000     12.680      -         
LC00.D01.un1_sdiv_cry_19_0                  CCU2D        S1       Out     1.549     14.229      -         
un1_sdiv[21]                                Net          -        -       -         -           1         
LC00.D01.sdiv[20]                           FD1S3IX      D        In      0.000     14.229      -         
==========================================================================================================



##### END OF TIMING REPORT #####]

Timing exceptions that could not be applied
None

Finished final timing analysis (Real Time elapsed 0h:00m:03s; CPU Time elapsed 0h:00m:03s; Memory used current: 153MB peak: 154MB)


Finished timing report (Real Time elapsed 0h:00m:03s; CPU Time elapsed 0h:00m:03s; Memory used current: 153MB peak: 154MB)

---------------------------------------
Resource Usage Report
Part: lcmxo2_7000he-5

Register bits: 69 of 6864 (1%)
PIC Latch:       0
I/O cells:       45


Details:
CCU2D:          11
FD1P3AX:        26
FD1P3AY:        1
FD1P3IX:        13
FD1P3JX:        6
FD1S3AX:        1
FD1S3IX:        21
GSR:            1
IB:             10
INV:            1
OB:             35
OFS1P3IX:       1
ORCALUT4:       138
OSCH:           1
PUR:            1
VHI:            10
VLO:            10
Mapper successful!

At Mapper Exit (Real Time elapsed 0h:00m:03s; CPU Time elapsed 0h:00m:03s; Memory used current: 32MB peak: 154MB)

Process took 0h:00m:03s realtime, 0h:00m:03s cputime
# Tue Nov 20 19:06:20 2018

###########################################################]


Synthesis exit by 0.

edif2ngd  -l "MachXO2" -d LCMXO2-7000HE -path "C:/Users/James/Documents/ESCOM_SEMESTRE_6/3CM2_ARQUITECTURA/Project3CM2MachX02/keylcd00/keylcd0" -path "C:/Users/James/Documents/ESCOM_SEMESTRE_6/3CM2_ARQUITECTURA/Project3CM2MachX02/keylcd00"   "C:/Users/James/Documents/ESCOM_SEMESTRE_6/3CM2_ARQUITECTURA/Project3CM2MachX02/keylcd00/keylcd0/keylcd00_keylcd0.edi" "keylcd00_keylcd0.ngo"   
edif2ngd:  version Diamond (64-bit) 3.10.0.111.2

Copyright (c) 1991-1994 by NeoCAD Inc. All rights reserved.
Copyright (c) 1995 AT&T Corp.   All rights reserved.
Copyright (c) 1995-2001 Lucent Technologies Inc.  All rights reserved.
Copyright (c) 2001 Agere Systems   All rights reserved.
Copyright (c) 2002-2017 Lattice Semiconductor Corporation,  All rights reserved.
Writing the design to keylcd00_keylcd0.ngo...

Total CPU Time: 0 secs  

Total REAL Time: 0 secs  


ngdbuild  -a "MachXO2" -d LCMXO2-7000HE  -p "C:/lscc/diamond/3.10_x64/ispfpga/xo2c00/data"  -p "C:/Users/James/Documents/ESCOM_SEMESTRE_6/3CM2_ARQUITECTURA/Project3CM2MachX02/keylcd00/keylcd0" -p "C:/Users/James/Documents/ESCOM_SEMESTRE_6/3CM2_ARQUITECTURA/Project3CM2MachX02/keylcd00"  "keylcd00_keylcd0.ngo" "keylcd00_keylcd0.ngd"  	
ngdbuild:  version Diamond (64-bit) 3.10.0.111.2

Copyright (c) 1991-1994 by NeoCAD Inc. All rights reserved.
Copyright (c) 1995 AT&T Corp.   All rights reserved.
Copyright (c) 1995-2001 Lucent Technologies Inc.  All rights reserved.
Copyright (c) 2001 Agere Systems   All rights reserved.
Copyright (c) 2002-2017 Lattice Semiconductor Corporation,  All rights reserved.
Reading 'keylcd00_keylcd0.ngo' ...
Loading NGL library 'C:/lscc/diamond/3.10_x64/ispfpga/xo2c00a/data/xo2alib.ngl'...
Loading NGL library 'C:/lscc/diamond/3.10_x64/ispfpga/xo2c00/data/xo2clib.ngl'...
Loading NGL library 'C:/lscc/diamond/3.10_x64/ispfpga/mg5g00/data/mg5glib.ngl'...
Loading NGL library 'C:/lscc/diamond/3.10_x64/ispfpga/or5g00/data/orc5glib.ngl'...


Running DRC...

    <postMsg mid="1166052" type="Warning" dynamic="2" navigation="1" arg0="logical" arg1="LC00/D00/OSCInst0_SEDSTDBY" arg2="LC00/D00/OSCInst0_SEDSTDBY"  />
    <postMsg mid="1166052" type="Warning" dynamic="2" navigation="1" arg0="logical" arg1="clk1" arg2="clk1"  />
    <postMsg mid="1166052" type="Warning" dynamic="2" navigation="1" arg0="logical" arg1="cdiv1[0]" arg2="cdiv1[0]"  />
    <postMsg mid="1166052" type="Warning" dynamic="2" navigation="1" arg0="logical" arg1="cdiv1[1]" arg2="cdiv1[1]"  />
    <postMsg mid="1166052" type="Warning" dynamic="2" navigation="1" arg0="logical" arg1="cdiv1[2]" arg2="cdiv1[2]"  />
    <postMsg mid="1166052" type="Warning" dynamic="2" navigation="1" arg0="logical" arg1="cdiv1[3]" arg2="cdiv1[3]"  />
    <postMsg mid="1166052" type="Warning" dynamic="2" navigation="1" arg0="logical" arg1="cdiv1[4]" arg2="cdiv1[4]"  />
    <postMsg mid="1163101" type="Warning" dynamic="1" navigation="0" arg0="7"  />

Design Results:
    286 blocks expanded
Complete the first expansion.
Writing 'keylcd00_keylcd0.ngd' ...
Total CPU Time: 0 secs  

Total REAL Time: 0 secs  


map -a "MachXO2" -p LCMXO2-7000HE -t TQFP144 -s 5 -oc Commercial   "keylcd00_keylcd0.ngd" -o "keylcd00_keylcd0_map.ncd" -pr "keylcd00_keylcd0.prf" -mp "keylcd00_keylcd0.mrp" -lpf "C:/Users/James/Documents/ESCOM_SEMESTRE_6/3CM2_ARQUITECTURA/Project3CM2MachX02/keylcd00/keylcd0/keylcd00_keylcd0_synplify.lpf" -lpf "C:/Users/James/Documents/ESCOM_SEMESTRE_6/3CM2_ARQUITECTURA/Project3CM2MachX02/keylcd00/keylcd00.lpf" -c 0            
map:  version Diamond (64-bit) 3.10.0.111.2

Copyright (c) 1991-1994 by NeoCAD Inc. All rights reserved.
Copyright (c) 1995 AT&T Corp.   All rights reserved.
Copyright (c) 1995-2001 Lucent Technologies Inc.  All rights reserved.
Copyright (c) 2001 Agere Systems   All rights reserved.
Copyright (c) 2002-2017 Lattice Semiconductor Corporation,  All rights reserved.
   Process the file: keylcd00_keylcd0.ngd
   Picdevice="LCMXO2-7000HE"

   Pictype="TQFP144"

   Picspeed=5

   Remove unused logic

   Do not produce over sized NCDs.

Part used: LCMXO2-7000HETQFP144, Performance used: 5.

    <postMsg mid="1100679" type="Warning" dynamic="2" navigation="2" arg0="C:/Users/James/Documents/ESCOM_SEMESTRE_6/3CM2_ARQUITECTURA/Project3CM2MachX02/keylcd00/keylcd00.lpf(16): Semantic error in &quot;LOCATE COMP &quot;outFlagContData0&quot; SITE &quot;105&quot; ;&quot;: " arg1="outFlagContData0" arg2="C:/Users/James/Documents/ESCOM_SEMESTRE_6/3CM2_ARQUITECTURA/Project3CM2MachX02/keylcd00/keylcd00.lpf" arg3="16"  />
Loading device for application map from file 'xo2c7000.nph' in environment: C:/lscc/diamond/3.10_x64/ispfpga.
Package Status:                     Final          Version 1.39.

Running general design DRC...

Removing unused logic...

Optimizing...

    <postMsg mid="51001046" type="Warning" dynamic="1" navigation="0" arg0="clk1"  />
    <postMsg mid="51001046" type="Warning" dynamic="1" navigation="0" arg0="cdiv1[4:0](4)"  />
    <postMsg mid="51001046" type="Warning" dynamic="1" navigation="0" arg0="cdiv1[4:0](3)"  />
    <postMsg mid="51001046" type="Warning" dynamic="1" navigation="0" arg0="cdiv1[4:0](2)"  />
    <postMsg mid="51001046" type="Warning" dynamic="1" navigation="0" arg0="cdiv1[4:0](1)"  />
    <postMsg mid="51001046" type="Warning" dynamic="1" navigation="0" arg0="cdiv1[4:0](0)"  />



Design Summary:
   Number of registers:     69 out of  7209 (1%)
      PFU registers:           68 out of  6864 (1%)
      PIO registers:            1 out of   345 (0%)
   Number of SLICEs:        82 out of  3432 (2%)
      SLICEs as Logic/ROM:     82 out of  3432 (2%)
      SLICEs as RAM:            0 out of  2574 (0%)
      SLICEs as Carry:         11 out of  3432 (0%)
   Number of LUT4s:        162 out of  6864 (2%)
      Number used as logic LUTs:        140
      Number used as distributed RAM:     0
      Number used as ripple logic:       22
      Number used as shift registers:     0
   Number of PIO sites used: 45 + 4(JTAG) out of 115 (43%)
   Number of block RAMs:  0 out of 26 (0%)
   Number of GSRs:  0 out of 1 (0%)
   EFB used :       No
   JTAG used :      No
   Readback used :  No
   Oscillator used :  Yes
   Startup used :   No
   POR :            On
   Bandgap :        On
   Number of Power Controller:  0 out of 1 (0%)
   Number of Dynamic Bank Controller (BCINRD):  0 out of 6 (0%)
   Number of Dynamic Bank Controller (BCLVDSO):  0 out of 1 (0%)
   Number of DCCA:  0 out of 8 (0%)
   Number of DCMA:  0 out of 2 (0%)
   Number of PLLs:  0 out of 2 (0%)
   Number of DQSDLLs:  0 out of 2 (0%)
   Number of CLKDIVC:  0 out of 4 (0%)
   Number of ECLKSYNCA:  0 out of 4 (0%)
   Number of ECLKBRIDGECS:  0 out of 2 (0%)
   Notes:-
      1. Total number of LUT4s = (Number of logic LUT4s) + 2*(Number of distributed RAMs) + 2*(Number of ripple logic)
      2. Number of logic LUT4s does not include count of distributed RAM and ripple logic.
   Number of clocks:  1
     Net LC00.sclk_0: 42 loads, 42 rising, 0 falling (Driver: LC00/D00/OSCInst0 )
   Number of Clock Enables:  8
     Net outFlagw_0_sqmuxa_0_o4_0_RNIQGFQ3: 1 loads, 0 LSLICEs
     Net aux0_cnv: 5 loads, 5 LSLICEs
     Net un1_outosc_0_sqmuxa_1_2_RNI29J23: 9 loads, 9 LSLICEs
     Net LC05/un1_enablew_1_0_o4_RNI9A4V3: 4 loads, 4 LSLICEs
     Net LC04/commandcf_1_RNO[7]: 1 loads, 1 LSLICEs
     Net LC04/un1_commandcf11_RNINNCG3: 5 loads, 5 LSLICEs
     Net LC03/outFlagcc_RNO: 1 loads, 1 LSLICEs
     Net LC02/aux0_RNIGF444: 4 loads, 4 LSLICEs
   Number of LSRs:  4
     Net un1_outosc_0_sqmuxa_1_2_RNIPVKA3: 10 loads, 9 LSLICEs
     Net LC05/un1_enablew_1_0_o4_RNI7P214: 3 loads, 3 LSLICEs
     Net LC04/commandcf_1_RNO_0[7]: 1 loads, 1 LSLICEs
     Net LC00/D01/outosc_0_sqmuxa_i_RNICCNS2: 11 loads, 11 LSLICEs
   Number of nets driven by tri-state buffers:  0
   Top 10 highest fanout non-clock nets:
     Net en0_c: 35 loads
     Net outFlagConfig0_c: 33 loads
     Net LC05/wordscounter[4]: 14 loads
     Net un1_outosc_0_sqmuxa_1_2_RNI29J23: 14 loads
     Net outContConfig0_c[3]: 12 loads
     Net LC00/D01/outosc_0_sqmuxa_i_RNICCNS2: 11 loads
     Net LC05/N_82: 11 loads
     Net outcont0_c[0]: 11 loads
     Net outContConfig0_c[1]: 11 loads
     Net outContConfig0_c[2]: 11 loads
 

   Number of warnings:  7
   Number of errors:    0



Total CPU Time: 1 secs  
Total REAL Time: 0 secs  
Peak Memory Usage: 58 MB

Dumping design to file keylcd00_keylcd0_map.ncd.

mpartrce -p "keylcd00_keylcd0.p2t" -f "keylcd00_keylcd0.p3t" -tf "keylcd00_keylcd0.pt" "keylcd00_keylcd0_map.ncd" "keylcd00_keylcd0.ncd"

---- MParTrce Tool ----
Removing old design directory at request of -rem command line option to this program.
Running par. Please wait . . .

Lattice Place and Route Report for Design "keylcd00_keylcd0_map.ncd"
Tue Nov 20 19:06:26 2018

PAR: Place And Route Diamond (64-bit) 3.10.0.111.2.
Command Line: par -w -l 5 -i 6 -t 1 -c 0 -e 0 -gui -msgset C:/Users/James/Documents/ESCOM_SEMESTRE_6/3CM2_ARQUITECTURA/Project3CM2MachX02/keylcd00/promote.xml -exp parUseNBR=1:parCDP=0:parCDR=0:parPathBased=OFF keylcd00_keylcd0_map.ncd keylcd00_keylcd0.dir/5_1.ncd keylcd00_keylcd0.prf
Preference file: keylcd00_keylcd0.prf.
Placement level-cost: 5-1.
Routing Iterations: 6

Loading design for application par from file keylcd00_keylcd0_map.ncd.
Design name: toplcd00
NCD version: 3.3
Vendor:      LATTICE
Device:      LCMXO2-7000HE
Package:     TQFP144
Performance: 5
Loading device for application par from file 'xo2c7000.nph' in environment: C:/lscc/diamond/3.10_x64/ispfpga.
Package Status:                     Final          Version 1.39.
Performance Hardware Data Status:   Final          Version 34.4.
License checked out.


Ignore Preference Error(s):  True
Device utilization summary:

   PIO (prelim)   45+4(JTAG)/336     15% used
                  45+4(JTAG)/115     43% bonded
   IOLOGIC            1/336          <1% used

   SLICE             82/3432          2% used

   OSC                1/1           100% used


Number of Signals: 251
Number of Connections: 727

Pin Constraint Summary:
   45 out of 45 pins locked (100% locked).

The following 1 signal is selected to use the primary clock routing resources:
    LC00.sclk_0 (driver: LC00/D00/OSCInst0, clk load #: 42)


The following 2 signals are selected to use the secondary clock routing resources:
    LC00/D01/outosc_0_sqmuxa_i_RNICCNS2 (driver: LC00/D01/SLICE_42, clk load #: 0, sr load #: 11, ce load #: 0)
    un1_outosc_0_sqmuxa_1_2_RNIPVKA3 (driver: SLICE_72, clk load #: 0, sr load #: 10, ce load #: 0)

No signal is selected as Global Set/Reset.
Starting Placer Phase 0.
.........
Finished Placer Phase 0.  REAL time: 3 secs 

Starting Placer Phase 1.
...................
Placer score = 76455.
Finished Placer Phase 1.  REAL time: 9 secs 

Starting Placer Phase 2.
.
Placer score =  76338
Finished Placer Phase 2.  REAL time: 9 secs 


------------------ Clock Report ------------------

Global Clock Resources:
  CLK_PIN    : 0 out of 8 (0%)
  PLL        : 0 out of 2 (0%)
  DCM        : 0 out of 2 (0%)
  DCC        : 0 out of 8 (0%)

Quadrants All (TL, TR, BL, BR) - Global Clocks:
  PRIMARY "LC00.sclk_0" from OSC on comp "LC00/D00/OSCInst0" on site "OSC", clk load = 42
  SECONDARY "LC00/D01/outosc_0_sqmuxa_i_RNICCNS2" from F0 on comp "LC00/D01/SLICE_42" on site "R14C20C", clk load = 0, ce load = 0, sr load = 11
  SECONDARY "un1_outosc_0_sqmuxa_1_2_RNIPVKA3" from F1 on comp "SLICE_72" on site "R14C20A", clk load = 0, ce load = 0, sr load = 10

  PRIMARY  : 1 out of 8 (12%)
  SECONDARY: 2 out of 8 (25%)

Edge Clocks:
  No edge clock selected.

--------------- End of Clock Report ---------------


I/O Usage Summary (final):
   45 + 4(JTAG) out of 336 (14.6%) PIO sites used.
   45 + 4(JTAG) out of 115 (42.6%) bonded PIO sites used.
   Number of PIO comps: 45; differential: 0.
   Number of Vref pins used: 0.

I/O Bank Usage Summary:
+----------+----------------+------------+-----------+
| I/O Bank | Usage          | Bank Vccio | Bank Vref |
+----------+----------------+------------+-----------+
| 0        | 11 / 28 ( 39%) | 2.5V       | -         |
| 1        | 10 / 29 ( 34%) | 2.5V       | -         |
| 2        | 18 / 29 ( 62%) | 2.5V       | -         |
| 3        | 0 / 9 (  0%)   | -          | -         |
| 4        | 2 / 10 ( 20%)  | 2.5V       | -         |
| 5        | 4 / 10 ( 40%)  | 2.5V       | -         |
+----------+----------------+------------+-----------+

Total placer CPU time: 8 secs 

Dumping design to file keylcd00_keylcd0.dir/5_1.ncd.

0 connections routed; 727 unrouted.
Starting router resource preassignment

Completed router resource preassignment. Real time: 13 secs 

Start NBR router at 19:06:39 11/20/18

*****************************************************************
Info: NBR allows conflicts(one node used by more than one signal)
      in the earlier iterations. In each iteration, it tries to  
      solve the conflicts while keeping the critical connections 
      routed as short as possible. The routing process is said to
      be completed when no conflicts exist and all connections   
      are routed.                                                
Note: NBR uses a different method to calculate timing slacks. The
      worst slack and total negative slack may not be the same as
      that in TRCE report. You should always run TRCE to verify  
      your design.                                               
*****************************************************************

Start NBR special constraint process at 19:06:40 11/20/18

Start NBR section for initial routing at 19:06:40 11/20/18
Level 4, iteration 1
30(0.01%) conflicts; 0(0.00%) untouched conn; 0 (nbr) score; 
Estimated worst slack/total negative slack<setup>: 464.642ns/0.000ns; real time: 14 secs 

Info: Initial congestion level at 75% usage is 0
Info: Initial congestion area  at 75% usage is 0 (0.00%)

Start NBR section for normal routing at 19:06:40 11/20/18
Level 4, iteration 1
19(0.01%) conflicts; 0(0.00%) untouched conn; 0 (nbr) score; 
Estimated worst slack/total negative slack<setup>: 464.642ns/0.000ns; real time: 14 secs 
Level 4, iteration 2
4(0.00%) conflicts; 0(0.00%) untouched conn; 0 (nbr) score; 
Estimated worst slack/total negative slack<setup>: 464.459ns/0.000ns; real time: 14 secs 
Level 4, iteration 3
3(0.00%) conflicts; 0(0.00%) untouched conn; 0 (nbr) score; 
Estimated worst slack/total negative slack<setup>: 464.459ns/0.000ns; real time: 14 secs 
Level 4, iteration 4
2(0.00%) conflicts; 0(0.00%) untouched conn; 0 (nbr) score; 
Estimated worst slack/total negative slack<setup>: 464.459ns/0.000ns; real time: 14 secs 
Level 4, iteration 5
1(0.00%) conflict; 0(0.00%) untouched conn; 0 (nbr) score; 
Estimated worst slack/total negative slack<setup>: 464.459ns/0.000ns; real time: 14 secs 
Level 4, iteration 6
0(0.00%) conflict; 0(0.00%) untouched conn; 0 (nbr) score; 
Estimated worst slack/total negative slack<setup>: 464.459ns/0.000ns; real time: 14 secs 

Start NBR section for setup/hold timing optimization with effort level 3 at 19:06:40 11/20/18

Start NBR section for re-routing at 19:06:41 11/20/18
Level 4, iteration 1
0(0.00%) conflict; 0(0.00%) untouched conn; 0 (nbr) score; 
Estimated worst slack/total negative slack<setup>: 464.459ns/0.000ns; real time: 15 secs 

Start NBR section for post-routing at 19:06:41 11/20/18

End NBR router with 0 unrouted connection

NBR Summary
-----------
  Number of unrouted connections : 0 (0.00%)
  Number of connections with timing violations : 0 (0.00%)
  Estimated worst slack<setup> : 464.459ns
  Timing score<setup> : 0
-----------
Notes: The timing info is calculated for SETUP only and all PAR_ADJs are ignored.



Total CPU time 14 secs 
Total REAL time: 16 secs 
Completely routed.
End of route.  727 routed (100.00%); 0 unrouted.

Hold time timing score: 0, hold timing errors: 0

Timing score: 0 

Dumping design to file keylcd00_keylcd0.dir/5_1.ncd.


PAR_SUMMARY::Run status = Success
PAR_SUMMARY::Number of unrouted conns = 0
PAR_SUMMARY::Worst  slack<setup/<ns>> = 464.459
PAR_SUMMARY::Timing score<setup/<ns>> = 0.000
PAR_SUMMARY::Worst  slack<hold /<ns>> = 0.307
PAR_SUMMARY::Timing score<hold /<ns>> = 0.000
PAR_SUMMARY::Number of errors = 0

Total CPU  time to completion: 14 secs 
Total REAL time to completion: 16 secs 

par done!

Copyright (c) 1991-1994 by NeoCAD Inc. All rights reserved.
Copyright (c) 1995 AT&T Corp.   All rights reserved.
Copyright (c) 1995-2001 Lucent Technologies Inc.  All rights reserved.
Copyright (c) 2001 Agere Systems   All rights reserved.
Copyright (c) 2002-2017 Lattice Semiconductor Corporation,  All rights reserved.
Exiting par with exit code 0
Exiting mpartrce with exit code 0

bitgen -f "keylcd00_keylcd0.t2b" -w "keylcd00_keylcd0.ncd" -jedec "keylcd00_keylcd0.prf"


BITGEN: Bitstream Generator Diamond (64-bit) 3.10.0.111.2
Copyright (c) 1991-1994 by NeoCAD Inc. All rights reserved.
Copyright (c) 1995 AT&T Corp.   All rights reserved.
Copyright (c) 1995-2001 Lucent Technologies Inc.  All rights reserved.
Copyright (c) 2001 Agere Systems   All rights reserved.
Copyright (c) 2002-2017 Lattice Semiconductor Corporation,  All rights reserved.


Loading design for application Bitgen from file keylcd00_keylcd0.ncd.
Design name: toplcd00
NCD version: 3.3
Vendor:      LATTICE
Device:      LCMXO2-7000HE
Package:     TQFP144
Performance: 5
Loading device for application Bitgen from file 'xo2c7000.nph' in environment: C:/lscc/diamond/3.10_x64/ispfpga.
Package Status:                     Final          Version 1.39.
Performance Hardware Data Status:   Final          Version 34.4.

Running DRC.
DRC detected 0 errors and 0 warnings.
Reading Preference File from keylcd00_keylcd0.prf.

Preference Summary:
+---------------------------------+---------------------------------+
|  Preference                     |  Current Setting                |
+---------------------------------+---------------------------------+
|                         RamCfg  |                        Reset**  |
+---------------------------------+---------------------------------+
|                     MCCLK_FREQ  |                         2.08**  |
+---------------------------------+---------------------------------+
|                  CONFIG_SECURE  |                          OFF**  |
+---------------------------------+---------------------------------+
|                          INBUF  |                           ON**  |
+---------------------------------+---------------------------------+
|                      JTAG_PORT  |                       ENABLE**  |
+---------------------------------+---------------------------------+
|                       SDM_PORT  |                      DISABLE**  |
+---------------------------------+---------------------------------+
|                 SLAVE_SPI_PORT  |                      DISABLE**  |
+---------------------------------+---------------------------------+
|                MASTER_SPI_PORT  |                      DISABLE**  |
+---------------------------------+---------------------------------+
|                       I2C_PORT  |                      DISABLE**  |
+---------------------------------+---------------------------------+
|        MUX_CONFIGURATION_PORTS  |                      DISABLE**  |
+---------------------------------+---------------------------------+
|                  CONFIGURATION  |                          CFG**  |
+---------------------------------+---------------------------------+
|                COMPRESS_CONFIG  |                           ON**  |
+---------------------------------+---------------------------------+
|                        MY_ASSP  |                          OFF**  |
+---------------------------------+---------------------------------+
|               ONE_TIME_PROGRAM  |                          OFF**  |
+---------------------------------+---------------------------------+
|                 ENABLE_TRANSFR  |                      DISABLE**  |
+---------------------------------+---------------------------------+
|                  SHAREDEBRINIT  |                      DISABLE**  |
+---------------------------------+---------------------------------+
|            BACKGROUND_RECONFIG  |                          OFF**  |
+---------------------------------+---------------------------------+
 *  Default setting.
 ** The specified setting matches the default setting.


Creating bit map...
 
Bitstream Status: Final           Version 1.94.
 
Saving bit stream in "keylcd00_keylcd0.jed".
 
===========
UFM Summary.
===========
UFM Size:        2046 Pages (128*2046 Bits).
UFM Utilization: General Purpose Flash Memory.
 
Available General Purpose Flash Memory: 2046 Pages (Page 0 to Page 2045).
Initialized UFM Pages:                     0 Page.
 
