
           Lattice Mapping Report File for Design Module 'toplcd00'


Design Information
------------------

Command line:   map -a MachXO2 -p LCMXO2-7000HE -t TQFP144 -s 5 -oc Commercial
     keylcd00_keylcd0.ngd -o keylcd00_keylcd0_map.ncd -pr keylcd00_keylcd0.prf
     -mp keylcd00_keylcd0.mrp -lpf C:/Users/James/Documents/ESCOM_SEMESTRE_6/3CM
     2_ARQUITECTURA/Project3CM2MachX02/keylcd00/keylcd0/keylcd00_keylcd0_synplif
     y.lpf -lpf C:/Users/James/Documents/ESCOM_SEMESTRE_6/3CM2_ARQUITECTURA/Proj
     ect3CM2MachX02/keylcd00/keylcd00.lpf -c 0 -gui -msgset C:/Users/James/Docum
     ents/ESCOM_SEMESTRE_6/3CM2_ARQUITECTURA/Project3CM2MachX02/keylcd00/promote
     .xml 
Target Vendor:  LATTICE
Target Device:  LCMXO2-7000HETQFP144
Target Performance:   5
Mapper:  xo2c00,  version:  Diamond (64-bit) 3.10.0.111.2
Mapped on:  11/20/18  19:06:24

Design Summary
--------------

   Number of registers:     69 out of  7209 (1%)
      PFU registers:           68 out of  6864 (1%)
      PIO registers:            1 out of   345 (0%)
   Number of SLICEs:        82 out of  3432 (2%)
      SLICEs as Logic/ROM:     82 out of  3432 (2%)
      SLICEs as RAM:            0 out of  2574 (0%)
      SLICEs as Carry:         11 out of  3432 (0%)
   Number of LUT4s:        162 out of  6864 (2%)
      Number used as logic LUTs:        140
      Number used as distributed RAM:     0
      Number used as ripple logic:       22
      Number used as shift registers:     0
   Number of PIO sites used: 45 + 4(JTAG) out of 115 (43%)
   Number of block RAMs:  0 out of 26 (0%)
   Number of GSRs:  0 out of 1 (0%)
   EFB used :       No
   JTAG used :      No
   Readback used :  No
   Oscillator used :  Yes
   Startup used :   No
   POR :            On
   Bandgap :        On
   Number of Power Controller:  0 out of 1 (0%)
   Number of Dynamic Bank Controller (BCINRD):  0 out of 6 (0%)
   Number of Dynamic Bank Controller (BCLVDSO):  0 out of 1 (0%)
   Number of DCCA:  0 out of 8 (0%)
   Number of DCMA:  0 out of 2 (0%)
   Number of PLLs:  0 out of 2 (0%)
   Number of DQSDLLs:  0 out of 2 (0%)
   Number of CLKDIVC:  0 out of 4 (0%)
   Number of ECLKSYNCA:  0 out of 4 (0%)
   Number of ECLKBRIDGECS:  0 out of 2 (0%)
   Notes:-
      1. Total number of LUT4s = (Number of logic LUT4s) + 2*(Number of
     distributed RAMs) + 2*(Number of ripple logic)
      2. Number of logic LUT4s does not include count of distributed RAM and
     ripple logic.
   Number of clocks:  1

                                    Page 1




Design:  toplcd00                                      Date:  11/20/18  19:06:24

Design Summary (cont)
---------------------
     Net LC00.sclk_0: 42 loads, 42 rising, 0 falling (Driver: LC00/D00/OSCInst0
     )
   Number of Clock Enables:  8
     Net outFlagw_0_sqmuxa_0_o4_0_RNIQGFQ3: 1 loads, 0 LSLICEs
     Net aux0_cnv: 5 loads, 5 LSLICEs
     Net un1_outosc_0_sqmuxa_1_2_RNI29J23: 9 loads, 9 LSLICEs
     Net LC05/un1_enablew_1_0_o4_RNI9A4V3: 4 loads, 4 LSLICEs
     Net LC04/commandcf_1_RNO[7]: 1 loads, 1 LSLICEs
     Net LC04/un1_commandcf11_RNINNCG3: 5 loads, 5 LSLICEs
     Net LC03/outFlagcc_RNO: 1 loads, 1 LSLICEs
     Net LC02/aux0_RNIGF444: 4 loads, 4 LSLICEs
   Number of LSRs:  4
     Net un1_outosc_0_sqmuxa_1_2_RNIPVKA3: 10 loads, 9 LSLICEs
     Net LC05/un1_enablew_1_0_o4_RNI7P214: 3 loads, 3 LSLICEs
     Net LC04/commandcf_1_RNO_0[7]: 1 loads, 1 LSLICEs
     Net LC00/D01/outosc_0_sqmuxa_i_RNICCNS2: 11 loads, 11 LSLICEs
   Number of nets driven by tri-state buffers:  0
   Top 10 highest fanout non-clock nets:
     Net en0_c: 35 loads
     Net outFlagConfig0_c: 33 loads
     Net LC05/wordscounter[4]: 14 loads
     Net un1_outosc_0_sqmuxa_1_2_RNI29J23: 14 loads
     Net outContConfig0_c[3]: 12 loads
     Net LC00/D01/outosc_0_sqmuxa_i_RNICCNS2: 11 loads
     Net LC05/N_82: 11 loads
     Net outcont0_c[0]: 11 loads
     Net outContConfig0_c[1]: 11 loads
     Net outContConfig0_c[2]: 11 loads




   Number of warnings:  7
   Number of errors:    0
     

Design Errors/Warnings
----------------------

WARNING - map: C:/Users/James/Documents/ESCOM_SEMESTRE_6/3CM2_ARQUITECTURA/Proje
     ct3CM2MachX02/keylcd00/keylcd00.lpf(16): Semantic error in "LOCATE COMP
     "outFlagContData0" SITE "105" ;": COMP "outFlagContData0" cannot be found
     in design. This preference has been disabled.
WARNING - map: IO buffer missing for top level port clk1...logic will be
     discarded.
WARNING - map: IO buffer missing for top level port cdiv1[4:0](4)...logic will
     be discarded.
WARNING - map: IO buffer missing for top level port cdiv1[4:0](3)...logic will
     be discarded.
WARNING - map: IO buffer missing for top level port cdiv1[4:0](2)...logic will
     be discarded.
WARNING - map: IO buffer missing for top level port cdiv1[4:0](1)...logic will
     be discarded.
WARNING - map: IO buffer missing for top level port cdiv1[4:0](0)...logic will
     be discarded.


                                    Page 2




Design:  toplcd00                                      Date:  11/20/18  19:06:24

IO (PIO) Attributes
-------------------

+---------------------+-----------+-----------+------------+
| IO Name             | Direction | Levelmode | IO         |
|                     |           |  IO_TYPE  | Register   |
+---------------------+-----------+-----------+------------+
| clk0                | OUTPUT    | LVCMOS25  |            |
+---------------------+-----------+-----------+------------+
| cdiv0[0]            | INPUT     | LVCMOS25  |            |
+---------------------+-----------+-----------+------------+
| outcont0[3]         | OUTPUT    | LVCMOS25  |            |
+---------------------+-----------+-----------+------------+
| outcont0[2]         | OUTPUT    | LVCMOS25  |            |
+---------------------+-----------+-----------+------------+
| outcont0[1]         | OUTPUT    | LVCMOS25  |            |
+---------------------+-----------+-----------+------------+
| outcont0[0]         | OUTPUT    | LVCMOS25  |            |
+---------------------+-----------+-----------+------------+
| inkey0[3]           | INPUT     | LVCMOS25  |            |
+---------------------+-----------+-----------+------------+
| inkey0[2]           | INPUT     | LVCMOS25  |            |
+---------------------+-----------+-----------+------------+
| inkey0[1]           | INPUT     | LVCMOS25  |            |
+---------------------+-----------+-----------+------------+
| inkey0[0]           | INPUT     | LVCMOS25  |            |
+---------------------+-----------+-----------+------------+
| ENlcd0              | OUTPUT    | LVCMOS25  |            |
+---------------------+-----------+-----------+------------+
| RSlcd0              | OUTPUT    | LVCMOS25  |            |
+---------------------+-----------+-----------+------------+
| RWlcd0              | OUTPUT    | LVCMOS25  |            |
+---------------------+-----------+-----------+------------+
| ENled0              | OUTPUT    | LVCMOS25  |            |
+---------------------+-----------+-----------+------------+
| RSled0              | OUTPUT    | LVCMOS25  |            |
+---------------------+-----------+-----------+------------+
| RWled0              | OUTPUT    | LVCMOS25  |            |
+---------------------+-----------+-----------+------------+
| outWordlcd0[7]      | OUTPUT    | LVCMOS25  |            |
+---------------------+-----------+-----------+------------+
| outWordlcd0[6]      | OUTPUT    | LVCMOS25  |            |
+---------------------+-----------+-----------+------------+
| outWordlcd0[5]      | OUTPUT    | LVCMOS25  |            |
+---------------------+-----------+-----------+------------+
| outWordlcd0[4]      | OUTPUT    | LVCMOS25  |            |
+---------------------+-----------+-----------+------------+
| outWordlcd0[3]      | OUTPUT    | LVCMOS25  |            |
+---------------------+-----------+-----------+------------+
| outWordlcd0[2]      | OUTPUT    | LVCMOS25  |            |
+---------------------+-----------+-----------+------------+
| outWordlcd0[1]      | OUTPUT    | LVCMOS25  |            |
+---------------------+-----------+-----------+------------+
| outWordlcd0[0]      | OUTPUT    | LVCMOS25  |            |
+---------------------+-----------+-----------+------------+
| outWordled0[7]      | OUTPUT    | LVCMOS25  |            |
+---------------------+-----------+-----------+------------+
| outWordled0[6]      | OUTPUT    | LVCMOS25  |            |

                                    Page 3




Design:  toplcd00                                      Date:  11/20/18  19:06:24

IO (PIO) Attributes (cont)
--------------------------
+---------------------+-----------+-----------+------------+
| outWordled0[5]      | OUTPUT    | LVCMOS25  |            |
+---------------------+-----------+-----------+------------+
| outWordled0[4]      | OUTPUT    | LVCMOS25  |            |
+---------------------+-----------+-----------+------------+
| outWordled0[3]      | OUTPUT    | LVCMOS25  |            |
+---------------------+-----------+-----------+------------+
| outWordled0[2]      | OUTPUT    | LVCMOS25  |            |
+---------------------+-----------+-----------+------------+
| outWordled0[1]      | OUTPUT    | LVCMOS25  |            |
+---------------------+-----------+-----------+------------+
| outWordled0[0]      | OUTPUT    | LVCMOS25  |            |
+---------------------+-----------+-----------+------------+
| outContConfig0[4]   | OUTPUT    | LVCMOS25  |            |
+---------------------+-----------+-----------+------------+
| outContConfig0[3]   | OUTPUT    | LVCMOS25  |            |
+---------------------+-----------+-----------+------------+
| outContConfig0[2]   | OUTPUT    | LVCMOS25  |            |
+---------------------+-----------+-----------+------------+
| outContConfig0[1]   | OUTPUT    | LVCMOS25  |            |
+---------------------+-----------+-----------+------------+
| outContConfig0[0]   | OUTPUT    | LVCMOS25  |            |
+---------------------+-----------+-----------+------------+
| outFlagData0        | OUTPUT    | LVCMOS25  | OUT        |
+---------------------+-----------+-----------+------------+
| outFlagConfig0      | OUTPUT    | LVCMOS25  |            |
+---------------------+-----------+-----------+------------+
| outFlagContConfig0  | OUTPUT    | LVCMOS25  |            |
+---------------------+-----------+-----------+------------+
| en0                 | INPUT     | LVCMOS25  |            |
+---------------------+-----------+-----------+------------+
| cdiv0[4]            | INPUT     | LVCMOS25  |            |
+---------------------+-----------+-----------+------------+
| cdiv0[3]            | INPUT     | LVCMOS25  |            |
+---------------------+-----------+-----------+------------+
| cdiv0[2]            | INPUT     | LVCMOS25  |            |
+---------------------+-----------+-----------+------------+
| cdiv0[1]            | INPUT     | LVCMOS25  |            |
+---------------------+-----------+-----------+------------+

Removed logic
-------------

Block VCC undriven or does not drive anything - clipped.
Block GSR_INST undriven or does not drive anything - clipped.
Block LC00/GND undriven or does not drive anything - clipped.
Block LC00/VCC undriven or does not drive anything - clipped.
Block LC00/D00/VCC undriven or does not drive anything - clipped.
Block LC00/D01/VCC undriven or does not drive anything - clipped.
Block LC01/GND undriven or does not drive anything - clipped.
Block LC01/VCC undriven or does not drive anything - clipped.
Block LC02/GND undriven or does not drive anything - clipped.
Block LC02/VCC undriven or does not drive anything - clipped.
Block LC03/GND undriven or does not drive anything - clipped.
Block LC03/VCC undriven or does not drive anything - clipped.
Block LC04/GND undriven or does not drive anything - clipped.

                                    Page 4




Design:  toplcd00                                      Date:  11/20/18  19:06:24

Removed logic (cont)
--------------------
Block LC04/VCC undriven or does not drive anything - clipped.
Block LC05/VCC undriven or does not drive anything - clipped.
Block LC05/GND undriven or does not drive anything - clipped.
Block LC06/VCC undriven or does not drive anything - clipped.
Block LC06/GND undriven or does not drive anything - clipped.
Signal LC00/D00/GND undriven or does not drive anything - clipped.
Signal LC00/D01/GND undriven or does not drive anything - clipped.
Signal VCC undriven or does not drive anything - clipped.
Signal LC00/D00/OSCInst0_SEDSTDBY undriven or does not drive anything - clipped.
     
Signal LC00/D01/un1_sdiv_cry_19_0_COUT undriven or does not drive anything -
     clipped.
Signal LC00/D01/un1_sdiv_cry_0_0_S0 undriven or does not drive anything -
     clipped.
Signal LC00/D01/N_1 undriven or does not drive anything - clipped.
Block LC00/D00/GND was optimized away.
Block LC00/D01/GND was optimized away.

Memory Usage
------------


     

OSC Summary
-----------

OSC 1:                                     Pin/Node Value
  OSC Instance Name:                                LC00/D00/OSCInst0
  OSC Type:                                         OSCH
  STDBY Input:                                      NONE
  OSC Output:                              NODE     LC00.sclk_0
  OSC Nominal Frequency (MHz):                      2.08

ASIC Components
---------------

Instance Name: LC00/D00/OSCInst0
         Type: OSCH

Run Time and Memory Usage
-------------------------

   Total CPU Time: 1 secs  
   Total REAL Time: 0 secs  
   Peak Memory Usage: 58 MB
        










                                    Page 5


Copyright (c) 1991-1994 by NeoCAD Inc. All rights reserved.
     Copyright (c) 1995 AT&T Corp.   All rights reserved.
     Copyright (c) 1995-2001 Lucent Technologies Inc.  All rights reserved.
     Copyright (c) 2001 Agere Systems   All rights reserved.
     Copyright (c) 2002-2017 Lattice Semiconductor Corporation,  All rights
     reserved.
