Running in Lattice mode
error reading package index file C:/Program Files/diamond/3.10_x64/synpbase/lib/pkgIndex.tcl: couldn't read file "{C:/Program Files/diamond/3.10_x64/synpbase/lib/pkgIndex.tcl}": no such file or directory
error reading package index file C:/Program Files/diamond/3.10_x64/synpbase/lib/bwidget-1.9.5/pkgIndex.tcl: couldn't read file "{C:/Program Files/diamond/3.10_x64/synpbase/lib/bwidget-1.9.5/pkgIndex.tcl}": no such file or directory
error reading package index file C:/Program Files/diamond/3.10_x64/synpbase/lib/tcllib-1.12/pkgIndex.tcl: couldn't read file "{C:/Program Files/diamond/3.10_x64/synpbase/lib/tcllib-1.12/pkgIndex.tcl}": no such file or directory
error reading package index file C:/Program Files/diamond/3.10_x64/synpbase/lib/pkgIndex.tcl: couldn't read file "{C:/Program Files/diamond/3.10_x64/synpbase/lib/pkgIndex.tcl}": no such file or directory
error reading package index file C:/Program Files/diamond/3.10_x64/synpbase/lib/pkgIndex.tcl: couldn't read file "{C:/Program Files/diamond/3.10_x64/synpbase/lib/pkgIndex.tcl}": no such file or directory
error reading package index file C:/Program Files/diamond/3.10_x64/synpbase/lib/bwidget-1.9.5/pkgIndex.tcl: couldn't read file "{C:/Program Files/diamond/3.10_x64/synpbase/lib/bwidget-1.9.5/pkgIndex.tcl}": no such file or directory
error reading package index file C:/Program Files/diamond/3.10_x64/synpbase/lib/tcllib-1.12/pkgIndex.tcl: couldn't read file "{C:/Program Files/diamond/3.10_x64/synpbase/lib/tcllib-1.12/pkgIndex.tcl}": no such file or directory
error reading package index file C:/Program Files/diamond/3.10_x64/synpbase/lib/pkgIndex.tcl: couldn't read file "{C:/Program Files/diamond/3.10_x64/synpbase/lib/pkgIndex.tcl}": no such file or directory

Starting:    C:\Program Files\diamond\3.10_x64\synpbase\bin64\mbin\synbatch.exe
Install:     C:\Program Files\diamond\3.10_x64\synpbase
Hostname:    DESKTOP-JBP5BT2
Date:        Wed Jan 30 11:24:48 2019
Version:     M-2017.03L-SP1-1

Arguments:   -product synplify_pro -batch Mux_Mux_synplify.tcl
ProductType: synplify_pro




Copied C:\Users\Valery Garibay\Documents\6_semestre\arqui\Mux\Mux\Mux_Mux.srr to C:\Users\Valery Garibay\Documents\6_semestre\arqui\Mux\Mux\backup\Mux_Mux.srr
log file: "C:\Users\Valery Garibay\Documents\6_semestre\arqui\Mux\Mux\Mux_Mux.srr"
Running: hdl_info_gen in foreground

Generating HDL info...

hdl_info_gen completed
# Wed Jan 30 11:24:50 2019

Return Code: 0
Run Time:00h:00m:01s
Copied C:\Users\Valery Garibay\Documents\6_semestre\arqui\Mux\Mux\Mux_Mux.srr to C:\Users\Valery Garibay\Documents\6_semestre\arqui\Mux\Mux\Mux_Mux.srf
log file: "C:\Users\Valery Garibay\Documents\6_semestre\arqui\Mux\Mux\Mux_Mux.srr"
Running: Mux in foreground

Running proj_1|Mux

Running: compile (Compile) on proj_1|Mux
# Wed Jan 30 11:24:50 2019

Running: compile_flow (Compile Process) on proj_1|Mux
# Wed Jan 30 11:24:50 2019

Running: compiler (Compile Input) on proj_1|Mux
# Wed Jan 30 11:24:50 2019
Copied C:\Users\Valery Garibay\Documents\6_semestre\arqui\Mux\Mux\synwork\Mux_Mux_comp.srs to C:\Users\Valery Garibay\Documents\6_semestre\arqui\Mux\Mux\Mux_Mux.srs

compiler completed
# Wed Jan 30 11:24:53 2019

Return Code: 0
Run Time:00h:00m:03s

Running: multi_srs_gen (Multi-srs Generator) on proj_1|Mux
# Wed Jan 30 11:24:54 2019

multi_srs_gen completed
# Wed Jan 30 11:24:54 2019

Return Code: 0
Run Time:00h:00m:00s
Copied C:\Users\Valery Garibay\Documents\6_semestre\arqui\Mux\Mux\synwork\Mux_Mux_mult.srs to C:\Users\Valery Garibay\Documents\6_semestre\arqui\Mux\Mux\Mux_Mux.srs
Copied C:\Users\Valery Garibay\Documents\6_semestre\arqui\Mux\Mux\Mux_Mux.srr to C:\Users\Valery Garibay\Documents\6_semestre\arqui\Mux\Mux\Mux_Mux.srf
Complete: Compile Process on proj_1|Mux

Running: premap (Pre-mapping) on proj_1|Mux
# Wed Jan 30 11:24:54 2019

premap completed
# Wed Jan 30 11:24:58 2019

Return Code: 0
Run Time:00h:00m:04s
Complete: Compile on proj_1|Mux

Running: map (Map) on proj_1|Mux
# Wed Jan 30 11:24:58 2019
License granted for 4 parallel jobs

Running: fpga_mapper (Map & Optimize) on proj_1|Mux
# Wed Jan 30 11:24:58 2019
Copied C:\Users\Valery Garibay\Documents\6_semestre\arqui\Mux\Mux\synwork\Mux_Mux_m.srm to C:\Users\Valery Garibay\Documents\6_semestre\arqui\Mux\Mux\Mux_Mux.srm

fpga_mapper completed
# Wed Jan 30 11:25:01 2019

Return Code: 0
Run Time:00h:00m:03s
Complete: Map on proj_1|Mux
Copied C:\Users\Valery Garibay\Documents\6_semestre\arqui\Mux\Mux\Mux_Mux.srr to C:\Users\Valery Garibay\Documents\6_semestre\arqui\Mux\Mux\Mux_Mux.srf
Complete: Logic Synthesis on proj_1|Mux
TCL script complete: "Mux_Mux_synplify.tcl"
exit status=0
exit status=0
Save changes for project:
C:\Users\Valery Garibay\Documents\6_semestre\arqui\Mux\Mux\proj_1.prj
batch mode default:no
