
map -a "MachXO2" -p LCMXO2-7000HE -t TQFP144 -s 5 -oc Commercial   "stack00_stack0.ngd" -o "stack00_stack0_map.ncd" -pr "stack00_stack0.prf" -mp "stack00_stack0.mrp" -lpf "C:/Users/James/Documents/ESCOM_SEMESTRE_6/3CM2_ARQUITECTURA/Project3CM2MachX02/stack00/stack0/stack00_stack0_synplify.lpf" -lpf "C:/Users/James/Documents/ESCOM_SEMESTRE_6/3CM2_ARQUITECTURA/Project3CM2MachX02/stack00/stack00.lpf" -c 0            
map:  version Diamond (64-bit) 3.10.0.111.2

Copyright (c) 1991-1994 by NeoCAD Inc. All rights reserved.
Copyright (c) 1995 AT&T Corp.   All rights reserved.
Copyright (c) 1995-2001 Lucent Technologies Inc.  All rights reserved.
Copyright (c) 2001 Agere Systems   All rights reserved.
Copyright (c) 2002-2017 Lattice Semiconductor Corporation,  All rights reserved.
   Process the file: stack00_stack0.ngd
   Picdevice="LCMXO2-7000HE"

   Pictype="TQFP144"

   Picspeed=5

   Remove unused logic

   Do not produce over sized NCDs.

Part used: LCMXO2-7000HETQFP144, Performance used: 5.

Loading device for application map from file 'xo2c7000.nph' in environment: C:/lscc/diamond/3.10_x64/ispfpga.
Package Status:                     Final          Version 1.39.

Running general design DRC...

Removing unused logic...

Optimizing...




Design Summary:
   Number of registers:     57 out of  7209 (1%)
      PFU registers:           56 out of  6864 (1%)
      PIO registers:            1 out of   345 (0%)
   Number of SLICEs:        86 out of  3432 (3%)
      SLICEs as Logic/ROM:     74 out of  3432 (2%)
      SLICEs as RAM:           12 out of  2574 (0%)
      SLICEs as Carry:         14 out of  3432 (0%)
   Number of LUT4s:        171 out of  6864 (2%)
      Number used as logic LUTs:        119
      Number used as distributed RAM:    24
      Number used as ripple logic:       28
      Number used as shift registers:     0
   Number of PIO sites used: 43 + 4(JTAG) out of 115 (41%)
   Number of block RAMs:  0 out of 26 (0%)
   Number of GSRs:  0 out of 1 (0%)
   EFB used :       No
   JTAG used :      No
   Readback used :  No
   Oscillator used :  Yes
   Startup used :   No
   POR :            On
   Bandgap :        On
   Number of Power Controller:  0 out of 1 (0%)
   Number of Dynamic Bank Controller (BCINRD):  0 out of 6 (0%)
   Number of Dynamic Bank Controller (BCLVDSO):  0 out of 1 (0%)
   Number of DCCA:  0 out of 8 (0%)
   Number of DCMA:  0 out of 2 (0%)
   Number of PLLs:  0 out of 2 (0%)
   Number of DQSDLLs:  0 out of 2 (0%)
   Number of CLKDIVC:  0 out of 4 (0%)
   Number of ECLKSYNCA:  0 out of 4 (0%)
   Number of ECLKBRIDGECS:  0 out of 2 (0%)
   Notes:-
      1. Total number of LUT4s = (Number of logic LUT4s) + 2*(Number of distributed RAMs) + 2*(Number of ripple logic)
      2. Number of logic LUT4s does not include count of distributed RAM and ripple logic.
   Number of clocks:  2
     Net clk0_c: 8 loads, 8 rising, 0 falling (Driver: RA00/D01/outosc )
     Net RA00.sclk_0: 35 loads, 35 rising, 0 falling (Driver: RA00/D00/OSCInst0 )
   Number of Clock Enables:  10
     Net outFlagra_cnv: 1 loads, 0 LSLICEs
     Net G_23: 3 loads, 3 LSLICEs
     Net RA03/outwordra_cnv[0]: 4 loads, 4 LSLICEs
     Net un1_outosc_0_sqmuxa_1_2_RNIF5G32: 5 loads, 5 LSLICEs
     Net RA02/un1_rwr_1_0_RNIV1L32: 4 loads, 4 LSLICEs
     Net RA02/aux0_RNO: 1 loads, 1 LSLICEs
     Net RA02/outFlagr_RNO_0: 1 loads, 1 LSLICEs
     Net RA02/aux3_RNO: 1 loads, 1 LSLICEs
     Net RA02/aux2_RNO: 1 loads, 1 LSLICEs
     Net RA02/aux1_RNO: 1 loads, 1 LSLICEs
   Number of LSRs:  6
     Net G_11: 3 loads, 2 LSLICEs
     Net RA03/outwordra_50: 4 loads, 4 LSLICEs
     Net RA02/outcoderr_48: 4 loads, 4 LSLICEs
     Net RA02/G_17: 4 loads, 4 LSLICEs
     Net RA01/fb: 1 loads, 1 LSLICEs
     Net RA00/D01/outosc_0_sqmuxa_i_RNIQMMT: 11 loads, 11 LSLICEs
   Number of nets driven by tri-state buffers:  0
   Top 10 highest fanout non-clock nets:
     Net rw0_c: 21 loads
     Net un1_outosc_0_sqmuxa_1_2_RNIF5G32: 19 loads
     Net outcontR0_c[0]: 17 loads
     Net outcontR0_c[1]: 17 loads
     Net outcontR0_c[2]: 17 loads
     Net outcontR0_c[3]: 17 loads
     Net outr0_c[1]: 15 loads
     Net outr0_c[2]: 15 loads
     Net en0_c: 13 loads
     Net outr0_c[3]: 13 loads
 

   Number of warnings:  0
   Number of errors:    0



Total CPU Time: 1 secs  
Total REAL Time: 2 secs  
Peak Memory Usage: 59 MB

Dumping design to file stack00_stack0_map.ncd.

mpartrce -p "stack00_stack0.p2t" -f "stack00_stack0.p3t" -tf "stack00_stack0.pt" "stack00_stack0_map.ncd" "stack00_stack0.ncd"

---- MParTrce Tool ----
Removing old design directory at request of -rem command line option to this program.
Running par. Please wait . . .

Lattice Place and Route Report for Design "stack00_stack0_map.ncd"
Tue Oct 16 09:20:08 2018

PAR: Place And Route Diamond (64-bit) 3.10.0.111.2.
Command Line: par -w -l 5 -i 6 -t 1 -c 0 -e 0 -gui -msgset C:/Users/James/Documents/ESCOM_SEMESTRE_6/3CM2_ARQUITECTURA/Project3CM2MachX02/stack00/promote.xml -exp parUseNBR=1:parCDP=0:parCDR=0:parPathBased=OFF stack00_stack0_map.ncd stack00_stack0.dir/5_1.ncd stack00_stack0.prf
Preference file: stack00_stack0.prf.
Placement level-cost: 5-1.
Routing Iterations: 6

Loading design for application par from file stack00_stack0_map.ncd.
Design name: topStack00
NCD version: 3.3
Vendor:      LATTICE
Device:      LCMXO2-7000HE
Package:     TQFP144
Performance: 5
Loading device for application par from file 'xo2c7000.nph' in environment: C:/lscc/diamond/3.10_x64/ispfpga.
Package Status:                     Final          Version 1.39.
Performance Hardware Data Status:   Final          Version 34.4.
License checked out.


Ignore Preference Error(s):  True
Device utilization summary:

   PIO (prelim)   43+4(JTAG)/336     14% used
                  43+4(JTAG)/115     41% bonded
   IOLOGIC            1/336          <1% used

   SLICE             86/3432          2% used

   OSC                1/1           100% used


Number of Signals: 269
Number of Connections: 772

Pin Constraint Summary:
   43 out of 43 pins locked (100% locked).

The following 1 signal is selected to use the primary clock routing resources:
    RA00.sclk_0 (driver: RA00/D00/OSCInst0, clk load #: 35)


The following 2 signals are selected to use the secondary clock routing resources:
    clk0_c (driver: RA00/D01/SLICE_31, clk load #: 8, sr load #: 0, ce load #: 0)
    RA00/D01/outosc_0_sqmuxa_i_RNIQMMT (driver: RA00/D01/SLICE_64, clk load #: 0, sr load #: 11, ce load #: 0)

No signal is selected as Global Set/Reset.
Starting Placer Phase 0.
........
Finished Placer Phase 0.  REAL time: 3 secs 

Starting Placer Phase 1.
...................
Placer score = 77324.
Finished Placer Phase 1.  REAL time: 11 secs 

Starting Placer Phase 2.
.
Placer score =  77306
Finished Placer Phase 2.  REAL time: 11 secs 


------------------ Clock Report ------------------

Global Clock Resources:
  CLK_PIN    : 0 out of 8 (0%)
  PLL        : 0 out of 2 (0%)
  DCM        : 0 out of 2 (0%)
  DCC        : 0 out of 8 (0%)

Quadrants All (TL, TR, BL, BR) - Global Clocks:
  PRIMARY "RA00.sclk_0" from OSC on comp "RA00/D00/OSCInst0" on site "OSC", clk load = 35
  SECONDARY "clk0_c" from Q0 on comp "RA00/D01/SLICE_31" on site "R14C20D", clk load = 8, ce load = 0, sr load = 0
  SECONDARY "RA00/D01/outosc_0_sqmuxa_i_RNIQMMT" from F0 on comp "RA00/D01/SLICE_64" on site "R14C20C", clk load = 0, ce load = 0, sr load = 11

  PRIMARY  : 1 out of 8 (12%)
  SECONDARY: 2 out of 8 (25%)

Edge Clocks:
  No edge clock selected.

--------------- End of Clock Report ---------------


I/O Usage Summary (final):
   43 + 4(JTAG) out of 336 (14.0%) PIO sites used.
   43 + 4(JTAG) out of 115 (40.9%) bonded PIO sites used.
   Number of PIO comps: 43; differential: 0.
   Number of Vref pins used: 0.

I/O Bank Usage Summary:
+----------+----------------+------------+-----------+
| I/O Bank | Usage          | Bank Vccio | Bank Vref |
+----------+----------------+------------+-----------+
| 0        | 0 / 28 (  0%)  | -          | -         |
| 1        | 21 / 29 ( 72%) | 2.5V       | -         |
| 2        | 15 / 29 ( 51%) | 2.5V       | -         |
| 3        | 0 / 9 (  0%)   | -          | -         |
| 4        | 2 / 10 ( 20%)  | 2.5V       | -         |
| 5        | 5 / 10 ( 50%)  | 2.5V       | -         |
+----------+----------------+------------+-----------+

Total placer CPU time: 10 secs 

Dumping design to file stack00_stack0.dir/5_1.ncd.

0 connections routed; 772 unrouted.
Starting router resource preassignment

Completed router resource preassignment. Real time: 16 secs 

Start NBR router at 09:20:24 10/16/18

*****************************************************************
Info: NBR allows conflicts(one node used by more than one signal)
      in the earlier iterations. In each iteration, it tries to  
      solve the conflicts while keeping the critical connections 
      routed as short as possible. The routing process is said to
      be completed when no conflicts exist and all connections   
      are routed.                                                
Note: NBR uses a different method to calculate timing slacks. The
      worst slack and total negative slack may not be the same as
      that in TRCE report. You should always run TRCE to verify  
      your design.                                               
*****************************************************************

Start NBR special constraint process at 09:20:24 10/16/18

Start NBR section for initial routing at 09:20:24 10/16/18
Level 4, iteration 1
17(0.00%) conflicts; 0(0.00%) untouched conn; 0 (nbr) score; 
Estimated worst slack/total negative slack<setup>: 463.474ns/0.000ns; real time: 16 secs 

Info: Initial congestion level at 75% usage is 0
Info: Initial congestion area  at 75% usage is 0 (0.00%)

Start NBR section for normal routing at 09:20:24 10/16/18
Level 4, iteration 1
7(0.00%) conflicts; 0(0.00%) untouched conn; 0 (nbr) score; 
Estimated worst slack/total negative slack<setup>: 463.474ns/0.000ns; real time: 17 secs 
Level 4, iteration 2
2(0.00%) conflicts; 0(0.00%) untouched conn; 0 (nbr) score; 
Estimated worst slack/total negative slack<setup>: 463.474ns/0.000ns; real time: 17 secs 
Level 4, iteration 3
0(0.00%) conflict; 0(0.00%) untouched conn; 0 (nbr) score; 
Estimated worst slack/total negative slack<setup>: 463.474ns/0.000ns; real time: 17 secs 

Start NBR section for setup/hold timing optimization with effort level 3 at 09:20:25 10/16/18

Start NBR section for re-routing at 09:20:25 10/16/18
Level 4, iteration 1
0(0.00%) conflict; 0(0.00%) untouched conn; 0 (nbr) score; 
Estimated worst slack/total negative slack<setup>: 463.474ns/0.000ns; real time: 17 secs 

Start NBR section for post-routing at 09:20:25 10/16/18

End NBR router with 0 unrouted connection

NBR Summary
-----------
  Number of unrouted connections : 0 (0.00%)
  Number of connections with timing violations : 0 (0.00%)
  Estimated worst slack<setup> : 463.474ns
  Timing score<setup> : 0
-----------
Notes: The timing info is calculated for SETUP only and all PAR_ADJs are ignored.



Total CPU time 17 secs 
Total REAL time: 18 secs 
Completely routed.
End of route.  772 routed (100.00%); 0 unrouted.

Hold time timing score: 0, hold timing errors: 0

Timing score: 0 

Dumping design to file stack00_stack0.dir/5_1.ncd.


PAR_SUMMARY::Run status = Success
PAR_SUMMARY::Number of unrouted conns = 0
PAR_SUMMARY::Worst  slack<setup/<ns>> = 463.474
PAR_SUMMARY::Timing score<setup/<ns>> = 0.000
PAR_SUMMARY::Worst  slack<hold /<ns>> = 0.306
PAR_SUMMARY::Timing score<hold /<ns>> = 0.000
PAR_SUMMARY::Number of errors = 0

Total CPU  time to completion: 17 secs 
Total REAL time to completion: 19 secs 

par done!

Copyright (c) 1991-1994 by NeoCAD Inc. All rights reserved.
Copyright (c) 1995 AT&T Corp.   All rights reserved.
Copyright (c) 1995-2001 Lucent Technologies Inc.  All rights reserved.
Copyright (c) 2001 Agere Systems   All rights reserved.
Copyright (c) 2002-2017 Lattice Semiconductor Corporation,  All rights reserved.
Exiting par with exit code 0
Exiting mpartrce with exit code 0

bitgen -f "stack00_stack0.t2b" -w "stack00_stack0.ncd" -jedec "stack00_stack0.prf"


BITGEN: Bitstream Generator Diamond (64-bit) 3.10.0.111.2
Copyright (c) 1991-1994 by NeoCAD Inc. All rights reserved.
Copyright (c) 1995 AT&T Corp.   All rights reserved.
Copyright (c) 1995-2001 Lucent Technologies Inc.  All rights reserved.
Copyright (c) 2001 Agere Systems   All rights reserved.
Copyright (c) 2002-2017 Lattice Semiconductor Corporation,  All rights reserved.


Loading design for application Bitgen from file stack00_stack0.ncd.
Design name: topStack00
NCD version: 3.3
Vendor:      LATTICE
Device:      LCMXO2-7000HE
Package:     TQFP144
Performance: 5
Loading device for application Bitgen from file 'xo2c7000.nph' in environment: C:/lscc/diamond/3.10_x64/ispfpga.
Package Status:                     Final          Version 1.39.
Performance Hardware Data Status:   Final          Version 34.4.

Running DRC.
DRC detected 0 errors and 0 warnings.
Reading Preference File from stack00_stack0.prf.

Preference Summary:
+---------------------------------+---------------------------------+
|  Preference                     |  Current Setting                |
+---------------------------------+---------------------------------+
|                         RamCfg  |                        Reset**  |
+---------------------------------+---------------------------------+
|                     MCCLK_FREQ  |                         2.08**  |
+---------------------------------+---------------------------------+
|                  CONFIG_SECURE  |                          OFF**  |
+---------------------------------+---------------------------------+
|                          INBUF  |                           ON**  |
+---------------------------------+---------------------------------+
|                      JTAG_PORT  |                       ENABLE**  |
+---------------------------------+---------------------------------+
|                       SDM_PORT  |                      DISABLE**  |
+---------------------------------+---------------------------------+
|                 SLAVE_SPI_PORT  |                      DISABLE**  |
+---------------------------------+---------------------------------+
|                MASTER_SPI_PORT  |                      DISABLE**  |
+---------------------------------+---------------------------------+
|                       I2C_PORT  |                      DISABLE**  |
+---------------------------------+---------------------------------+
|        MUX_CONFIGURATION_PORTS  |                      DISABLE**  |
+---------------------------------+---------------------------------+
|                  CONFIGURATION  |                          CFG**  |
+---------------------------------+---------------------------------+
|                COMPRESS_CONFIG  |                           ON**  |
+---------------------------------+---------------------------------+
|                        MY_ASSP  |                          OFF**  |
+---------------------------------+---------------------------------+
|               ONE_TIME_PROGRAM  |                          OFF**  |
+---------------------------------+---------------------------------+
|                 ENABLE_TRANSFR  |                      DISABLE**  |
+---------------------------------+---------------------------------+
|                  SHAREDEBRINIT  |                      DISABLE**  |
+---------------------------------+---------------------------------+
|            BACKGROUND_RECONFIG  |                          OFF**  |
+---------------------------------+---------------------------------+
 *  Default setting.
 ** The specified setting matches the default setting.


Creating bit map...
 
Bitstream Status: Final           Version 1.94.
 
Saving bit stream in "stack00_stack0.jed".
 
===========
UFM Summary.
===========
UFM Size:        2046 Pages (128*2046 Bits).
UFM Utilization: General Purpose Flash Memory.
 
Available General Purpose Flash Memory: 2046 Pages (Page 0 to Page 2045).
Initialized UFM Pages:                     0 Page.
 
