Running in Lattice mode

Starting:    C:\lscc\diamond\3.10_x64\synpbase\bin64\mbin\synbatch.exe
Install:     C:\lscc\diamond\3.10_x64\synpbase
Hostname:    LAPTOP-ONJC2QMR
Date:        Tue Oct 16 09:14:54 2018
Version:     M-2017.03L-SP1-1

Arguments:   -product synplify_pro -batch stack00_stack0_synplify.tcl
ProductType: synplify_pro




Copied C:\Users\James\Documents\ESCOM_SEMESTRE_6\3CM2_ARQUITECTURA\Project3CM2MachX02\stack00\stack0\stack00_stack0.srr to C:\Users\James\Documents\ESCOM_SEMESTRE_6\3CM2_ARQUITECTURA\Project3CM2MachX02\stack00\stack0\backup\stack00_stack0.srr
log file: "C:\Users\James\Documents\ESCOM_SEMESTRE_6\3CM2_ARQUITECTURA\Project3CM2MachX02\stack00\stack0\stack00_stack0.srr"
Running: hdl_info_gen in foreground

Generating HDL info...

hdl_info_gen completed
# Tue Oct 16 09:14:58 2018

Return Code: 0
Run Time:00h:00m:03s
Copied C:\Users\James\Documents\ESCOM_SEMESTRE_6\3CM2_ARQUITECTURA\Project3CM2MachX02\stack00\stack0\stack00_stack0.srr to C:\Users\James\Documents\ESCOM_SEMESTRE_6\3CM2_ARQUITECTURA\Project3CM2MachX02\stack00\stack0\stack00_stack0.srf
log file: "C:\Users\James\Documents\ESCOM_SEMESTRE_6\3CM2_ARQUITECTURA\Project3CM2MachX02\stack00\stack0\stack00_stack0.srr"
Running: stack0 in foreground

Running proj_1|stack0

Running: compile (Compile) on proj_1|stack0
# Tue Oct 16 09:14:58 2018

Running: compile_flow (Compile Process) on proj_1|stack0
# Tue Oct 16 09:14:58 2018

Running: compiler (Compile Input) on proj_1|stack0
# Tue Oct 16 09:14:58 2018
Copied C:\Users\James\Documents\ESCOM_SEMESTRE_6\3CM2_ARQUITECTURA\Project3CM2MachX02\stack00\stack0\synwork\stack00_stack0_comp.srs to C:\Users\James\Documents\ESCOM_SEMESTRE_6\3CM2_ARQUITECTURA\Project3CM2MachX02\stack00\stack0\stack00_stack0.srs

compiler completed
# Tue Oct 16 09:15:03 2018

Return Code: 0
Run Time:00h:00m:05s

Running: multi_srs_gen (Multi-srs Generator) on proj_1|stack0
# Tue Oct 16 09:15:03 2018

multi_srs_gen completed
# Tue Oct 16 09:15:04 2018

Return Code: 0
Run Time:00h:00m:01s
Copied C:\Users\James\Documents\ESCOM_SEMESTRE_6\3CM2_ARQUITECTURA\Project3CM2MachX02\stack00\stack0\synwork\stack00_stack0_mult.srs to C:\Users\James\Documents\ESCOM_SEMESTRE_6\3CM2_ARQUITECTURA\Project3CM2MachX02\stack00\stack0\stack00_stack0.srs
Copied C:\Users\James\Documents\ESCOM_SEMESTRE_6\3CM2_ARQUITECTURA\Project3CM2MachX02\stack00\stack0\stack00_stack0.srr to C:\Users\James\Documents\ESCOM_SEMESTRE_6\3CM2_ARQUITECTURA\Project3CM2MachX02\stack00\stack0\stack00_stack0.srf
Complete: Compile Process on proj_1|stack0

Running: premap (Pre-mapping) on proj_1|stack0
# Tue Oct 16 09:15:04 2018

premap completed with warnings
# Tue Oct 16 09:15:07 2018

Return Code: 1
Run Time:00h:00m:03s
Complete: Compile on proj_1|stack0

Running: map (Map) on proj_1|stack0
# Tue Oct 16 09:15:07 2018
License granted for 4 parallel jobs

Running: fpga_mapper (Map & Optimize) on proj_1|stack0
# Tue Oct 16 09:15:07 2018
Copied C:\Users\James\Documents\ESCOM_SEMESTRE_6\3CM2_ARQUITECTURA\Project3CM2MachX02\stack00\stack0\synwork\stack00_stack0_m.srm to C:\Users\James\Documents\ESCOM_SEMESTRE_6\3CM2_ARQUITECTURA\Project3CM2MachX02\stack00\stack0\stack00_stack0.srm

fpga_mapper completed with warnings
# Tue Oct 16 09:15:12 2018

Return Code: 1
Run Time:00h:00m:05s
Complete: Map on proj_1|stack0
Copied C:\Users\James\Documents\ESCOM_SEMESTRE_6\3CM2_ARQUITECTURA\Project3CM2MachX02\stack00\stack0\stack00_stack0.srr to C:\Users\James\Documents\ESCOM_SEMESTRE_6\3CM2_ARQUITECTURA\Project3CM2MachX02\stack00\stack0\stack00_stack0.srf
Complete: Logic Synthesis on proj_1|stack0
TCL script complete: "stack00_stack0_synplify.tcl"
exit status=0
exit status=0
Save changes for project:
C:\Users\James\Documents\ESCOM_SEMESTRE_6\3CM2_ARQUITECTURA\Project3CM2MachX02\stack00\stack0\proj_1.prj
batch mode default:no
