
         Lattice Mapping Report File for Design Module 'topgeneric01'


Design Information
------------------

Command line:   map -a MachXO2 -p LCMXO2-7000HE -t TQFP144 -s 4 -oc Commercial
     generic02_generic02.ngd -o generic02_generic02_map.ncd -pr
     generic02_generic02.prf -mp generic02_generic02.mrp -lpf C:/Users/Valery Ga
     ribay/Desktop/NUEVOARQUI/practicas_Gelas/Generics/generic02_primeraFase/gen
     eric02/generic02_generic02_synplify.lpf -lpf C:/Users/Valery Garibay/Deskto
     p/NUEVOARQUI/practicas_Gelas/Generics/generic02_primeraFase/generic02.lpf
     -c 0 -gui -msgset C:/Users/Valery Garibay/Desktop/NUEVOARQUI/practicas_Gela
     s/Generics/generic02_primeraFase/promote.xml 
Target Vendor:  LATTICE
Target Device:  LCMXO2-7000HETQFP144
Target Performance:   4
Mapper:  xo2c00,  version:  Diamond (64-bit) 3.10.0.111.2
Mapped on:  05/08/19  10:33:36

Design Summary
--------------

   Number of registers:    218 out of  7209 (3%)
      PFU registers:          202 out of  6864 (3%)
      PIO registers:           16 out of   345 (5%)
   Number of SLICEs:       270 out of  3432 (8%)
      SLICEs as Logic/ROM:    270 out of  3432 (8%)
      SLICEs as RAM:            0 out of  2574 (0%)
      SLICEs as Carry:         11 out of  3432 (0%)
   Number of LUT4s:        515 out of  6864 (8%)
      Number used as logic LUTs:        493
      Number used as distributed RAM:     0
      Number used as ripple logic:       22
      Number used as shift registers:     0
   Number of PIO sites used: 50 + 4(JTAG) out of 115 (47%)
   Number of block RAMs:  0 out of 26 (0%)
   Number of GSRs:  0 out of 1 (0%)
   EFB used :       No
   JTAG used :      No
   Readback used :  No
   Oscillator used :  Yes
   Startup used :   No
   POR :            On
   Bandgap :        On
   Number of Power Controller:  0 out of 1 (0%)
   Number of Dynamic Bank Controller (BCINRD):  0 out of 6 (0%)
   Number of Dynamic Bank Controller (BCLVDSO):  0 out of 1 (0%)
   Number of DCCA:  0 out of 8 (0%)
   Number of DCMA:  0 out of 2 (0%)
   Number of PLLs:  0 out of 2 (0%)
   Number of DQSDLLs:  0 out of 2 (0%)
   Number of CLKDIVC:  0 out of 4 (0%)
   Number of ECLKSYNCA:  0 out of 4 (0%)
   Number of ECLKBRIDGECS:  0 out of 2 (0%)
   Notes:-
      1. Total number of LUT4s = (Number of logic LUT4s) + 2*(Number of
     distributed RAMs) + 2*(Number of ripple logic)
      2. Number of logic LUT4s does not include count of distributed RAM and
     ripple logic.
   Number of clocks:  1

                                    Page 1




Design:  topgeneric01                                  Date:  05/08/19  10:33:36

Design Summary (cont)
---------------------
     Net G00.sclk_0: 144 loads, 144 rising, 0 falling (Driver: G00/UD00/OSCInst0
     )
   Number of Clock Enables:  18
     Net aux_RNIP63G2: 16 loads, 0 LSLICEs
     Net G09/aux_RNIPCKS1: 5 loads, 5 LSLICEs
     Net G_4: 52 loads, 52 LSLICEs
     Net G10/aux_RNIPH0A2: 5 loads, 5 LSLICEs
     Net G01/aux_RNI2GR72: 4 loads, 4 LSLICEs
     Net G02/aux_RNI0KA52: 4 loads, 4 LSLICEs
     Net G03/outx_1ce[0]: 4 loads, 4 LSLICEs
     Net G04/outn_1ce[0]: 4 loads, 4 LSLICEs
     Net G05/aux_RNIEPM32: 4 loads, 4 LSLICEs
     Net G06/aux_RNICCRB2: 4 loads, 4 LSLICEs
     Net G07/outxn_1ce[0]: 4 loads, 4 LSLICEs
     Net G12/aux_RNIM00I2: 8 loads, 8 LSLICEs
     Net G13/aux_RNI49KF2: 2 loads, 2 LSLICEs
     Net G13/outsl_1ce[4]: 2 loads, 2 LSLICEs
     Net G14/outsr_1ce[0]: 2 loads, 2 LSLICEs
     Net G14/aux_RNII97I2: 2 loads, 2 LSLICEs
     Net G15/outrl_1ce[0]: 4 loads, 4 LSLICEs
     Net G16/outrr_1ce[0]: 5 loads, 5 LSLICEs
   Number of LSRs:  2
     Net aux_RNI7SJT2: 8 loads, 0 LSLICEs
     Net G00/UD01/un1_outdiv37_RNI688D1: 11 loads, 11 LSLICEs
   Number of nets driven by tri-state buffers:  0
   Top 10 highest fanout non-clock nets:
     Net G_4: 68 loads
     Net outFlag0_c: 36 loads
     Net corr0_c[2]: 32 loads
     Net portA0_c[7]: 32 loads
     Net portA0_c[0]: 31 loads
     Net portA0_c[2]: 29 loads
     Net portA0_c[4]: 28 loads
     Net portA0_c[1]: 27 loads
     Net portA0_c[3]: 27 loads
     Net portA0_c[5]: 26 loads




   Number of warnings:  0
   Number of errors:    0
     

Design Errors/Warnings
----------------------

   No errors or warnings present.

IO (PIO) Attributes
-------------------

+---------------------+-----------+-----------+------------+
| IO Name             | Direction | Levelmode | IO         |
|                     |           |  IO_TYPE  | Register   |
+---------------------+-----------+-----------+------------+

                                    Page 2




Design:  topgeneric01                                  Date:  05/08/19  10:33:36

IO (PIO) Attributes (cont)
--------------------------
| inFlag0             | BIDIR     | LVCMOS25  |            |
+---------------------+-----------+-----------+------------+
| LEDas0              | OUTPUT    | LVCMOS25  |            |
+---------------------+-----------+-----------+------------+
| clk0                | OUTPUT    | LVCMOS25  |            |
+---------------------+-----------+-----------+------------+
| cdiv0[0]            | INPUT     | LVCMOS25  |            |
+---------------------+-----------+-----------+------------+
| ac0[15]             | OUTPUT    | LVCMOS25  | OUT        |
+---------------------+-----------+-----------+------------+
| ac0[14]             | OUTPUT    | LVCMOS25  | OUT        |
+---------------------+-----------+-----------+------------+
| ac0[13]             | OUTPUT    | LVCMOS25  | OUT        |
+---------------------+-----------+-----------+------------+
| ac0[12]             | OUTPUT    | LVCMOS25  | OUT        |
+---------------------+-----------+-----------+------------+
| ac0[11]             | OUTPUT    | LVCMOS25  | OUT        |
+---------------------+-----------+-----------+------------+
| ac0[10]             | OUTPUT    | LVCMOS25  | OUT        |
+---------------------+-----------+-----------+------------+
| ac0[9]              | OUTPUT    | LVCMOS25  | OUT        |
+---------------------+-----------+-----------+------------+
| ac0[8]              | OUTPUT    | LVCMOS25  | OUT        |
+---------------------+-----------+-----------+------------+
| ac0[7]              | OUTPUT    | LVCMOS25  | OUT        |
+---------------------+-----------+-----------+------------+
| ac0[6]              | OUTPUT    | LVCMOS25  | OUT        |
+---------------------+-----------+-----------+------------+
| ac0[5]              | OUTPUT    | LVCMOS25  | OUT        |
+---------------------+-----------+-----------+------------+
| ac0[4]              | OUTPUT    | LVCMOS25  | OUT        |
+---------------------+-----------+-----------+------------+
| ac0[3]              | OUTPUT    | LVCMOS25  | OUT        |
+---------------------+-----------+-----------+------------+
| ac0[2]              | OUTPUT    | LVCMOS25  | OUT        |
+---------------------+-----------+-----------+------------+
| ac0[1]              | OUTPUT    | LVCMOS25  | OUT        |
+---------------------+-----------+-----------+------------+
| ac0[0]              | OUTPUT    | LVCMOS25  | OUT        |
+---------------------+-----------+-----------+------------+
| outFlag0            | OUTPUT    | LVCMOS25  |            |
+---------------------+-----------+-----------+------------+
| corr0[2]            | INPUT     | LVCMOS25  |            |
+---------------------+-----------+-----------+------------+
| corr0[1]            | INPUT     | LVCMOS25  |            |
+---------------------+-----------+-----------+------------+
| corr0[0]            | INPUT     | LVCMOS25  |            |
+---------------------+-----------+-----------+------------+
| codop0[4]           | INPUT     | LVCMOS25  |            |
+---------------------+-----------+-----------+------------+
| codop0[3]           | INPUT     | LVCMOS25  |            |
+---------------------+-----------+-----------+------------+
| codop0[2]           | INPUT     | LVCMOS25  |            |
+---------------------+-----------+-----------+------------+
| codop0[1]           | INPUT     | LVCMOS25  |            |
+---------------------+-----------+-----------+------------+

                                    Page 3




Design:  topgeneric01                                  Date:  05/08/19  10:33:36

IO (PIO) Attributes (cont)
--------------------------
| codop0[0]           | INPUT     | LVCMOS25  |            |
+---------------------+-----------+-----------+------------+
| portB0[7]           | INPUT     | LVCMOS25  |            |
+---------------------+-----------+-----------+------------+
| portB0[6]           | INPUT     | LVCMOS25  |            |
+---------------------+-----------+-----------+------------+
| portB0[5]           | INPUT     | LVCMOS25  |            |
+---------------------+-----------+-----------+------------+
| portB0[4]           | INPUT     | LVCMOS25  |            |
+---------------------+-----------+-----------+------------+
| portB0[3]           | INPUT     | LVCMOS25  |            |
+---------------------+-----------+-----------+------------+
| portB0[2]           | INPUT     | LVCMOS25  |            |
+---------------------+-----------+-----------+------------+
| portB0[1]           | INPUT     | LVCMOS25  |            |
+---------------------+-----------+-----------+------------+
| portB0[0]           | INPUT     | LVCMOS25  |            |
+---------------------+-----------+-----------+------------+
| portA0[7]           | INPUT     | LVCMOS25  |            |
+---------------------+-----------+-----------+------------+
| portA0[6]           | INPUT     | LVCMOS25  |            |
+---------------------+-----------+-----------+------------+
| portA0[5]           | INPUT     | LVCMOS25  |            |
+---------------------+-----------+-----------+------------+
| portA0[4]           | INPUT     | LVCMOS25  |            |
+---------------------+-----------+-----------+------------+
| portA0[3]           | INPUT     | LVCMOS25  |            |
+---------------------+-----------+-----------+------------+
| portA0[2]           | INPUT     | LVCMOS25  |            |
+---------------------+-----------+-----------+------------+
| portA0[1]           | INPUT     | LVCMOS25  |            |
+---------------------+-----------+-----------+------------+
| portA0[0]           | INPUT     | LVCMOS25  |            |
+---------------------+-----------+-----------+------------+
| SL0                 | INPUT     | LVCMOS25  |            |
+---------------------+-----------+-----------+------------+
| enable0             | INPUT     | LVCMOS25  |            |
+---------------------+-----------+-----------+------------+
| cdiv0[3]            | INPUT     | LVCMOS25  |            |
+---------------------+-----------+-----------+------------+
| cdiv0[2]            | INPUT     | LVCMOS25  |            |
+---------------------+-----------+-----------+------------+
| cdiv0[1]            | INPUT     | LVCMOS25  |            |
+---------------------+-----------+-----------+------------+

Removed logic
-------------

Block VCC undriven or does not drive anything - clipped.
Block GSR_INST undriven or does not drive anything - clipped.
Block GND undriven or does not drive anything - clipped.
Block G00/GND undriven or does not drive anything - clipped.
Block G00/VCC undriven or does not drive anything - clipped.
Block G00/UD00/VCC undriven or does not drive anything - clipped.
Block G00/UD01/VCC undriven or does not drive anything - clipped.
Block G08/GND undriven or does not drive anything - clipped.

                                    Page 4




Design:  topgeneric01                                  Date:  05/08/19  10:33:36

Removed logic (cont)
--------------------
Block G08/VCC undriven or does not drive anything - clipped.
Block G08/UA08/GND undriven or does not drive anything - clipped.
Block G08/UA08/VCC undriven or does not drive anything - clipped.
Block G08/UA08/U00/GND undriven or does not drive anything - clipped.
Block G08/UA08/U00/VCC undriven or does not drive anything - clipped.
Block G08/UA08/U00/U1/VCC undriven or does not drive anything - clipped.
Block G08/UA08/U00/U1/GND undriven or does not drive anything - clipped.
Block G08/UA08/U02/VCC undriven or does not drive anything - clipped.
Block G08/UA08/U02/GND undriven or does not drive anything - clipped.
Block G08/UA09/GND undriven or does not drive anything - clipped.
Block G08/UA09/VCC undriven or does not drive anything - clipped.
Block G08/UA09/U01/GND undriven or does not drive anything - clipped.
Block G08/UA09/U01/VCC undriven or does not drive anything - clipped.
Block G08/UA09/U01/U1/VCC undriven or does not drive anything - clipped.
Block G08/UA09/U01/U1/GND undriven or does not drive anything - clipped.
Block G08/UA09/U02/GND undriven or does not drive anything - clipped.
Block G08/UA09/U02/VCC undriven or does not drive anything - clipped.
Block G08/UA10/GND undriven or does not drive anything - clipped.
Block G08/UA10/VCC undriven or does not drive anything - clipped.
Block G08/UA10/U01/GND undriven or does not drive anything - clipped.
Block G08/UA10/U01/VCC undriven or does not drive anything - clipped.
Block G08/UA10/U01/U1/VCC undriven or does not drive anything - clipped.
Block G08/UA10/U01/U1/GND undriven or does not drive anything - clipped.
Block G08/UA10/U02/GND undriven or does not drive anything - clipped.
Block G08/UA10/U02/VCC undriven or does not drive anything - clipped.
Block G08/UA11/GND undriven or does not drive anything - clipped.
Block G08/UA11/VCC undriven or does not drive anything - clipped.
Block G08/UA11/U01/GND undriven or does not drive anything - clipped.
Block G08/UA11/U01/VCC undriven or does not drive anything - clipped.
Block G08/UA11/U01/U1/VCC undriven or does not drive anything - clipped.
Block G08/UA11/U01/U1/GND undriven or does not drive anything - clipped.
Block G08/UA11/U02/GND undriven or does not drive anything - clipped.
Block G08/UA11/U02/VCC undriven or does not drive anything - clipped.
Block G08/UA12/GND undriven or does not drive anything - clipped.
Block G08/UA12/VCC undriven or does not drive anything - clipped.
Block G08/UA12/U01/GND undriven or does not drive anything - clipped.
Block G08/UA12/U01/VCC undriven or does not drive anything - clipped.
Block G08/UA12/U01/U1/VCC undriven or does not drive anything - clipped.
Block G08/UA12/U01/U1/GND undriven or does not drive anything - clipped.
Block G08/UA12/U02/GND undriven or does not drive anything - clipped.
Block G08/UA12/U02/VCC undriven or does not drive anything - clipped.
Block G08/UA13/GND undriven or does not drive anything - clipped.
Block G08/UA13/VCC undriven or does not drive anything - clipped.
Block G08/UA13/U02/GND undriven or does not drive anything - clipped.
Block G08/UA13/U02/VCC undriven or does not drive anything - clipped.
Block G08/UA14/GND undriven or does not drive anything - clipped.
Block G08/UA14/VCC undriven or does not drive anything - clipped.
Block G08/UA14/U02/GND undriven or does not drive anything - clipped.
Block G08/UA14/U02/VCC undriven or does not drive anything - clipped.
Block G08/UA16/VCC undriven or does not drive anything - clipped.
Block G08/UA16/GND undriven or does not drive anything - clipped.
Block G08/UA17/GND undriven or does not drive anything - clipped.
Block G08/UA17/VCC undriven or does not drive anything - clipped.
Block G08/UA18/GND undriven or does not drive anything - clipped.
Block G08/UA18/VCC undriven or does not drive anything - clipped.
Block G08/UA19/GND undriven or does not drive anything - clipped.

                                    Page 5




Design:  topgeneric01                                  Date:  05/08/19  10:33:36

Removed logic (cont)
--------------------
Block G08/UA19/VCC undriven or does not drive anything - clipped.
Block G08/UA20/GND undriven or does not drive anything - clipped.
Block G08/UA20/VCC undriven or does not drive anything - clipped.
Block G08/UA21/GND undriven or does not drive anything - clipped.
Block G08/UA21/VCC undriven or does not drive anything - clipped.
Block G08/UA22/GND undriven or does not drive anything - clipped.
Block G08/UA22/VCC undriven or does not drive anything - clipped.
Block G08/UA23/GND undriven or does not drive anything - clipped.
Block G08/UA23/VCC undriven or does not drive anything - clipped.
Block G08/UA24/GND undriven or does not drive anything - clipped.
Block G08/UA24/VCC undriven or does not drive anything - clipped.
Block G11/GND undriven or does not drive anything - clipped.
Block G11/VCC undriven or does not drive anything - clipped.
Block G11/UX00/GND undriven or does not drive anything - clipped.
Block G11/UX00/VCC undriven or does not drive anything - clipped.
Block G11/UX00/U00/GND undriven or does not drive anything - clipped.
Block G11/UX00/U00/VCC undriven or does not drive anything - clipped.
Block G11/UX00/U00/U0/GND undriven or does not drive anything - clipped.
Block G11/UX00/U00/U0/VCC undriven or does not drive anything - clipped.
Block G11/UX00/U00/U1/GND undriven or does not drive anything - clipped.
Block G11/UX00/U00/U1/VCC undriven or does not drive anything - clipped.
Block G11/UX01/GND undriven or does not drive anything - clipped.
Block G11/UX01/VCC undriven or does not drive anything - clipped.
Block G11/UX01/U01/GND undriven or does not drive anything - clipped.
Block G11/UX01/U01/VCC undriven or does not drive anything - clipped.
Block G11/UX01/U01/U0/VCC undriven or does not drive anything - clipped.
Block G11/UX01/U01/U0/GND undriven or does not drive anything - clipped.
Block G11/UX01/U01/U1/GND undriven or does not drive anything - clipped.
Block G11/UX01/U01/U1/VCC undriven or does not drive anything - clipped.
Block G11/UX01/U02/GND undriven or does not drive anything - clipped.
Block G11/UX01/U02/VCC undriven or does not drive anything - clipped.
Block G11/UA06/VCC undriven or does not drive anything - clipped.
Block G11/UA06/GND undriven or does not drive anything - clipped.
Block G11/UX02/GND undriven or does not drive anything - clipped.
Block G11/UX02/VCC undriven or does not drive anything - clipped.
Block G11/UX02/U01/GND undriven or does not drive anything - clipped.
Block G11/UX02/U01/VCC undriven or does not drive anything - clipped.
Block G11/UX02/U01/U1/GND undriven or does not drive anything - clipped.
Block G11/UX02/U01/U1/VCC undriven or does not drive anything - clipped.
Block G11/UX02/U02/GND undriven or does not drive anything - clipped.
Block G11/UX02/U02/VCC undriven or does not drive anything - clipped.
Block G11/UA08/VCC undriven or does not drive anything - clipped.
Block G11/UA08/GND undriven or does not drive anything - clipped.
Block G11/UX03/GND undriven or does not drive anything - clipped.
Block G11/UX03/VCC undriven or does not drive anything - clipped.
Block G11/UX03/U01/GND undriven or does not drive anything - clipped.
Block G11/UX03/U01/VCC undriven or does not drive anything - clipped.
Block G11/UX03/U01/U1/GND undriven or does not drive anything - clipped.
Block G11/UX03/U01/U1/VCC undriven or does not drive anything - clipped.
Block G11/UX03/U02/GND undriven or does not drive anything - clipped.
Block G11/UX03/U02/VCC undriven or does not drive anything - clipped.
Block G11/UA10/VCC undriven or does not drive anything - clipped.
Block G11/UA10/GND undriven or does not drive anything - clipped.
Block G11/UX04/GND undriven or does not drive anything - clipped.
Block G11/UX04/VCC undriven or does not drive anything - clipped.
Block G11/UX04/U01/GND undriven or does not drive anything - clipped.

                                    Page 6




Design:  topgeneric01                                  Date:  05/08/19  10:33:36

Removed logic (cont)
--------------------
Block G11/UX04/U01/VCC undriven or does not drive anything - clipped.
Block G11/UX04/U01/U1/GND undriven or does not drive anything - clipped.
Block G11/UX04/U01/U1/VCC undriven or does not drive anything - clipped.
Block G11/UX04/U02/GND undriven or does not drive anything - clipped.
Block G11/UX04/U02/VCC undriven or does not drive anything - clipped.
Block G11/UA12/VCC undriven or does not drive anything - clipped.
Block G11/UA12/GND undriven or does not drive anything - clipped.
Block G11/UX05/GND undriven or does not drive anything - clipped.
Block G11/UX05/VCC undriven or does not drive anything - clipped.
Block G11/UX05/U01/GND undriven or does not drive anything - clipped.
Block G11/UX05/U01/VCC undriven or does not drive anything - clipped.
Block G11/UX05/U01/U1/GND undriven or does not drive anything - clipped.
Block G11/UX05/U01/U1/VCC undriven or does not drive anything - clipped.
Block G11/UX05/U02/GND undriven or does not drive anything - clipped.
Block G11/UX05/U02/VCC undriven or does not drive anything - clipped.
Block G11/UA14/VCC undriven or does not drive anything - clipped.
Block G11/UA14/GND undriven or does not drive anything - clipped.
Block G11/UX06/GND undriven or does not drive anything - clipped.
Block G11/UX06/VCC undriven or does not drive anything - clipped.
Block G11/UX06/U01/GND undriven or does not drive anything - clipped.
Block G11/UX06/U01/VCC undriven or does not drive anything - clipped.
Block G11/UX06/U01/U1/GND undriven or does not drive anything - clipped.
Block G11/UX06/U01/U1/VCC undriven or does not drive anything - clipped.
Block G11/UX06/U02/GND undriven or does not drive anything - clipped.
Block G11/UX06/U02/VCC undriven or does not drive anything - clipped.
Block G11/UX07/GND undriven or does not drive anything - clipped.
Block G11/UX07/VCC undriven or does not drive anything - clipped.
Block G11/UX07/U01/GND undriven or does not drive anything - clipped.
Block G11/UX07/U01/VCC undriven or does not drive anything - clipped.
Block G11/UX07/U01/U0/VCC undriven or does not drive anything - clipped.
Block G11/UX07/U01/U0/GND undriven or does not drive anything - clipped.
Block G11/UX07/U01/U1/VCC undriven or does not drive anything - clipped.
Block G11/UX07/U01/U1/GND undriven or does not drive anything - clipped.
Block G11/UX08/GND undriven or does not drive anything - clipped.
Block G11/UX08/VCC undriven or does not drive anything - clipped.
Block G11/UX08/U00/GND undriven or does not drive anything - clipped.
Block G11/UX08/U00/VCC undriven or does not drive anything - clipped.
Block G11/UX08/U00/U0/VCC undriven or does not drive anything - clipped.
Block G11/UX08/U00/U0/GND undriven or does not drive anything - clipped.
Block G11/UX08/U00/U1/VCC undriven or does not drive anything - clipped.
Block G11/UX08/U00/U1/GND undriven or does not drive anything - clipped.
Block G11/UX09/GND undriven or does not drive anything - clipped.
Block G11/UX09/VCC undriven or does not drive anything - clipped.
Block G11/UX09/U00/GND undriven or does not drive anything - clipped.
Block G11/UX09/U00/VCC undriven or does not drive anything - clipped.
Block G11/UX09/U00/U1/VCC undriven or does not drive anything - clipped.
Block G11/UX09/U00/U1/GND undriven or does not drive anything - clipped.
Block G11/UX09/U02/GND undriven or does not drive anything - clipped.
Block G11/UX09/U02/VCC undriven or does not drive anything - clipped.
Block G11/UX10/GND undriven or does not drive anything - clipped.
Block G11/UX10/VCC undriven or does not drive anything - clipped.
Block G11/UX10/U01/GND undriven or does not drive anything - clipped.
Block G11/UX10/U01/VCC undriven or does not drive anything - clipped.
Block G11/UX10/U01/U1/GND undriven or does not drive anything - clipped.
Block G11/UX10/U01/U1/VCC undriven or does not drive anything - clipped.
Block G11/UX10/U02/GND undriven or does not drive anything - clipped.

                                    Page 7




Design:  topgeneric01                                  Date:  05/08/19  10:33:36

Removed logic (cont)
--------------------
Block G11/UX10/U02/VCC undriven or does not drive anything - clipped.
Block G11/UX11/GND undriven or does not drive anything - clipped.
Block G11/UX11/VCC undriven or does not drive anything - clipped.
Block G11/UX11/U01/GND undriven or does not drive anything - clipped.
Block G11/UX11/U01/VCC undriven or does not drive anything - clipped.
Block G11/UX11/U01/U1/GND undriven or does not drive anything - clipped.
Block G11/UX11/U01/U1/VCC undriven or does not drive anything - clipped.
Block G11/UX11/U02/GND undriven or does not drive anything - clipped.
Block G11/UX11/U02/VCC undriven or does not drive anything - clipped.
Block G11/UX12/GND undriven or does not drive anything - clipped.
Block G11/UX12/VCC undriven or does not drive anything - clipped.
Block G11/UX12/U01/GND undriven or does not drive anything - clipped.
Block G11/UX12/U01/VCC undriven or does not drive anything - clipped.
Block G11/UX12/U01/U1/GND undriven or does not drive anything - clipped.
Block G11/UX12/U01/U1/VCC undriven or does not drive anything - clipped.
Block G11/UX12/U02/GND undriven or does not drive anything - clipped.
Block G11/UX12/U02/VCC undriven or does not drive anything - clipped.
Block G11/UX13/GND undriven or does not drive anything - clipped.
Block G11/UX13/VCC undriven or does not drive anything - clipped.
Block G11/UX13/U01/GND undriven or does not drive anything - clipped.
Block G11/UX13/U01/VCC undriven or does not drive anything - clipped.
Block G11/UX13/U01/U1/GND undriven or does not drive anything - clipped.
Block G11/UX13/U01/U1/VCC undriven or does not drive anything - clipped.
Block G11/UX13/U02/GND undriven or does not drive anything - clipped.
Block G11/UX13/U02/VCC undriven or does not drive anything - clipped.
Block G11/UX14/GND undriven or does not drive anything - clipped.
Block G11/UX14/VCC undriven or does not drive anything - clipped.
Block G11/UX14/U01/GND undriven or does not drive anything - clipped.
Block G11/UX14/U01/VCC undriven or does not drive anything - clipped.
Block G11/UX14/U01/U1/GND undriven or does not drive anything - clipped.
Block G11/UX14/U01/U1/VCC undriven or does not drive anything - clipped.
Block G11/UX14/U02/GND undriven or does not drive anything - clipped.
Block G11/UX14/U02/VCC undriven or does not drive anything - clipped.
Block G11/UX15/GND undriven or does not drive anything - clipped.
Block G11/UX15/VCC undriven or does not drive anything - clipped.
Block G11/UX15/U01/GND undriven or does not drive anything - clipped.
Block G11/UX15/U01/VCC undriven or does not drive anything - clipped.
Block G11/UX15/U01/U1/GND undriven or does not drive anything - clipped.
Block G11/UX15/U01/U1/VCC undriven or does not drive anything - clipped.
Block G11/UX15/U02/GND undriven or does not drive anything - clipped.
Block G11/UX15/U02/VCC undriven or does not drive anything - clipped.
Block G11/UX16/GND undriven or does not drive anything - clipped.
Block G11/UX16/VCC undriven or does not drive anything - clipped.
Block G11/UX16/U00/GND undriven or does not drive anything - clipped.
Block G11/UX16/U00/VCC undriven or does not drive anything - clipped.
Block G11/UX16/U00/U0/GND undriven or does not drive anything - clipped.
Block G11/UX16/U00/U0/VCC undriven or does not drive anything - clipped.
Block G11/UX16/U00/U1/GND undriven or does not drive anything - clipped.
Block G11/UX16/U00/U1/VCC undriven or does not drive anything - clipped.
Block G11/UX17/GND undriven or does not drive anything - clipped.
Block G11/UX17/VCC undriven or does not drive anything - clipped.
Block G11/UX17/U01/GND undriven or does not drive anything - clipped.
Block G11/UX17/U01/VCC undriven or does not drive anything - clipped.
Block G11/UX17/U01/U1/GND undriven or does not drive anything - clipped.
Block G11/UX17/U01/U1/VCC undriven or does not drive anything - clipped.
Block G11/UX17/U02/GND undriven or does not drive anything - clipped.

                                    Page 8




Design:  topgeneric01                                  Date:  05/08/19  10:33:36

Removed logic (cont)
--------------------
Block G11/UX17/U02/VCC undriven or does not drive anything - clipped.
Block G11/UX18/GND undriven or does not drive anything - clipped.
Block G11/UX18/VCC undriven or does not drive anything - clipped.
Block G11/UX18/U01/GND undriven or does not drive anything - clipped.
Block G11/UX18/U01/VCC undriven or does not drive anything - clipped.
Block G11/UX18/U01/U1/GND undriven or does not drive anything - clipped.
Block G11/UX18/U01/U1/VCC undriven or does not drive anything - clipped.
Block G11/UX18/U02/GND undriven or does not drive anything - clipped.
Block G11/UX18/U02/VCC undriven or does not drive anything - clipped.
Block G11/UX19/GND undriven or does not drive anything - clipped.
Block G11/UX19/VCC undriven or does not drive anything - clipped.
Block G11/UX19/U01/GND undriven or does not drive anything - clipped.
Block G11/UX19/U01/VCC undriven or does not drive anything - clipped.
Block G11/UX19/U01/U1/GND undriven or does not drive anything - clipped.
Block G11/UX19/U01/U1/VCC undriven or does not drive anything - clipped.
Block G11/UX19/U02/GND undriven or does not drive anything - clipped.
Block G11/UX19/U02/VCC undriven or does not drive anything - clipped.
Block G11/UX20/GND undriven or does not drive anything - clipped.
Block G11/UX20/VCC undriven or does not drive anything - clipped.
Block G11/UX20/U01/GND undriven or does not drive anything - clipped.
Block G11/UX20/U01/VCC undriven or does not drive anything - clipped.
Block G11/UX20/U01/U1/GND undriven or does not drive anything - clipped.
Block G11/UX20/U01/U1/VCC undriven or does not drive anything - clipped.
Block G11/UX20/U02/GND undriven or does not drive anything - clipped.
Block G11/UX20/U02/VCC undriven or does not drive anything - clipped.
Block G11/UX21/GND undriven or does not drive anything - clipped.
Block G11/UX21/VCC undriven or does not drive anything - clipped.
Block G11/UX21/U01/GND undriven or does not drive anything - clipped.
Block G11/UX21/U01/VCC undriven or does not drive anything - clipped.
Block G11/UX21/U01/U1/GND undriven or does not drive anything - clipped.
Block G11/UX21/U01/U1/VCC undriven or does not drive anything - clipped.
Block G11/UX21/U02/GND undriven or does not drive anything - clipped.
Block G11/UX21/U02/VCC undriven or does not drive anything - clipped.
Block G11/UX22/GND undriven or does not drive anything - clipped.
Block G11/UX22/VCC undriven or does not drive anything - clipped.
Block G11/UX22/U01/GND undriven or does not drive anything - clipped.
Block G11/UX22/U01/VCC undriven or does not drive anything - clipped.
Block G11/UX22/U01/U1/GND undriven or does not drive anything - clipped.
Block G11/UX22/U01/U1/VCC undriven or does not drive anything - clipped.
Block G11/UX22/U02/GND undriven or does not drive anything - clipped.
Block G11/UX22/U02/VCC undriven or does not drive anything - clipped.
Block G11/UX23/GND undriven or does not drive anything - clipped.
Block G11/UX23/VCC undriven or does not drive anything - clipped.
Block G11/UX23/U01/GND undriven or does not drive anything - clipped.
Block G11/UX23/U01/VCC undriven or does not drive anything - clipped.
Block G11/UX23/U01/U1/GND undriven or does not drive anything - clipped.
Block G11/UX23/U01/U1/VCC undriven or does not drive anything - clipped.
Block G11/UX23/U02/GND undriven or does not drive anything - clipped.
Block G11/UX23/U02/VCC undriven or does not drive anything - clipped.
Block G11/UX24/GND undriven or does not drive anything - clipped.
Block G11/UX24/VCC undriven or does not drive anything - clipped.
Block G11/UX24/U00/GND undriven or does not drive anything - clipped.
Block G11/UX24/U00/VCC undriven or does not drive anything - clipped.
Block G11/UX24/U00/U0/VCC undriven or does not drive anything - clipped.
Block G11/UX24/U00/U0/GND undriven or does not drive anything - clipped.
Block G11/UX24/U00/U1/VCC undriven or does not drive anything - clipped.

                                    Page 9




Design:  topgeneric01                                  Date:  05/08/19  10:33:36

Removed logic (cont)
--------------------
Block G11/UX24/U00/U1/GND undriven or does not drive anything - clipped.
Block G11/UX25/GND undriven or does not drive anything - clipped.
Block G11/UX25/VCC undriven or does not drive anything - clipped.
Block G11/UX25/U00/GND undriven or does not drive anything - clipped.
Block G11/UX25/U00/VCC undriven or does not drive anything - clipped.
Block G11/UX25/U00/U1/VCC undriven or does not drive anything - clipped.
Block G11/UX25/U00/U1/GND undriven or does not drive anything - clipped.
Block G11/UX25/U02/GND undriven or does not drive anything - clipped.
Block G11/UX25/U02/VCC undriven or does not drive anything - clipped.
Block G11/UX26/GND undriven or does not drive anything - clipped.
Block G11/UX26/VCC undriven or does not drive anything - clipped.
Block G11/UX26/U01/GND undriven or does not drive anything - clipped.
Block G11/UX26/U01/VCC undriven or does not drive anything - clipped.
Block G11/UX26/U01/U1/GND undriven or does not drive anything - clipped.
Block G11/UX26/U01/U1/VCC undriven or does not drive anything - clipped.
Block G11/UX26/U02/GND undriven or does not drive anything - clipped.
Block G11/UX26/U02/VCC undriven or does not drive anything - clipped.
Block G11/UX27/GND undriven or does not drive anything - clipped.
Block G11/UX27/VCC undriven or does not drive anything - clipped.
Block G11/UX27/U01/GND undriven or does not drive anything - clipped.
Block G11/UX27/U01/VCC undriven or does not drive anything - clipped.
Block G11/UX27/U01/U1/GND undriven or does not drive anything - clipped.
Block G11/UX27/U01/U1/VCC undriven or does not drive anything - clipped.
Block G11/UX27/U02/GND undriven or does not drive anything - clipped.
Block G11/UX27/U02/VCC undriven or does not drive anything - clipped.
Block G11/UX28/GND undriven or does not drive anything - clipped.
Block G11/UX28/VCC undriven or does not drive anything - clipped.
Block G11/UX28/U01/GND undriven or does not drive anything - clipped.
Block G11/UX28/U01/VCC undriven or does not drive anything - clipped.
Block G11/UX28/U01/U1/GND undriven or does not drive anything - clipped.
Block G11/UX28/U01/U1/VCC undriven or does not drive anything - clipped.
Block G11/UX28/U02/GND undriven or does not drive anything - clipped.
Block G11/UX28/U02/VCC undriven or does not drive anything - clipped.
Block G11/UX29/GND undriven or does not drive anything - clipped.
Block G11/UX29/VCC undriven or does not drive anything - clipped.
Block G11/UX29/U01/GND undriven or does not drive anything - clipped.
Block G11/UX29/U01/VCC undriven or does not drive anything - clipped.
Block G11/UX29/U01/U1/GND undriven or does not drive anything - clipped.
Block G11/UX29/U01/U1/VCC undriven or does not drive anything - clipped.
Block G11/UX29/U02/GND undriven or does not drive anything - clipped.
Block G11/UX29/U02/VCC undriven or does not drive anything - clipped.
Block G11/UX30/GND undriven or does not drive anything - clipped.
Block G11/UX30/VCC undriven or does not drive anything - clipped.
Block G11/UX30/U01/GND undriven or does not drive anything - clipped.
Block G11/UX30/U01/VCC undriven or does not drive anything - clipped.
Block G11/UX30/U01/U1/GND undriven or does not drive anything - clipped.
Block G11/UX30/U01/U1/VCC undriven or does not drive anything - clipped.
Block G11/UX30/U02/GND undriven or does not drive anything - clipped.
Block G11/UX30/U02/VCC undriven or does not drive anything - clipped.
Block G11/UX31/GND undriven or does not drive anything - clipped.
Block G11/UX31/VCC undriven or does not drive anything - clipped.
Block G11/UX31/U01/GND undriven or does not drive anything - clipped.
Block G11/UX31/U01/VCC undriven or does not drive anything - clipped.
Block G11/UX31/U01/U1/GND undriven or does not drive anything - clipped.
Block G11/UX31/U01/U1/VCC undriven or does not drive anything - clipped.
Block G11/UX31/U02/GND undriven or does not drive anything - clipped.

                                   Page 10




Design:  topgeneric01                                  Date:  05/08/19  10:33:36

Removed logic (cont)
--------------------
Block G11/UX31/U02/VCC undriven or does not drive anything - clipped.
Block G11/UX32/GND undriven or does not drive anything - clipped.
Block G11/UX32/VCC undriven or does not drive anything - clipped.
Block G11/UX32/U00/GND undriven or does not drive anything - clipped.
Block G11/UX32/U00/VCC undriven or does not drive anything - clipped.
Block G11/UX32/U00/U0/GND undriven or does not drive anything - clipped.
Block G11/UX32/U00/U0/VCC undriven or does not drive anything - clipped.
Block G11/UX32/U00/U1/GND undriven or does not drive anything - clipped.
Block G11/UX32/U00/U1/VCC undriven or does not drive anything - clipped.
Block G11/UX33/GND undriven or does not drive anything - clipped.
Block G11/UX33/VCC undriven or does not drive anything - clipped.
Block G11/UX33/U01/GND undriven or does not drive anything - clipped.
Block G11/UX33/U01/VCC undriven or does not drive anything - clipped.
Block G11/UX33/U01/U1/GND undriven or does not drive anything - clipped.
Block G11/UX33/U01/U1/VCC undriven or does not drive anything - clipped.
Block G11/UX33/U02/GND undriven or does not drive anything - clipped.
Block G11/UX33/U02/VCC undriven or does not drive anything - clipped.
Block G11/UX34/GND undriven or does not drive anything - clipped.
Block G11/UX34/VCC undriven or does not drive anything - clipped.
Block G11/UX34/U01/GND undriven or does not drive anything - clipped.
Block G11/UX34/U01/VCC undriven or does not drive anything - clipped.
Block G11/UX34/U01/U1/GND undriven or does not drive anything - clipped.
Block G11/UX34/U01/U1/VCC undriven or does not drive anything - clipped.
Block G11/UX34/U02/GND undriven or does not drive anything - clipped.
Block G11/UX34/U02/VCC undriven or does not drive anything - clipped.
Block G11/UX35/GND undriven or does not drive anything - clipped.
Block G11/UX35/VCC undriven or does not drive anything - clipped.
Block G11/UX35/U01/GND undriven or does not drive anything - clipped.
Block G11/UX35/U01/VCC undriven or does not drive anything - clipped.
Block G11/UX35/U01/U1/GND undriven or does not drive anything - clipped.
Block G11/UX35/U01/U1/VCC undriven or does not drive anything - clipped.
Block G11/UX35/U02/GND undriven or does not drive anything - clipped.
Block G11/UX35/U02/VCC undriven or does not drive anything - clipped.
Block G11/UX36/GND undriven or does not drive anything - clipped.
Block G11/UX36/VCC undriven or does not drive anything - clipped.
Block G11/UX36/U00/GND undriven or does not drive anything - clipped.
Block G11/UX36/U00/VCC undriven or does not drive anything - clipped.
Block G11/UX36/U00/U0/VCC undriven or does not drive anything - clipped.
Block G11/UX36/U00/U0/GND undriven or does not drive anything - clipped.
Block G11/UX36/U01/GND undriven or does not drive anything - clipped.
Block G11/UX36/U01/VCC undriven or does not drive anything - clipped.
Block G11/UX36/U01/U0/GND undriven or does not drive anything - clipped.
Block G11/UX36/U01/U0/VCC undriven or does not drive anything - clipped.
Block G11/UX36/U01/U1/GND undriven or does not drive anything - clipped.
Block G11/UX36/U01/U1/VCC undriven or does not drive anything - clipped.
Block G11/UX37/GND undriven or does not drive anything - clipped.
Block G11/UX37/VCC undriven or does not drive anything - clipped.
Block G11/UX37/U01/GND undriven or does not drive anything - clipped.
Block G11/UX37/U01/VCC undriven or does not drive anything - clipped.
Block G11/UX37/U01/U1/GND undriven or does not drive anything - clipped.
Block G11/UX37/U01/U1/VCC undriven or does not drive anything - clipped.
Block G11/UX37/U02/GND undriven or does not drive anything - clipped.
Block G11/UX37/U02/VCC undriven or does not drive anything - clipped.
Block G11/UX38/GND undriven or does not drive anything - clipped.
Block G11/UX38/VCC undriven or does not drive anything - clipped.
Block G11/UX38/U01/GND undriven or does not drive anything - clipped.

                                   Page 11




Design:  topgeneric01                                  Date:  05/08/19  10:33:36

Removed logic (cont)
--------------------
Block G11/UX38/U01/VCC undriven or does not drive anything - clipped.
Block G11/UX38/U01/U1/GND undriven or does not drive anything - clipped.
Block G11/UX38/U01/U1/VCC undriven or does not drive anything - clipped.
Block G11/UX38/U02/GND undriven or does not drive anything - clipped.
Block G11/UX38/U02/VCC undriven or does not drive anything - clipped.
Block G11/UX39/GND undriven or does not drive anything - clipped.
Block G11/UX39/VCC undriven or does not drive anything - clipped.
Block G11/UX39/U01/GND undriven or does not drive anything - clipped.
Block G11/UX39/U01/VCC undriven or does not drive anything - clipped.
Block G11/UX39/U01/U1/GND undriven or does not drive anything - clipped.
Block G11/UX39/U01/U1/VCC undriven or does not drive anything - clipped.
Block G11/UX39/U02/GND undriven or does not drive anything - clipped.
Block G11/UX39/U02/VCC undriven or does not drive anything - clipped.
Block G11/UX40/GND undriven or does not drive anything - clipped.
Block G11/UX40/VCC undriven or does not drive anything - clipped.
Block G11/UX40/U00/GND undriven or does not drive anything - clipped.
Block G11/UX40/U00/VCC undriven or does not drive anything - clipped.
Block G11/UX40/U00/U0/VCC undriven or does not drive anything - clipped.
Block G11/UX40/U00/U0/GND undriven or does not drive anything - clipped.
Block G11/UX40/U00/U1/VCC undriven or does not drive anything - clipped.
Block G11/UX40/U00/U1/GND undriven or does not drive anything - clipped.
Block G11/UX41/GND undriven or does not drive anything - clipped.
Block G11/UX41/VCC undriven or does not drive anything - clipped.
Block G11/UX41/U01/GND undriven or does not drive anything - clipped.
Block G11/UX41/U01/VCC undriven or does not drive anything - clipped.
Block G11/UX41/U01/U1/GND undriven or does not drive anything - clipped.
Block G11/UX41/U01/U1/VCC undriven or does not drive anything - clipped.
Block G11/UX41/U02/GND undriven or does not drive anything - clipped.
Block G11/UX41/U02/VCC undriven or does not drive anything - clipped.
Block G11/UX42/GND undriven or does not drive anything - clipped.
Block G11/UX42/VCC undriven or does not drive anything - clipped.
Block G11/UX42/U01/GND undriven or does not drive anything - clipped.
Block G11/UX42/U01/VCC undriven or does not drive anything - clipped.
Block G11/UX42/U01/U1/GND undriven or does not drive anything - clipped.
Block G11/UX42/U01/U1/VCC undriven or does not drive anything - clipped.
Block G11/UX42/U02/GND undriven or does not drive anything - clipped.
Block G11/UX42/U02/VCC undriven or does not drive anything - clipped.
Block G11/UX43/GND undriven or does not drive anything - clipped.
Block G11/UX43/VCC undriven or does not drive anything - clipped.
Block G11/UX43/U01/GND undriven or does not drive anything - clipped.
Block G11/UX43/U01/VCC undriven or does not drive anything - clipped.
Block G11/UX43/U01/U1/GND undriven or does not drive anything - clipped.
Block G11/UX43/U01/U1/VCC undriven or does not drive anything - clipped.
Block G11/UX43/U02/GND undriven or does not drive anything - clipped.
Block G11/UX43/U02/VCC undriven or does not drive anything - clipped.
Block G11/UX44/GND undriven or does not drive anything - clipped.
Block G11/UX44/VCC undriven or does not drive anything - clipped.
Block G11/UX44/U01/GND undriven or does not drive anything - clipped.
Block G11/UX44/U01/VCC undriven or does not drive anything - clipped.
Block G11/UX44/U01/U1/GND undriven or does not drive anything - clipped.
Block G11/UX44/U01/U1/VCC undriven or does not drive anything - clipped.
Block G11/UX44/U02/GND undriven or does not drive anything - clipped.
Block G11/UX44/U02/VCC undriven or does not drive anything - clipped.
Block G11/UX45/GND undriven or does not drive anything - clipped.
Block G11/UX45/VCC undriven or does not drive anything - clipped.
Block G11/UX45/U00/GND undriven or does not drive anything - clipped.

                                   Page 12




Design:  topgeneric01                                  Date:  05/08/19  10:33:36

Removed logic (cont)
--------------------
Block G11/UX45/U00/VCC undriven or does not drive anything - clipped.
Block G11/UX45/U00/U0/VCC undriven or does not drive anything - clipped.
Block G11/UX45/U00/U0/GND undriven or does not drive anything - clipped.
Block G11/UX45/U01/GND undriven or does not drive anything - clipped.
Block G11/UX45/U01/VCC undriven or does not drive anything - clipped.
Block G11/UX45/U01/U0/GND undriven or does not drive anything - clipped.
Block G11/UX45/U01/U0/VCC undriven or does not drive anything - clipped.
Block G11/UX45/U01/U1/GND undriven or does not drive anything - clipped.
Block G11/UX45/U01/U1/VCC undriven or does not drive anything - clipped.
Block G11/UX46/GND undriven or does not drive anything - clipped.
Block G11/UX46/VCC undriven or does not drive anything - clipped.
Block G11/UX46/U01/GND undriven or does not drive anything - clipped.
Block G11/UX46/U01/VCC undriven or does not drive anything - clipped.
Block G11/UX46/U01/U1/GND undriven or does not drive anything - clipped.
Block G11/UX46/U01/U1/VCC undriven or does not drive anything - clipped.
Block G11/UX46/U02/GND undriven or does not drive anything - clipped.
Block G11/UX46/U02/VCC undriven or does not drive anything - clipped.
Block G11/UX47/GND undriven or does not drive anything - clipped.
Block G11/UX47/VCC undriven or does not drive anything - clipped.
Block G11/UX47/U01/GND undriven or does not drive anything - clipped.
Block G11/UX47/U01/VCC undriven or does not drive anything - clipped.
Block G11/UX47/U01/U1/GND undriven or does not drive anything - clipped.
Block G11/UX47/U01/U1/VCC undriven or does not drive anything - clipped.
Block G11/UX47/U02/GND undriven or does not drive anything - clipped.
Block G11/UX47/U02/VCC undriven or does not drive anything - clipped.
Block G11/UX48/GND undriven or does not drive anything - clipped.
Block G11/UX48/VCC undriven or does not drive anything - clipped.
Block G11/UX48/U00/GND undriven or does not drive anything - clipped.
Block G11/UX48/U00/VCC undriven or does not drive anything - clipped.
Block G11/UX48/U00/U0/VCC undriven or does not drive anything - clipped.
Block G11/UX48/U00/U0/GND undriven or does not drive anything - clipped.
Block G11/UX48/U00/U1/VCC undriven or does not drive anything - clipped.
Block G11/UX48/U00/U1/GND undriven or does not drive anything - clipped.
Block G11/UX49/GND undriven or does not drive anything - clipped.
Block G11/UX49/VCC undriven or does not drive anything - clipped.
Block G11/UX49/U01/GND undriven or does not drive anything - clipped.
Block G11/UX49/U01/VCC undriven or does not drive anything - clipped.
Block G11/UX49/U01/U1/GND undriven or does not drive anything - clipped.
Block G11/UX49/U01/U1/VCC undriven or does not drive anything - clipped.
Block G11/UX49/U02/GND undriven or does not drive anything - clipped.
Block G11/UX49/U02/VCC undriven or does not drive anything - clipped.
Block G11/UX50/GND undriven or does not drive anything - clipped.
Block G11/UX50/VCC undriven or does not drive anything - clipped.
Block G11/UX50/U01/GND undriven or does not drive anything - clipped.
Block G11/UX50/U01/VCC undriven or does not drive anything - clipped.
Block G11/UX50/U01/U1/GND undriven or does not drive anything - clipped.
Block G11/UX50/U01/U1/VCC undriven or does not drive anything - clipped.
Block G11/UX50/U02/GND undriven or does not drive anything - clipped.
Block G11/UX50/U02/VCC undriven or does not drive anything - clipped.
Block G11/UX51/GND undriven or does not drive anything - clipped.
Block G11/UX51/VCC undriven or does not drive anything - clipped.
Block G11/UX51/U01/GND undriven or does not drive anything - clipped.
Block G11/UX51/U01/VCC undriven or does not drive anything - clipped.
Block G11/UX51/U01/U1/GND undriven or does not drive anything - clipped.
Block G11/UX51/U01/U1/VCC undriven or does not drive anything - clipped.
Block G11/UX51/U02/GND undriven or does not drive anything - clipped.

                                   Page 13




Design:  topgeneric01                                  Date:  05/08/19  10:33:36

Removed logic (cont)
--------------------
Block G11/UX51/U02/VCC undriven or does not drive anything - clipped.
Block G11/UX52/GND undriven or does not drive anything - clipped.
Block G11/UX52/VCC undriven or does not drive anything - clipped.
Block G11/UX52/U01/GND undriven or does not drive anything - clipped.
Block G11/UX52/U01/VCC undriven or does not drive anything - clipped.
Block G11/UX52/U01/U1/GND undriven or does not drive anything - clipped.
Block G11/UX52/U01/U1/VCC undriven or does not drive anything - clipped.
Block G11/UX52/U02/GND undriven or does not drive anything - clipped.
Block G11/UX52/U02/VCC undriven or does not drive anything - clipped.
Block G11/UX53/GND undriven or does not drive anything - clipped.
Block G11/UX53/VCC undriven or does not drive anything - clipped.
Block G11/UX53/U01/GND undriven or does not drive anything - clipped.
Block G11/UX53/U01/VCC undriven or does not drive anything - clipped.
Block G11/UX53/U01/U1/GND undriven or does not drive anything - clipped.
Block G11/UX53/U01/U1/VCC undriven or does not drive anything - clipped.
Block G11/UX53/U02/GND undriven or does not drive anything - clipped.
Block G11/UX53/U02/VCC undriven or does not drive anything - clipped.
Block G11/UX54/GND undriven or does not drive anything - clipped.
Block G11/UX54/VCC undriven or does not drive anything - clipped.
Block G11/UX54/U01/GND undriven or does not drive anything - clipped.
Block G11/UX54/U01/VCC undriven or does not drive anything - clipped.
Block G11/UX54/U01/U1/GND undriven or does not drive anything - clipped.
Block G11/UX54/U01/U1/VCC undriven or does not drive anything - clipped.
Block G11/UX54/U02/GND undriven or does not drive anything - clipped.
Block G11/UX54/U02/VCC undriven or does not drive anything - clipped.
Block G11/UX55/GND undriven or does not drive anything - clipped.
Block G11/UX55/VCC undriven or does not drive anything - clipped.
Block G11/UX55/U01/GND undriven or does not drive anything - clipped.
Block G11/UX55/U01/VCC undriven or does not drive anything - clipped.
Block G11/UX55/U01/U1/GND undriven or does not drive anything - clipped.
Block G11/UX55/U01/U1/VCC undriven or does not drive anything - clipped.
Block G11/UX55/U02/GND undriven or does not drive anything - clipped.
Block G11/UX55/U02/VCC undriven or does not drive anything - clipped.
Block G17/GND undriven or does not drive anything - clipped.
Block G17/VCC undriven or does not drive anything - clipped.
Block G16/GND undriven or does not drive anything - clipped.
Block G16/VCC undriven or does not drive anything - clipped.
Block G15/GND undriven or does not drive anything - clipped.
Block G15/VCC undriven or does not drive anything - clipped.
Block G14/GND undriven or does not drive anything - clipped.
Block G14/VCC undriven or does not drive anything - clipped.
Block G13/GND undriven or does not drive anything - clipped.
Block G13/VCC undriven or does not drive anything - clipped.
Block G12/GND undriven or does not drive anything - clipped.
Block G12/VCC undriven or does not drive anything - clipped.
Block G07/GND undriven or does not drive anything - clipped.
Block G07/VCC undriven or does not drive anything - clipped.
Block G06/GND undriven or does not drive anything - clipped.
Block G06/VCC undriven or does not drive anything - clipped.
Block G05/GND undriven or does not drive anything - clipped.
Block G05/VCC undriven or does not drive anything - clipped.
Block G04/GND undriven or does not drive anything - clipped.
Block G04/VCC undriven or does not drive anything - clipped.
Block G03/GND undriven or does not drive anything - clipped.
Block G03/VCC undriven or does not drive anything - clipped.
Block G02/GND undriven or does not drive anything - clipped.

                                   Page 14




Design:  topgeneric01                                  Date:  05/08/19  10:33:36

Removed logic (cont)
--------------------
Block G02/VCC undriven or does not drive anything - clipped.
Block G01/GND undriven or does not drive anything - clipped.
Block G01/VCC undriven or does not drive anything - clipped.
Block G10/GND undriven or does not drive anything - clipped.
Block G10/VCC undriven or does not drive anything - clipped.
Block G09/GND undriven or does not drive anything - clipped.
Block G09/VCC undriven or does not drive anything - clipped.
Signal G00/UD00/GND undriven or does not drive anything - clipped.
Signal G00/UD01/GND undriven or does not drive anything - clipped.
Signal VCC undriven or does not drive anything - clipped.
Signal GND undriven or does not drive anything - clipped.
Signal G00/UD00/OSCInst0_SEDSTDBY undriven or does not drive anything - clipped.
     
Signal G00/UD01/un1_sdiv_cry_19_0_COUT undriven or does not drive anything -
     clipped.
Signal G00/UD01/un1_sdiv_cry_0_0_S0 undriven or does not drive anything -
     clipped.
Signal G00/UD01/N_1 undriven or does not drive anything - clipped.
Block G00/UD00/GND was optimized away.
Block G00/UD01/GND was optimized away.

Memory Usage
------------


     

OSC Summary
-----------

OSC 1:                                     Pin/Node Value
  OSC Instance Name:                                G00/UD00/OSCInst0
  OSC Type:                                         OSCH
  STDBY Input:                                      NONE
  OSC Output:                              NODE     G00.sclk_0
  OSC Nominal Frequency (MHz):                      2.08

ASIC Components
---------------

Instance Name: G00/UD00/OSCInst0
         Type: OSCH

Run Time and Memory Usage
-------------------------

   Total CPU Time: 1 secs  
   Total REAL Time: 2 secs  
   Peak Memory Usage: 62 MB
        







                                   Page 15


Copyright (c) 1991-1994 by NeoCAD Inc. All rights reserved.
     Copyright (c) 1995 AT&T Corp.   All rights reserved.
     Copyright (c) 1995-2001 Lucent Technologies Inc.  All rights reserved.
     Copyright (c) 2001 Agere Systems   All rights reserved.
     Copyright (c) 2002-2017 Lattice Semiconductor Corporation,  All rights
     reserved.
