C:\Program Files\diamond\3.10_x64\synpbase\bin64\c_vhdl.exe  -osyn  "C:\Users\Valery Garibay\Desktop\NUEVOARQUI\practicas_Gelas\alu02\alu\synwork\alu02_alu_hdl_.srs"  -top  topalu01  -prodtype  synplify_pro  -dspmac -fixsmult -infer_seqShift -nram -sdff_counter -divnmod -nostructver  -encrypt  -pro  -dmgen  "C:\Users\Valery Garibay\Desktop\NUEVOARQUI\practicas_Gelas\alu02\alu\dm"  -lite -ui -fid2 -ram -sharing on -ll 2000 -autosm  -ignore_undefined_lib  -lib work "C:\Program Files\diamond\3.10_x64\cae_library\synthesis\vhdl\machxo2.vhd" -lib work "C:\Users\Valery Garibay\Desktop\NUEVOARQUI\practicas_Gelas\osc00VHDL\div00.vhdl" -lib work "C:\Users\Valery Garibay\Desktop\NUEVOARQUI\practicas_Gelas\osc00VHDL\osc00.vhdl" -lib work "C:\Users\Valery Garibay\Desktop\NUEVOARQUI\practicas_Gelas\osc00VHDL\packageosc00.vhdl" -lib work "C:\Users\Valery Garibay\Desktop\NUEVOARQUI\practicas_Gelas\osc00VHDL\toposc00.vhdl" -lib work "C:\Users\Valery Garibay\Desktop\NUEVOARQUI\practicas_Gelas\sum8bit00\and00.vhdl" -lib work "C:\Users\Valery Garibay\Desktop\NUEVOARQUI\practicas_Gelas\sum8bit00\or00.vhdl" -lib work "C:\Users\Valery Garibay\Desktop\NUEVOARQUI\practicas_Gelas\sum8bit00\packageha00.vhdl" -lib work "C:\Users\Valery Garibay\Desktop\NUEVOARQUI\practicas_Gelas\sum8bit00\packagefa00.vhdl" -lib work "C:\Users\Valery Garibay\Desktop\NUEVOARQUI\practicas_Gelas\sum8bit00\xor00.vhdl" -lib work "C:\Users\Valery Garibay\Desktop\NUEVOARQUI\practicas_Gelas\sum8bit00\xnor00.vhdl" -lib work "C:\Users\Valery Garibay\Desktop\NUEVOARQUI\practicas_Gelas\sum8bit00\ha00.vhdl" -lib work "C:\Users\Valery Garibay\Desktop\NUEVOARQUI\practicas_Gelas\sum8bit00\fa00.vhdl" -lib work "C:\Users\Valery Garibay\Desktop\NUEVOARQUI\practicas_Gelas\sum8bit00\packageadder8bit00.vhdl" -lib work "C:\Users\Valery Garibay\Desktop\NUEVOARQUI\practicas_Gelas\sum8bit00\topadder8bit00.vhdl" -lib work "C:\Users\Valery Garibay\Desktop\NUEVOARQUI\practicas_Gelas\multi8bit00\packagemult8bit00.vhdl" -lib work "C:\Users\Valery Garibay\Desktop\NUEVOARQUI\practicas_Gelas\multi8bit00\topmult8bit00.vhdl" -lib work "C:\Users\Valery Garibay\Desktop\NUEVOARQUI\practicas_Gelas\alu00\anda00.vhdl" -lib work "C:\Users\Valery Garibay\Desktop\NUEVOARQUI\practicas_Gelas\alu00\ora00.vhdl" -lib work "C:\Users\Valery Garibay\Desktop\NUEVOARQUI\practicas_Gelas\alu02\xoral00.vhdl" -lib work "C:\Users\Valery Garibay\Desktop\NUEVOARQUI\practicas_Gelas\alu02\notal00.vhdl" -lib work "C:\Users\Valery Garibay\Desktop\NUEVOARQUI\practicas_Gelas\alu02\nandal00.vhdl" -lib work "C:\Users\Valery Garibay\Desktop\NUEVOARQUI\practicas_Gelas\alu02\noral00.vhdl" -lib work "C:\Users\Valery Garibay\Desktop\NUEVOARQUI\practicas_Gelas\alu02\xnoral00.vhdl" -lib work "C:\Users\Valery Garibay\Desktop\NUEVOARQUI\practicas_Gelas\alu01\addal00.vhdl" -lib work "C:\Users\Valery Garibay\Desktop\NUEVOARQUI\practicas_Gelas\alu01\subsal00.vhdl" -lib work "C:\Users\Valery Garibay\Desktop\NUEVOARQUI\practicas_Gelas\alu02\acal00.vhdl" -lib work "C:\Users\Valery Garibay\Desktop\NUEVOARQUI\practicas_Gelas\alu02\packagealu01.vhdl" -lib work "C:\Users\Valery Garibay\Desktop\NUEVOARQUI\practicas_Gelas\alu02\topalu01.vhdl" -lib work "C:\Users\Valery Garibay\Desktop\NUEVOARQUI\practicas_Gelas\alu02\multal00.vhdl"  -log  "C:\Users\Valery Garibay\Desktop\NUEVOARQUI\practicas_Gelas\alu02\alu\syntax.log"  -fileorder  "C:\Users\Valery Garibay\Desktop\NUEVOARQUI\practicas_Gelas\alu02\alu\syntmp\hdlorder.tcl"  -jobname  "hdl_info_gen" 
relcom:..\..\..\..\..\..\..\..\Program Files\diamond\3.10_x64\synpbase\bin64\c_vhdl.exe -osyn "C:\Users\Valery Garibay\Desktop\NUEVOARQUI\practicas_Gelas\alu02\alu\synwork\alu02_alu_hdl_.srs" -top topalu01 -prodtype synplify_pro -dspmac -fixsmult -infer_seqShift -nram -sdff_counter -divnmod -nostructver -encrypt -pro -dmgen "C:\Users\Valery Garibay\Desktop\NUEVOARQUI\practicas_Gelas\alu02\alu\dm" -lite -ui -fid2 -ram -sharing on -ll 2000 -autosm -ignore_undefined_lib -lib work "C:\Program Files\diamond\3.10_x64\cae_library\synthesis\vhdl\machxo2.vhd" -lib work "C:\Users\Valery Garibay\Desktop\NUEVOARQUI\practicas_Gelas\osc00VHDL\div00.vhdl" -lib work "C:\Users\Valery Garibay\Desktop\NUEVOARQUI\practicas_Gelas\osc00VHDL\osc00.vhdl" -lib work "C:\Users\Valery Garibay\Desktop\NUEVOARQUI\practicas_Gelas\osc00VHDL\packageosc00.vhdl" -lib work "C:\Users\Valery Garibay\Desktop\NUEVOARQUI\practicas_Gelas\osc00VHDL\toposc00.vhdl" -lib work "C:\Users\Valery Garibay\Desktop\NUEVOARQUI\practicas_Gelas\sum8bit00\and00.vhdl" -lib work "C:\Users\Valery Garibay\Desktop\NUEVOARQUI\practicas_Gelas\sum8bit00\or00.vhdl" -lib work "C:\Users\Valery Garibay\Desktop\NUEVOARQUI\practicas_Gelas\sum8bit00\packageha00.vhdl" -lib work "C:\Users\Valery Garibay\Desktop\NUEVOARQUI\practicas_Gelas\sum8bit00\packagefa00.vhdl" -lib work "C:\Users\Valery Garibay\Desktop\NUEVOARQUI\practicas_Gelas\sum8bit00\xor00.vhdl" -lib work "C:\Users\Valery Garibay\Desktop\NUEVOARQUI\practicas_Gelas\sum8bit00\xnor00.vhdl" -lib work "C:\Users\Valery Garibay\Desktop\NUEVOARQUI\practicas_Gelas\sum8bit00\ha00.vhdl" -lib work "C:\Users\Valery Garibay\Desktop\NUEVOARQUI\practicas_Gelas\sum8bit00\fa00.vhdl" -lib work "C:\Users\Valery Garibay\Desktop\NUEVOARQUI\practicas_Gelas\sum8bit00\packageadder8bit00.vhdl" -lib work "C:\Users\Valery Garibay\Desktop\NUEVOARQUI\practicas_Gelas\sum8bit00\topadder8bit00.vhdl" -lib work "C:\Users\Valery Garibay\Desktop\NUEVOARQUI\practicas_Gelas\multi8bit00\packagemult8bit00.vhdl" -lib work "C:\Users\Valery Garibay\Desktop\NUEVOARQUI\practicas_Gelas\multi8bit00\topmult8bit00.vhdl" -lib work "C:\Users\Valery Garibay\Desktop\NUEVOARQUI\practicas_Gelas\alu00\anda00.vhdl" -lib work "C:\Users\Valery Garibay\Desktop\NUEVOARQUI\practicas_Gelas\alu00\ora00.vhdl" -lib work "C:\Users\Valery Garibay\Desktop\NUEVOARQUI\practicas_Gelas\alu02\xoral00.vhdl" -lib work "C:\Users\Valery Garibay\Desktop\NUEVOARQUI\practicas_Gelas\alu02\notal00.vhdl" -lib work "C:\Users\Valery Garibay\Desktop\NUEVOARQUI\practicas_Gelas\alu02\nandal00.vhdl" -lib work "C:\Users\Valery Garibay\Desktop\NUEVOARQUI\practicas_Gelas\alu02\noral00.vhdl" -lib work "C:\Users\Valery Garibay\Desktop\NUEVOARQUI\practicas_Gelas\alu02\xnoral00.vhdl" -lib work "C:\Users\Valery Garibay\Desktop\NUEVOARQUI\practicas_Gelas\alu01\addal00.vhdl" -lib work "C:\Users\Valery Garibay\Desktop\NUEVOARQUI\practicas_Gelas\alu01\subsal00.vhdl" -lib work "C:\Users\Valery Garibay\Desktop\NUEVOARQUI\practicas_Gelas\alu02\acal00.vhdl" -lib work "C:\Users\Valery Garibay\Desktop\NUEVOARQUI\practicas_Gelas\alu02\packagealu01.vhdl" -lib work "C:\Users\Valery Garibay\Desktop\NUEVOARQUI\practicas_Gelas\alu02\topalu01.vhdl" -lib work "C:\Users\Valery Garibay\Desktop\NUEVOARQUI\practicas_Gelas\alu02\multal00.vhdl" -log "C:\Users\Valery Garibay\Desktop\NUEVOARQUI\practicas_Gelas\alu02\alu\syntax.log" -fileorder "C:\Users\Valery Garibay\Desktop\NUEVOARQUI\practicas_Gelas\alu02\alu\syntmp\hdlorder.tcl" -jobname "hdl_info_gen"
rc:0 success:1 runtime:0
file:..\synwork\alu02_alu_hdl_.srs|io:o|time:0|size:0|exec:0|csum:
file:..\..\..\..\..\..\..\..\Program Files\diamond\3.10_x64\cae_library\synthesis\vhdl\machxo2.vhd|io:i|time:1493331104|size:73964|exec:0|csum:CFF92E93E4FE354031DBB4E0E47DD4A6
file:..\..\..\osc00VHDL\div00.vhdl|io:i|time:1520349504|size:2199|exec:0|csum:E6CAF02E2D65A26E7D44E02A954477DE
file:..\..\..\osc00VHDL\osc00.vhdl|io:i|time:1520348576|size:509|exec:0|csum:52FA8B1858CC10A6F1BAC84382475755
file:..\..\..\osc00VHDL\packageosc00.vhdl|io:i|time:1520349518|size:398|exec:0|csum:3BB5632FFAC3B5BFB197A3D4EA8A04D5
file:..\..\..\osc00VHDL\toposc00.vhdl|io:i|time:1520349706|size:515|exec:0|csum:BE8F543B892BE4EFB5915CFA0AB04830
file:..\..\..\sum8bit00\and00.vhdl|io:i|time:1520487266|size:252|exec:0|csum:CE43BA1FE4A4B17135ACF0DE35754BBD
file:..\..\..\sum8bit00\or00.vhdl|io:i|time:1520487362|size:246|exec:0|csum:46E86A089696726428FED4E993C4FBBE
file:..\..\..\sum8bit00\packageha00.vhdl|io:i|time:1520487362|size:364|exec:0|csum:6513096A8E54DC496ED5A768FB3EC37D
file:..\..\..\sum8bit00\packagefa00.vhdl|io:i|time:1520487444|size:381|exec:0|csum:E1836184CC2406BDB9D8D9EE23007843
file:..\..\..\sum8bit00\xor00.vhdl|io:i|time:1520487242|size:254|exec:0|csum:CD31EA5D83585A409AADC3BD2B223FD5
file:..\..\..\sum8bit00\xnor00.vhdl|io:i|time:1520487444|size:264|exec:0|csum:287FD4497877E4AAF28324F031AA567F
file:..\..\..\sum8bit00\ha00.vhdl|io:i|time:1520487362|size:471|exec:0|csum:1E4F834302EF7F672B099DD86D059CC0
file:..\..\..\sum8bit00\fa00.vhdl|io:i|time:1529455290|size:684|exec:0|csum:0E5C23EF50B7F471BE9D8022FE25F868
file:..\..\..\sum8bit00\packageadder8bit00.vhdl|io:i|time:1520488238|size:671|exec:0|csum:997EB4B716B22D800D244FEE06CBA099
file:..\..\..\sum8bit00\topadder8bit00.vhdl|io:i|time:1520488280|size:3598|exec:0|csum:2784CDE5B519F478B9E388F79CF4AB00
file:..\..\..\multi8bit00\packagemult8bit00.vhdl|io:i|time:1521329830|size:388|exec:0|csum:04B1BE6FE35549E291FA4641EAC94C6C
file:..\..\..\multi8bit00\topmult8bit00.vhdl|io:i|time:1521559908|size:14477|exec:0|csum:5E9BEFA4227D5293AF89E1917B18D505
file:..\..\..\alu00\anda00.vhdl|io:i|time:1529421230|size:984|exec:0|csum:B4122D2B543C0062B5A730A5F2AA252B
file:..\..\..\alu00\ora00.vhdl|io:i|time:1529421214|size:974|exec:0|csum:BEA0EDA15E24AB70193B32BC91456BFE
file:..\..\xoral00.vhdl|io:i|time:1529458702|size:1009|exec:0|csum:6E1D622B641F5E4C445323F4591DAA9D
file:..\..\notal00.vhdl|io:i|time:1529456144|size:998|exec:0|csum:37DDEA5D3BB56AF5EED2D5FB0E407117
file:..\..\nandal00.vhdl|io:i|time:1529456752|size:1035|exec:0|csum:744CC8DC546C895FA5106461C415A557
file:..\..\noral00.vhdl|io:i|time:1529456752|size:1007|exec:0|csum:9EC7418BD9A8E2FEBFC720F057F7941B
file:..\..\xnoral00.vhdl|io:i|time:1529456984|size:1035|exec:0|csum:E242E14B39F8F1F1955EACAB3B18829E
file:..\..\..\alu01\addal00.vhdl|io:i|time:1529421178|size:1132|exec:0|csum:510F82E2426F29A1120D94EF5900059F
file:..\..\..\alu01\subsal00.vhdl|io:i|time:1529421178|size:1115|exec:0|csum:0EC9DA1B32E73394A10C2E7B95764110
file:..\..\acal00.vhdl|io:i|time:1529417652|size:767|exec:0|csum:83C232ABFCB8637707CE6A03364AF167
file:..\..\packagealu01.vhdl|io:i|time:1529458992|size:3885|exec:0|csum:93C5BCB85E0E6F4E1F5D24EAE5C67408
file:..\..\topalu01.vhdl|io:i|time:1529459162|size:3731|exec:0|csum:A4BF4EF0D0D3C28DBD543527B5142F78
file:..\..\multal00.vhdl|io:i|time:1529459382|size:0|exec:0|csum:D41D8CD98F00B204E9800998ECF8427E
file:..\syntax.log|io:o|time:1556820164|size:1151|exec:0|csum:
file:..\..\..\..\..\..\..\..\Program Files\diamond\3.10_x64\synpbase\bin64\c_vhdl.exe|io:i|time:1501913710|size:5913600|exec:1|csum:93E5DE52AE488E4DC33E43C149B8DA6C
