Running in Lattice mode

Starting:    C:\lscc\diamond\3.10_x64\synpbase\bin64\mbin\synbatch.exe
Install:     C:\lscc\diamond\3.10_x64\synpbase
Hostname:    LAPTOP-ONJC2QMR
Date:        Tue Sep 18 10:49:46 2018
Version:     M-2017.03L-SP1-1

Arguments:   -product synplify_pro -batch adder8bit00_adder8bit_synplify.tcl
ProductType: synplify_pro




log file: "C:\Users\James\Documents\ESCOM_SEMESTRE_6\3CM2_ARQUITECTURA\Project3CM2MachX02\adder8bit00\adder8bit\adder8bit00_adder8bit.srr"
Running: hdl_info_gen in foreground

Generating HDL info...

hdl_info_gen completed
# Tue Sep 18 10:49:49 2018

Return Code: 0
Run Time:00h:00m:02s
log file: "C:\Users\James\Documents\ESCOM_SEMESTRE_6\3CM2_ARQUITECTURA\Project3CM2MachX02\adder8bit00\adder8bit\adder8bit00_adder8bit.srr"
Running: adder8bit in foreground

Running proj_1|adder8bit

Running: compile (Compile) on proj_1|adder8bit
# Tue Sep 18 10:49:50 2018

Running: compile_flow (Compile Process) on proj_1|adder8bit
# Tue Sep 18 10:49:50 2018

Running: compiler (Compile Input) on proj_1|adder8bit
# Tue Sep 18 10:49:50 2018
Copied C:\Users\James\Documents\ESCOM_SEMESTRE_6\3CM2_ARQUITECTURA\Project3CM2MachX02\adder8bit00\adder8bit\synwork\adder8bit00_adder8bit_comp.srs to C:\Users\James\Documents\ESCOM_SEMESTRE_6\3CM2_ARQUITECTURA\Project3CM2MachX02\adder8bit00\adder8bit\adder8bit00_adder8bit.srs

compiler completed
# Tue Sep 18 10:49:53 2018

Return Code: 0
Run Time:00h:00m:03s

Running: multi_srs_gen (Multi-srs Generator) on proj_1|adder8bit
# Tue Sep 18 10:49:53 2018

multi_srs_gen completed
# Tue Sep 18 10:49:54 2018

Return Code: 0
Run Time:00h:00m:01s
Copied C:\Users\James\Documents\ESCOM_SEMESTRE_6\3CM2_ARQUITECTURA\Project3CM2MachX02\adder8bit00\adder8bit\synwork\adder8bit00_adder8bit_mult.srs to C:\Users\James\Documents\ESCOM_SEMESTRE_6\3CM2_ARQUITECTURA\Project3CM2MachX02\adder8bit00\adder8bit\adder8bit00_adder8bit.srs
Copied C:\Users\James\Documents\ESCOM_SEMESTRE_6\3CM2_ARQUITECTURA\Project3CM2MachX02\adder8bit00\adder8bit\adder8bit00_adder8bit.srr to C:\Users\James\Documents\ESCOM_SEMESTRE_6\3CM2_ARQUITECTURA\Project3CM2MachX02\adder8bit00\adder8bit\adder8bit00_adder8bit.srf
Complete: Compile Process on proj_1|adder8bit

Running: premap (Pre-mapping) on proj_1|adder8bit
# Tue Sep 18 10:49:54 2018

premap completed
# Tue Sep 18 10:49:57 2018

Return Code: 0
Run Time:00h:00m:03s
Complete: Compile on proj_1|adder8bit

Running: map (Map) on proj_1|adder8bit
# Tue Sep 18 10:49:57 2018
License granted for 4 parallel jobs

Running: fpga_mapper (Map & Optimize) on proj_1|adder8bit
# Tue Sep 18 10:49:57 2018
Copied C:\Users\James\Documents\ESCOM_SEMESTRE_6\3CM2_ARQUITECTURA\Project3CM2MachX02\adder8bit00\adder8bit\synwork\adder8bit00_adder8bit_m.srm to C:\Users\James\Documents\ESCOM_SEMESTRE_6\3CM2_ARQUITECTURA\Project3CM2MachX02\adder8bit00\adder8bit\adder8bit00_adder8bit.srm

fpga_mapper completed
# Tue Sep 18 10:50:00 2018

Return Code: 0
Run Time:00h:00m:03s
Complete: Map on proj_1|adder8bit
Copied C:\Users\James\Documents\ESCOM_SEMESTRE_6\3CM2_ARQUITECTURA\Project3CM2MachX02\adder8bit00\adder8bit\adder8bit00_adder8bit.srr to C:\Users\James\Documents\ESCOM_SEMESTRE_6\3CM2_ARQUITECTURA\Project3CM2MachX02\adder8bit00\adder8bit\adder8bit00_adder8bit.srf
Complete: Logic Synthesis on proj_1|adder8bit
TCL script complete: "adder8bit00_adder8bit_synplify.tcl"
exit status=0
exit status=0
Save changes for project:
C:\Users\James\Documents\ESCOM_SEMESTRE_6\3CM2_ARQUITECTURA\Project3CM2MachX02\adder8bit00\adder8bit\proj_1.prj
batch mode default:no
