Running in Lattice mode

Starting:    C:\lscc\diamond\3.10_x64\synpbase\bin64\mbin\synbatch.exe
Install:     C:\lscc\diamond\3.10_x64\synpbase
Hostname:    LAPTOP-ONJC2QMR
Date:        Thu Aug 16 17:19:41 2018
Version:     M-2017.03L-SP1-1

Arguments:   -product synplify_pro -batch and00_and00_synplify.tcl
ProductType: synplify_pro




log file: "C:\Users\James\Documents\ESCOM_SEMESTRE_6\3CM2_ARQUITECTURA\Project3CM2MachX02\and00\and00\and00_and00.srr"
Running: hdl_info_gen in foreground

Generating HDL info...

hdl_info_gen completed
# Thu Aug 16 17:20:03 2018

Return Code: 0
Run Time:00h:00m:22s
Copied C:\Users\James\Documents\ESCOM_SEMESTRE_6\3CM2_ARQUITECTURA\Project3CM2MachX02\and00\and00\and00_and00.srr to C:\Users\James\Documents\ESCOM_SEMESTRE_6\3CM2_ARQUITECTURA\Project3CM2MachX02\and00\and00\and00_and00.srf
log file: "C:\Users\James\Documents\ESCOM_SEMESTRE_6\3CM2_ARQUITECTURA\Project3CM2MachX02\and00\and00\and00_and00.srr"
Running: and00 in foreground

Running proj_1|and00

Running: compile (Compile) on proj_1|and00
# Thu Aug 16 17:20:23 2018

Running: compile_flow (Compile Process) on proj_1|and00
# Thu Aug 16 17:20:23 2018

Running: compiler (Compile Input) on proj_1|and00
# Thu Aug 16 17:20:23 2018
Copied C:\Users\James\Documents\ESCOM_SEMESTRE_6\3CM2_ARQUITECTURA\Project3CM2MachX02\and00\and00\synwork\and00_and00_comp.srs to C:\Users\James\Documents\ESCOM_SEMESTRE_6\3CM2_ARQUITECTURA\Project3CM2MachX02\and00\and00\and00_and00.srs

compiler completed
# Thu Aug 16 17:20:26 2018

Return Code: 0
Run Time:00h:00m:03s

Running: multi_srs_gen (Multi-srs Generator) on proj_1|and00
# Thu Aug 16 17:20:26 2018

multi_srs_gen completed
# Thu Aug 16 17:20:27 2018

Return Code: 0
Run Time:00h:00m:01s
Copied C:\Users\James\Documents\ESCOM_SEMESTRE_6\3CM2_ARQUITECTURA\Project3CM2MachX02\and00\and00\synwork\and00_and00_mult.srs to C:\Users\James\Documents\ESCOM_SEMESTRE_6\3CM2_ARQUITECTURA\Project3CM2MachX02\and00\and00\and00_and00.srs
Copied C:\Users\James\Documents\ESCOM_SEMESTRE_6\3CM2_ARQUITECTURA\Project3CM2MachX02\and00\and00\and00_and00.srr to C:\Users\James\Documents\ESCOM_SEMESTRE_6\3CM2_ARQUITECTURA\Project3CM2MachX02\and00\and00\and00_and00.srf
Complete: Compile Process on proj_1|and00

Running: premap (Pre-mapping) on proj_1|and00
# Thu Aug 16 17:20:27 2018

premap completed
# Thu Aug 16 17:20:30 2018

Return Code: 0
Run Time:00h:00m:03s
Complete: Compile on proj_1|and00

Running: map (Map) on proj_1|and00
# Thu Aug 16 17:20:30 2018
License granted for 4 parallel jobs

Running: fpga_mapper (Map & Optimize) on proj_1|and00
# Thu Aug 16 17:20:30 2018
Copied C:\Users\James\Documents\ESCOM_SEMESTRE_6\3CM2_ARQUITECTURA\Project3CM2MachX02\and00\and00\synwork\and00_and00_m.srm to C:\Users\James\Documents\ESCOM_SEMESTRE_6\3CM2_ARQUITECTURA\Project3CM2MachX02\and00\and00\and00_and00.srm

fpga_mapper completed
# Thu Aug 16 17:20:35 2018

Return Code: 0
Run Time:00h:00m:05s
Complete: Map on proj_1|and00
Copied C:\Users\James\Documents\ESCOM_SEMESTRE_6\3CM2_ARQUITECTURA\Project3CM2MachX02\and00\and00\and00_and00.srr to C:\Users\James\Documents\ESCOM_SEMESTRE_6\3CM2_ARQUITECTURA\Project3CM2MachX02\and00\and00\and00_and00.srf
Complete: Logic Synthesis on proj_1|and00
TCL script complete: "and00_and00_synplify.tcl"
exit status=0
exit status=0
Save changes for project:
C:\Users\James\Documents\ESCOM_SEMESTRE_6\3CM2_ARQUITECTURA\Project3CM2MachX02\and00\and00\proj_1.prj
batch mode default:no
