
synpwrap -msg -prj "generic02_generic02_synplify.tcl" -log "generic02_generic02.srf"
Copyright (C) 1992-2017 Lattice Semiconductor Corporation. All rights reserved.
Lattice Diamond Version 3.10.0.111.2
    <postMsg mid="2011000" type="Info"    dynamic="0" navigation="0"  />

==contents of generic02_generic02.srf
#Build: Synplify Pro (R) M-2017.03L-SP1-1, Build 086R, Aug  4 2017
#install: C:\Program Files\diamond\3.10_x64\synpbase
#OS: Windows 8 6.2
#Hostname: DESKTOP-JBP5BT2

# Thu May  2 13:11:16 2019

#Implementation: generic02

Synopsys HDL Compiler, version comp2017q2p1, Build 190R, built Aug  4 2017
@N|Running in 64-bit mode
Copyright (C) 1994-2017 Synopsys, Inc. This Synopsys software and all associated documentation are proprietary to Synopsys, Inc. and may only be used pursuant to the terms and conditions of a written license agreement with Synopsys, Inc. All other use, reproduction, modification, or distribution of the Synopsys software or the associated documentation is strictly prohibited.

Synopsys VHDL Compiler, version comp2017q2p1, Build 190R, built Aug  4 2017
@N|Running in 64-bit mode
Copyright (C) 1994-2017 Synopsys, Inc. This Synopsys software and all associated documentation are proprietary to Synopsys, Inc. and may only be used pursuant to the terms and conditions of a written license agreement with Synopsys, Inc. All other use, reproduction, modification, or distribution of the Synopsys software or the associated documentation is strictly prohibited.

@N: CD720 :"C:\Program Files\diamond\3.10_x64\synpbase\lib\vhd\std.vhd":123:18:123:21|Setting time resolution to ps
@N:"C:\Users\Valery Garibay\Desktop\NUEVOARQUI\ALLUU01\ALLUU01\ALU01\generic02\source\topgeneric01.vhdl":9:7:9:18|Top entity is set to topgeneric01.
Options changed - recompiling
VHDL syntax check successful!
Options changed - recompiling
@N: CD630 :"C:\Users\Valery Garibay\Desktop\NUEVOARQUI\ALLUU01\ALLUU01\ALU01\generic02\source\topgeneric01.vhdl":9:7:9:18|Synthesizing work.topgeneric01.topgeneric0.
@W: CD277 :"C:\Users\Valery Garibay\Desktop\NUEVOARQUI\ALLUU01\ALLUU01\ALU01\generic02\source\packagegeneric01.vhdl":192:4:192:11|Port direction mismatch between component and entity
@W: CD277 :"C:\Users\Valery Garibay\Desktop\NUEVOARQUI\ALLUU01\ALLUU01\ALU01\generic02\source\packagegeneric01.vhdl":195:7:195:15|Port direction mismatch between component and entity
@W: CD638 :"C:\Users\Valery Garibay\Desktop\NUEVOARQUI\ALLUU01\ALLUU01\ALU01\generic02\source\topgeneric01.vhdl":26:7:26:11|Signal spaad is undriven. Either assign the signal a value or remove the signal declaration.
@W: CD638 :"C:\Users\Valery Garibay\Desktop\NUEVOARQUI\ALLUU01\ALLUU01\ALU01\generic02\source\topgeneric01.vhdl":26:14:26:18|Signal spasb is undriven. Either assign the signal a value or remove the signal declaration.
@W: CD638 :"C:\Users\Valery Garibay\Desktop\NUEVOARQUI\ALLUU01\ALLUU01\ALU01\generic02\source\topgeneric01.vhdl":26:21:26:25|Signal spbad is undriven. Either assign the signal a value or remove the signal declaration.
@W: CD638 :"C:\Users\Valery Garibay\Desktop\NUEVOARQUI\ALLUU01\ALLUU01\ALU01\generic02\source\topgeneric01.vhdl":26:28:26:32|Signal spbsb is undriven. Either assign the signal a value or remove the signal declaration.
@W: CD638 :"C:\Users\Valery Garibay\Desktop\NUEVOARQUI\ALLUU01\ALLUU01\ALU01\generic02\source\topgeneric01.vhdl":27:16:27:22|Signal soutssb is undriven. Either assign the signal a value or remove the signal declaration.
@W: CD638 :"C:\Users\Valery Garibay\Desktop\NUEVOARQUI\ALLUU01\ALLUU01\ALU01\generic02\source\topgeneric01.vhdl":29:15:29:20|Signal sledsb is undriven. Either assign the signal a value or remove the signal declaration.
@W: CD638 :"C:\Users\Valery Garibay\Desktop\NUEVOARQUI\ALLUU01\ALLUU01\ALU01\generic02\source\topgeneric01.vhdl":29:23:29:27|Signal sslad is undriven. Either assign the signal a value or remove the signal declaration.
@W: CD638 :"C:\Users\Valery Garibay\Desktop\NUEVOARQUI\ALLUU01\ALLUU01\ALU01\generic02\source\topgeneric01.vhdl":29:30:29:34|Signal sslsb is undriven. Either assign the signal a value or remove the signal declaration.
@N: CD630 :"C:\Users\Valery Garibay\Desktop\NUEVOARQUI\ALLUU01\ALLUU01\ALU01\generic02\source\ucg01.vhdl":8:7:8:11|Synthesizing work.ucg01.ucg0.
Post processing for work.ucg01.ucg0
@N: CD630 :"C:\Users\Valery Garibay\Desktop\NUEVOARQUI\ALLUU01\ALLUU01\ALU01\rotR00.vhdl":9:7:9:12|Synthesizing work.rotr00.rotr0.
Post processing for work.rotr00.rotr0
@W: CL169 :"C:\Users\Valery Garibay\Desktop\NUEVOARQUI\ALLUU01\ALLUU01\ALU01\rotR00.vhdl":25:4:25:5|Pruning unused register outFlagrr_cl_7. Make sure that there are no unused intermediate registers.
@N: CD630 :"C:\Users\Valery Garibay\Desktop\NUEVOARQUI\ALLUU01\ALLUU01\ALU01\rotL00.vhdl":9:7:9:12|Synthesizing work.rotl00.rotl0.
Post processing for work.rotl00.rotl0
@W: CL169 :"C:\Users\Valery Garibay\Desktop\NUEVOARQUI\ALLUU01\ALLUU01\ALU01\rotL00.vhdl":25:4:25:5|Pruning unused register outFlagrl_cl_7. Make sure that there are no unused intermediate registers.
@N: CD630 :"C:\Users\Valery Garibay\Desktop\NUEVOARQUI\ALLUU01\ALLUU01\ALU01\ShiftR00.vhdl":9:7:9:14|Synthesizing work.shiftr00.shiftr0.
Post processing for work.shiftr00.shiftr0
@W: CL169 :"C:\Users\Valery Garibay\Desktop\NUEVOARQUI\ALLUU01\ALLUU01\ALU01\ShiftR00.vhdl":25:4:25:5|Pruning unused register outFlagsr_cl_7. Make sure that there are no unused intermediate registers.
@N: CD630 :"C:\Users\Valery Garibay\Desktop\NUEVOARQUI\ALLUU01\ALLUU01\ALU01\ShiftL00.vhdl":9:7:9:14|Synthesizing work.shiftl00.shiftl0.
Post processing for work.shiftl00.shiftl0
@W: CL169 :"C:\Users\Valery Garibay\Desktop\NUEVOARQUI\ALLUU01\ALLUU01\ALU01\ShiftL00.vhdl":25:4:25:5|Pruning unused register outFlagsl_cl_7. Make sure that there are no unused intermediate registers.
@N: CD630 :"C:\Users\Valery Garibay\Desktop\NUEVOARQUI\ALLUU01\ALLUU01\ALU01\generic02\source\multg01.vhdl":8:7:8:13|Synthesizing work.multg01.multg0.
Post processing for work.multg01.multg0
@W: CL169 :"C:\Users\Valery Garibay\Desktop\NUEVOARQUI\ALLUU01\ALLUU01\ALU01\generic02\source\multg01.vhdl":23:3:23:4|Pruning unused register outFlagmult_cl_6. Make sure that there are no unused intermediate registers.
@N: CD630 :"C:\Users\Valery Garibay\Desktop\NUEVOARQUI\ALLUU01\ALLUU01\ALU01\generic02\source\topmult4bit00.vhdl":9:7:9:19|Synthesizing work.topmult4bit00.topmult4bit0.
@N: CD630 :"C:\Users\Valery Garibay\Desktop\NUEVOARQUI\ALLUU01\ALLUU01\ALU01\generic02\source\topfa00.vhdl":11:7:11:13|Synthesizing work.topfa00.topfa0.
@N: CD630 :"C:\Users\Valery Garibay\Desktop\NUEVOARQUI\ALLUU01\ALLUU01\ALU01\generic02\source\or00.vhdl":10:7:10:10|Synthesizing work.or00.or0.
Post processing for work.or00.or0
@N: CD630 :"C:\Users\Valery Garibay\Desktop\NUEVOARQUI\ALLUU01\ALLUU01\ALU01\generic02\source\topha00.vhdl":11:7:11:13|Synthesizing work.topha00.topha0.
@N: CD630 :"C:\Users\Valery Garibay\Desktop\NUEVOARQUI\ALLUU01\ALLUU01\ALU01\generic02\source\xor00.vhdl":10:7:10:11|Synthesizing work.xor00.xor0.
Post processing for work.xor00.xor0
@N: CD630 :"C:\Users\Valery Garibay\Desktop\NUEVOARQUI\ALLUU01\ALLUU01\ALU01\generic02\source\and00.vhdl":10:7:10:11|Synthesizing work.and00.and0.
Post processing for work.and00.and0
Post processing for work.topha00.topha0
Post processing for work.topfa00.topfa0
Post processing for work.topmult4bit00.topmult4bit0
@N: CD630 :"C:\Users\Valery Garibay\Desktop\NUEVOARQUI\ALLUU01\ALLUU01\ALU01\generic02\source\subg01.vhdl":8:7:8:12|Synthesizing work.subg01.subg0.
Post processing for work.subg01.subg0
@W: CL169 :"C:\Users\Valery Garibay\Desktop\NUEVOARQUI\ALLUU01\ALLUU01\ALU01\generic02\source\subg01.vhdl":26:3:26:4|Pruning unused register outFlagsb_cl_6. Make sure that there are no unused intermediate registers.
@N: CD630 :"C:\Users\Valery Garibay\Desktop\NUEVOARQUI\ALLUU01\ALLUU01\ALU01\generic02\source\addg01.vhdl":8:7:8:12|Synthesizing work.addg01.addg0.
Post processing for work.addg01.addg0
@W: CL169 :"C:\Users\Valery Garibay\Desktop\NUEVOARQUI\ALLUU01\ALLUU01\ALU01\generic02\source\addg01.vhdl":26:3:26:4|Pruning unused register outFlagad_cl_6. Make sure that there are no unused intermediate registers.
@N: CD630 :"C:\Users\Valery Garibay\Desktop\NUEVOARQUI\ALLUU01\ALLUU01\ALU01\generic02\source\topadder00.vhdl":13:7:13:16|Synthesizing work.topadder00.topadder0.
@N: CD630 :"C:\Users\Valery Garibay\Desktop\NUEVOARQUI\ALLUU01\ALLUU01\ALU01\generic02\source\nxor00.vhdl":10:7:10:12|Synthesizing work.nxor00.nxor0.
Post processing for work.nxor00.nxor0
Post processing for work.topadder00.topadder0
@N: CD630 :"C:\Users\Valery Garibay\Desktop\NUEVOARQUI\ALLUU01\ALLUU01\ALU01\generic02\source\xnorg01.vhdl":8:7:8:13|Synthesizing work.xnorg01.xnorg0.
Post processing for work.xnorg01.xnorg0
@W: CL169 :"C:\Users\Valery Garibay\Desktop\NUEVOARQUI\ALLUU01\ALLUU01\ALU01\generic02\source\xnorg01.vhdl":24:4:24:5|Pruning unused register outFlagxn_cl_7. Make sure that there are no unused intermediate registers.
@N: CD630 :"C:\Users\Valery Garibay\Desktop\NUEVOARQUI\ALLUU01\ALLUU01\ALU01\generic02\source\norg01.vhdl":8:7:8:12|Synthesizing work.norg01.norg0.
Post processing for work.norg01.norg0
@W: CL169 :"C:\Users\Valery Garibay\Desktop\NUEVOARQUI\ALLUU01\ALLUU01\ALU01\generic02\source\norg01.vhdl":24:4:24:5|Pruning unused register outFlagno_cl_7. Make sure that there are no unused intermediate registers.
@N: CD630 :"C:\Users\Valery Garibay\Desktop\NUEVOARQUI\ALLUU01\ALLUU01\ALU01\generic02\source\nandg01.vhdl":8:7:8:13|Synthesizing work.nandg01.nandg0.
Post processing for work.nandg01.nandg0
@W: CL169 :"C:\Users\Valery Garibay\Desktop\NUEVOARQUI\ALLUU01\ALLUU01\ALU01\generic02\source\nandg01.vhdl":24:4:24:5|Pruning unused register outFlagna_cl_7. Make sure that there are no unused intermediate registers.
@N: CD630 :"C:\Users\Valery Garibay\Desktop\NUEVOARQUI\ALLUU01\ALLUU01\ALU01\generic02\source\notg01.vhdl":8:7:8:12|Synthesizing work.notg01.notg0.
Post processing for work.notg01.notg0
@W: CL169 :"C:\Users\Valery Garibay\Desktop\NUEVOARQUI\ALLUU01\ALLUU01\ALU01\generic02\source\notg01.vhdl":23:4:23:5|Pruning unused register outFlagn_cl_7. Make sure that there are no unused intermediate registers.
@N: CD630 :"C:\Users\Valery Garibay\Desktop\NUEVOARQUI\ALLUU01\ALLUU01\ALU01\generic02\source\xorg01.vhdl":8:7:8:12|Synthesizing work.xorg01.xorg01.
Post processing for work.xorg01.xorg01
@W: CL169 :"C:\Users\Valery Garibay\Desktop\NUEVOARQUI\ALLUU01\ALLUU01\ALU01\generic02\source\xorg01.vhdl":24:4:24:5|Pruning unused register outFlagx_cl_7. Make sure that there are no unused intermediate registers.
@N: CD630 :"C:\Users\Valery Garibay\Desktop\NUEVOARQUI\ALLUU01\ALLUU01\ALU01\generic02\source\org01.vhdl":8:7:8:11|Synthesizing work.org01.org0.
Post processing for work.org01.org0
@W: CL169 :"C:\Users\Valery Garibay\Desktop\NUEVOARQUI\ALLUU01\ALLUU01\ALU01\generic02\source\org01.vhdl":24:3:24:4|Pruning unused register outFlago_cl_6. Make sure that there are no unused intermediate registers.
@N: CD630 :"C:\Users\Valery Garibay\Desktop\NUEVOARQUI\ALLUU01\ALLUU01\ALU01\generic02\source\andg01.vhdl":8:7:8:12|Synthesizing work.andg01.andg0.
Post processing for work.andg01.andg0
@W: CL169 :"C:\Users\Valery Garibay\Desktop\NUEVOARQUI\ALLUU01\ALLUU01\ALU01\generic02\source\andg01.vhdl":24:3:24:4|Pruning unused register outFlaga_cl_6. Make sure that there are no unused intermediate registers.
@N: CD630 :"C:\Users\Valery Garibay\Desktop\NUEVOARQUI\ALLUU01\ALLUU01\ALU01\generic02\source\topdiv00.vhdl":9:7:9:14|Synthesizing work.topdiv00.topdiv0.
@N: CD630 :"C:\Users\Valery Garibay\Desktop\NUEVOARQUI\ALLUU01\ALLUU01\ALU01\generic02\source\div00.vhdl":10:7:10:11|Synthesizing work.div00.div0.
Post processing for work.div00.div0
@N: CD630 :"C:\Users\Valery Garibay\Desktop\NUEVOARQUI\ALLUU01\ALLUU01\ALU01\generic02\source\osc00.vhdl":8:7:8:11|Synthesizing work.osc00.osc0.
@W: CD276 :"C:\Program Files\diamond\3.10_x64\cae_library\synthesis\vhdl\machxo2.vhd":2297:8:2297:15|Map for port sedstdby of component osch not found
@N: CD630 :"C:\Program Files\diamond\3.10_x64\cae_library\synthesis\vhdl\machxo2.vhd":2291:10:2291:13|Synthesizing work.osch.syn_black_box.
Post processing for work.osch.syn_black_box
Post processing for work.osc00.osc0
Post processing for work.topdiv00.topdiv0
Post processing for work.topgeneric01.topgeneric0
@N: CL159 :"C:\Users\Valery Garibay\Desktop\NUEVOARQUI\ALLUU01\ALLUU01\ALU01\generic02\source\andg01.vhdl":14:4:14:10|Input inFlaga is unused.
@N: CL159 :"C:\Users\Valery Garibay\Desktop\NUEVOARQUI\ALLUU01\ALLUU01\ALU01\generic02\source\org01.vhdl":14:4:14:10|Input inFlago is unused.
@N: CL159 :"C:\Users\Valery Garibay\Desktop\NUEVOARQUI\ALLUU01\ALLUU01\ALU01\generic02\source\addg01.vhdl":13:4:13:11|Input inFlagad is unused.
@N: CL159 :"C:\Users\Valery Garibay\Desktop\NUEVOARQUI\ALLUU01\ALLUU01\ALU01\generic02\source\subg01.vhdl":13:4:13:11|Input inFlagsb is unused.
@N: CL159 :"C:\Users\Valery Garibay\Desktop\NUEVOARQUI\ALLUU01\ALLUU01\ALU01\generic02\source\multg01.vhdl":13:4:13:13|Input inFlagmult is unused.

At c_vhdl Exit (Real Time elapsed 0h:00m:01s; CPU Time elapsed 0h:00m:00s; Memory used current: 79MB peak: 82MB)

Process took 0h:00m:01s realtime, 0h:00m:01s cputime

Process completed successfully.
# Thu May  2 13:11:19 2019

###########################################################]
Synopsys Netlist Linker, version comp2017q2p1, Build 190R, built Aug  4 2017
@N|Running in 64-bit mode
File C:\lscc\diamond\3.10_x64\synpbase\bin64\syn_nfilter.exe changed - recompiling
File C:\Users\AlanAntonio\Desktop\ALLUU01\ALU01\generic02\synwork\layer0.srs changed - recompiling

At syn_nfilter Exit (Real Time elapsed 0h:00m:00s; CPU Time elapsed 0h:00m:00s; Memory used current: 68MB peak: 69MB)

Process took 0h:00m:01s realtime, 0h:00m:01s cputime

Process completed successfully.
# Thu May  2 13:11:19 2019

###########################################################]
@END

At c_hdl Exit (Real Time elapsed 0h:00m:02s; CPU Time elapsed 0h:00m:01s; Memory used current: 3MB peak: 4MB)

Process took 0h:00m:02s realtime, 0h:00m:01s cputime

Process completed successfully.
# Thu May  2 13:11:19 2019

###########################################################]
Synopsys Netlist Linker, version comp2017q2p1, Build 190R, built Aug  4 2017
@N|Running in 64-bit mode
File C:\lscc\diamond\3.10_x64\synpbase\bin64\syn_nfilter.exe changed - recompiling
File C:\Users\AlanAntonio\Desktop\ALLUU01\ALU01\generic02\synwork\generic02_generic02_comp.srs changed - recompiling

At syn_nfilter Exit (Real Time elapsed 0h:00m:00s; CPU Time elapsed 0h:00m:00s; Memory used current: 69MB peak: 70MB)

Process took 0h:00m:01s realtime, 0h:00m:01s cputime

Process completed successfully.
# Thu May  2 13:11:21 2019

###########################################################]
Pre-mapping Report

# Thu May  2 13:11:22 2019

Synopsys Lattice Technology Pre-mapping, Version maplat, Build 1796R, Built Aug  4 2017 11:10:16
Copyright (C) 1994-2017 Synopsys, Inc. This Synopsys software and all associated documentation are proprietary to Synopsys, Inc. and may only be used pursuant to the terms and conditions of a written license agreement with Synopsys, Inc. All other use, reproduction, modification, or distribution of the Synopsys software or the associated documentation is strictly prohibited.
Product Version M-2017.03L-SP1-1

Mapper Startup Complete (Real Time elapsed 0h:00m:00s; CPU Time elapsed 0h:00m:00s; Memory used current: 99MB peak: 100MB)

@A: MF827 |No constraint file specified.
@L: C:\Users\Valery Garibay\Desktop\NUEVOARQUI\ALLUU01\ALLUU01\ALU01\generic02\generic02_generic02_scck.rpt 
Printing clock  summary report in "C:\Users\Valery Garibay\Desktop\NUEVOARQUI\ALLUU01\ALLUU01\ALU01\generic02\generic02_generic02_scck.rpt" file 
@N: MF248 |Running in 64-bit mode.
@N: MF666 |Clock conversion enabled. (Command "set_option -fix_gated_and_generated_clocks 1" in the project file.)

Design Input Complete (Real Time elapsed 0h:00m:00s; CPU Time elapsed 0h:00m:00s; Memory used current: 102MB peak: 104MB)


Mapper Initialization Complete (Real Time elapsed 0h:00m:00s; CPU Time elapsed 0h:00m:00s; Memory used current: 102MB peak: 104MB)


Start loading timing files (Real Time elapsed 0h:00m:00s; CPU Time elapsed 0h:00m:00s; Memory used current: 114MB peak: 115MB)


Finished loading timing files (Real Time elapsed 0h:00m:00s; CPU Time elapsed 0h:00m:00s; Memory used current: 114MB peak: 117MB)

@W: FX474 |User-specified initial value defined for some sequential elements which can prevent optimum synthesis results from being achieved. 
@N: BN115 :"c:\users\valery garibay\desktop\nuevoarqui\alluu01\alluu01\alu01\generic02\source\topha00.vhdl":21:1:21:2|Removing instance U0 (in view: work.topha00_0(topha0)) of type view:work.and00_72_0(and0) because it does not drive other instances.
@N: BN115 :"c:\users\valery garibay\desktop\nuevoarqui\alluu01\alluu01\alu01\generic02\source\topha00.vhdl":21:1:21:2|Removing instance U0 (in view: work.topha00_1_30(topha0)) of type view:work.and00_0_29(and0) because it does not drive other instances.
@N: BN115 :"c:\users\valery garibay\desktop\nuevoarqui\alluu01\alluu01\alu01\generic02\source\topha00.vhdl":21:1:21:2|Removing instance U0 (in view: work.topha00_1_31(topha0)) of type view:work.and00_0_32(and0) because it does not drive other instances.
@N: BN115 :"c:\users\valery garibay\desktop\nuevoarqui\alluu01\alluu01\alu01\generic02\source\topha00.vhdl":21:1:21:2|Removing instance U0 (in view: work.topha00_1_47(topha0)) of type view:work.and00_0_48(and0) because it does not drive other instances.
@N: BN115 :"c:\users\valery garibay\desktop\nuevoarqui\alluu01\alluu01\alu01\generic02\source\topha00.vhdl":21:1:21:2|Removing instance U0 (in view: work.topha00_1_63(topha0)) of type view:work.and00_0_64(and0) because it does not drive other instances.
@N: BN115 :"c:\users\valery garibay\desktop\nuevoarqui\alluu01\alluu01\alu01\generic02\source\topha00.vhdl":21:1:21:2|Removing instance U0 (in view: work.topha00_1_79(topha0)) of type view:work.and00_0_80(and0) because it does not drive other instances.
@N: BN115 :"c:\users\valery garibay\desktop\nuevoarqui\alluu01\alluu01\alu01\generic02\source\topha00.vhdl":21:1:21:2|Removing instance U0 (in view: work.topha00_1_95(topha0)) of type view:work.and00_0_96(and0) because it does not drive other instances.
@N: BN115 :"c:\users\valery garibay\desktop\nuevoarqui\alluu01\alluu01\alu01\generic02\source\topha00.vhdl":21:1:21:2|Removing instance U0 (in view: work.topha00_1_111(topha0)) of type view:work.and00_0_112(and0) because it does not drive other instances.
ICG Latch Removal Summary:
Number of ICG latches removed:	0
Number of ICG latches not removed:	0
syn_allowed_resources : blockrams=26  set on top level netlist topgeneric01

Finished netlist restructuring (Real Time elapsed 0h:00m:00s; CPU Time elapsed 0h:00m:00s; Memory used current: 148MB peak: 149MB)



Clock Summary
******************

          Start                            Requested     Requested     Clock                                           Clock                   Clock
Level     Clock                            Frequency     Period        Type                                            Group                   Load 
----------------------------------------------------------------------------------------------------------------------------------------------------
0 -       osc00|osc_int_inferred_clock     2.1 MHz       480.769       inferred                                        Inferred_clkgroup_0     22   
1 .         div00|outdiv_derived_clock     2.1 MHz       480.769       derived (from osc00|osc_int_inferred_clock)     Inferred_clkgroup_0     304  
====================================================================================================================================================

@W: MT529 :"c:\users\valery garibay\desktop\nuevoarqui\alluu01\alluu01\alu01\generic02\source\div00.vhdl":22:1:22:2|Found inferred clock osc00|osc_int_inferred_clock which controls 22 sequential elements including G00.UD01.sdiv[20:0]. This clock has no specified timing constraint which may prevent conversion of gated or generated clocks and may adversely impact design performance. 

Finished Pre Mapping Phase.

Starting constraint checker (Real Time elapsed 0h:00m:01s; CPU Time elapsed 0h:00m:01s; Memory used current: 148MB peak: 149MB)


Finished constraint checker preprocessing (Real Time elapsed 0h:00m:01s; CPU Time elapsed 0h:00m:01s; Memory used current: 148MB peak: 149MB)

None
None

Finished constraint checker (Real Time elapsed 0h:00m:01s; CPU Time elapsed 0h:00m:01s; Memory used current: 148MB peak: 149MB)

Pre-mapping successful!

At Mapper Exit (Real Time elapsed 0h:00m:01s; CPU Time elapsed 0h:00m:01s; Memory used current: 63MB peak: 149MB)

Process took 0h:00m:01s realtime, 0h:00m:01s cputime
# Thu May  2 13:11:24 2019

###########################################################]
Map & Optimize Report

# Thu May  2 13:11:24 2019

Synopsys Lattice Technology Mapper, Version maplat, Build 1796R, Built Aug  4 2017 11:10:16
Copyright (C) 1994-2017 Synopsys, Inc. This Synopsys software and all associated documentation are proprietary to Synopsys, Inc. and may only be used pursuant to the terms and conditions of a written license agreement with Synopsys, Inc. All other use, reproduction, modification, or distribution of the Synopsys software or the associated documentation is strictly prohibited.
Product Version M-2017.03L-SP1-1

Mapper Startup Complete (Real Time elapsed 0h:00m:00s; CPU Time elapsed 0h:00m:00s; Memory used current: 99MB peak: 100MB)

@N: MF248 |Running in 64-bit mode.
@N: MF666 |Clock conversion enabled. (Command "set_option -fix_gated_and_generated_clocks 1" in the project file.)

Design Input Complete (Real Time elapsed 0h:00m:00s; CPU Time elapsed 0h:00m:00s; Memory used current: 99MB peak: 101MB)


Mapper Initialization Complete (Real Time elapsed 0h:00m:00s; CPU Time elapsed 0h:00m:00s; Memory used current: 99MB peak: 101MB)


Start loading timing files (Real Time elapsed 0h:00m:00s; CPU Time elapsed 0h:00m:00s; Memory used current: 112MB peak: 112MB)


Finished loading timing files (Real Time elapsed 0h:00m:00s; CPU Time elapsed 0h:00m:00s; Memory used current: 112MB peak: 114MB)



Starting Optimization and Mapping (Real Time elapsed 0h:00m:00s; CPU Time elapsed 0h:00m:00s; Memory used current: 141MB peak: 143MB)


Available hyper_sources - for debug and ip models
	None Found

@W: BN132 :"c:\users\valery garibay\desktop\nuevoarqui\alluu01\alluu01\alu01\rotr00.vhdl":26:3:26:4|Removing user instance G16.outrr_cl_23[7] because it is equivalent to instance G16.outrr_cl_22[7]. To keep the instance, apply constraint syn_preserve=1 on the instance.
@W: BN132 :"c:\users\valery garibay\desktop\nuevoarqui\alluu01\alluu01\alu01\rotr00.vhdl":26:3:26:4|Removing user instance G16.outrr_cl_22[7] because it is equivalent to instance G16.outrr_cl_20[7]. To keep the instance, apply constraint syn_preserve=1 on the instance.
@W: BN132 :"c:\users\valery garibay\desktop\nuevoarqui\alluu01\alluu01\alu01\rotr00.vhdl":26:3:26:4|Removing user instance G16.outrr_cl_21[7] because it is equivalent to instance G16.outrr_cl_19[7]. To keep the instance, apply constraint syn_preserve=1 on the instance.
@W: BN132 :"c:\users\valery garibay\desktop\nuevoarqui\alluu01\alluu01\alu01\rotr00.vhdl":26:3:26:4|Removing user instance G16.outrr_cl_20[7] because it is equivalent to instance G16.outrr_cl_18[7]. To keep the instance, apply constraint syn_preserve=1 on the instance.
@W: BN132 :"c:\users\valery garibay\desktop\nuevoarqui\alluu01\alluu01\alu01\rotr00.vhdl":26:3:26:4|Removing user instance G16.outrr_cl_19[7] because it is equivalent to instance G16.outrr_cl_17[7]. To keep the instance, apply constraint syn_preserve=1 on the instance.
@W: BN132 :"c:\users\valery garibay\desktop\nuevoarqui\alluu01\alluu01\alu01\rotr00.vhdl":26:3:26:4|Removing user instance G16.outrr_cl_18[7] because it is equivalent to instance G16.outrr_cl_16[7]. To keep the instance, apply constraint syn_preserve=1 on the instance.
@W: BN132 :"c:\users\valery garibay\desktop\nuevoarqui\alluu01\alluu01\alu01\rotr00.vhdl":25:4:25:5|Removing sequential instance G16.outrr_cl_7[7] because it is equivalent to instance G16.outrr_cl_3[7]. To keep the instance, apply constraint syn_preserve=1 on the instance.
@W: BN132 :"c:\users\valery garibay\desktop\nuevoarqui\alluu01\alluu01\alu01\rotr00.vhdl":25:4:25:5|Removing sequential instance G16.outrr_cl_6[7] because it is equivalent to instance G16.outrr_cl_5[7]. To keep the instance, apply constraint syn_preserve=1 on the instance.
@W: BN132 :"c:\users\valery garibay\desktop\nuevoarqui\alluu01\alluu01\alu01\rotr00.vhdl":25:4:25:5|Removing sequential instance G16.outrr_cl_5[7] because it is equivalent to instance G16.outrr_cl_2[7]. To keep the instance, apply constraint syn_preserve=1 on the instance.
@W: BN132 :"c:\users\valery garibay\desktop\nuevoarqui\alluu01\alluu01\alu01\rotr00.vhdl":25:4:25:5|Removing sequential instance G16.outrr_cl_4[7] because it is equivalent to instance G16.outrr_cl_2[7]. To keep the instance, apply constraint syn_preserve=1 on the instance.
@N: BN362 :"c:\users\valery garibay\desktop\nuevoarqui\alluu01\alluu01\alu01\rotr00.vhdl":25:4:25:5|Removing sequential instance outrr_cl_3[7] (in view: work.rotR00(rotr0)) of type view:PrimLib.dff(prim) because it does not drive other instances.
@N: BN362 :"c:\users\valery garibay\desktop\nuevoarqui\alluu01\alluu01\alu01\rotr00.vhdl":25:4:25:5|Removing sequential instance outrr_cl_2[7] (in view: work.rotR00(rotr0)) of type view:PrimLib.dff(prim) because it does not drive other instances.
@N: BN362 :"c:\users\valery garibay\desktop\nuevoarqui\alluu01\alluu01\alu01\rotl00.vhdl":25:4:25:5|Removing sequential instance outrl_cl_7[7] (in view: work.rotL00(rotl0)) of type view:PrimLib.dff(prim) because it does not drive other instances.
@N: BN362 :"c:\users\valery garibay\desktop\nuevoarqui\alluu01\alluu01\alu01\rotl00.vhdl":25:4:25:5|Removing sequential instance outrl_cl_6[7] (in view: work.rotL00(rotl0)) of type view:PrimLib.dff(prim) because it does not drive other instances.
@N: BN362 :"c:\users\valery garibay\desktop\nuevoarqui\alluu01\alluu01\alu01\rotl00.vhdl":25:4:25:5|Removing sequential instance outrl_cl_5[7] (in view: work.rotL00(rotl0)) of type view:PrimLib.dff(prim) because it does not drive other instances.
@N: BN362 :"c:\users\valery garibay\desktop\nuevoarqui\alluu01\alluu01\alu01\rotl00.vhdl":25:4:25:5|Removing sequential instance outrl_cl_4[7] (in view: work.rotL00(rotl0)) of type view:PrimLib.dff(prim) because it does not drive other instances.
@N: BN362 :"c:\users\valery garibay\desktop\nuevoarqui\alluu01\alluu01\alu01\rotl00.vhdl":25:4:25:5|Removing sequential instance outrl_cl_3[7] (in view: work.rotL00(rotl0)) of type view:PrimLib.dff(prim) because it does not drive other instances.
@N: BN362 :"c:\users\valery garibay\desktop\nuevoarqui\alluu01\alluu01\alu01\rotl00.vhdl":25:4:25:5|Removing sequential instance outrl_cl_2[7] (in view: work.rotL00(rotl0)) of type view:PrimLib.dff(prim) because it does not drive other instances.
@N: BN362 :"c:\users\valery garibay\desktop\nuevoarqui\alluu01\alluu01\alu01\rotl00.vhdl":25:4:25:5|Removing sequential instance outrl_cl_1[7] (in view: work.rotL00(rotl0)) of type view:PrimLib.dff(prim) because it does not drive other instances.
@N: BN362 :"c:\users\valery garibay\desktop\nuevoarqui\alluu01\alluu01\alu01\shiftr00.vhdl":25:4:25:5|Removing sequential instance outsr_cl_7[7] (in view: work.ShiftR00(shiftr0)) of type view:PrimLib.dff(prim) because it does not drive other instances.
@N: BN362 :"c:\users\valery garibay\desktop\nuevoarqui\alluu01\alluu01\alu01\shiftr00.vhdl":25:4:25:5|Removing sequential instance outsr_cl_6[7] (in view: work.ShiftR00(shiftr0)) of type view:PrimLib.dff(prim) because it does not drive other instances.
@N: BN362 :"c:\users\valery garibay\desktop\nuevoarqui\alluu01\alluu01\alu01\shiftr00.vhdl":25:4:25:5|Removing sequential instance outsr_cl_5[7] (in view: work.ShiftR00(shiftr0)) of type view:PrimLib.dff(prim) because it does not drive other instances.
@N: BN362 :"c:\users\valery garibay\desktop\nuevoarqui\alluu01\alluu01\alu01\shiftr00.vhdl":25:4:25:5|Removing sequential instance outsr_cl_4[7] (in view: work.ShiftR00(shiftr0)) of type view:PrimLib.dff(prim) because it does not drive other instances.
@N: BN362 :"c:\users\valery garibay\desktop\nuevoarqui\alluu01\alluu01\alu01\shiftr00.vhdl":25:4:25:5|Removing sequential instance outsr_cl_3[7] (in view: work.ShiftR00(shiftr0)) of type view:PrimLib.dff(prim) because it does not drive other instances.
@N: BN362 :"c:\users\valery garibay\desktop\nuevoarqui\alluu01\alluu01\alu01\shiftr00.vhdl":25:4:25:5|Removing sequential instance outsr_cl_2[7] (in view: work.ShiftR00(shiftr0)) of type view:PrimLib.dff(prim) because it does not drive other instances.
@N: BN362 :"c:\users\valery garibay\desktop\nuevoarqui\alluu01\alluu01\alu01\shiftl00.vhdl":25:4:25:5|Removing sequential instance outsl_cl_7[7] (in view: work.ShiftL00(shiftl0)) of type view:PrimLib.dff(prim) because it does not drive other instances.
@N: BN362 :"c:\users\valery garibay\desktop\nuevoarqui\alluu01\alluu01\alu01\shiftl00.vhdl":25:4:25:5|Removing sequential instance outsl_cl_6[7] (in view: work.ShiftL00(shiftl0)) of type view:PrimLib.dff(prim) because it does not drive other instances.
@N: BN362 :"c:\users\valery garibay\desktop\nuevoarqui\alluu01\alluu01\alu01\shiftl00.vhdl":25:4:25:5|Removing sequential instance outsl_cl_5[7] (in view: work.ShiftL00(shiftl0)) of type view:PrimLib.dff(prim) because it does not drive other instances.
@N: BN362 :"c:\users\valery garibay\desktop\nuevoarqui\alluu01\alluu01\alu01\shiftl00.vhdl":25:4:25:5|Removing sequential instance outsl_cl_4[7] (in view: work.ShiftL00(shiftl0)) of type view:PrimLib.dff(prim) because it does not drive other instances.
@N: BN362 :"c:\users\valery garibay\desktop\nuevoarqui\alluu01\alluu01\alu01\shiftl00.vhdl":25:4:25:5|Removing sequential instance outsl_cl_3[7] (in view: work.ShiftL00(shiftl0)) of type view:PrimLib.dff(prim) because it does not drive other instances.
@N: BN362 :"c:\users\valery garibay\desktop\nuevoarqui\alluu01\alluu01\alu01\shiftl00.vhdl":25:4:25:5|Removing sequential instance outsl_cl_2[7] (in view: work.ShiftL00(shiftl0)) of type view:PrimLib.dff(prim) because it does not drive other instances.
@N: BN362 :"c:\users\valery garibay\desktop\nuevoarqui\alluu01\alluu01\alu01\generic02\source\xnorg01.vhdl":24:4:24:5|Removing sequential instance outxn_cl_7[7] (in view: work.xnorg01(xnorg0)) of type view:PrimLib.dff(prim) because it does not drive other instances.
@N: BN362 :"c:\users\valery garibay\desktop\nuevoarqui\alluu01\alluu01\alu01\generic02\source\xnorg01.vhdl":24:4:24:5|Removing sequential instance outxn_cl_6[7] (in view: work.xnorg01(xnorg0)) of type view:PrimLib.dff(prim) because it does not drive other instances.
@N: BN362 :"c:\users\valery garibay\desktop\nuevoarqui\alluu01\alluu01\alu01\generic02\source\xnorg01.vhdl":24:4:24:5|Removing sequential instance outxn_cl_5[7] (in view: work.xnorg01(xnorg0)) of type view:PrimLib.dff(prim) because it does not drive other instances.
@N: BN362 :"c:\users\valery garibay\desktop\nuevoarqui\alluu01\alluu01\alu01\generic02\source\xnorg01.vhdl":24:4:24:5|Removing sequential instance outxn_cl_4[7] (in view: work.xnorg01(xnorg0)) of type view:PrimLib.dff(prim) because it does not drive other instances.
@N: BN362 :"c:\users\valery garibay\desktop\nuevoarqui\alluu01\alluu01\alu01\generic02\source\xnorg01.vhdl":24:4:24:5|Removing sequential instance outxn_cl_3[7] (in view: work.xnorg01(xnorg0)) of type view:PrimLib.dff(prim) because it does not drive other instances.
@N: BN362 :"c:\users\valery garibay\desktop\nuevoarqui\alluu01\alluu01\alu01\generic02\source\xnorg01.vhdl":24:4:24:5|Removing sequential instance outxn_cl_2[7] (in view: work.xnorg01(xnorg0)) of type view:PrimLib.dff(prim) because it does not drive other instances.
@N: BN362 :"c:\users\valery garibay\desktop\nuevoarqui\alluu01\alluu01\alu01\generic02\source\norg01.vhdl":24:4:24:5|Removing sequential instance outno_cl_7[7] (in view: work.norg01(norg0)) of type view:PrimLib.dff(prim) because it does not drive other instances.
@N: BN362 :"c:\users\valery garibay\desktop\nuevoarqui\alluu01\alluu01\alu01\generic02\source\norg01.vhdl":24:4:24:5|Removing sequential instance outno_cl_6[7] (in view: work.norg01(norg0)) of type view:PrimLib.dff(prim) because it does not drive other instances.
@N: BN362 :"c:\users\valery garibay\desktop\nuevoarqui\alluu01\alluu01\alu01\generic02\source\norg01.vhdl":24:4:24:5|Removing sequential instance outno_cl_5[7] (in view: work.norg01(norg0)) of type view:PrimLib.dff(prim) because it does not drive other instances.
@N: BN362 :"c:\users\valery garibay\desktop\nuevoarqui\alluu01\alluu01\alu01\generic02\source\norg01.vhdl":24:4:24:5|Removing sequential instance outno_cl_4[7] (in view: work.norg01(norg0)) of type view:PrimLib.dff(prim) because it does not drive other instances.
@N: BN362 :"c:\users\valery garibay\desktop\nuevoarqui\alluu01\alluu01\alu01\generic02\source\norg01.vhdl":24:4:24:5|Removing sequential instance outno_cl_3[7] (in view: work.norg01(norg0)) of type view:PrimLib.dff(prim) because it does not drive other instances.
@N: BN362 :"c:\users\valery garibay\desktop\nuevoarqui\alluu01\alluu01\alu01\generic02\source\norg01.vhdl":24:4:24:5|Removing sequential instance outno_cl_2[7] (in view: work.norg01(norg0)) of type view:PrimLib.dff(prim) because it does not drive other instances.
@N: BN362 :"c:\users\valery garibay\desktop\nuevoarqui\alluu01\alluu01\alu01\generic02\source\norg01.vhdl":24:4:24:5|Removing sequential instance outno_cl_1[7] (in view: work.norg01(norg0)) of type view:PrimLib.dff(prim) because it does not drive other instances.
@N: BN362 :"c:\users\valery garibay\desktop\nuevoarqui\alluu01\alluu01\alu01\generic02\source\nandg01.vhdl":24:4:24:5|Removing sequential instance outna_cl_7[7] (in view: work.nandg01(nandg0)) of type view:PrimLib.dff(prim) because it does not drive other instances.
@N: BN362 :"c:\users\valery garibay\desktop\nuevoarqui\alluu01\alluu01\alu01\generic02\source\nandg01.vhdl":24:4:24:5|Removing sequential instance outna_cl_6[7] (in view: work.nandg01(nandg0)) of type view:PrimLib.dff(prim) because it does not drive other instances.
@N: BN362 :"c:\users\valery garibay\desktop\nuevoarqui\alluu01\alluu01\alu01\generic02\source\nandg01.vhdl":24:4:24:5|Removing sequential instance outna_cl_5[7] (in view: work.nandg01(nandg0)) of type view:PrimLib.dff(prim) because it does not drive other instances.
@N: BN362 :"c:\users\valery garibay\desktop\nuevoarqui\alluu01\alluu01\alu01\generic02\source\nandg01.vhdl":24:4:24:5|Removing sequential instance outna_cl_4[7] (in view: work.nandg01(nandg0)) of type view:PrimLib.dff(prim) because it does not drive other instances.
@N: BN362 :"c:\users\valery garibay\desktop\nuevoarqui\alluu01\alluu01\alu01\generic02\source\nandg01.vhdl":24:4:24:5|Removing sequential instance outna_cl_3[7] (in view: work.nandg01(nandg0)) of type view:PrimLib.dff(prim) because it does not drive other instances.
@N: BN362 :"c:\users\valery garibay\desktop\nuevoarqui\alluu01\alluu01\alu01\generic02\source\nandg01.vhdl":24:4:24:5|Removing sequential instance outna_cl_2[7] (in view: work.nandg01(nandg0)) of type view:PrimLib.dff(prim) because it does not drive other instances.
@N: BN362 :"c:\users\valery garibay\desktop\nuevoarqui\alluu01\alluu01\alu01\generic02\source\nandg01.vhdl":24:4:24:5|Removing sequential instance outna_cl_1[7] (in view: work.nandg01(nandg0)) of type view:PrimLib.dff(prim) because it does not drive other instances.
@N: BN362 :"c:\users\valery garibay\desktop\nuevoarqui\alluu01\alluu01\alu01\generic02\source\notg01.vhdl":23:4:23:5|Removing sequential instance outn_cl_7[7] (in view: work.notg01(notg0)) of type view:PrimLib.dff(prim) because it does not drive other instances.
@N: BN362 :"c:\users\valery garibay\desktop\nuevoarqui\alluu01\alluu01\alu01\generic02\source\notg01.vhdl":23:4:23:5|Removing sequential instance outn_cl_6[7] (in view: work.notg01(notg0)) of type view:PrimLib.dff(prim) because it does not drive other instances.
@N: BN362 :"c:\users\valery garibay\desktop\nuevoarqui\alluu01\alluu01\alu01\generic02\source\notg01.vhdl":23:4:23:5|Removing sequential instance outn_cl_5[7] (in view: work.notg01(notg0)) of type view:PrimLib.dff(prim) because it does not drive other instances.
@N: BN362 :"c:\users\valery garibay\desktop\nuevoarqui\alluu01\alluu01\alu01\generic02\source\notg01.vhdl":23:4:23:5|Removing sequential instance outn_cl_4[7] (in view: work.notg01(notg0)) of type view:PrimLib.dff(prim) because it does not drive other instances.
@N: BN362 :"c:\users\valery garibay\desktop\nuevoarqui\alluu01\alluu01\alu01\generic02\source\notg01.vhdl":23:4:23:5|Removing sequential instance outn_cl_3[7] (in view: work.notg01(notg0)) of type view:PrimLib.dff(prim) because it does not drive other instances.
@N: BN362 :"c:\users\valery garibay\desktop\nuevoarqui\alluu01\alluu01\alu01\generic02\source\notg01.vhdl":23:4:23:5|Removing sequential instance outn_cl_2[7] (in view: work.notg01(notg0)) of type view:PrimLib.dff(prim) because it does not drive other instances.
@N: BN362 :"c:\users\valery garibay\desktop\nuevoarqui\alluu01\alluu01\alu01\generic02\source\notg01.vhdl":23:4:23:5|Removing sequential instance outn_cl_1[7] (in view: work.notg01(notg0)) of type view:PrimLib.dff(prim) because it does not drive other instances.
@N: BN362 :"c:\users\valery garibay\desktop\nuevoarqui\alluu01\alluu01\alu01\generic02\source\xorg01.vhdl":24:4:24:5|Removing sequential instance outx_cl_7[7] (in view: work.xorg01(xorg01)) of type view:PrimLib.dff(prim) because it does not drive other instances.
@N: BN362 :"c:\users\valery garibay\desktop\nuevoarqui\alluu01\alluu01\alu01\generic02\source\xorg01.vhdl":24:4:24:5|Removing sequential instance outx_cl_6[7] (in view: work.xorg01(xorg01)) of type view:PrimLib.dff(prim) because it does not drive other instances.
@N: BN362 :"c:\users\valery garibay\desktop\nuevoarqui\alluu01\alluu01\alu01\generic02\source\xorg01.vhdl":24:4:24:5|Removing sequential instance outx_cl_5[7] (in view: work.xorg01(xorg01)) of type view:PrimLib.dff(prim) because it does not drive other instances.
@N: BN362 :"c:\users\valery garibay\desktop\nuevoarqui\alluu01\alluu01\alu01\generic02\source\xorg01.vhdl":24:4:24:5|Removing sequential instance outx_cl_4[7] (in view: work.xorg01(xorg01)) of type view:PrimLib.dff(prim) because it does not drive other instances.
@N: BN362 :"c:\users\valery garibay\desktop\nuevoarqui\alluu01\alluu01\alu01\generic02\source\xorg01.vhdl":24:4:24:5|Removing sequential instance outx_cl_3[7] (in view: work.xorg01(xorg01)) of type view:PrimLib.dff(prim) because it does not drive other instances.
@N: BN362 :"c:\users\valery garibay\desktop\nuevoarqui\alluu01\alluu01\alu01\generic02\source\xorg01.vhdl":24:4:24:5|Removing sequential instance outx_cl_2[7] (in view: work.xorg01(xorg01)) of type view:PrimLib.dff(prim) because it does not drive other instances.
@N: BN362 :"c:\users\valery garibay\desktop\nuevoarqui\alluu01\alluu01\alu01\generic02\source\addg01.vhdl":26:3:26:4|Removing sequential instance G09.outad_cl_7[7] (in view: work.topgeneric01(topgeneric0)) of type view:PrimLib.dff(prim) because it does not drive other instances.
@N: BN362 :"c:\users\valery garibay\desktop\nuevoarqui\alluu01\alluu01\alu01\generic02\source\addg01.vhdl":26:3:26:4|Removing sequential instance G09.outad_cl_6[7] (in view: work.topgeneric01(topgeneric0)) of type view:PrimLib.dff(prim) because it does not drive other instances.
@N: BN362 :"c:\users\valery garibay\desktop\nuevoarqui\alluu01\alluu01\alu01\generic02\source\addg01.vhdl":26:3:26:4|Removing sequential instance G09.outad_cl_5[7] (in view: work.topgeneric01(topgeneric0)) of type view:PrimLib.dff(prim) because it does not drive other instances.
@N: BN362 :"c:\users\valery garibay\desktop\nuevoarqui\alluu01\alluu01\alu01\generic02\source\addg01.vhdl":26:3:26:4|Removing sequential instance G09.outad_cl_4[7] (in view: work.topgeneric01(topgeneric0)) of type view:PrimLib.dff(prim) because it does not drive other instances.
@N: BN362 :"c:\users\valery garibay\desktop\nuevoarqui\alluu01\alluu01\alu01\generic02\source\addg01.vhdl":26:3:26:4|Removing sequential instance G09.outad_cl_3[7] (in view: work.topgeneric01(topgeneric0)) of type view:PrimLib.dff(prim) because it does not drive other instances.
@N: BN362 :"c:\users\valery garibay\desktop\nuevoarqui\alluu01\alluu01\alu01\generic02\source\addg01.vhdl":26:3:26:4|Removing sequential instance G09.outad_cl_2[7] (in view: work.topgeneric01(topgeneric0)) of type view:PrimLib.dff(prim) because it does not drive other instances.
@N: BN362 :"c:\users\valery garibay\desktop\nuevoarqui\alluu01\alluu01\alu01\generic02\source\addg01.vhdl":26:3:26:4|Removing sequential instance G09.outad_cl_1[7] (in view: work.topgeneric01(topgeneric0)) of type view:PrimLib.dff(prim) because it does not drive other instances.
@N: BN362 :"c:\users\valery garibay\desktop\nuevoarqui\alluu01\alluu01\alu01\generic02\source\addg01.vhdl":26:3:26:4|Removing sequential instance G09.outad_cl[7] (in view: work.topgeneric01(topgeneric0)) of type view:PrimLib.dff(prim) because it does not drive other instances.
@N: BN362 :"c:\users\valery garibay\desktop\nuevoarqui\alluu01\alluu01\alu01\generic02\source\subg01.vhdl":26:3:26:4|Removing sequential instance G10.outsb_cl_7[7] (in view: work.topgeneric01(topgeneric0)) of type view:PrimLib.dff(prim) because it does not drive other instances.
@N: BN362 :"c:\users\valery garibay\desktop\nuevoarqui\alluu01\alluu01\alu01\generic02\source\subg01.vhdl":26:3:26:4|Removing sequential instance G10.outsb_cl_6[7] (in view: work.topgeneric01(topgeneric0)) of type view:PrimLib.dff(prim) because it does not drive other instances.
@N: BN362 :"c:\users\valery garibay\desktop\nuevoarqui\alluu01\alluu01\alu01\generic02\source\subg01.vhdl":26:3:26:4|Removing sequential instance G10.outsb_cl_5[7] (in view: work.topgeneric01(topgeneric0)) of type view:PrimLib.dff(prim) because it does not drive other instances.
@N: BN362 :"c:\users\valery garibay\desktop\nuevoarqui\alluu01\alluu01\alu01\generic02\source\subg01.vhdl":26:3:26:4|Removing sequential instance G10.outsb_cl_4[7] (in view: work.topgeneric01(topgeneric0)) of type view:PrimLib.dff(prim) because it does not drive other instances.
@N: BN362 :"c:\users\valery garibay\desktop\nuevoarqui\alluu01\alluu01\alu01\generic02\source\subg01.vhdl":26:3:26:4|Removing sequential instance G10.outsb_cl_3[7] (in view: work.topgeneric01(topgeneric0)) of type view:PrimLib.dff(prim) because it does not drive other instances.
@N: BN362 :"c:\users\valery garibay\desktop\nuevoarqui\alluu01\alluu01\alu01\generic02\source\subg01.vhdl":26:3:26:4|Removing sequential instance G10.outsb_cl_2[7] (in view: work.topgeneric01(topgeneric0)) of type view:PrimLib.dff(prim) because it does not drive other instances.
@N: BN362 :"c:\users\valery garibay\desktop\nuevoarqui\alluu01\alluu01\alu01\generic02\source\subg01.vhdl":26:3:26:4|Removing sequential instance G10.outsb_cl_1[7] (in view: work.topgeneric01(topgeneric0)) of type view:PrimLib.dff(prim) because it does not drive other instances.
@N: BN362 :"c:\users\valery garibay\desktop\nuevoarqui\alluu01\alluu01\alu01\generic02\source\subg01.vhdl":26:3:26:4|Removing sequential instance G10.LEDsb_cl (in view: work.topgeneric01(topgeneric0)) of type view:PrimLib.dff(prim) because it does not drive other instances.
@N: BN362 :"c:\users\valery garibay\desktop\nuevoarqui\alluu01\alluu01\alu01\generic02\source\andg01.vhdl":24:3:24:4|Removing sequential instance G01.outa_cl_7[7] (in view: work.topgeneric01(topgeneric0)) of type view:PrimLib.dff(prim) because it does not drive other instances.
@N: BN362 :"c:\users\valery garibay\desktop\nuevoarqui\alluu01\alluu01\alu01\generic02\source\andg01.vhdl":24:3:24:4|Removing sequential instance G01.outa_cl_6[7] (in view: work.topgeneric01(topgeneric0)) of type view:PrimLib.dff(prim) because it does not drive other instances.
@N: BN362 :"c:\users\valery garibay\desktop\nuevoarqui\alluu01\alluu01\alu01\generic02\source\andg01.vhdl":24:3:24:4|Removing sequential instance G01.outa_cl_5[7] (in view: work.topgeneric01(topgeneric0)) of type view:PrimLib.dff(prim) because it does not drive other instances.
@N: BN362 :"c:\users\valery garibay\desktop\nuevoarqui\alluu01\alluu01\alu01\generic02\source\andg01.vhdl":24:3:24:4|Removing sequential instance G01.outa_cl_4[7] (in view: work.topgeneric01(topgeneric0)) of type view:PrimLib.dff(prim) because it does not drive other instances.
@N: BN362 :"c:\users\valery garibay\desktop\nuevoarqui\alluu01\alluu01\alu01\generic02\source\andg01.vhdl":24:3:24:4|Removing sequential instance G01.outa_cl_3[7] (in view: work.topgeneric01(topgeneric0)) of type view:PrimLib.dff(prim) because it does not drive other instances.
@N: BN362 :"c:\users\valery garibay\desktop\nuevoarqui\alluu01\alluu01\alu01\generic02\source\andg01.vhdl":24:3:24:4|Removing sequential instance G01.outa_cl_2[7] (in view: work.topgeneric01(topgeneric0)) of type view:PrimLib.dff(prim) because it does not drive other instances.
@N: BN362 :"c:\users\valery garibay\desktop\nuevoarqui\alluu01\alluu01\alu01\generic02\source\andg01.vhdl":24:3:24:4|Removing sequential instance G01.outa_cl[7] (in view: work.topgeneric01(topgeneric0)) of type view:PrimLib.dff(prim) because it does not drive other instances.
@N: BN362 :"c:\users\valery garibay\desktop\nuevoarqui\alluu01\alluu01\alu01\generic02\source\org01.vhdl":24:3:24:4|Removing sequential instance G02.outo_cl_7[7] (in view: work.topgeneric01(topgeneric0)) of type view:PrimLib.dff(prim) because it does not drive other instances.
@N: BN362 :"c:\users\valery garibay\desktop\nuevoarqui\alluu01\alluu01\alu01\generic02\source\org01.vhdl":24:3:24:4|Removing sequential instance G02.outo_cl_6[7] (in view: work.topgeneric01(topgeneric0)) of type view:PrimLib.dff(prim) because it does not drive other instances.
@N: BN362 :"c:\users\valery garibay\desktop\nuevoarqui\alluu01\alluu01\alu01\generic02\source\org01.vhdl":24:3:24:4|Removing sequential instance G02.outo_cl_5[7] (in view: work.topgeneric01(topgeneric0)) of type view:PrimLib.dff(prim) because it does not drive other instances.
@N: BN362 :"c:\users\valery garibay\desktop\nuevoarqui\alluu01\alluu01\alu01\generic02\source\org01.vhdl":24:3:24:4|Removing sequential instance G02.outo_cl_4[7] (in view: work.topgeneric01(topgeneric0)) of type view:PrimLib.dff(prim) because it does not drive other instances.
@N: BN362 :"c:\users\valery garibay\desktop\nuevoarqui\alluu01\alluu01\alu01\generic02\source\org01.vhdl":24:3:24:4|Removing sequential instance G02.outo_cl_3[7] (in view: work.topgeneric01(topgeneric0)) of type view:PrimLib.dff(prim) because it does not drive other instances.
@N: BN362 :"c:\users\valery garibay\desktop\nuevoarqui\alluu01\alluu01\alu01\generic02\source\org01.vhdl":24:3:24:4|Removing sequential instance G02.outo_cl_2[7] (in view: work.topgeneric01(topgeneric0)) of type view:PrimLib.dff(prim) because it does not drive other instances.
@N: BN362 :"c:\users\valery garibay\desktop\nuevoarqui\alluu01\alluu01\alu01\generic02\source\org01.vhdl":24:3:24:4|Removing sequential instance G02.outo_cl[7] (in view: work.topgeneric01(topgeneric0)) of type view:PrimLib.dff(prim) because it does not drive other instances.
@N: BN362 :"c:\users\valery garibay\desktop\nuevoarqui\alluu01\alluu01\alu01\generic02\source\multg01.vhdl":23:3:23:4|Removing sequential instance G12.outmult_cl_15[15] (in view: work.topgeneric01(topgeneric0)) of type view:PrimLib.dff(prim) because it does not drive other instances.
@N: BN362 :"c:\users\valery garibay\desktop\nuevoarqui\alluu01\alluu01\alu01\generic02\source\multg01.vhdl":23:3:23:4|Removing sequential instance G12.outmult_cl_14[15] (in view: work.topgeneric01(topgeneric0)) of type view:PrimLib.dff(prim) because it does not drive other instances.
@N: BN362 :"c:\users\valery garibay\desktop\nuevoarqui\alluu01\alluu01\alu01\generic02\source\multg01.vhdl":23:3:23:4|Removing sequential instance G12.outmult_cl_13[15] (in view: work.topgeneric01(topgeneric0)) of type view:PrimLib.dff(prim) because it does not drive other instances.
@N: BN362 :"c:\users\valery garibay\desktop\nuevoarqui\alluu01\alluu01\alu01\generic02\source\multg01.vhdl":23:3:23:4|Removing sequential instance G12.outmult_cl_12[15] (in view: work.topgeneric01(topgeneric0)) of type view:PrimLib.dff(prim) because it does not drive other instances.
@N: BN362 :"c:\users\valery garibay\desktop\nuevoarqui\alluu01\alluu01\alu01\generic02\source\multg01.vhdl":23:3:23:4|Removing sequential instance G12.outmult_cl_11[15] (in view: work.topgeneric01(topgeneric0)) of type view:PrimLib.dff(prim) because it does not drive other instances.
@N: BN362 :"c:\users\valery garibay\desktop\nuevoarqui\alluu01\alluu01\alu01\generic02\source\multg01.vhdl":23:3:23:4|Removing sequential instance G12.outmult_cl_10[15] (in view: work.topgeneric01(topgeneric0)) of type view:PrimLib.dff(prim) because it does not drive other instances.
@N: BN362 :"c:\users\valery garibay\desktop\nuevoarqui\alluu01\alluu01\alu01\generic02\source\multg01.vhdl":23:3:23:4|Removing sequential instance G12.outmult_cl_9[15] (in view: work.topgeneric01(topgeneric0)) of type view:PrimLib.dff(prim) because it does not drive other instances.
@N: BN362 :"c:\users\valery garibay\desktop\nuevoarqui\alluu01\alluu01\alu01\generic02\source\multg01.vhdl":23:3:23:4|Removing sequential instance G12.outmult_cl_8[15] (in view: work.topgeneric01(topgeneric0)) of type view:PrimLib.dff(prim) because it does not drive other instances.
@N: BN362 :"c:\users\valery garibay\desktop\nuevoarqui\alluu01\alluu01\alu01\generic02\source\multg01.vhdl":23:3:23:4|Removing sequential instance G12.outmult_cl_7[15] (in view: work.topgeneric01(topgeneric0)) of type view:PrimLib.dff(prim) because it does not drive other instances.
@N: BN362 :"c:\users\valery garibay\desktop\nuevoarqui\alluu01\alluu01\alu01\generic02\source\multg01.vhdl":23:3:23:4|Removing sequential instance G12.outmult_cl_6[15] (in view: work.topgeneric01(topgeneric0)) of type view:PrimLib.dff(prim) because it does not drive other instances.
@N: BN362 :"c:\users\valery garibay\desktop\nuevoarqui\alluu01\alluu01\alu01\generic02\source\multg01.vhdl":23:3:23:4|Removing sequential instance G12.outmult_cl_5[15] (in view: work.topgeneric01(topgeneric0)) of type view:PrimLib.dff(prim) because it does not drive other instances.
@N: BN362 :"c:\users\valery garibay\desktop\nuevoarqui\alluu01\alluu01\alu01\generic02\source\multg01.vhdl":23:3:23:4|Removing sequential instance G12.outmult_cl_4[15] (in view: work.topgeneric01(topgeneric0)) of type view:PrimLib.dff(prim) because it does not drive other instances.
@N: BN362 :"c:\users\valery garibay\desktop\nuevoarqui\alluu01\alluu01\alu01\generic02\source\multg01.vhdl":23:3:23:4|Removing sequential instance G12.outmult_cl_3[15] (in view: work.topgeneric01(topgeneric0)) of type view:PrimLib.dff(prim) because it does not drive other instances.
@N: BN362 :"c:\users\valery garibay\desktop\nuevoarqui\alluu01\alluu01\alu01\generic02\source\multg01.vhdl":23:3:23:4|Removing sequential instance G12.outmult_cl_2[15] (in view: work.topgeneric01(topgeneric0)) of type view:PrimLib.dff(prim) because it does not drive other instances.
@N: BN362 :"c:\users\valery garibay\desktop\nuevoarqui\alluu01\alluu01\alu01\generic02\source\multg01.vhdl":23:3:23:4|Removing sequential instance G12.outmult_cl[15] (in view: work.topgeneric01(topgeneric0)) of type view:PrimLib.dff(prim) because it does not drive other instances.

Finished RTL optimizations (Real Time elapsed 0h:00m:00s; CPU Time elapsed 0h:00m:00s; Memory used current: 143MB peak: 145MB)


Starting factoring (Real Time elapsed 0h:00m:01s; CPU Time elapsed 0h:00m:00s; Memory used current: 144MB peak: 145MB)


Finished factoring (Real Time elapsed 0h:00m:01s; CPU Time elapsed 0h:00m:01s; Memory used current: 154MB peak: 155MB)


Starting gated-clock and generated-clock conversion (Real Time elapsed 0h:00m:01s; CPU Time elapsed 0h:00m:01s; Memory used current: 149MB peak: 155MB)


Finished gated-clock and generated-clock conversion (Real Time elapsed 0h:00m:01s; CPU Time elapsed 0h:00m:01s; Memory used current: 149MB peak: 155MB)


Finished generic timing optimizations - Pass 1 (Real Time elapsed 0h:00m:01s; CPU Time elapsed 0h:00m:01s; Memory used current: 149MB peak: 155MB)


Starting Early Timing Optimization (Real Time elapsed 0h:00m:02s; CPU Time elapsed 0h:00m:02s; Memory used current: 149MB peak: 155MB)


Finished Early Timing Optimization (Real Time elapsed 0h:00m:02s; CPU Time elapsed 0h:00m:02s; Memory used current: 149MB peak: 155MB)


Finished generic timing optimizations - Pass 2 (Real Time elapsed 0h:00m:02s; CPU Time elapsed 0h:00m:02s; Memory used current: 149MB peak: 155MB)


Finished preparing to map (Real Time elapsed 0h:00m:02s; CPU Time elapsed 0h:00m:02s; Memory used current: 149MB peak: 155MB)


Finished technology mapping (Real Time elapsed 0h:00m:03s; CPU Time elapsed 0h:00m:03s; Memory used current: 177MB peak: 180MB)

Pass		 CPU time		Worst Slack		Luts / Registers
------------------------------------------------------------
   1		0h:00m:03s		   468.32ns		 507 /       218

Finished technology timing optimizations and critical path resynthesis (Real Time elapsed 0h:00m:04s; CPU Time elapsed 0h:00m:03s; Memory used current: 177MB peak: 180MB)

@N: FX164 |The option to pack registers in the IOB has not been specified. Please set syn_useioff attribute.  
@A: BN291 :"c:\users\valery garibay\desktop\nuevoarqui\alluu01\alluu01\alu01\generic02\source\ucg01.vhdl":23:4:23:5|Boundary register G17.outuc_15_.fb (in view: work.topgeneric01(topgeneric0)) is packed into a complex cell. To disable register packing, set syn_keep=1 on the net between the register and the complex cell. 
@A: BN291 :"c:\users\valery garibay\desktop\nuevoarqui\alluu01\alluu01\alu01\generic02\source\ucg01.vhdl":23:4:23:5|Boundary register G17.outuc_14_.fb (in view: work.topgeneric01(topgeneric0)) is packed into a complex cell. To disable register packing, set syn_keep=1 on the net between the register and the complex cell. 
@A: BN291 :"c:\users\valery garibay\desktop\nuevoarqui\alluu01\alluu01\alu01\generic02\source\ucg01.vhdl":23:4:23:5|Boundary register G17.outuc_13_.fb (in view: work.topgeneric01(topgeneric0)) is packed into a complex cell. To disable register packing, set syn_keep=1 on the net between the register and the complex cell. 
@A: BN291 :"c:\users\valery garibay\desktop\nuevoarqui\alluu01\alluu01\alu01\generic02\source\ucg01.vhdl":23:4:23:5|Boundary register G17.outuc_12_.fb (in view: work.topgeneric01(topgeneric0)) is packed into a complex cell. To disable register packing, set syn_keep=1 on the net between the register and the complex cell. 
@A: BN291 :"c:\users\valery garibay\desktop\nuevoarqui\alluu01\alluu01\alu01\generic02\source\ucg01.vhdl":23:4:23:5|Boundary register G17.outuc_11_.fb (in view: work.topgeneric01(topgeneric0)) is packed into a complex cell. To disable register packing, set syn_keep=1 on the net between the register and the complex cell. 
@A: BN291 :"c:\users\valery garibay\desktop\nuevoarqui\alluu01\alluu01\alu01\generic02\source\ucg01.vhdl":23:4:23:5|Boundary register G17.outuc_10_.fb (in view: work.topgeneric01(topgeneric0)) is packed into a complex cell. To disable register packing, set syn_keep=1 on the net between the register and the complex cell. 
@A: BN291 :"c:\users\valery garibay\desktop\nuevoarqui\alluu01\alluu01\alu01\generic02\source\ucg01.vhdl":23:4:23:5|Boundary register G17.outuc_9_.fb (in view: work.topgeneric01(topgeneric0)) is packed into a complex cell. To disable register packing, set syn_keep=1 on the net between the register and the complex cell. 
@A: BN291 :"c:\users\valery garibay\desktop\nuevoarqui\alluu01\alluu01\alu01\generic02\source\ucg01.vhdl":23:4:23:5|Boundary register G17.outuc_8_.fb (in view: work.topgeneric01(topgeneric0)) is packed into a complex cell. To disable register packing, set syn_keep=1 on the net between the register and the complex cell. 

Finished restoring hierarchy (Real Time elapsed 0h:00m:04s; CPU Time elapsed 0h:00m:04s; Memory used current: 178MB peak: 180MB)

@N: MT611 :|Automatically generated clock div00|outdiv_derived_clock is not used and is being removed


@S |Clock Optimization Summary


#### START OF CLOCK OPTIMIZATION REPORT #####[

0 non-gated/non-generated clock tree(s) driving 0 clock pin(s) of sequential element(s)
1 gated/generated clock tree(s) driving 218 clock pin(s) of sequential element(s)
0 instances converted, 218 sequential instances remain driven by gated/generated clocks

================================================================================================== Gated/Generated Clocks ==================================================================================================
Clock Tree ID     Driving Element       Drive Element Type     Fanout     Sample Instance     Explanation                                                                                                                   
----------------------------------------------------------------------------------------------------------------------------------------------------------------------------------------------------------------------------
@K:CKID0001       G00.UD00.OSCInst0     OSCH                   218        G17_outucio[8]      Gating structure creates improper gating logic. See the Gated Clocks description in the user guide for conversion requirements
============================================================================================================================================================================================================================


##### END OF CLOCK OPTIMIZATION REPORT ######]


Start Writing Netlists (Real Time elapsed 0h:00m:04s; CPU Time elapsed 0h:00m:04s; Memory used current: 141MB peak: 180MB)

Writing Analyst data base C:\Users\Valery Garibay\Desktop\NUEVOARQUI\ALLUU01\ALLUU01\ALU01\generic02\synwork\generic02_generic02_m.srm

Finished Writing Netlist Databases (Real Time elapsed 0h:00m:05s; CPU Time elapsed 0h:00m:04s; Memory used current: 177MB peak: 180MB)

Writing EDIF Netlist and constraint files
@N: FX1056 |Writing EDF file: C:\Users\Valery Garibay\Desktop\NUEVOARQUI\ALLUU01\ALLUU01\ALU01\generic02\generic02_generic02.edi
M-2017.03L-SP1-1
@N: BW106 |Synplicity Constraint File capacitance units using default value of 1pF 

Finished Writing EDIF Netlist and constraint files (Real Time elapsed 0h:00m:06s; CPU Time elapsed 0h:00m:05s; Memory used current: 182MB peak: 184MB)


Start final timing analysis (Real Time elapsed 0h:00m:06s; CPU Time elapsed 0h:00m:06s; Memory used current: 181MB peak: 184MB)

@W: MT420 |Found inferred clock osc00|osc_int_inferred_clock with period 480.77ns. Please declare a user-defined clock on object "n:G00.UD00.osc_int"


##### START OF TIMING REPORT #####[
# Timing Report written on Thu May  2 13:11:31 2019
#


Top view:               topgeneric01
Requested Frequency:    2.1 MHz
Wire load mode:         top
Paths requested:        5
Constraint File(s):    
@N: MT320 |This timing report is an estimate of place and route data. For final timing results, use the FPGA vendor place and route report.

@N: MT322 |Clock constraints include only register-to-register paths associated with each individual clock.



Performance Summary
*******************


Worst slack in design: 468.620

                                 Requested     Estimated     Requested     Estimated                 Clock        Clock              
Starting Clock                   Frequency     Frequency     Period        Period        Slack       Type         Group              
-------------------------------------------------------------------------------------------------------------------------------------
osc00|osc_int_inferred_clock     2.1 MHz       82.3 MHz      480.769       12.149        468.620     inferred     Inferred_clkgroup_0
=====================================================================================================================================





Clock Relationships
*******************

Clocks                                                      |    rise  to  rise     |    fall  to  fall   |    rise  to  fall   |    fall  to  rise 
----------------------------------------------------------------------------------------------------------------------------------------------------
Starting                      Ending                        |  constraint  slack    |  constraint  slack  |  constraint  slack  |  constraint  slack
----------------------------------------------------------------------------------------------------------------------------------------------------
osc00|osc_int_inferred_clock  osc00|osc_int_inferred_clock  |  480.769     468.620  |  No paths    -      |  No paths    -      |  No paths    -    
====================================================================================================================================================
 Note: 'No paths' indicates there are no paths in the design for that pair of clock edges.
       'Diff grp' indicates that paths exist but the starting clock and ending clock are in different clock groups.



Interface Information 
*********************

No IO constraint found



====================================
Detailed Report for Clock: osc00|osc_int_inferred_clock
====================================



Starting Points with Worst Slack
********************************

                      Starting                                                          Arrival            
Instance              Reference                        Type        Pin     Net          Time        Slack  
                      Clock                                                                                
-----------------------------------------------------------------------------------------------------------
G00.UD01.sdiv[8]      osc00|osc_int_inferred_clock     FD1S3IX     Q       sdiv[8]      1.044       468.620
G00.UD01.sdiv[9]      osc00|osc_int_inferred_clock     FD1S3IX     Q       sdiv[9]      1.044       468.620
G00.UD01.sdiv[10]     osc00|osc_int_inferred_clock     FD1S3IX     Q       sdiv[10]     1.044       468.620
G00.UD01.sdiv[11]     osc00|osc_int_inferred_clock     FD1S3IX     Q       sdiv[11]     1.044       468.620
G00.UD01.sdiv[12]     osc00|osc_int_inferred_clock     FD1S3IX     Q       sdiv[12]     1.148       468.652
G00.UD01.sdiv[13]     osc00|osc_int_inferred_clock     FD1S3IX     Q       sdiv[13]     1.148       468.652
G00.UD01.sdiv[14]     osc00|osc_int_inferred_clock     FD1S3IX     Q       sdiv[14]     1.148       468.652
G00.UD01.sdiv[15]     osc00|osc_int_inferred_clock     FD1S3IX     Q       sdiv[15]     1.148       468.652
G00.UD01.sdiv[0]      osc00|osc_int_inferred_clock     FD1S3IX     Q       sdiv[0]      1.044       468.684
G00.UD01.sdiv[1]      osc00|osc_int_inferred_clock     FD1S3IX     Q       sdiv[1]      1.044       468.684
===========================================================================================================


Ending Points with Worst Slack
******************************

                      Starting                                                              Required            
Instance              Reference                        Type        Pin     Net              Time         Slack  
                      Clock                                                                                     
----------------------------------------------------------------------------------------------------------------
G00.UD01.sdiv[19]     osc00|osc_int_inferred_clock     FD1S3IX     D       un1_sdiv[20]     480.664      468.620
G00.UD01.sdiv[20]     osc00|osc_int_inferred_clock     FD1S3IX     D       un1_sdiv[21]     480.664      468.620
G00.UD01.sdiv[17]     osc00|osc_int_inferred_clock     FD1S3IX     D       un1_sdiv[18]     480.664      468.763
G00.UD01.sdiv[18]     osc00|osc_int_inferred_clock     FD1S3IX     D       un1_sdiv[19]     480.664      468.763
G00.UD01.sdiv[15]     osc00|osc_int_inferred_clock     FD1S3IX     D       un1_sdiv[16]     480.664      468.906
G00.UD01.sdiv[16]     osc00|osc_int_inferred_clock     FD1S3IX     D       un1_sdiv[17]     480.664      468.906
G00.UD01.sdiv[13]     osc00|osc_int_inferred_clock     FD1S3IX     D       un1_sdiv[14]     480.664      469.049
G00.UD01.sdiv[14]     osc00|osc_int_inferred_clock     FD1S3IX     D       un1_sdiv[15]     480.664      469.049
G00.UD01.sdiv[11]     osc00|osc_int_inferred_clock     FD1S3IX     D       un1_sdiv[12]     480.664      469.192
G00.UD01.sdiv[12]     osc00|osc_int_inferred_clock     FD1S3IX     D       un1_sdiv[13]     480.664      469.192
================================================================================================================



Worst Path Information
***********************


Path information for path number 1: 
      Requested Period:                      480.769
    - Setup time:                            0.106
    + Clock delay at ending point:           0.000 (ideal)
    = Required time:                         480.664

    - Propagation time:                      12.043
    - Clock delay at starting point:         0.000 (ideal)
    = Slack (critical) :                     468.620

    Number of logic level(s):                17
    Starting point:                          G00.UD01.sdiv[8] / Q
    Ending point:                            G00.UD01.sdiv[20] / D
    The start point is clocked by            osc00|osc_int_inferred_clock [rising] on pin CK
    The end   point is clocked by            osc00|osc_int_inferred_clock [rising] on pin CK

Instance / Net                                        Pin      Pin               Arrival     No. of    
Name                                     Type         Name     Dir     Delay     Time        Fan Out(s)
-------------------------------------------------------------------------------------------------------
G00.UD01.sdiv[8]                         FD1S3IX      Q        Out     1.044     1.044       -         
sdiv[8]                                  Net          -        -       -         -           2         
G00.UD01.pdiv\.outdiv13lto17_i_a2_12     ORCALUT4     A        In      0.000     1.044       -         
G00.UD01.pdiv\.outdiv13lto17_i_a2_12     ORCALUT4     Z        Out     1.153     2.197       -         
N_3_13                                   Net          -        -       -         -           3         
G00.UD01.pdiv\.outdiv13lto17_i_a2_16     ORCALUT4     B        In      0.000     2.197       -         
G00.UD01.pdiv\.outdiv13lto17_i_a2_16     ORCALUT4     Z        Out     1.225     3.421       -         
N_3_18                                   Net          -        -       -         -           5         
G00.UD01.pdiv\.outdiv13lto20             ORCALUT4     A        In      0.000     3.421       -         
G00.UD01.pdiv\.outdiv13lto20             ORCALUT4     Z        Out     1.017     4.438       -         
outdiv13                                 Net          -        -       -         -           1         
G00.UD01.outdiv_0_sqmuxa_2               ORCALUT4     A        In      0.000     4.438       -         
G00.UD01.outdiv_0_sqmuxa_2               ORCALUT4     Z        Out     1.017     5.455       -         
outdiv_0_sqmuxa_2                        Net          -        -       -         -           1         
G00.UD01.un1_outdiv44_3                  ORCALUT4     A        In      0.000     5.455       -         
G00.UD01.un1_outdiv44_3                  ORCALUT4     Z        Out     1.193     6.648       -         
un1_outdiv44_3                           Net          -        -       -         -           4         
G00.UD01.un1_sdiv_cry_0_0_RNO            ORCALUT4     A        In      0.000     6.648       -         
G00.UD01.un1_sdiv_cry_0_0_RNO            ORCALUT4     Z        Out     1.017     7.665       -         
un1_outdiv44_i                           Net          -        -       -         -           1         
G00.UD01.un1_sdiv_cry_0_0                CCU2D        B0       In      0.000     7.665       -         
G00.UD01.un1_sdiv_cry_0_0                CCU2D        COUT     Out     1.544     9.209       -         
un1_sdiv_cry_0                           Net          -        -       -         -           1         
G00.UD01.un1_sdiv_cry_1_0                CCU2D        CIN      In      0.000     9.209       -         
G00.UD01.un1_sdiv_cry_1_0                CCU2D        COUT     Out     0.143     9.352       -         
un1_sdiv_cry_2                           Net          -        -       -         -           1         
G00.UD01.un1_sdiv_cry_3_0                CCU2D        CIN      In      0.000     9.352       -         
G00.UD01.un1_sdiv_cry_3_0                CCU2D        COUT     Out     0.143     9.495       -         
un1_sdiv_cry_4                           Net          -        -       -         -           1         
G00.UD01.un1_sdiv_cry_5_0                CCU2D        CIN      In      0.000     9.495       -         
G00.UD01.un1_sdiv_cry_5_0                CCU2D        COUT     Out     0.143     9.637       -         
un1_sdiv_cry_6                           Net          -        -       -         -           1         
G00.UD01.un1_sdiv_cry_7_0                CCU2D        CIN      In      0.000     9.637       -         
G00.UD01.un1_sdiv_cry_7_0                CCU2D        COUT     Out     0.143     9.780       -         
un1_sdiv_cry_8                           Net          -        -       -         -           1         
G00.UD01.un1_sdiv_cry_9_0                CCU2D        CIN      In      0.000     9.780       -         
G00.UD01.un1_sdiv_cry_9_0                CCU2D        COUT     Out     0.143     9.923       -         
un1_sdiv_cry_10                          Net          -        -       -         -           1         
G00.UD01.un1_sdiv_cry_11_0               CCU2D        CIN      In      0.000     9.923       -         
G00.UD01.un1_sdiv_cry_11_0               CCU2D        COUT     Out     0.143     10.066      -         
un1_sdiv_cry_12                          Net          -        -       -         -           1         
G00.UD01.un1_sdiv_cry_13_0               CCU2D        CIN      In      0.000     10.066      -         
G00.UD01.un1_sdiv_cry_13_0               CCU2D        COUT     Out     0.143     10.209      -         
un1_sdiv_cry_14                          Net          -        -       -         -           1         
G00.UD01.un1_sdiv_cry_15_0               CCU2D        CIN      In      0.000     10.209      -         
G00.UD01.un1_sdiv_cry_15_0               CCU2D        COUT     Out     0.143     10.351      -         
un1_sdiv_cry_16                          Net          -        -       -         -           1         
G00.UD01.un1_sdiv_cry_17_0               CCU2D        CIN      In      0.000     10.351      -         
G00.UD01.un1_sdiv_cry_17_0               CCU2D        COUT     Out     0.143     10.494      -         
un1_sdiv_cry_18                          Net          -        -       -         -           1         
G00.UD01.un1_sdiv_cry_19_0               CCU2D        CIN      In      0.000     10.494      -         
G00.UD01.un1_sdiv_cry_19_0               CCU2D        S1       Out     1.549     12.043      -         
un1_sdiv[21]                             Net          -        -       -         -           1         
G00.UD01.sdiv[20]                        FD1S3IX      D        In      0.000     12.043      -         
=======================================================================================================



##### END OF TIMING REPORT #####]

Timing exceptions that could not be applied
None

Finished final timing analysis (Real Time elapsed 0h:00m:06s; CPU Time elapsed 0h:00m:06s; Memory used current: 182MB peak: 184MB)


Finished timing report (Real Time elapsed 0h:00m:06s; CPU Time elapsed 0h:00m:06s; Memory used current: 182MB peak: 184MB)

---------------------------------------
Resource Usage Report
Part: lcmxo2_7000he-4

Register bits: 218 of 6864 (3%)
PIC Latch:       0
I/O cells:       50


Details:
BB:             1
CCU2D:          11
FD1P3AX:        179
FD1S3AX:        2
FD1S3IX:        21
GSR:            1
IB:             30
INV:            13
OB:             18
OBZ:            1
OFS1P3DX:       8
OFS1P3IX:       8
ORCALUT4:       481
OSCH:           1
PFUMX:          3
PUR:            1
VHI:            282
VLO:            282
Mapper successful!

At Mapper Exit (Real Time elapsed 0h:00m:07s; CPU Time elapsed 0h:00m:06s; Memory used current: 34MB peak: 184MB)

Process took 0h:00m:07s realtime, 0h:00m:06s cputime
# Thu May  2 13:11:31 2019

###########################################################]


Synthesis exit by 0.

edif2ngd  -l "MachXO2" -d LCMXO2-7000HE -path "C:/Users/Valery Garibay/Desktop/NUEVOARQUI/ALLUU01/ALLUU01/ALU01/generic02" -path "C:/Users/Valery Garibay/Desktop/NUEVOARQUI/ALLUU01/ALLUU01/ALU01"   "C:/Users/Valery Garibay/Desktop/NUEVOARQUI/ALLUU01/ALLUU01/ALU01/generic02/generic02_generic02.edi" "generic02_generic02.ngo"   
edif2ngd:  version Diamond (64-bit) 3.10.0.111.2

Copyright (c) 1991-1994 by NeoCAD Inc. All rights reserved.
Copyright (c) 1995 AT&T Corp.   All rights reserved.
Copyright (c) 1995-2001 Lucent Technologies Inc.  All rights reserved.
Copyright (c) 2001 Agere Systems   All rights reserved.
Copyright (c) 2002-2017 Lattice Semiconductor Corporation,  All rights reserved.
Writing the design to generic02_generic02.ngo...

Total CPU Time: 0 secs  

Total REAL Time: 0 secs  


ngdbuild  -a "MachXO2" -d LCMXO2-7000HE  -p "C:/Program Files/diamond/3.10_x64/ispfpga/xo2c00/data"  -p "C:/Users/Valery Garibay/Desktop/NUEVOARQUI/ALLUU01/ALLUU01/ALU01/generic02" -p "C:/Users/Valery Garibay/Desktop/NUEVOARQUI/ALLUU01/ALLUU01/ALU01"  "generic02_generic02.ngo" "generic02_generic02.ngd"  	
ngdbuild:  version Diamond (64-bit) 3.10.0.111.2

Copyright (c) 1991-1994 by NeoCAD Inc. All rights reserved.
Copyright (c) 1995 AT&T Corp.   All rights reserved.
Copyright (c) 1995-2001 Lucent Technologies Inc.  All rights reserved.
Copyright (c) 2001 Agere Systems   All rights reserved.
Copyright (c) 2002-2017 Lattice Semiconductor Corporation,  All rights reserved.
Reading 'generic02_generic02.ngo' ...
Loading NGL library 'C:/Program Files/diamond/3.10_x64/ispfpga/xo2c00a/data/xo2alib.ngl'...
Loading NGL library 'C:/Program Files/diamond/3.10_x64/ispfpga/xo2c00/data/xo2clib.ngl'...
Loading NGL library 'C:/Program Files/diamond/3.10_x64/ispfpga/mg5g00/data/mg5glib.ngl'...
Loading NGL library 'C:/Program Files/diamond/3.10_x64/ispfpga/or5g00/data/orc5glib.ngl'...


Running DRC...

    <postMsg mid="1166052" type="Warning" dynamic="2" navigation="1" arg0="logical" arg1="G00/UD00/OSCInst0_SEDSTDBY" arg2="G00/UD00/OSCInst0_SEDSTDBY"  />
    <postMsg mid="1163101" type="Warning" dynamic="1" navigation="0" arg0="1"  />

Design Results:
   1342 blocks expanded
Complete the first expansion.
Writing 'generic02_generic02.ngd' ...
Total CPU Time: 0 secs  

Total REAL Time: 0 secs  


map -a "MachXO2" -p LCMXO2-7000HE -t TQFP144 -s 4 -oc Commercial   "generic02_generic02.ngd" -o "generic02_generic02_map.ncd" -pr "generic02_generic02.prf" -mp "generic02_generic02.mrp" -lpf "C:/Users/Valery Garibay/Desktop/NUEVOARQUI/ALLUU01/ALLUU01/ALU01/generic02/generic02_generic02_synplify.lpf" -lpf "C:/Users/Valery Garibay/Desktop/NUEVOARQUI/ALLUU01/ALLUU01/ALU01/generic02.lpf" -c 0            
map:  version Diamond (64-bit) 3.10.0.111.2

Copyright (c) 1991-1994 by NeoCAD Inc. All rights reserved.
Copyright (c) 1995 AT&T Corp.   All rights reserved.
Copyright (c) 1995-2001 Lucent Technologies Inc.  All rights reserved.
Copyright (c) 2001 Agere Systems   All rights reserved.
Copyright (c) 2002-2017 Lattice Semiconductor Corporation,  All rights reserved.
   Process the file: generic02_generic02.ngd
   Picdevice="LCMXO2-7000HE"

   Pictype="TQFP144"

   Picspeed=4

   Remove unused logic

   Do not produce over sized NCDs.

Part used: LCMXO2-7000HETQFP144, Performance used: 4.

Loading device for application map from file 'xo2c7000.nph' in environment: C:/Program Files/diamond/3.10_x64/ispfpga.
Package Status:                     Final          Version 1.39.

Running general design DRC...

Removing unused logic...

Optimizing...




Design Summary:
   Number of registers:    218 out of  7209 (3%)
      PFU registers:          202 out of  6864 (3%)
      PIO registers:           16 out of   345 (5%)
   Number of SLICEs:       270 out of  3432 (8%)
      SLICEs as Logic/ROM:    270 out of  3432 (8%)
      SLICEs as RAM:            0 out of  2574 (0%)
      SLICEs as Carry:         11 out of  3432 (0%)
   Number of LUT4s:        515 out of  6864 (8%)
      Number used as logic LUTs:        493
      Number used as distributed RAM:     0
      Number used as ripple logic:       22
      Number used as shift registers:     0
   Number of PIO sites used: 50 + 4(JTAG) out of 115 (47%)
   Number of block RAMs:  0 out of 26 (0%)
   Number of GSRs:  0 out of 1 (0%)
   EFB used :       No
   JTAG used :      No
   Readback used :  No
   Oscillator used :  Yes
   Startup used :   No
   POR :            On
   Bandgap :        On
   Number of Power Controller:  0 out of 1 (0%)
   Number of Dynamic Bank Controller (BCINRD):  0 out of 6 (0%)
   Number of Dynamic Bank Controller (BCLVDSO):  0 out of 1 (0%)
   Number of DCCA:  0 out of 8 (0%)
   Number of DCMA:  0 out of 2 (0%)
   Number of PLLs:  0 out of 2 (0%)
   Number of DQSDLLs:  0 out of 2 (0%)
   Number of CLKDIVC:  0 out of 4 (0%)
   Number of ECLKSYNCA:  0 out of 4 (0%)
   Number of ECLKBRIDGECS:  0 out of 2 (0%)
   Notes:-
      1. Total number of LUT4s = (Number of logic LUT4s) + 2*(Number of distributed RAMs) + 2*(Number of ripple logic)
      2. Number of logic LUT4s does not include count of distributed RAM and ripple logic.
   Number of clocks:  1
     Net G00.sclk_0: 145 loads, 145 rising, 0 falling (Driver: G00/UD00/OSCInst0 )
   Number of Clock Enables:  19
     Net aux_RNIP63G2: 16 loads, 0 LSLICEs
     Net G09/aux_RNIPCKS1: 5 loads, 5 LSLICEs
     Net G_4: 53 loads, 53 LSLICEs
     Net G10/aux_RNIPH0A2: 5 loads, 5 LSLICEs
     Net G01/aux_RNI2GR72: 4 loads, 4 LSLICEs
     Net G02/aux_RNI1C182: 4 loads, 4 LSLICEs
     Net G03/outx_1ce[0]: 4 loads, 4 LSLICEs
     Net G04/outn_1ce[0]: 4 loads, 4 LSLICEs
     Net G05/aux_RNIDID92: 4 loads, 4 LSLICEs
     Net G06/aux_RNIBKQH2: 2 loads, 2 LSLICEs
     Net G06/outno_1ce[3]: 3 loads, 3 LSLICEs
     Net G07/outxn_1ce[0]: 4 loads, 4 LSLICEs
     Net G12/aux_RNIN1FB2: 8 loads, 8 LSLICEs
     Net G13/aux_RNI49KF2: 2 loads, 2 LSLICEs
     Net G13/outsl_1ce[4]: 2 loads, 2 LSLICEs
     Net G14/outsr_1ce[0]: 2 loads, 2 LSLICEs
     Net G14/aux_RNII97I2: 2 loads, 2 LSLICEs
     Net G15/outrl_1ce[0]: 4 loads, 4 LSLICEs
     Net G16/outrr_1ce[0]: 4 loads, 4 LSLICEs
   Number of LSRs:  2
     Net aux_RNI7SJT2: 8 loads, 0 LSLICEs
     Net G00/UD01/un1_outdiv44_RNIEC7H: 11 loads, 11 LSLICEs
   Number of nets driven by tri-state buffers:  0
   Top 10 highest fanout non-clock nets:
     Net G_4: 69 loads
     Net outFlag0_c: 38 loads
     Net portA0_c[7]: 32 loads
     Net corr0_c[2]: 31 loads
     Net portA0_c[0]: 31 loads
     Net portA0_c[6]: 29 loads
     Net portA0_c[4]: 28 loads
     Net portA0_c[1]: 27 loads
     Net portA0_c[2]: 27 loads
     Net portA0_c[3]: 27 loads
 

   Number of warnings:  0
   Number of errors:    0



Total CPU Time: 1 secs  
Total REAL Time: 2 secs  
Peak Memory Usage: 62 MB

Dumping design to file generic02_generic02_map.ncd.

mpartrce -p "generic02_generic02.p2t" -f "generic02_generic02.p3t" -tf "generic02_generic02.pt" "generic02_generic02_map.ncd" "generic02_generic02.ncd"

---- MParTrce Tool ----
Removing old design directory at request of -rem command line option to this program.
Running par. Please wait . . .

Lattice Place and Route Report for Design "generic02_generic02_map.ncd"
Thu May 02 13:11:38 2019

PAR: Place And Route Diamond (64-bit) 3.10.0.111.2.
Command Line: par -w -l 5 -i 6 -t 1 -c 0 -e 0 -gui -msgset "C:/Users/Valery Garibay/Desktop/NUEVOARQUI/ALLUU01/ALLUU01/ALU01/promote.xml" -exp parUseNBR=1:parCDP=0:parCDR=0:parPathBased=OFF generic02_generic02_map.ncd generic02_generic02.dir/5_1.ncd generic02_generic02.prf
Preference file: generic02_generic02.prf.
Placement level-cost: 5-1.
Routing Iterations: 6

Loading design for application par from file generic02_generic02_map.ncd.
Design name: topgeneric01
NCD version: 3.3
Vendor:      LATTICE
Device:      LCMXO2-7000HE
Package:     TQFP144
Performance: 4
Loading device for application par from file 'xo2c7000.nph' in environment: C:/Program Files/diamond/3.10_x64/ispfpga.
Package Status:                     Final          Version 1.39.
Performance Hardware Data Status:   Final          Version 34.4.
License checked out.


Ignore Preference Error(s):  True
Device utilization summary:

   PIO (prelim)   50+4(JTAG)/336     16% used
                  50+4(JTAG)/115     47% bonded
   IOLOGIC           16/336           4% used

   SLICE            270/3432          7% used

   OSC                1/1           100% used


Number of Signals: 771
Number of Connections: 2267

Pin Constraint Summary:
   43 out of 50 pins locked (86% locked).

The following 1 signal is selected to use the primary clock routing resources:
    G00.sclk_0 (driver: G00/UD00/OSCInst0, clk load #: 145)


The following 3 signals are selected to use the secondary clock routing resources:
    G_4 (driver: SLICE_184, clk load #: 0, sr load #: 0, ce load #: 53)
    aux_RNIP63G2 (driver: G17/SLICE_217, clk load #: 0, sr load #: 0, ce load #: 16)
    G00/UD01/un1_outdiv44_RNIEC7H (driver: G00/UD01/SLICE_228, clk load #: 0, sr load #: 11, ce load #: 0)

No signal is selected as Global Set/Reset.
.
Starting Placer Phase 0.
..............
Finished Placer Phase 0.  REAL time: 3 secs 

Starting Placer Phase 1.
....................
Placer score = 132978.
Finished Placer Phase 1.  REAL time: 9 secs 

Starting Placer Phase 2.
.
Placer score =  132235
Finished Placer Phase 2.  REAL time: 9 secs 


------------------ Clock Report ------------------

Global Clock Resources:
  CLK_PIN    : 0 out of 8 (0%)
  PLL        : 0 out of 2 (0%)
  DCM        : 0 out of 2 (0%)
  DCC        : 0 out of 8 (0%)

Quadrants All (TL, TR, BL, BR) - Global Clocks:
  PRIMARY "G00.sclk_0" from OSC on comp "G00/UD00/OSCInst0" on site "OSC", clk load = 145
  SECONDARY "G_4" from F1 on comp "SLICE_184" on site "R14C18A", clk load = 0, ce load = 53, sr load = 0
  SECONDARY "aux_RNIP63G2" from F1 on comp "G17/SLICE_217" on site "R14C20A", clk load = 0, ce load = 16, sr load = 0
  SECONDARY "G00/UD01/un1_outdiv44_RNIEC7H" from F0 on comp "G00/UD01/SLICE_228" on site "R14C18C", clk load = 0, ce load = 0, sr load = 11

  PRIMARY  : 1 out of 8 (12%)
  SECONDARY: 3 out of 8 (37%)

Edge Clocks:
  No edge clock selected.

--------------- End of Clock Report ---------------


I/O Usage Summary (final):
   50 + 4(JTAG) out of 336 (16.1%) PIO sites used.
   50 + 4(JTAG) out of 115 (47.0%) bonded PIO sites used.
   Number of PIO comps: 50; differential: 0.
   Number of Vref pins used: 0.

I/O Bank Usage Summary:
+----------+----------------+------------+-----------+
| I/O Bank | Usage          | Bank Vccio | Bank Vref |
+----------+----------------+------------+-----------+
| 0        | 17 / 28 ( 60%) | 2.5V       | -         |
| 1        | 9 / 29 ( 31%)  | 2.5V       | -         |
| 2        | 24 / 29 ( 82%) | 2.5V       | -         |
| 3        | 0 / 9 (  0%)   | -          | -         |
| 4        | 0 / 10 (  0%)  | -          | -         |
| 5        | 0 / 10 (  0%)  | -          | -         |
+----------+----------------+------------+-----------+

Total placer CPU time: 9 secs 

Dumping design to file generic02_generic02.dir/5_1.ncd.

0 connections routed; 2267 unrouted.
Starting router resource preassignment

Completed router resource preassignment. Real time: 14 secs 

Start NBR router at 13:11:52 05/02/19

*****************************************************************
Info: NBR allows conflicts(one node used by more than one signal)
      in the earlier iterations. In each iteration, it tries to  
      solve the conflicts while keeping the critical connections 
      routed as short as possible. The routing process is said to
      be completed when no conflicts exist and all connections   
      are routed.                                                
Note: NBR uses a different method to calculate timing slacks. The
      worst slack and total negative slack may not be the same as
      that in TRCE report. You should always run TRCE to verify  
      your design.                                               
*****************************************************************

Start NBR special constraint process at 13:11:52 05/02/19

Start NBR section for initial routing at 13:11:52 05/02/19
Level 4, iteration 1
55(0.01%) conflicts; 0(0.00%) untouched conn; 0 (nbr) score; 
Estimated worst slack/total negative slack<setup>: 460.132ns/0.000ns; real time: 15 secs 

Info: Initial congestion level at 75% usage is 0
Info: Initial congestion area  at 75% usage is 0 (0.00%)

Start NBR section for normal routing at 13:11:53 05/02/19
Level 4, iteration 1
24(0.01%) conflicts; 0(0.00%) untouched conn; 0 (nbr) score; 
Estimated worst slack/total negative slack<setup>: 460.132ns/0.000ns; real time: 15 secs 
Level 4, iteration 2
12(0.00%) conflicts; 0(0.00%) untouched conn; 0 (nbr) score; 
Estimated worst slack/total negative slack<setup>: 460.137ns/0.000ns; real time: 15 secs 
Level 4, iteration 3
6(0.00%) conflicts; 0(0.00%) untouched conn; 0 (nbr) score; 
Estimated worst slack/total negative slack<setup>: 460.137ns/0.000ns; real time: 15 secs 
Level 4, iteration 4
1(0.00%) conflict; 0(0.00%) untouched conn; 0 (nbr) score; 
Estimated worst slack/total negative slack<setup>: 460.137ns/0.000ns; real time: 15 secs 
Level 4, iteration 5
1(0.00%) conflict; 0(0.00%) untouched conn; 0 (nbr) score; 
Estimated worst slack/total negative slack<setup>: 460.137ns/0.000ns; real time: 15 secs 
Level 4, iteration 6
0(0.00%) conflict; 0(0.00%) untouched conn; 0 (nbr) score; 
Estimated worst slack/total negative slack<setup>: 460.137ns/0.000ns; real time: 15 secs 

Start NBR section for setup/hold timing optimization with effort level 3 at 13:11:53 05/02/19

Start NBR section for re-routing at 13:11:54 05/02/19
Level 4, iteration 1
0(0.00%) conflict; 0(0.00%) untouched conn; 0 (nbr) score; 
Estimated worst slack/total negative slack<setup>: 460.137ns/0.000ns; real time: 16 secs 

Start NBR section for post-routing at 13:11:54 05/02/19

End NBR router with 0 unrouted connection

NBR Summary
-----------
  Number of unrouted connections : 0 (0.00%)
  Number of connections with timing violations : 0 (0.00%)
  Estimated worst slack<setup> : 460.137ns
  Timing score<setup> : 0
-----------
Notes: The timing info is calculated for SETUP only and all PAR_ADJs are ignored.



Total CPU time 16 secs 
Total REAL time: 17 secs 
Completely routed.
End of route.  2267 routed (100.00%); 0 unrouted.

Hold time timing score: 0, hold timing errors: 0

Timing score: 0 

Dumping design to file generic02_generic02.dir/5_1.ncd.


PAR_SUMMARY::Run status = Success
PAR_SUMMARY::Number of unrouted conns = 0
PAR_SUMMARY::Worst  slack<setup/<ns>> = 460.137
PAR_SUMMARY::Timing score<setup/<ns>> = 0.000
PAR_SUMMARY::Worst  slack<hold /<ns>> = 0.379
PAR_SUMMARY::Timing score<hold /<ns>> = 0.000
PAR_SUMMARY::Number of errors = 0

Total CPU  time to completion: 17 secs 
Total REAL time to completion: 17 secs 

par done!

Copyright (c) 1991-1994 by NeoCAD Inc. All rights reserved.
Copyright (c) 1995 AT&T Corp.   All rights reserved.
Copyright (c) 1995-2001 Lucent Technologies Inc.  All rights reserved.
Copyright (c) 2001 Agere Systems   All rights reserved.
Copyright (c) 2002-2017 Lattice Semiconductor Corporation,  All rights reserved.
Exiting par with exit code 0
Exiting mpartrce with exit code 0

bitgen -f "generic02_generic02.t2b" -w "generic02_generic02.ncd" -jedec "generic02_generic02.prf"


BITGEN: Bitstream Generator Diamond (64-bit) 3.10.0.111.2
Copyright (c) 1991-1994 by NeoCAD Inc. All rights reserved.
Copyright (c) 1995 AT&T Corp.   All rights reserved.
Copyright (c) 1995-2001 Lucent Technologies Inc.  All rights reserved.
Copyright (c) 2001 Agere Systems   All rights reserved.
Copyright (c) 2002-2017 Lattice Semiconductor Corporation,  All rights reserved.


Loading design for application Bitgen from file generic02_generic02.ncd.
Design name: topgeneric01
NCD version: 3.3
Vendor:      LATTICE
Device:      LCMXO2-7000HE
Package:     TQFP144
Performance: 4
Loading device for application Bitgen from file 'xo2c7000.nph' in environment: C:/Program Files/diamond/3.10_x64/ispfpga.
Package Status:                     Final          Version 1.39.
Performance Hardware Data Status:   Final          Version 34.4.

Running DRC.
DRC detected 0 errors and 0 warnings.
Reading Preference File from generic02_generic02.prf.

Preference Summary:
+---------------------------------+---------------------------------+
|  Preference                     |  Current Setting                |
+---------------------------------+---------------------------------+
|                         RamCfg  |                        Reset**  |
+---------------------------------+---------------------------------+
|                     MCCLK_FREQ  |                         2.08**  |
+---------------------------------+---------------------------------+
|                  CONFIG_SECURE  |                          OFF**  |
+---------------------------------+---------------------------------+
|                          INBUF  |                           ON**  |
+---------------------------------+---------------------------------+
|                      JTAG_PORT  |                       ENABLE**  |
+---------------------------------+---------------------------------+
|                       SDM_PORT  |                      DISABLE**  |
+---------------------------------+---------------------------------+
|                 SLAVE_SPI_PORT  |                      DISABLE**  |
+---------------------------------+---------------------------------+
|                MASTER_SPI_PORT  |                      DISABLE**  |
+---------------------------------+---------------------------------+
|                       I2C_PORT  |                      DISABLE**  |
+---------------------------------+---------------------------------+
|        MUX_CONFIGURATION_PORTS  |                      DISABLE**  |
+---------------------------------+---------------------------------+
|                  CONFIGURATION  |                          CFG**  |
+---------------------------------+---------------------------------+
|                COMPRESS_CONFIG  |                           ON**  |
+---------------------------------+---------------------------------+
|                        MY_ASSP  |                          OFF**  |
+---------------------------------+---------------------------------+
|               ONE_TIME_PROGRAM  |                          OFF**  |
+---------------------------------+---------------------------------+
|                 ENABLE_TRANSFR  |                      DISABLE**  |
+---------------------------------+---------------------------------+
|                  SHAREDEBRINIT  |                      DISABLE**  |
+---------------------------------+---------------------------------+
|            BACKGROUND_RECONFIG  |                          OFF**  |
+---------------------------------+---------------------------------+
 *  Default setting.
 ** The specified setting matches the default setting.


Creating bit map...
 
Bitstream Status: Final           Version 1.94.
 
Saving bit stream in "generic02_generic02.jed".
 
===========
UFM Summary.
===========
UFM Size:        2046 Pages (128*2046 Bits).
UFM Utilization: General Purpose Flash Memory.
 
Available General Purpose Flash Memory: 2046 Pages (Page 0 to Page 2045).
Initialized UFM Pages:                     0 Page.
 
