C:\Program Files\diamond\3.10_x64\synpbase\bin64\c_vhdl.exe  -osyn  "C:\Users\Valery Garibay\Documents\Project3CM2MachX02\bcd01\bcd0\synwork\bcd00_bcd0_hdl_.srs"  -top  topconvbcd00  -prodtype  synplify_pro  -dspmac -fixsmult -infer_seqShift -nram -sdff_counter -divnmod -nostructver  -encrypt  -pro  -dmgen  "C:\Users\Valery Garibay\Documents\Project3CM2MachX02\bcd01\bcd0\dm"  -lite -ui -fid2 -ram -sharing on -ll 2000 -autosm  -ignore_undefined_lib  -lib work "C:\Program Files\diamond\3.10_x64\cae_library\synthesis\vhdl\machxo2.vhd" -lib work "C:\Users\Valery Garibay\Documents\Project3CM2MachX02\div00vhdl\div00.vhd" -lib work "C:\Users\Valery Garibay\Documents\Project3CM2MachX02\div00vhdl\osc00.vhd" -lib work "C:\Users\Valery Garibay\Documents\Project3CM2MachX02\div00vhdl\packagediv00.vhd" -lib work "C:\Users\Valery Garibay\Documents\Project3CM2MachX02\div00vhdl\topdiv00.vhd" -lib work "C:\Users\Valery Garibay\Documents\Project3CM2MachX02\bcd01\init00.vhd" -lib work "C:\Users\Valery Garibay\Documents\Project3CM2MachX02\bcd01\portA00.vhd" -lib work "C:\Users\Valery Garibay\Documents\Project3CM2MachX02\bcd01\pcinc00.vhd" -lib work "C:\Users\Valery Garibay\Documents\Project3CM2MachX02\bcd01\ac8bit00.vhd" -lib work "C:\Users\Valery Garibay\Documents\Project3CM2MachX02\bcd01\leeInst00.vhd" -lib work "C:\Users\Valery Garibay\Documents\Project3CM2MachX02\bcd01\shift8bit00.vhd" -lib work "C:\Users\Valery Garibay\Documents\Project3CM2MachX02\bcd01\ac12bit00.vhd" -lib work "C:\Users\Valery Garibay\Documents\Project3CM2MachX02\bcd01\sust00.vhd" -lib work "C:\Users\Valery Garibay\Documents\Project3CM2MachX02\bcd01\compadd00.vhd" -lib work "C:\Users\Valery Garibay\Documents\Project3CM2MachX02\bcd01\shift12bit00.vhd" -lib work "C:\Users\Valery Garibay\Documents\Project3CM2MachX02\bcd01\contIter00.vhd" -lib work "C:\Users\Valery Garibay\Documents\Project3CM2MachX02\bcd01\coderNibbles00.vhd" -lib work "C:\Users\Valery Garibay\Documents\Project3CM2MachX02\bcd01\contring00.vhd" -lib work "C:\Users\Valery Garibay\Documents\Project3CM2MachX02\bcd01\divint00.vhd" -lib work "C:\Users\Valery Garibay\Documents\Project3CM2MachX02\bcd01\mux00.vhd" -lib work "C:\Users\Valery Garibay\Documents\Project3CM2MachX02\bcd01\packagep00.vhd" -lib work "C:\Users\Valery Garibay\Documents\Project3CM2MachX02\bcd01\topconvbcd00.vhd"  -log  "C:\Users\Valery Garibay\Documents\Project3CM2MachX02\bcd01\bcd0\syntax.log"  -fileorder  "C:\Users\Valery Garibay\Documents\Project3CM2MachX02\bcd01\bcd0\syntmp\hdlorder.tcl"  -jobname  "hdl_info_gen" 
relcom:..\..\..\..\..\..\..\Program Files\diamond\3.10_x64\synpbase\bin64\c_vhdl.exe -osyn "C:\Users\Valery Garibay\Documents\Project3CM2MachX02\bcd01\bcd0\synwork\bcd00_bcd0_hdl_.srs" -top topconvbcd00 -prodtype synplify_pro -dspmac -fixsmult -infer_seqShift -nram -sdff_counter -divnmod -nostructver -encrypt -pro -dmgen "C:\Users\Valery Garibay\Documents\Project3CM2MachX02\bcd01\bcd0\dm" -lite -ui -fid2 -ram -sharing on -ll 2000 -autosm -ignore_undefined_lib -lib work "C:\Program Files\diamond\3.10_x64\cae_library\synthesis\vhdl\machxo2.vhd" -lib work "C:\Users\Valery Garibay\Documents\Project3CM2MachX02\div00vhdl\div00.vhd" -lib work "C:\Users\Valery Garibay\Documents\Project3CM2MachX02\div00vhdl\osc00.vhd" -lib work "C:\Users\Valery Garibay\Documents\Project3CM2MachX02\div00vhdl\packagediv00.vhd" -lib work "C:\Users\Valery Garibay\Documents\Project3CM2MachX02\div00vhdl\topdiv00.vhd" -lib work "C:\Users\Valery Garibay\Documents\Project3CM2MachX02\bcd01\init00.vhd" -lib work "C:\Users\Valery Garibay\Documents\Project3CM2MachX02\bcd01\portA00.vhd" -lib work "C:\Users\Valery Garibay\Documents\Project3CM2MachX02\bcd01\pcinc00.vhd" -lib work "C:\Users\Valery Garibay\Documents\Project3CM2MachX02\bcd01\ac8bit00.vhd" -lib work "C:\Users\Valery Garibay\Documents\Project3CM2MachX02\bcd01\leeInst00.vhd" -lib work "C:\Users\Valery Garibay\Documents\Project3CM2MachX02\bcd01\shift8bit00.vhd" -lib work "C:\Users\Valery Garibay\Documents\Project3CM2MachX02\bcd01\ac12bit00.vhd" -lib work "C:\Users\Valery Garibay\Documents\Project3CM2MachX02\bcd01\sust00.vhd" -lib work "C:\Users\Valery Garibay\Documents\Project3CM2MachX02\bcd01\compadd00.vhd" -lib work "C:\Users\Valery Garibay\Documents\Project3CM2MachX02\bcd01\shift12bit00.vhd" -lib work "C:\Users\Valery Garibay\Documents\Project3CM2MachX02\bcd01\contIter00.vhd" -lib work "C:\Users\Valery Garibay\Documents\Project3CM2MachX02\bcd01\coderNibbles00.vhd" -lib work "C:\Users\Valery Garibay\Documents\Project3CM2MachX02\bcd01\contring00.vhd" -lib work "C:\Users\Valery Garibay\Documents\Project3CM2MachX02\bcd01\divint00.vhd" -lib work "C:\Users\Valery Garibay\Documents\Project3CM2MachX02\bcd01\mux00.vhd" -lib work "C:\Users\Valery Garibay\Documents\Project3CM2MachX02\bcd01\packagep00.vhd" -lib work "C:\Users\Valery Garibay\Documents\Project3CM2MachX02\bcd01\topconvbcd00.vhd" -log "C:\Users\Valery Garibay\Documents\Project3CM2MachX02\bcd01\bcd0\syntax.log" -fileorder "C:\Users\Valery Garibay\Documents\Project3CM2MachX02\bcd01\bcd0\syntmp\hdlorder.tcl" -jobname "hdl_info_gen"
rc:0 success:1 runtime:1
file:..\synwork\bcd00_bcd0_hdl_.srs|io:o|time:0|size:0|exec:0|csum:
file:..\..\..\..\..\..\..\Program Files\diamond\3.10_x64\cae_library\synthesis\vhdl\machxo2.vhd|io:i|time:1493331104|size:73964|exec:0|csum:CFF92E93E4FE354031DBB4E0E47DD4A6
file:..\..\..\div00vhdl\div00.vhd|io:i|time:1536248934|size:1892|exec:0|csum:8B4A9A531D99D117E05AA210D6428B51
file:..\..\..\div00vhdl\osc00.vhd|io:i|time:1536089046|size:616|exec:0|csum:E7DBE68D4F6B976F5C8287C193231DA5
file:..\..\..\div00vhdl\packagediv00.vhd|io:i|time:1543855204|size:501|exec:0|csum:CBC92BDC2E774F93F336AF05AC163E01
file:..\..\..\div00vhdl\topdiv00.vhd|io:i|time:1543855418|size:620|exec:0|csum:2A228886C29E066A86A9B66E160A451B
file:..\..\init00.vhd|io:i|time:1543331970|size:1863|exec:0|csum:83C51483980DDEC9FDF15CC153A861FE
file:..\..\portA00.vhd|io:i|time:1543331960|size:908|exec:0|csum:F03BEF79EC55E2E56882A56DA2281504
file:..\..\pcinc00.vhd|io:i|time:1543331952|size:4525|exec:0|csum:314DD317A924BA3830B79A99363456CA
file:..\..\ac8bit00.vhd|io:i|time:1543332036|size:752|exec:0|csum:E29FF23CBEDA17B0CAD474E2164B1FF1
file:..\..\leeInst00.vhd|io:i|time:1543332086|size:1048|exec:0|csum:CAEBC1746B604801DB326BABC0B9BB7A
file:..\..\shift8bit00.vhd|io:i|time:1543332148|size:1186|exec:0|csum:F42E413F3A0EA929E39FD3CEC3A29E4A
file:..\..\ac12bit00.vhd|io:i|time:1543332234|size:859|exec:0|csum:051261F5A822C695E58060A327E85A69
file:..\..\sust00.vhd|io:i|time:1543332938|size:1327|exec:0|csum:28A53E9CCE9FC1CF00CCC189F0BA6634
file:..\..\compadd00.vhd|io:i|time:1543332996|size:1843|exec:0|csum:5E12A4B3DB4825D043336546AF362E6B
file:..\..\shift12bit00.vhd|io:i|time:1543333094|size:1238|exec:0|csum:AE83563C23EF68549782AE9FC853BBBF
file:..\..\contIter00.vhd|io:i|time:1543333084|size:1004|exec:0|csum:15F8B231C17188397592364E83262AC5
file:..\..\coderNibbles00.vhd|io:i|time:1543333158|size:2901|exec:0|csum:D59642FCB6D32E1CF996D7BF413A461E
file:..\..\contring00.vhd|io:i|time:1543333208|size:807|exec:0|csum:40584E9BDB30228017631AE805462181
file:..\..\divint00.vhd|io:i|time:1543333254|size:880|exec:0|csum:773542D91D7B91FF5275316E92D79B49
file:..\..\mux00.vhd|io:i|time:1543333328|size:841|exec:0|csum:CA51EA2546459768FA69310242820529
file:..\..\packagep00.vhd|io:i|time:1543333894|size:4354|exec:0|csum:7D6A1FCCD38375D22193044D6BB22B02
file:..\..\topconvbcd00.vhd|io:i|time:1543337920|size:5209|exec:0|csum:5CBC67AC4DC4120A7D5E282E23CD4BFD
file:..\syntax.log|io:o|time:1557334141|size:1027|exec:0|csum:
file:..\..\..\..\..\..\..\Program Files\diamond\3.10_x64\synpbase\bin64\c_vhdl.exe|io:i|time:1501913710|size:5913600|exec:1|csum:93E5DE52AE488E4DC33E43C149B8DA6C
