Running in Lattice mode
error reading package index file C:/Program Files/diamond/3.10_x64/synpbase/lib/pkgIndex.tcl: couldn't read file "{C:/Program Files/diamond/3.10_x64/synpbase/lib/pkgIndex.tcl}": no such file or directory
error reading package index file C:/Program Files/diamond/3.10_x64/synpbase/lib/bwidget-1.9.5/pkgIndex.tcl: couldn't read file "{C:/Program Files/diamond/3.10_x64/synpbase/lib/bwidget-1.9.5/pkgIndex.tcl}": no such file or directory
error reading package index file C:/Program Files/diamond/3.10_x64/synpbase/lib/tcllib-1.12/pkgIndex.tcl: couldn't read file "{C:/Program Files/diamond/3.10_x64/synpbase/lib/tcllib-1.12/pkgIndex.tcl}": no such file or directory
error reading package index file C:/Program Files/diamond/3.10_x64/synpbase/lib/pkgIndex.tcl: couldn't read file "{C:/Program Files/diamond/3.10_x64/synpbase/lib/pkgIndex.tcl}": no such file or directory
error reading package index file C:/Program Files/diamond/3.10_x64/synpbase/lib/pkgIndex.tcl: couldn't read file "{C:/Program Files/diamond/3.10_x64/synpbase/lib/pkgIndex.tcl}": no such file or directory
error reading package index file C:/Program Files/diamond/3.10_x64/synpbase/lib/bwidget-1.9.5/pkgIndex.tcl: couldn't read file "{C:/Program Files/diamond/3.10_x64/synpbase/lib/bwidget-1.9.5/pkgIndex.tcl}": no such file or directory
error reading package index file C:/Program Files/diamond/3.10_x64/synpbase/lib/tcllib-1.12/pkgIndex.tcl: couldn't read file "{C:/Program Files/diamond/3.10_x64/synpbase/lib/tcllib-1.12/pkgIndex.tcl}": no such file or directory
error reading package index file C:/Program Files/diamond/3.10_x64/synpbase/lib/pkgIndex.tcl: couldn't read file "{C:/Program Files/diamond/3.10_x64/synpbase/lib/pkgIndex.tcl}": no such file or directory

Starting:    C:\Program Files\diamond\3.10_x64\synpbase\bin64\mbin\synbatch.exe
Install:     C:\Program Files\diamond\3.10_x64\synpbase
Hostname:    DESKTOP-JBP5BT2
Date:        Tue Feb 19 12:11:59 2019
Version:     M-2017.03L-SP1-1

Arguments:   -product synplify_pro -batch sumador8bitArtimetico_sumador8bitArtimetico_synplify.tcl
ProductType: synplify_pro




log file: "C:\Users\Valery Garibay\Documents\6_semestre\arqui\sumador8bitArtimetico\sumador8bitArtimetico\sumador8bitArtimetico_sumador8bitArtimetico.srr"
Running: hdl_info_gen in foreground

Generating HDL info...

hdl_info_gen completed
# Tue Feb 19 12:12:00 2019

Return Code: 0
Run Time:00h:00m:01s
log file: "C:\Users\Valery Garibay\Documents\6_semestre\arqui\sumador8bitArtimetico\sumador8bitArtimetico\sumador8bitArtimetico_sumador8bitArtimetico.srr"
Running: sumador8bitArtimetico in foreground

Running proj_1|sumador8bitArtimetico

Running: compile (Compile) on proj_1|sumador8bitArtimetico
# Tue Feb 19 12:12:00 2019

Running: compile_flow (Compile Process) on proj_1|sumador8bitArtimetico
# Tue Feb 19 12:12:00 2019

Running: compiler (Compile Input) on proj_1|sumador8bitArtimetico
# Tue Feb 19 12:12:00 2019
Copied C:\Users\Valery Garibay\Documents\6_semestre\arqui\sumador8bitArtimetico\sumador8bitArtimetico\synwork\sumador8bitArtimetico_sumador8bitArtimetico_comp.srs to C:\Users\Valery Garibay\Documents\6_semestre\arqui\sumador8bitArtimetico\sumador8bitArtimetico\sumador8bitArtimetico_sumador8bitArtimetico.srs

compiler completed
# Tue Feb 19 12:12:03 2019

Return Code: 0
Run Time:00h:00m:03s

Running: multi_srs_gen (Multi-srs Generator) on proj_1|sumador8bitArtimetico
# Tue Feb 19 12:12:03 2019

multi_srs_gen completed
# Tue Feb 19 12:12:04 2019

Return Code: 0
Run Time:00h:00m:01s
Copied C:\Users\Valery Garibay\Documents\6_semestre\arqui\sumador8bitArtimetico\sumador8bitArtimetico\synwork\sumador8bitArtimetico_sumador8bitArtimetico_mult.srs to C:\Users\Valery Garibay\Documents\6_semestre\arqui\sumador8bitArtimetico\sumador8bitArtimetico\sumador8bitArtimetico_sumador8bitArtimetico.srs
Copied C:\Users\Valery Garibay\Documents\6_semestre\arqui\sumador8bitArtimetico\sumador8bitArtimetico\sumador8bitArtimetico_sumador8bitArtimetico.srr to C:\Users\Valery Garibay\Documents\6_semestre\arqui\sumador8bitArtimetico\sumador8bitArtimetico\sumador8bitArtimetico_sumador8bitArtimetico.srf
Complete: Compile Process on proj_1|sumador8bitArtimetico

Running: premap (Pre-mapping) on proj_1|sumador8bitArtimetico
# Tue Feb 19 12:12:04 2019

premap completed
# Tue Feb 19 12:12:06 2019

Return Code: 0
Run Time:00h:00m:02s
Complete: Compile on proj_1|sumador8bitArtimetico

Running: map (Map) on proj_1|sumador8bitArtimetico
# Tue Feb 19 12:12:06 2019
License granted for 4 parallel jobs

Running: fpga_mapper (Map & Optimize) on proj_1|sumador8bitArtimetico
# Tue Feb 19 12:12:06 2019
Copied C:\Users\Valery Garibay\Documents\6_semestre\arqui\sumador8bitArtimetico\sumador8bitArtimetico\synwork\sumador8bitArtimetico_sumador8bitArtimetico_m.srm to C:\Users\Valery Garibay\Documents\6_semestre\arqui\sumador8bitArtimetico\sumador8bitArtimetico\sumador8bitArtimetico_sumador8bitArtimetico.srm

fpga_mapper completed
# Tue Feb 19 12:12:08 2019

Return Code: 0
Run Time:00h:00m:02s
Complete: Map on proj_1|sumador8bitArtimetico
Copied C:\Users\Valery Garibay\Documents\6_semestre\arqui\sumador8bitArtimetico\sumador8bitArtimetico\sumador8bitArtimetico_sumador8bitArtimetico.srr to C:\Users\Valery Garibay\Documents\6_semestre\arqui\sumador8bitArtimetico\sumador8bitArtimetico\sumador8bitArtimetico_sumador8bitArtimetico.srf
Complete: Logic Synthesis on proj_1|sumador8bitArtimetico
TCL script complete: "sumador8bitArtimetico_sumador8bitArtimetico_synplify.tcl"
exit status=0
exit status=0
Save changes for project:
C:\Users\Valery Garibay\Documents\6_semestre\arqui\sumador8bitArtimetico\sumador8bitArtimetico\proj_1.prj
batch mode default:no
