
synpwrap -msg -prj "alu00_alu_synplify.tcl" -log "alu00_alu.srf"
Copyright (C) 1992-2017 Lattice Semiconductor Corporation. All rights reserved.
Lattice Diamond Version 3.10.0.111.2
    <postMsg mid="2011000" type="Info"    dynamic="0" navigation="0"  />

==contents of alu00_alu.srf
#Build: Synplify Pro (R) M-2017.03L-SP1-1, Build 086R, Aug  4 2017
#install: C:\Program Files\diamond\3.10_x64\synpbase
#OS: Windows 8 6.2
#Hostname: DESKTOP-JBP5BT2

# Tue Apr 16 11:50:37 2019

#Implementation: alu

Synopsys HDL Compiler, version comp2017q2p1, Build 190R, built Aug  4 2017
@N|Running in 64-bit mode
Copyright (C) 1994-2017 Synopsys, Inc. This Synopsys software and all associated documentation are proprietary to Synopsys, Inc. and may only be used pursuant to the terms and conditions of a written license agreement with Synopsys, Inc. All other use, reproduction, modification, or distribution of the Synopsys software or the associated documentation is strictly prohibited.

Synopsys VHDL Compiler, version comp2017q2p1, Build 190R, built Aug  4 2017
@N|Running in 64-bit mode
Copyright (C) 1994-2017 Synopsys, Inc. This Synopsys software and all associated documentation are proprietary to Synopsys, Inc. and may only be used pursuant to the terms and conditions of a written license agreement with Synopsys, Inc. All other use, reproduction, modification, or distribution of the Synopsys software or the associated documentation is strictly prohibited.

@N: CD720 :"C:\Program Files\diamond\3.10_x64\synpbase\lib\vhd\std.vhd":123:18:123:21|Setting time resolution to ps
@N:"C:\Users\Valery Garibay\Documents\nuevoG\alu00\ac800.vhdl":7:7:7:11|Top entity is set to ac800.
Options changed - recompiling
VHDL syntax check successful!
Options changed - recompiling
@N: CD630 :"C:\Users\Valery Garibay\Documents\nuevoG\alu00\ac800.vhdl":7:7:7:11|Synthesizing work.ac800.ac80.
Post processing for work.ac800.ac80

At c_vhdl Exit (Real Time elapsed 0h:00m:00s; CPU Time elapsed 0h:00m:00s; Memory used current: 75MB peak: 76MB)

Process took 0h:00m:01s realtime, 0h:00m:01s cputime

Process completed successfully.
# Tue Apr 16 11:50:38 2019

###########################################################]
Synopsys Netlist Linker, version comp2017q2p1, Build 190R, built Aug  4 2017
@N|Running in 64-bit mode
File C:\Users\Valery Garibay\Documents\nuevoG\alu00\alu\synwork\layer0.srs changed - recompiling

At syn_nfilter Exit (Real Time elapsed 0h:00m:00s; CPU Time elapsed 0h:00m:00s; Memory used current: 67MB peak: 68MB)

Process took 0h:00m:01s realtime, 0h:00m:01s cputime

Process completed successfully.
# Tue Apr 16 11:50:38 2019

###########################################################]
@END

At c_hdl Exit (Real Time elapsed 0h:00m:00s; CPU Time elapsed 0h:00m:00s; Memory used current: 3MB peak: 4MB)

Process took 0h:00m:01s realtime, 0h:00m:01s cputime

Process completed successfully.
# Tue Apr 16 11:50:38 2019

###########################################################]
Synopsys Netlist Linker, version comp2017q2p1, Build 190R, built Aug  4 2017
@N|Running in 64-bit mode
File C:\Users\Valery Garibay\Documents\nuevoG\alu00\alu\synwork\alu00_alu_comp.srs changed - recompiling

At syn_nfilter Exit (Real Time elapsed 0h:00m:00s; CPU Time elapsed 0h:00m:00s; Memory used current: 67MB peak: 68MB)

Process took 0h:00m:01s realtime, 0h:00m:01s cputime

Process completed successfully.
# Tue Apr 16 11:50:40 2019

###########################################################]
Pre-mapping Report

# Tue Apr 16 11:50:40 2019

Synopsys Lattice Technology Pre-mapping, Version maplat, Build 1796R, Built Aug  4 2017 11:10:16
Copyright (C) 1994-2017 Synopsys, Inc. This Synopsys software and all associated documentation are proprietary to Synopsys, Inc. and may only be used pursuant to the terms and conditions of a written license agreement with Synopsys, Inc. All other use, reproduction, modification, or distribution of the Synopsys software or the associated documentation is strictly prohibited.
Product Version M-2017.03L-SP1-1

Mapper Startup Complete (Real Time elapsed 0h:00m:00s; CPU Time elapsed 0h:00m:00s; Memory used current: 99MB peak: 99MB)

@A: MF827 |No constraint file specified.
@L: C:\Users\Valery Garibay\Documents\nuevoG\alu00\alu\alu00_alu_scck.rpt 
Printing clock  summary report in "C:\Users\Valery Garibay\Documents\nuevoG\alu00\alu\alu00_alu_scck.rpt" file 
@N: MF248 |Running in 64-bit mode.
@N: MF666 |Clock conversion enabled. (Command "set_option -fix_gated_and_generated_clocks 1" in the project file.)

Design Input Complete (Real Time elapsed 0h:00m:00s; CPU Time elapsed 0h:00m:00s; Memory used current: 99MB peak: 101MB)


Mapper Initialization Complete (Real Time elapsed 0h:00m:00s; CPU Time elapsed 0h:00m:00s; Memory used current: 99MB peak: 101MB)


Start loading timing files (Real Time elapsed 0h:00m:00s; CPU Time elapsed 0h:00m:00s; Memory used current: 111MB peak: 111MB)


Finished loading timing files (Real Time elapsed 0h:00m:00s; CPU Time elapsed 0h:00m:00s; Memory used current: 111MB peak: 113MB)

ICG Latch Removal Summary:
Number of ICG latches removed:	0
Number of ICG latches not removed:	0
syn_allowed_resources : blockrams=26  set on top level netlist ac800

Finished netlist restructuring (Real Time elapsed 0h:00m:00s; CPU Time elapsed 0h:00m:00s; Memory used current: 139MB peak: 141MB)



Clock Summary
******************

          Start           Requested     Requested     Clock        Clock                   Clock
Level     Clock           Frequency     Period        Type         Group                   Load 
------------------------------------------------------------------------------------------------
0 -       ac800|clkac     1.0 MHz       1000.000      inferred     Inferred_clkgroup_0     9    
================================================================================================

@W: MT529 :"c:\users\valery garibay\documents\nuevog\alu00\ac800.vhdl":22:1:22:2|Found inferred clock ac800|clkac which controls 9 sequential elements including outac[7:0]. This clock has no specified timing constraint which may prevent conversion of gated or generated clocks and may adversely impact design performance. 

Finished Pre Mapping Phase.

Starting constraint checker (Real Time elapsed 0h:00m:00s; CPU Time elapsed 0h:00m:00s; Memory used current: 139MB peak: 141MB)


Finished constraint checker preprocessing (Real Time elapsed 0h:00m:00s; CPU Time elapsed 0h:00m:00s; Memory used current: 139MB peak: 141MB)

None
None

Finished constraint checker (Real Time elapsed 0h:00m:01s; CPU Time elapsed 0h:00m:00s; Memory used current: 139MB peak: 141MB)

Pre-mapping successful!

At Mapper Exit (Real Time elapsed 0h:00m:01s; CPU Time elapsed 0h:00m:00s; Memory used current: 54MB peak: 141MB)

Process took 0h:00m:01s realtime, 0h:00m:01s cputime
# Tue Apr 16 11:50:41 2019

###########################################################]
Map & Optimize Report

# Tue Apr 16 11:50:42 2019

Synopsys Lattice Technology Mapper, Version maplat, Build 1796R, Built Aug  4 2017 11:10:16
Copyright (C) 1994-2017 Synopsys, Inc. This Synopsys software and all associated documentation are proprietary to Synopsys, Inc. and may only be used pursuant to the terms and conditions of a written license agreement with Synopsys, Inc. All other use, reproduction, modification, or distribution of the Synopsys software or the associated documentation is strictly prohibited.
Product Version M-2017.03L-SP1-1

Mapper Startup Complete (Real Time elapsed 0h:00m:00s; CPU Time elapsed 0h:00m:00s; Memory used current: 99MB peak: 99MB)

@N: MF248 |Running in 64-bit mode.
@N: MF666 |Clock conversion enabled. (Command "set_option -fix_gated_and_generated_clocks 1" in the project file.)

Design Input Complete (Real Time elapsed 0h:00m:00s; CPU Time elapsed 0h:00m:00s; Memory used current: 98MB peak: 100MB)


Mapper Initialization Complete (Real Time elapsed 0h:00m:00s; CPU Time elapsed 0h:00m:00s; Memory used current: 98MB peak: 100MB)


Start loading timing files (Real Time elapsed 0h:00m:00s; CPU Time elapsed 0h:00m:00s; Memory used current: 111MB peak: 112MB)


Finished loading timing files (Real Time elapsed 0h:00m:00s; CPU Time elapsed 0h:00m:00s; Memory used current: 111MB peak: 114MB)



Starting Optimization and Mapping (Real Time elapsed 0h:00m:00s; CPU Time elapsed 0h:00m:00s; Memory used current: 139MB peak: 141MB)


Available hyper_sources - for debug and ip models
	None Found


Finished RTL optimizations (Real Time elapsed 0h:00m:00s; CPU Time elapsed 0h:00m:00s; Memory used current: 139MB peak: 141MB)


Starting factoring (Real Time elapsed 0h:00m:00s; CPU Time elapsed 0h:00m:00s; Memory used current: 139MB peak: 141MB)


Finished factoring (Real Time elapsed 0h:00m:00s; CPU Time elapsed 0h:00m:00s; Memory used current: 139MB peak: 141MB)


Starting gated-clock and generated-clock conversion (Real Time elapsed 0h:00m:00s; CPU Time elapsed 0h:00m:00s; Memory used current: 139MB peak: 141MB)


Finished gated-clock and generated-clock conversion (Real Time elapsed 0h:00m:00s; CPU Time elapsed 0h:00m:00s; Memory used current: 139MB peak: 141MB)


Finished generic timing optimizations - Pass 1 (Real Time elapsed 0h:00m:00s; CPU Time elapsed 0h:00m:00s; Memory used current: 139MB peak: 141MB)


Starting Early Timing Optimization (Real Time elapsed 0h:00m:00s; CPU Time elapsed 0h:00m:00s; Memory used current: 139MB peak: 141MB)


Finished Early Timing Optimization (Real Time elapsed 0h:00m:00s; CPU Time elapsed 0h:00m:00s; Memory used current: 139MB peak: 141MB)


Finished generic timing optimizations - Pass 2 (Real Time elapsed 0h:00m:00s; CPU Time elapsed 0h:00m:00s; Memory used current: 139MB peak: 141MB)


Finished preparing to map (Real Time elapsed 0h:00m:00s; CPU Time elapsed 0h:00m:00s; Memory used current: 139MB peak: 141MB)


Finished technology mapping (Real Time elapsed 0h:00m:00s; CPU Time elapsed 0h:00m:00s; Memory used current: 139MB peak: 141MB)

Pass		 CPU time		Worst Slack		Luts / Registers
------------------------------------------------------------
   1		0h:00m:00s		100000.00ns		   1 /         9

Finished technology timing optimizations and critical path resynthesis (Real Time elapsed 0h:00m:00s; CPU Time elapsed 0h:00m:00s; Memory used current: 139MB peak: 141MB)

@N: FX164 |The option to pack registers in the IOB has not been specified. Please set syn_useioff attribute.  

Finished restoring hierarchy (Real Time elapsed 0h:00m:00s; CPU Time elapsed 0h:00m:00s; Memory used current: 139MB peak: 141MB)



@S |Clock Optimization Summary


#### START OF CLOCK OPTIMIZATION REPORT #####[

1 non-gated/non-generated clock tree(s) driving 9 clock pin(s) of sequential element(s)
0 gated/generated clock tree(s) driving 0 clock pin(s) of sequential element(s)
0 instances converted, 0 sequential instances remain driven by gated/generated clocks

=========================== Non-Gated/Non-Generated Clocks ============================
Clock Tree ID     Driving Element     Drive Element Type     Fanout     Sample Instance
---------------------------------------------------------------------------------------
@K:CKID0001       clkac               port                   9          outFlagac_0io  
=======================================================================================


##### END OF CLOCK OPTIMIZATION REPORT ######]


Start Writing Netlists (Real Time elapsed 0h:00m:00s; CPU Time elapsed 0h:00m:00s; Memory used current: 105MB peak: 141MB)

Writing Analyst data base C:\Users\Valery Garibay\Documents\nuevoG\alu00\alu\synwork\alu00_alu_m.srm

Finished Writing Netlist Databases (Real Time elapsed 0h:00m:01s; CPU Time elapsed 0h:00m:00s; Memory used current: 138MB peak: 141MB)

Writing EDIF Netlist and constraint files
@N: FX1056 |Writing EDF file: C:\Users\Valery Garibay\Documents\nuevoG\alu00\alu\alu00_alu.edi
M-2017.03L-SP1-1
@N: BW106 |Synplicity Constraint File capacitance units using default value of 1pF 

Finished Writing EDIF Netlist and constraint files (Real Time elapsed 0h:00m:01s; CPU Time elapsed 0h:00m:01s; Memory used current: 142MB peak: 144MB)


Start final timing analysis (Real Time elapsed 0h:00m:01s; CPU Time elapsed 0h:00m:01s; Memory used current: 143MB peak: 144MB)

@W: MT420 |Found inferred clock ac800|clkac with period 1000.00ns. Please declare a user-defined clock on object "p:clkac"


##### START OF TIMING REPORT #####[
# Timing Report written on Tue Apr 16 11:50:44 2019
#


Top view:               ac800
Requested Frequency:    1.0 MHz
Wire load mode:         top
Paths requested:        5
Constraint File(s):    
@N: MT320 |This timing report is an estimate of place and route data. For final timing results, use the FPGA vendor place and route report.

@N: MT322 |Clock constraints include only register-to-register paths associated with each individual clock.



Performance Summary
*******************


Worst slack in design: NA

                   Requested     Estimated     Requested     Estimated               Clock        Clock              
Starting Clock     Frequency     Frequency     Period        Period        Slack     Type         Group              
---------------------------------------------------------------------------------------------------------------------
ac800|clkac        1.0 MHz       NA            1000.000      NA            NA        inferred     Inferred_clkgroup_0
=====================================================================================================================
Estimated period and frequency reported as NA means no slack depends directly on the clock waveform





Clock Relationships
*******************

Clocks            |    rise  to  rise   |    fall  to  fall   |    rise  to  fall   |    fall  to  rise 
--------------------------------------------------------------------------------------------------------
Starting  Ending  |  constraint  slack  |  constraint  slack  |  constraint  slack  |  constraint  slack
--------------------------------------------------------------------------------------------------------
========================================================================================================
 Note: 'No paths' indicates there are no paths in the design for that pair of clock edges.
       'Diff grp' indicates that paths exist but the starting clock and ending clock are in different clock groups.



Interface Information 
*********************

No IO constraint found


##### END OF TIMING REPORT #####]

Timing exceptions that could not be applied
None

Finished final timing analysis (Real Time elapsed 0h:00m:02s; CPU Time elapsed 0h:00m:01s; Memory used current: 144MB peak: 145MB)


Finished timing report (Real Time elapsed 0h:00m:02s; CPU Time elapsed 0h:00m:01s; Memory used current: 144MB peak: 145MB)

---------------------------------------
Resource Usage Report
Part: lcmxo2_7000he-5

Register bits: 9 of 6864 (0%)
PIC Latch:       0
I/O cells:       20


Details:
GSR:            1
IB:             11
IFS1P3DX:       8
OB:             9
OFS1P3DX:       1
ORCALUT4:       1
PUR:            1
VHI:            1
VLO:            1
Mapper successful!

At Mapper Exit (Real Time elapsed 0h:00m:02s; CPU Time elapsed 0h:00m:01s; Memory used current: 31MB peak: 145MB)

Process took 0h:00m:02s realtime, 0h:00m:01s cputime
# Tue Apr 16 11:50:44 2019

###########################################################]


Synthesis exit by 0.

edif2ngd  -l "MachXO2" -d LCMXO2-7000HE -path "C:/Users/Valery Garibay/Documents/nuevoG/alu00/alu" -path "C:/Users/Valery Garibay/Documents/nuevoG/alu00"   "C:/Users/Valery Garibay/Documents/nuevoG/alu00/alu/alu00_alu.edi" "alu00_alu.ngo"   
edif2ngd:  version Diamond (64-bit) 3.10.0.111.2

Copyright (c) 1991-1994 by NeoCAD Inc. All rights reserved.
Copyright (c) 1995 AT&T Corp.   All rights reserved.
Copyright (c) 1995-2001 Lucent Technologies Inc.  All rights reserved.
Copyright (c) 2001 Agere Systems   All rights reserved.
Copyright (c) 2002-2017 Lattice Semiconductor Corporation,  All rights reserved.
Writing the design to alu00_alu.ngo...

Total CPU Time: 0 secs  

Total REAL Time: 0 secs  


ngdbuild  -a "MachXO2" -d LCMXO2-7000HE  -p "C:/Program Files/diamond/3.10_x64/ispfpga/xo2c00/data"  -p "C:/Users/Valery Garibay/Documents/nuevoG/alu00/alu" -p "C:/Users/Valery Garibay/Documents/nuevoG/alu00"  "alu00_alu.ngo" "alu00_alu.ngd"  	
ngdbuild:  version Diamond (64-bit) 3.10.0.111.2

Copyright (c) 1991-1994 by NeoCAD Inc. All rights reserved.
Copyright (c) 1995 AT&T Corp.   All rights reserved.
Copyright (c) 1995-2001 Lucent Technologies Inc.  All rights reserved.
Copyright (c) 2001 Agere Systems   All rights reserved.
Copyright (c) 2002-2017 Lattice Semiconductor Corporation,  All rights reserved.
Reading 'alu00_alu.ngo' ...
Loading NGL library 'C:/Program Files/diamond/3.10_x64/ispfpga/xo2c00a/data/xo2alib.ngl'...
Loading NGL library 'C:/Program Files/diamond/3.10_x64/ispfpga/xo2c00/data/xo2clib.ngl'...
Loading NGL library 'C:/Program Files/diamond/3.10_x64/ispfpga/mg5g00/data/mg5glib.ngl'...
Loading NGL library 'C:/Program Files/diamond/3.10_x64/ispfpga/or5g00/data/orc5glib.ngl'...


Running DRC...

DRC complete with no errors or warnings

Design Results:
     33 blocks expanded
Complete the first expansion.
Writing 'alu00_alu.ngd' ...
Total CPU Time: 0 secs  

Total REAL Time: 0 secs  


map -a "MachXO2" -p LCMXO2-7000HE -t TQFP144 -s 5 -oc Commercial   "alu00_alu.ngd" -o "alu00_alu_map.ncd" -pr "alu00_alu.prf" -mp "alu00_alu.mrp" -lpf "C:/Users/Valery Garibay/Documents/nuevoG/alu00/alu/alu00_alu_synplify.lpf" -lpf "C:/Users/Valery Garibay/Documents/nuevoG/alu00/alu00.lpf" -c 0            
map:  version Diamond (64-bit) 3.10.0.111.2

Copyright (c) 1991-1994 by NeoCAD Inc. All rights reserved.
Copyright (c) 1995 AT&T Corp.   All rights reserved.
Copyright (c) 1995-2001 Lucent Technologies Inc.  All rights reserved.
Copyright (c) 2001 Agere Systems   All rights reserved.
Copyright (c) 2002-2017 Lattice Semiconductor Corporation,  All rights reserved.
   Process the file: alu00_alu.ngd
   Picdevice="LCMXO2-7000HE"

   Pictype="TQFP144"

   Picspeed=5

   Remove unused logic

   Do not produce over sized NCDs.

Part used: LCMXO2-7000HETQFP144, Performance used: 5.

    <postMsg mid="1100679" type="Warning" dynamic="2" navigation="2" arg0="C:/Users/Valery Garibay/Documents/nuevoG/alu00/alu00.lpf(3): Semantic error in &quot;LOCATE COMP &quot;cdiv00[0]&quot; SITE &quot;62&quot; ;&quot;: " arg1="cdiv00[0]" arg2="C:/Users/Valery Garibay/Documents/nuevoG/alu00/alu00.lpf" arg3="3"  />
    <postMsg mid="1100679" type="Warning" dynamic="2" navigation="2" arg0="C:/Users/Valery Garibay/Documents/nuevoG/alu00/alu00.lpf(4): Semantic error in &quot;LOCATE COMP &quot;cdiv00[1]&quot; SITE &quot;67&quot; ;&quot;: " arg1="cdiv00[1]" arg2="C:/Users/Valery Garibay/Documents/nuevoG/alu00/alu00.lpf" arg3="4"  />
    <postMsg mid="1100679" type="Warning" dynamic="2" navigation="2" arg0="C:/Users/Valery Garibay/Documents/nuevoG/alu00/alu00.lpf(5): Semantic error in &quot;LOCATE COMP &quot;cdiv00[2]&quot; SITE &quot;61&quot; ;&quot;: " arg1="cdiv00[2]" arg2="C:/Users/Valery Garibay/Documents/nuevoG/alu00/alu00.lpf" arg3="5"  />
    <postMsg mid="1100679" type="Warning" dynamic="2" navigation="2" arg0="C:/Users/Valery Garibay/Documents/nuevoG/alu00/alu00.lpf(6): Semantic error in &quot;LOCATE COMP &quot;cdiv00[3]&quot; SITE &quot;65&quot; ;&quot;: " arg1="cdiv00[3]" arg2="C:/Users/Valery Garibay/Documents/nuevoG/alu00/alu00.lpf" arg3="6"  />
    <postMsg mid="1100679" type="Warning" dynamic="2" navigation="2" arg0="C:/Users/Valery Garibay/Documents/nuevoG/alu00/alu00.lpf(7): Semantic error in &quot;LOCATE COMP &quot;cdiv00[4]&quot; SITE &quot;58&quot; ;&quot;: " arg1="cdiv00[4]" arg2="C:/Users/Valery Garibay/Documents/nuevoG/alu00/alu00.lpf" arg3="7"  />
    <postMsg mid="1100679" type="Warning" dynamic="2" navigation="2" arg0="C:/Users/Valery Garibay/Documents/nuevoG/alu00/alu00.lpf(8): Semantic error in &quot;LOCATE COMP &quot;clk00&quot; SITE &quot;95&quot; ;&quot;: " arg1="clk00" arg2="C:/Users/Valery Garibay/Documents/nuevoG/alu00/alu00.lpf" arg3="8"  />
    <postMsg mid="1100679" type="Warning" dynamic="2" navigation="2" arg0="C:/Users/Valery Garibay/Documents/nuevoG/alu00/alu00.lpf(9): Semantic error in &quot;LOCATE COMP &quot;en0&quot; SITE &quot;40&quot; ;&quot;: " arg1="en0" arg2="C:/Users/Valery Garibay/Documents/nuevoG/alu00/alu00.lpf" arg3="9"  />
    <postMsg mid="1100679" type="Warning" dynamic="2" navigation="2" arg0="C:/Users/Valery Garibay/Documents/nuevoG/alu00/alu00.lpf(10): Semantic error in &quot;LOCATE COMP &quot;opcode0[0]&quot; SITE &quot;43&quot; ;&quot;: " arg1="opcode0[0]" arg2="C:/Users/Valery Garibay/Documents/nuevoG/alu00/alu00.lpf" arg3="10"  />
    <postMsg mid="1100679" type="Warning" dynamic="2" navigation="2" arg0="C:/Users/Valery Garibay/Documents/nuevoG/alu00/alu00.lpf(11): Semantic error in &quot;LOCATE COMP &quot;opcode0[1]&quot; SITE &quot;45&quot; ;&quot;: " arg1="opcode0[1]" arg2="C:/Users/Valery Garibay/Documents/nuevoG/alu00/alu00.lpf" arg3="11"  />
    <postMsg mid="1100679" type="Warning" dynamic="2" navigation="2" arg0="C:/Users/Valery Garibay/Documents/nuevoG/alu00/alu00.lpf(12): Semantic error in &quot;LOCATE COMP &quot;opcode0[2]&quot; SITE &quot;42&quot; ;&quot;: " arg1="opcode0[2]" arg2="C:/Users/Valery Garibay/Documents/nuevoG/alu00/alu00.lpf" arg3="12"  />
    <postMsg mid="1100679" type="Warning" dynamic="2" navigation="2" arg0="C:/Users/Valery Garibay/Documents/nuevoG/alu00/alu00.lpf(13): Semantic error in &quot;LOCATE COMP &quot;opcode0[3]&quot; SITE &quot;44&quot; ;&quot;: " arg1="opcode0[3]" arg2="C:/Users/Valery Garibay/Documents/nuevoG/alu00/alu00.lpf" arg3="13"  />
    <postMsg mid="1100679" type="Warning" dynamic="2" navigation="2" arg0="C:/Users/Valery Garibay/Documents/nuevoG/alu00/alu00.lpf(14): Semantic error in &quot;LOCATE COMP &quot;portA0[0]&quot; SITE &quot;54&quot; ;&quot;: " arg1="portA0[0]" arg2="C:/Users/Valery Garibay/Documents/nuevoG/alu00/alu00.lpf" arg3="14"  />
    <postMsg mid="1100679" type="Warning" dynamic="2" navigation="2" arg0="C:/Users/Valery Garibay/Documents/nuevoG/alu00/alu00.lpf(15): Semantic error in &quot;LOCATE COMP &quot;portA0[1]&quot; SITE &quot;56&quot; ;&quot;: " arg1="portA0[1]" arg2="C:/Users/Valery Garibay/Documents/nuevoG/alu00/alu00.lpf" arg3="15"  />
    <postMsg mid="1100679" type="Warning" dynamic="2" navigation="2" arg0="C:/Users/Valery Garibay/Documents/nuevoG/alu00/alu00.lpf(16): Semantic error in &quot;LOCATE COMP &quot;portA0[2]&quot; SITE &quot;52&quot; ;&quot;: " arg1="portA0[2]" arg2="C:/Users/Valery Garibay/Documents/nuevoG/alu00/alu00.lpf" arg3="16"  />
    <postMsg mid="1100679" type="Warning" dynamic="2" navigation="2" arg0="C:/Users/Valery Garibay/Documents/nuevoG/alu00/alu00.lpf(17): Semantic error in &quot;LOCATE COMP &quot;portA0[3]&quot; SITE &quot;55&quot; ;&quot;: " arg1="portA0[3]" arg2="C:/Users/Valery Garibay/Documents/nuevoG/alu00/alu00.lpf" arg3="17"  />
    <postMsg mid="1100679" type="Warning" dynamic="2" navigation="2" arg0="C:/Users/Valery Garibay/Documents/nuevoG/alu00/alu00.lpf(18): Semantic error in &quot;LOCATE COMP &quot;portA0[4]&quot; SITE &quot;48&quot; ;&quot;: " arg1="portA0[4]" arg2="C:/Users/Valery Garibay/Documents/nuevoG/alu00/alu00.lpf" arg3="18"  />
    <postMsg mid="1100679" type="Warning" dynamic="2" navigation="2" arg0="C:/Users/Valery Garibay/Documents/nuevoG/alu00/alu00.lpf(19): Semantic error in &quot;LOCATE COMP &quot;portA0[5]&quot; SITE &quot;50&quot; ;&quot;: " arg1="portA0[5]" arg2="C:/Users/Valery Garibay/Documents/nuevoG/alu00/alu00.lpf" arg3="19"  />
    <postMsg mid="1100679" type="Warning" dynamic="2" navigation="2" arg0="C:/Users/Valery Garibay/Documents/nuevoG/alu00/alu00.lpf(20): Semantic error in &quot;LOCATE COMP &quot;portA0[6]&quot; SITE &quot;47&quot; ;&quot;: " arg1="portA0[6]" arg2="C:/Users/Valery Garibay/Documents/nuevoG/alu00/alu00.lpf" arg3="20"  />
    <postMsg mid="1100679" type="Warning" dynamic="2" navigation="2" arg0="C:/Users/Valery Garibay/Documents/nuevoG/alu00/alu00.lpf(21): Semantic error in &quot;LOCATE COMP &quot;portA0[7]&quot; SITE &quot;49&quot; ;&quot;: " arg1="portA0[7]" arg2="C:/Users/Valery Garibay/Documents/nuevoG/alu00/alu00.lpf" arg3="21"  />
    <postMsg mid="1100679" type="Warning" dynamic="2" navigation="2" arg0="C:/Users/Valery Garibay/Documents/nuevoG/alu00/alu00.lpf(22): Semantic error in &quot;LOCATE COMP &quot;portB0[0]&quot; SITE &quot;98&quot; ;&quot;: " arg1="portB0[0]" arg2="C:/Users/Valery Garibay/Documents/nuevoG/alu00/alu00.lpf" arg3="22"  />
    <postMsg mid="1100679" type="Warning" dynamic="2" navigation="2" arg0="C:/Users/Valery Garibay/Documents/nuevoG/alu00/alu00.lpf(23): Semantic error in &quot;LOCATE COMP &quot;portB0[1]&quot; SITE &quot;97&quot; ;&quot;: " arg1="portB0[1]" arg2="C:/Users/Valery Garibay/Documents/nuevoG/alu00/alu00.lpf" arg3="23"  />
    <postMsg mid="1100679" type="Warning" dynamic="2" navigation="2" arg0="C:/Users/Valery Garibay/Documents/nuevoG/alu00/alu00.lpf(24): Semantic error in &quot;LOCATE COMP &quot;portB0[2]&quot; SITE &quot;100&quot; ;&quot;: " arg1="portB0[2]" arg2="C:/Users/Valery Garibay/Documents/nuevoG/alu00/alu00.lpf" arg3="24"  />
    <postMsg mid="1100679" type="Warning" dynamic="2" navigation="2" arg0="C:/Users/Valery Garibay/Documents/nuevoG/alu00/alu00.lpf(25): Semantic error in &quot;LOCATE COMP &quot;portB0[3]&quot; SITE &quot;99&quot; ;&quot;: " arg1="portB0[3]" arg2="C:/Users/Valery Garibay/Documents/nuevoG/alu00/alu00.lpf" arg3="25"  />
    <postMsg mid="1100679" type="Warning" dynamic="2" navigation="2" arg0="C:/Users/Valery Garibay/Documents/nuevoG/alu00/alu00.lpf(26): Semantic error in &quot;LOCATE COMP &quot;portB0[4]&quot; SITE &quot;105&quot; ;&quot;: " arg1="portB0[4]" arg2="C:/Users/Valery Garibay/Documents/nuevoG/alu00/alu00.lpf" arg3="26"  />
    <postMsg mid="1100679" type="Warning" dynamic="2" navigation="2" arg0="C:/Users/Valery Garibay/Documents/nuevoG/alu00/alu00.lpf(27): Semantic error in &quot;LOCATE COMP &quot;portB0[5]&quot; SITE &quot;104&quot; ;&quot;: " arg1="portB0[5]" arg2="C:/Users/Valery Garibay/Documents/nuevoG/alu00/alu00.lpf" arg3="27"  />
    <postMsg mid="1100679" type="Warning" dynamic="2" navigation="2" arg0="C:/Users/Valery Garibay/Documents/nuevoG/alu00/alu00.lpf(28): Semantic error in &quot;LOCATE COMP &quot;portB0[6]&quot; SITE &quot;107&quot; ;&quot;: " arg1="portB0[6]" arg2="C:/Users/Valery Garibay/Documents/nuevoG/alu00/alu00.lpf" arg3="28"  />
    <postMsg mid="1100679" type="Warning" dynamic="2" navigation="2" arg0="C:/Users/Valery Garibay/Documents/nuevoG/alu00/alu00.lpf(29): Semantic error in &quot;LOCATE COMP &quot;portB0[7]&quot; SITE &quot;106&quot; ;&quot;: " arg1="portB0[7]" arg2="C:/Users/Valery Garibay/Documents/nuevoG/alu00/alu00.lpf" arg3="29"  />
    <postMsg mid="1100679" type="Warning" dynamic="2" navigation="2" arg0="C:/Users/Valery Garibay/Documents/nuevoG/alu00/alu00.lpf(30): Semantic error in &quot;LOCATE COMP &quot;outac01[0]&quot; SITE &quot;110&quot; ;&quot;: " arg1="outac01[0]" arg2="C:/Users/Valery Garibay/Documents/nuevoG/alu00/alu00.lpf" arg3="30"  />
    <postMsg mid="1100679" type="Warning" dynamic="2" navigation="2" arg0="C:/Users/Valery Garibay/Documents/nuevoG/alu00/alu00.lpf(31): Semantic error in &quot;LOCATE COMP &quot;outac01[10]&quot; SITE &quot;109&quot; ;&quot;: " arg1="outac01[10]" arg2="C:/Users/Valery Garibay/Documents/nuevoG/alu00/alu00.lpf" arg3="31"  />
    <postMsg mid="1100679" type="Warning" dynamic="2" navigation="2" arg0="C:/Users/Valery Garibay/Documents/nuevoG/alu00/alu00.lpf(32): Semantic error in &quot;LOCATE COMP &quot;outac01[11]&quot; SITE &quot;112&quot; ;&quot;: " arg1="outac01[11]" arg2="C:/Users/Valery Garibay/Documents/nuevoG/alu00/alu00.lpf" arg3="32"  />
    <postMsg mid="1100679" type="Warning" dynamic="2" navigation="2" arg0="C:/Users/Valery Garibay/Documents/nuevoG/alu00/alu00.lpf(33): Semantic error in &quot;LOCATE COMP &quot;outac01[12]&quot; SITE &quot;111&quot; ;&quot;: " arg1="outac01[12]" arg2="C:/Users/Valery Garibay/Documents/nuevoG/alu00/alu00.lpf" arg3="33"  />
    <postMsg mid="1100679" type="Warning" dynamic="2" navigation="2" arg0="C:/Users/Valery Garibay/Documents/nuevoG/alu00/alu00.lpf(34): Semantic error in &quot;LOCATE COMP &quot;outac01[13]&quot; SITE &quot;114&quot; ;&quot;: " arg1="outac01[13]" arg2="C:/Users/Valery Garibay/Documents/nuevoG/alu00/alu00.lpf" arg3="34"  />
    <postMsg mid="1100679" type="Warning" dynamic="2" navigation="2" arg0="C:/Users/Valery Garibay/Documents/nuevoG/alu00/alu00.lpf(35): Semantic error in &quot;LOCATE COMP &quot;outac01[14]&quot; SITE &quot;113&quot; ;&quot;: " arg1="outac01[14]" arg2="C:/Users/Valery Garibay/Documents/nuevoG/alu00/alu00.lpf" arg3="35"  />
    <postMsg mid="1100679" type="Warning" dynamic="2" navigation="2" arg0="C:/Users/Valery Garibay/Documents/nuevoG/alu00/alu00.lpf(36): Semantic error in &quot;LOCATE COMP &quot;outac01[15]&quot; SITE &quot;117&quot; ;&quot;: " arg1="outac01[15]" arg2="C:/Users/Valery Garibay/Documents/nuevoG/alu00/alu00.lpf" arg3="36"  />
    <postMsg mid="1100679" type="Warning" dynamic="2" navigation="2" arg0="C:/Users/Valery Garibay/Documents/nuevoG/alu00/alu00.lpf(37): Semantic error in &quot;LOCATE COMP &quot;outac01[1]&quot; SITE &quot;115&quot; ;&quot;: " arg1="outac01[1]" arg2="C:/Users/Valery Garibay/Documents/nuevoG/alu00/alu00.lpf" arg3="37"  />
    <postMsg mid="1100679" type="Warning" dynamic="2" navigation="2" arg0="C:/Users/Valery Garibay/Documents/nuevoG/alu00/alu00.lpf(38): Semantic error in &quot;LOCATE COMP &quot;outac01[2]&quot; SITE &quot;120&quot; ;&quot;: " arg1="outac01[2]" arg2="C:/Users/Valery Garibay/Documents/nuevoG/alu00/alu00.lpf" arg3="38"  />
    <postMsg mid="1100679" type="Warning" dynamic="2" navigation="2" arg0="C:/Users/Valery Garibay/Documents/nuevoG/alu00/alu00.lpf(39): Semantic error in &quot;LOCATE COMP &quot;outac01[3]&quot; SITE &quot;119&quot; ;&quot;: " arg1="outac01[3]" arg2="C:/Users/Valery Garibay/Documents/nuevoG/alu00/alu00.lpf" arg3="39"  />
    <postMsg mid="1100679" type="Warning" dynamic="2" navigation="2" arg0="C:/Users/Valery Garibay/Documents/nuevoG/alu00/alu00.lpf(40): Semantic error in &quot;LOCATE COMP &quot;outac01[4]&quot; SITE &quot;121&quot; ;&quot;: " arg1="outac01[4]" arg2="C:/Users/Valery Garibay/Documents/nuevoG/alu00/alu00.lpf" arg3="40"  />
    <postMsg mid="1100679" type="Warning" dynamic="2" navigation="2" arg0="C:/Users/Valery Garibay/Documents/nuevoG/alu00/alu00.lpf(41): Semantic error in &quot;LOCATE COMP &quot;outac01[5]&quot; SITE &quot;122&quot; ;&quot;: " arg1="outac01[5]" arg2="C:/Users/Valery Garibay/Documents/nuevoG/alu00/alu00.lpf" arg3="41"  />
    <postMsg mid="1100679" type="Warning" dynamic="2" navigation="2" arg0="C:/Users/Valery Garibay/Documents/nuevoG/alu00/alu00.lpf(42): Semantic error in &quot;LOCATE COMP &quot;outac01[6]&quot; SITE &quot;125&quot; ;&quot;: " arg1="outac01[6]" arg2="C:/Users/Valery Garibay/Documents/nuevoG/alu00/alu00.lpf" arg3="42"  />
    <postMsg mid="1100679" type="Warning" dynamic="2" navigation="2" arg0="C:/Users/Valery Garibay/Documents/nuevoG/alu00/alu00.lpf(43): Semantic error in &quot;LOCATE COMP &quot;outac01[7]&quot; SITE &quot;126&quot; ;&quot;: " arg1="outac01[7]" arg2="C:/Users/Valery Garibay/Documents/nuevoG/alu00/alu00.lpf" arg3="43"  />
    <postMsg mid="1100679" type="Warning" dynamic="2" navigation="2" arg0="C:/Users/Valery Garibay/Documents/nuevoG/alu00/alu00.lpf(44): Semantic error in &quot;LOCATE COMP &quot;outac01[8]&quot; SITE &quot;127&quot; ;&quot;: " arg1="outac01[8]" arg2="C:/Users/Valery Garibay/Documents/nuevoG/alu00/alu00.lpf" arg3="44"  />
    <postMsg mid="1100679" type="Warning" dynamic="2" navigation="2" arg0="C:/Users/Valery Garibay/Documents/nuevoG/alu00/alu00.lpf(45): Semantic error in &quot;LOCATE COMP &quot;outac01[9]&quot; SITE &quot;128&quot; ;&quot;: " arg1="outac01[9]" arg2="C:/Users/Valery Garibay/Documents/nuevoG/alu00/alu00.lpf" arg3="45"  />
    <postMsg mid="1100679" type="Warning" dynamic="2" navigation="2" arg0="C:/Users/Valery Garibay/Documents/nuevoG/alu00/alu00.lpf(46): Semantic error in &quot;LOCATE COMP &quot;outac0[0]&quot; SITE &quot;74&quot; ;&quot;: " arg1="outac0[0]" arg2="C:/Users/Valery Garibay/Documents/nuevoG/alu00/alu00.lpf" arg3="46"  />
    <postMsg mid="1100679" type="Warning" dynamic="2" navigation="2" arg0="C:/Users/Valery Garibay/Documents/nuevoG/alu00/alu00.lpf(47): Semantic error in &quot;LOCATE COMP &quot;outac0[1]&quot; SITE &quot;73&quot; ;&quot;: " arg1="outac0[1]" arg2="C:/Users/Valery Garibay/Documents/nuevoG/alu00/alu00.lpf" arg3="47"  />
    <postMsg mid="1100679" type="Warning" dynamic="2" navigation="2" arg0="C:/Users/Valery Garibay/Documents/nuevoG/alu00/alu00.lpf(48): Semantic error in &quot;LOCATE COMP &quot;outac0[2]&quot; SITE &quot;76&quot; ;&quot;: " arg1="outac0[2]" arg2="C:/Users/Valery Garibay/Documents/nuevoG/alu00/alu00.lpf" arg3="48"  />
    <postMsg mid="1100679" type="Warning" dynamic="2" navigation="2" arg0="C:/Users/Valery Garibay/Documents/nuevoG/alu00/alu00.lpf(49): Semantic error in &quot;LOCATE COMP &quot;outac0[3]&quot; SITE &quot;75&quot; ;&quot;: " arg1="outac0[3]" arg2="C:/Users/Valery Garibay/Documents/nuevoG/alu00/alu00.lpf" arg3="49"  />
    <postMsg mid="1100679" type="Warning" dynamic="2" navigation="2" arg0="C:/Users/Valery Garibay/Documents/nuevoG/alu00/alu00.lpf(50): Semantic error in &quot;LOCATE COMP &quot;outac0[4]&quot; SITE &quot;78&quot; ;&quot;: " arg1="outac0[4]" arg2="C:/Users/Valery Garibay/Documents/nuevoG/alu00/alu00.lpf" arg3="50"  />
    <postMsg mid="1100679" type="Warning" dynamic="2" navigation="2" arg0="C:/Users/Valery Garibay/Documents/nuevoG/alu00/alu00.lpf(51): Semantic error in &quot;LOCATE COMP &quot;outac0[5]&quot; SITE &quot;77&quot; ;&quot;: " arg1="outac0[5]" arg2="C:/Users/Valery Garibay/Documents/nuevoG/alu00/alu00.lpf" arg3="51"  />
    <postMsg mid="1100679" type="Warning" dynamic="2" navigation="2" arg0="C:/Users/Valery Garibay/Documents/nuevoG/alu00/alu00.lpf(52): Semantic error in &quot;LOCATE COMP &quot;outac0[6]&quot; SITE &quot;82&quot; ;&quot;: " arg1="outac0[6]" arg2="C:/Users/Valery Garibay/Documents/nuevoG/alu00/alu00.lpf" arg3="52"  />
    <postMsg mid="1100679" type="Warning" dynamic="2" navigation="2" arg0="C:/Users/Valery Garibay/Documents/nuevoG/alu00/alu00.lpf(53): Semantic error in &quot;LOCATE COMP &quot;outac0[7]&quot; SITE &quot;81&quot; ;&quot;: " arg1="outac0[7]" arg2="C:/Users/Valery Garibay/Documents/nuevoG/alu00/alu00.lpf" arg3="53"  />
    <postMsg mid="1100679" type="Warning" dynamic="2" navigation="2" arg0="C:/Users/Valery Garibay/Documents/nuevoG/alu00/alu00.lpf(54): Semantic error in &quot;LOCATE COMP &quot;outFlagac0&quot; SITE &quot;133&quot; ;&quot;: " arg1="outFlagac0" arg2="C:/Users/Valery Garibay/Documents/nuevoG/alu00/alu00.lpf" arg3="54"  />
    <postMsg mid="1100679" type="Warning" dynamic="2" navigation="2" arg0="C:/Users/Valery Garibay/Documents/nuevoG/alu00/alu00.lpf(55): Semantic error in &quot;LOCATE COMP &quot;outFlaginside&quot; SITE &quot;138&quot; ;&quot;: " arg1="outFlaginside" arg2="C:/Users/Valery Garibay/Documents/nuevoG/alu00/alu00.lpf" arg3="55"  />
Loading device for application map from file 'xo2c7000.nph' in environment: C:/Program Files/diamond/3.10_x64/ispfpga.
Package Status:                     Final          Version 1.39.

Running general design DRC...

Removing unused logic...

Optimizing...




Design Summary:
   Number of registers:      9 out of  7209 (0%)
      PFU registers:            0 out of  6864 (0%)
      PIO registers:            9 out of   345 (3%)
   Number of SLICEs:         1 out of  3432 (0%)
      SLICEs as Logic/ROM:      1 out of  3432 (0%)
      SLICEs as RAM:            0 out of  2574 (0%)
      SLICEs as Carry:          0 out of  3432 (0%)
   Number of LUT4s:          1 out of  6864 (0%)
      Number used as logic LUTs:          1
      Number used as distributed RAM:     0
      Number used as ripple logic:        0
      Number used as shift registers:     0
   Number of PIO sites used: 20 + 4(JTAG) out of 115 (21%)
   Number of block RAMs:  0 out of 26 (0%)
   Number of GSRs:  0 out of 1 (0%)
   EFB used :       No
   JTAG used :      No
   Readback used :  No
   Oscillator used :  No
   Startup used :   No
   POR :            On
   Bandgap :        On
   Number of Power Controller:  0 out of 1 (0%)
   Number of Dynamic Bank Controller (BCINRD):  0 out of 6 (0%)
   Number of Dynamic Bank Controller (BCLVDSO):  0 out of 1 (0%)
   Number of DCCA:  0 out of 8 (0%)
   Number of DCMA:  0 out of 2 (0%)
   Number of PLLs:  0 out of 2 (0%)
   Number of DQSDLLs:  0 out of 2 (0%)
   Number of CLKDIVC:  0 out of 4 (0%)
   Number of ECLKSYNCA:  0 out of 4 (0%)
   Number of ECLKBRIDGECS:  0 out of 2 (0%)
   Notes:-
      1. Total number of LUT4s = (Number of logic LUT4s) + 2*(Number of distributed RAMs) + 2*(Number of ripple logic)
      2. Number of logic LUT4s does not include count of distributed RAM and ripple logic.
   Number of clocks:  1
     Net clkac_c: 9 loads, 9 rising, 0 falling (Driver: PIO clkac )
   Number of Clock Enables:  1
     Net pac.un2_enac: 8 loads, 0 LSLICEs
   Number of LSRs:  0
   Number of nets driven by tri-state buffers:  0
   Top 10 highest fanout non-clock nets:
     Net pac.un2_enac: 9 loads
     Net enac_c: 1 loads
     Net inac_c[0]: 1 loads
     Net inac_c[1]: 1 loads
     Net inac_c[7]: 1 loads
     Net inFlagac_c: 1 loads
     Net outac_c[0]: 1 loads
     Net outac_c[1]: 1 loads
     Net outac_c[7]: 1 loads
     Net outFlagac_c: 1 loads
 

   Number of warnings:  53
   Number of errors:    0



Total CPU Time: 0 secs  
Total REAL Time: 0 secs  
Peak Memory Usage: 34 MB

Dumping design to file alu00_alu_map.ncd.

mpartrce -p "alu00_alu.p2t" -f "alu00_alu.p3t" -tf "alu00_alu.pt" "alu00_alu_map.ncd" "alu00_alu.ncd"

---- MParTrce Tool ----
Removing old design directory at request of -rem command line option to this program.
Running par. Please wait . . .

Lattice Place and Route Report for Design "alu00_alu_map.ncd"
Tue Apr 16 11:50:47 2019

PAR: Place And Route Diamond (64-bit) 3.10.0.111.2.
Command Line: par -w -l 5 -i 6 -t 1 -c 0 -e 0 -gui -msgset "C:/Users/Valery Garibay/Documents/nuevoG/alu00/promote.xml" -exp parUseNBR=1:parCDP=0:parCDR=0:parPathBased=OFF alu00_alu_map.ncd alu00_alu.dir/5_1.ncd alu00_alu.prf
Preference file: alu00_alu.prf.
Placement level-cost: 5-1.
Routing Iterations: 6

Loading design for application par from file alu00_alu_map.ncd.
Design name: ac800
NCD version: 3.3
Vendor:      LATTICE
Device:      LCMXO2-7000HE
Package:     TQFP144
Performance: 5
Loading device for application par from file 'xo2c7000.nph' in environment: C:/Program Files/diamond/3.10_x64/ispfpga.
Package Status:                     Final          Version 1.39.
Performance Hardware Data Status:   Final          Version 34.4.
License checked out.


Ignore Preference Error(s):  True
Device utilization summary:

   PIO (prelim)   20+4(JTAG)/336     7% used
                  20+4(JTAG)/115     21% bonded
   IOLOGIC            9/336           2% used

   SLICE              1/3432         <1% used



Number of Signals: 21
Number of Connections: 37

Pin Constraint Summary:
   0 out of 20 pins locked (0% locked).

No signal is selected as primary clock.


The following 1 signal is selected to use the secondary clock routing resources:
    clkac_c (driver: clkac, clk load #: 9, sr load #: 0, ce load #: 0)

No signal is selected as Global Set/Reset.
.
Starting Placer Phase 0.
.........
Finished Placer Phase 0.  REAL time: 2 secs 

Starting Placer Phase 1.
...................
Placer score = 1299.
Finished Placer Phase 1.  REAL time: 14 secs 

Starting Placer Phase 2.
.
Placer score =  1299
Finished Placer Phase 2.  REAL time: 14 secs 


------------------ Clock Report ------------------

Global Clock Resources:
  CLK_PIN    : 1 out of 8 (12%)
  PLL        : 0 out of 2 (0%)
  DCM        : 0 out of 2 (0%)
  DCC        : 0 out of 8 (0%)

Quadrants All (TL, TR, BL, BR) - Global Clocks:
  SECONDARY "clkac_c" from comp "clkac" on CLK_PIN site "27 (PL22A)", clk load = 9, ce load = 0, sr load = 0

  PRIMARY  : 0 out of 8 (0%)
  SECONDARY: 1 out of 8 (12%)

Edge Clocks:
  No edge clock selected.

--------------- End of Clock Report ---------------


I/O Usage Summary (final):
   20 + 4(JTAG) out of 336 (7.1%) PIO sites used.
   20 + 4(JTAG) out of 115 (20.9%) bonded PIO sites used.
   Number of PIO comps: 20; differential: 0.
   Number of Vref pins used: 0.

I/O Bank Usage Summary:
+----------+----------------+------------+-----------+
| I/O Bank | Usage          | Bank Vccio | Bank Vref |
+----------+----------------+------------+-----------+
| 0        | 0 / 28 (  0%)  | -          | -         |
| 1        | 19 / 29 ( 65%) | 2.5V       | -         |
| 2        | 0 / 29 (  0%)  | -          | -         |
| 3        | 1 / 9 ( 11%)   | 2.5V       | -         |
| 4        | 0 / 10 (  0%)  | -          | -         |
| 5        | 0 / 10 (  0%)  | -          | -         |
+----------+----------------+------------+-----------+

Total placer CPU time: 13 secs 

Dumping design to file alu00_alu.dir/5_1.ncd.


-----------------------------------------------------------------
INFO - par: ASE feature is off due to non timing-driven settings.  
-----------------------------------------------------------------

0 connections routed; 37 unrouted.
Starting router resource preassignment

Completed router resource preassignment. Real time: 16 secs 

Start NBR router at 11:51:03 04/16/19

*****************************************************************
Info: NBR allows conflicts(one node used by more than one signal)
      in the earlier iterations. In each iteration, it tries to  
      solve the conflicts while keeping the critical connections 
      routed as short as possible. The routing process is said to
      be completed when no conflicts exist and all connections   
      are routed.                                                
Note: NBR uses a different method to calculate timing slacks. The
      worst slack and total negative slack may not be the same as
      that in TRCE report. You should always run TRCE to verify  
      your design.                                               
*****************************************************************

Start NBR special constraint process at 11:51:03 04/16/19

Start NBR section for initial routing at 11:51:03 04/16/19
Level 4, iteration 1
0(0.00%) conflict; 0(0.00%) untouched conn; 0 (nbr) score; real time: 16 secs 

Info: Initial congestion level at 75% usage is 0
Info: Initial congestion area  at 75% usage is 0 (0.00%)

Start NBR section for normal routing at 11:51:03 04/16/19
Level 4, iteration 1
0(0.00%) conflict; 0(0.00%) untouched conn; 0 (nbr) score; real time: 16 secs 

Start NBR section for re-routing at 11:51:03 04/16/19
Level 4, iteration 1
0(0.00%) conflict; 0(0.00%) untouched conn; 0 (nbr) score; real time: 16 secs 

Start NBR section for post-routing at 11:51:03 04/16/19

End NBR router with 0 unrouted connection

NBR Summary
-----------
  Number of unrouted connections : 0 (0.00%)
  Number of connections with timing violations : 0 (0.00%)
  Estimated worst slack<setup> : <n/a>
  Timing score<setup> : 0
-----------
Notes: The timing info is calculated for SETUP only and all PAR_ADJs are ignored.



Total CPU time 15 secs 
Total REAL time: 16 secs 
Completely routed.
End of route.  37 routed (100.00%); 0 unrouted.

Hold time timing score: 0, hold timing errors: 0

Timing score: 0 

Dumping design to file alu00_alu.dir/5_1.ncd.


PAR_SUMMARY::Run status = Success
PAR_SUMMARY::Number of unrouted conns = 0
PAR_SUMMARY::Worst  slack<setup/<ns>> = <n/a>
PAR_SUMMARY::Timing score<setup/<ns>> = <n/a>
PAR_SUMMARY::Worst  slack<hold /<ns>> = <n/a>
PAR_SUMMARY::Timing score<hold /<ns>> = <n/a>
PAR_SUMMARY::Number of errors = 0

Total CPU  time to completion: 16 secs 
Total REAL time to completion: 16 secs 

par done!

Copyright (c) 1991-1994 by NeoCAD Inc. All rights reserved.
Copyright (c) 1995 AT&T Corp.   All rights reserved.
Copyright (c) 1995-2001 Lucent Technologies Inc.  All rights reserved.
Copyright (c) 2001 Agere Systems   All rights reserved.
Copyright (c) 2002-2017 Lattice Semiconductor Corporation,  All rights reserved.
Exiting par with exit code 0
Exiting mpartrce with exit code 0

bitgen -f "alu00_alu.t2b" -w "alu00_alu.ncd" -jedec "alu00_alu.prf"


BITGEN: Bitstream Generator Diamond (64-bit) 3.10.0.111.2
Copyright (c) 1991-1994 by NeoCAD Inc. All rights reserved.
Copyright (c) 1995 AT&T Corp.   All rights reserved.
Copyright (c) 1995-2001 Lucent Technologies Inc.  All rights reserved.
Copyright (c) 2001 Agere Systems   All rights reserved.
Copyright (c) 2002-2017 Lattice Semiconductor Corporation,  All rights reserved.


Loading design for application Bitgen from file alu00_alu.ncd.
Design name: ac800
NCD version: 3.3
Vendor:      LATTICE
Device:      LCMXO2-7000HE
Package:     TQFP144
Performance: 5
Loading device for application Bitgen from file 'xo2c7000.nph' in environment: C:/Program Files/diamond/3.10_x64/ispfpga.
Package Status:                     Final          Version 1.39.
Performance Hardware Data Status:   Final          Version 34.4.

Running DRC.
DRC detected 0 errors and 0 warnings.
Reading Preference File from alu00_alu.prf.

Preference Summary:
+---------------------------------+---------------------------------+
|  Preference                     |  Current Setting                |
+---------------------------------+---------------------------------+
|                         RamCfg  |                        Reset**  |
+---------------------------------+---------------------------------+
|                     MCCLK_FREQ  |                         2.08**  |
+---------------------------------+---------------------------------+
|                  CONFIG_SECURE  |                          OFF**  |
+---------------------------------+---------------------------------+
|                          INBUF  |                           ON**  |
+---------------------------------+---------------------------------+
|                      JTAG_PORT  |                       ENABLE**  |
+---------------------------------+---------------------------------+
|                       SDM_PORT  |                      DISABLE**  |
+---------------------------------+---------------------------------+
|                 SLAVE_SPI_PORT  |                      DISABLE**  |
+---------------------------------+---------------------------------+
|                MASTER_SPI_PORT  |                      DISABLE**  |
+---------------------------------+---------------------------------+
|                       I2C_PORT  |                      DISABLE**  |
+---------------------------------+---------------------------------+
|        MUX_CONFIGURATION_PORTS  |                      DISABLE**  |
+---------------------------------+---------------------------------+
|                  CONFIGURATION  |                          CFG**  |
+---------------------------------+---------------------------------+
|                COMPRESS_CONFIG  |                           ON**  |
+---------------------------------+---------------------------------+
|                        MY_ASSP  |                          OFF**  |
+---------------------------------+---------------------------------+
|               ONE_TIME_PROGRAM  |                          OFF**  |
+---------------------------------+---------------------------------+
|                 ENABLE_TRANSFR  |                      DISABLE**  |
+---------------------------------+---------------------------------+
|                  SHAREDEBRINIT  |                      DISABLE**  |
+---------------------------------+---------------------------------+
|            BACKGROUND_RECONFIG  |                          OFF**  |
+---------------------------------+---------------------------------+
 *  Default setting.
 ** The specified setting matches the default setting.


Creating bit map...
 
Bitstream Status: Final           Version 1.94.
 
Saving bit stream in "alu00_alu.jed".
 
===========
UFM Summary.
===========
UFM Size:        2046 Pages (128*2046 Bits).
UFM Utilization: General Purpose Flash Memory.
 
Available General Purpose Flash Memory: 2046 Pages (Page 0 to Page 2045).
Initialized UFM Pages:                     0 Page.
 
