Running in Lattice mode

Starting:    C:\lscc\diamond\3.10_x64\synpbase\bin64\mbin\synbatch.exe
Install:     C:\lscc\diamond\3.10_x64\synpbase
Hostname:    LAPTOP-ONJC2QMR
Date:        Sun Nov 25 12:02:06 2018
Version:     M-2017.03L-SP1-1

Arguments:   -product synplify_pro -batch lcd2r00_lcd2r0_synplify.tcl
ProductType: synplify_pro




log file: "C:\Users\James\Documents\ESCOM_SEMESTRE_6\3CM2_ARQUITECTURA\Project3CM2MachX02\lcd2renglones00\lcd2r0\lcd2r00_lcd2r0.srr"
Running: hdl_info_gen in foreground

Generating HDL info...

hdl_info_gen completed
# Sun Nov 25 12:02:08 2018

Return Code: 0
Run Time:00h:00m:01s
Copied C:\Users\James\Documents\ESCOM_SEMESTRE_6\3CM2_ARQUITECTURA\Project3CM2MachX02\lcd2renglones00\lcd2r0\lcd2r00_lcd2r0.srr to C:\Users\James\Documents\ESCOM_SEMESTRE_6\3CM2_ARQUITECTURA\Project3CM2MachX02\lcd2renglones00\lcd2r0\lcd2r00_lcd2r0.srf
log file: "C:\Users\James\Documents\ESCOM_SEMESTRE_6\3CM2_ARQUITECTURA\Project3CM2MachX02\lcd2renglones00\lcd2r0\lcd2r00_lcd2r0.srr"
Running: lcd2r0 in foreground

Running proj_1|lcd2r0

Running: compile (Compile) on proj_1|lcd2r0
# Sun Nov 25 12:02:09 2018

Running: compile_flow (Compile Process) on proj_1|lcd2r0
# Sun Nov 25 12:02:09 2018

Running: compiler (Compile Input) on proj_1|lcd2r0
# Sun Nov 25 12:02:09 2018
Copied C:\Users\James\Documents\ESCOM_SEMESTRE_6\3CM2_ARQUITECTURA\Project3CM2MachX02\lcd2renglones00\lcd2r0\synwork\lcd2r00_lcd2r0_comp.srs to C:\Users\James\Documents\ESCOM_SEMESTRE_6\3CM2_ARQUITECTURA\Project3CM2MachX02\lcd2renglones00\lcd2r0\lcd2r00_lcd2r0.srs

compiler completed
# Sun Nov 25 12:02:13 2018

Return Code: 0
Run Time:00h:00m:04s

Running: multi_srs_gen (Multi-srs Generator) on proj_1|lcd2r0
# Sun Nov 25 12:02:13 2018

multi_srs_gen completed
# Sun Nov 25 12:02:14 2018

Return Code: 0
Run Time:00h:00m:01s
Copied C:\Users\James\Documents\ESCOM_SEMESTRE_6\3CM2_ARQUITECTURA\Project3CM2MachX02\lcd2renglones00\lcd2r0\synwork\lcd2r00_lcd2r0_mult.srs to C:\Users\James\Documents\ESCOM_SEMESTRE_6\3CM2_ARQUITECTURA\Project3CM2MachX02\lcd2renglones00\lcd2r0\lcd2r00_lcd2r0.srs
Copied C:\Users\James\Documents\ESCOM_SEMESTRE_6\3CM2_ARQUITECTURA\Project3CM2MachX02\lcd2renglones00\lcd2r0\lcd2r00_lcd2r0.srr to C:\Users\James\Documents\ESCOM_SEMESTRE_6\3CM2_ARQUITECTURA\Project3CM2MachX02\lcd2renglones00\lcd2r0\lcd2r00_lcd2r0.srf
Complete: Compile Process on proj_1|lcd2r0

Running: premap (Pre-mapping) on proj_1|lcd2r0
# Sun Nov 25 12:02:14 2018

premap completed with warnings
# Sun Nov 25 12:02:17 2018

Return Code: 1
Run Time:00h:00m:03s
Complete: Compile on proj_1|lcd2r0

Running: map (Map) on proj_1|lcd2r0
# Sun Nov 25 12:02:17 2018
License granted for 4 parallel jobs

Running: fpga_mapper (Map & Optimize) on proj_1|lcd2r0
# Sun Nov 25 12:02:17 2018
Copied C:\Users\James\Documents\ESCOM_SEMESTRE_6\3CM2_ARQUITECTURA\Project3CM2MachX02\lcd2renglones00\lcd2r0\synwork\lcd2r00_lcd2r0_m.srm to C:\Users\James\Documents\ESCOM_SEMESTRE_6\3CM2_ARQUITECTURA\Project3CM2MachX02\lcd2renglones00\lcd2r0\lcd2r00_lcd2r0.srm

fpga_mapper completed with warnings
# Sun Nov 25 12:02:23 2018

Return Code: 1
Run Time:00h:00m:06s
Complete: Map on proj_1|lcd2r0
Copied C:\Users\James\Documents\ESCOM_SEMESTRE_6\3CM2_ARQUITECTURA\Project3CM2MachX02\lcd2renglones00\lcd2r0\lcd2r00_lcd2r0.srr to C:\Users\James\Documents\ESCOM_SEMESTRE_6\3CM2_ARQUITECTURA\Project3CM2MachX02\lcd2renglones00\lcd2r0\lcd2r00_lcd2r0.srf
Complete: Logic Synthesis on proj_1|lcd2r0
TCL script complete: "lcd2r00_lcd2r0_synplify.tcl"
exit status=0
exit status=0
Save changes for project:
C:\Users\James\Documents\ESCOM_SEMESTRE_6\3CM2_ARQUITECTURA\Project3CM2MachX02\lcd2renglones00\lcd2r0\proj_1.prj
batch mode default:no
