
synpwrap -msg -prj "lcdram00_lcdram00_synplify.tcl" -log "lcdram00_lcdram00.srf"
Copyright (C) 1992-2017 Lattice Semiconductor Corporation. All rights reserved.
Lattice Diamond Version 3.10.0.111.2
    <postMsg mid="2011000" type="Info"    dynamic="0" navigation="0"  />

==contents of lcdram00_lcdram00.srf
#Build: Synplify Pro (R) M-2017.03L-SP1-1, Build 086R, Aug  4 2017
#install: C:\Program Files\diamond\3.10_x64\synpbase
#OS: Windows 8 6.2
#Hostname: DESKTOP-JBP5BT2

# Wed May 22 10:54:20 2019

#Implementation: lcdram00

Synopsys HDL Compiler, version comp2017q2p1, Build 190R, built Aug  4 2017
@N|Running in 64-bit mode
Copyright (C) 1994-2017 Synopsys, Inc. This Synopsys software and all associated documentation are proprietary to Synopsys, Inc. and may only be used pursuant to the terms and conditions of a written license agreement with Synopsys, Inc. All other use, reproduction, modification, or distribution of the Synopsys software or the associated documentation is strictly prohibited.

Synopsys VHDL Compiler, version comp2017q2p1, Build 190R, built Aug  4 2017
@N|Running in 64-bit mode
Copyright (C) 1994-2017 Synopsys, Inc. This Synopsys software and all associated documentation are proprietary to Synopsys, Inc. and may only be used pursuant to the terms and conditions of a written license agreement with Synopsys, Inc. All other use, reproduction, modification, or distribution of the Synopsys software or the associated documentation is strictly prohibited.

@N: CD720 :"C:\Program Files\diamond\3.10_x64\synpbase\lib\vhd\std.vhd":123:18:123:21|Setting time resolution to ps
@N:"C:\Users\Valery Garibay\Desktop\NUEVOARQUI\LCDRAM\lcdram00vhdl\topram00.vhdl":9:7:9:14|Top entity is set to topram00.
Options changed - recompiling
VHDL syntax check successful!
Options changed - recompiling
@N: CD630 :"C:\Users\Valery Garibay\Desktop\NUEVOARQUI\LCDRAM\lcdram00vhdl\topram00.vhdl":9:7:9:14|Synthesizing work.topram00.topram0.
@N: CD630 :"C:\Users\Valery Garibay\Desktop\NUEVOARQUI\LCDRAM\lcdram00vhdl\lcdcontconfig00.vhdl":8:7:8:21|Synthesizing work.lcdcontconfig00.lcdcontconfig0.
@N: CD364 :"C:\Users\Valery Garibay\Desktop\NUEVOARQUI\LCDRAM\lcdram00vhdl\lcdcontconfig00.vhdl":32:6:32:14|Removing redundant assignment.
Post processing for work.lcdcontconfig00.lcdcontconfig0
@N: CD630 :"C:\Users\Valery Garibay\Desktop\NUEVOARQUI\LCDRAM\lcdram00vhdl\lcdconfig00.vhdl":8:7:8:17|Synthesizing work.lcdconfig00.lcdconfig0.
Post processing for work.lcdconfig00.lcdconfig0
@N: CD630 :"C:\Users\Valery Garibay\Desktop\NUEVOARQUI\LCDRAM\lcdram00vhdl\contReadRa00.vhdl":8:7:8:18|Synthesizing work.contreadra00.contreadra0.
@N: CD364 :"C:\Users\Valery Garibay\Desktop\NUEVOARQUI\LCDRAM\lcdram00vhdl\contReadRa00.vhdl":51:8:51:17|Removing redundant assignment.
Post processing for work.contreadra00.contreadra0
@N: CD630 :"C:\Users\Valery Garibay\Desktop\NUEVOARQUI\LCDRAM\lcdram00vhdl\muxra00.vhdl":8:7:8:13|Synthesizing work.muxra00.muxra0.
Post processing for work.muxra00.muxra0
@N: CD630 :"C:\Users\Valery Garibay\Desktop\NUEVOARQUI\LCDRAM\lcdram00vhdl\ram00.vhdl":8:7:8:11|Synthesizing work.ram00.ram0.
Post processing for work.ram00.ram0
@N: CL134 :"C:\Users\Valery Garibay\Desktop\NUEVOARQUI\LCDRAM\lcdram00vhdl\ram00.vhdl":23:7:23:13|Found RAM wordram, depth=32, width=8
@N: CD630 :"C:\Users\Valery Garibay\Desktop\NUEVOARQUI\LCDRAM\lcdram00vhdl\coder00.vhdl":8:7:8:13|Synthesizing work.coder00.coder0.
@N: CD364 :"C:\Users\Valery Garibay\Desktop\NUEVOARQUI\LCDRAM\lcdram00vhdl\coder00.vhdl":35:4:35:13|Removing redundant assignment.
@N: CD364 :"C:\Users\Valery Garibay\Desktop\NUEVOARQUI\LCDRAM\lcdram00vhdl\coder00.vhdl":42:4:42:13|Removing redundant assignment.
@N: CD364 :"C:\Users\Valery Garibay\Desktop\NUEVOARQUI\LCDRAM\lcdram00vhdl\coder00.vhdl":78:4:78:13|Removing redundant assignment.
@N: CD364 :"C:\Users\Valery Garibay\Desktop\NUEVOARQUI\LCDRAM\lcdram00vhdl\coder00.vhdl":114:4:114:13|Removing redundant assignment.
@N: CD364 :"C:\Users\Valery Garibay\Desktop\NUEVOARQUI\LCDRAM\lcdram00vhdl\coder00.vhdl":150:4:150:13|Removing redundant assignment.
Post processing for work.coder00.coder0
@N: CD630 :"C:\Users\Valery Garibay\Desktop\NUEVOARQUI\LCDRAM\lcdram00vhdl\contring00.vhdl":6:7:6:16|Synthesizing work.contring00.contring0.
Post processing for work.contring00.contring0
@W: CL279 :"C:\Users\Valery Garibay\Desktop\NUEVOARQUI\LCDRAM\lcdram00vhdl\contring00.vhdl":19:4:19:5|Pruning register bits 2 to 0 of soutr(3 downto 0). If this is not the intended behavior, drive the inputs with valid values, or inputs from the top level.
@N: CD630 :"C:\Users\Valery Garibay\Desktop\NUEVOARQUI\LCDRAM\osc00VHDL\toposc00.vhdl":9:7:9:14|Synthesizing work.toposc00.toposc0.
@N: CD630 :"C:\Users\Valery Garibay\Desktop\NUEVOARQUI\LCDRAM\osc00VHDL\div00.vhdl":8:7:8:11|Synthesizing work.div00.div0.
@N: CD364 :"C:\Users\Valery Garibay\Desktop\NUEVOARQUI\LCDRAM\osc00VHDL\div00.vhdl":27:2:27:7|Removing redundant assignment.
@N: CD364 :"C:\Users\Valery Garibay\Desktop\NUEVOARQUI\LCDRAM\osc00VHDL\div00.vhdl":36:2:36:7|Removing redundant assignment.
@N: CD364 :"C:\Users\Valery Garibay\Desktop\NUEVOARQUI\LCDRAM\osc00VHDL\div00.vhdl":45:2:45:7|Removing redundant assignment.
@N: CD364 :"C:\Users\Valery Garibay\Desktop\NUEVOARQUI\LCDRAM\osc00VHDL\div00.vhdl":54:2:54:7|Removing redundant assignment.
@N: CD364 :"C:\Users\Valery Garibay\Desktop\NUEVOARQUI\LCDRAM\osc00VHDL\div00.vhdl":63:2:63:7|Removing redundant assignment.
@N: CD364 :"C:\Users\Valery Garibay\Desktop\NUEVOARQUI\LCDRAM\osc00VHDL\div00.vhdl":72:2:72:7|Removing redundant assignment.
@N: CD364 :"C:\Users\Valery Garibay\Desktop\NUEVOARQUI\LCDRAM\osc00VHDL\div00.vhdl":81:2:81:7|Removing redundant assignment.
@N: CD364 :"C:\Users\Valery Garibay\Desktop\NUEVOARQUI\LCDRAM\osc00VHDL\div00.vhdl":90:2:90:7|Removing redundant assignment.
@N: CD364 :"C:\Users\Valery Garibay\Desktop\NUEVOARQUI\LCDRAM\osc00VHDL\div00.vhdl":99:2:99:7|Removing redundant assignment.
Post processing for work.div00.div0
@N: CD630 :"C:\Users\Valery Garibay\Desktop\NUEVOARQUI\LCDRAM\osc00VHDL\osc00.vhdl":8:7:8:11|Synthesizing work.osc00.osc0.
@W: CD276 :"C:\Program Files\diamond\3.10_x64\cae_library\synthesis\vhdl\machxo2.vhd":2297:8:2297:15|Map for port sedstdby of component osch not found
@N: CD630 :"C:\Program Files\diamond\3.10_x64\cae_library\synthesis\vhdl\machxo2.vhd":2291:10:2291:13|Synthesizing work.osch.syn_black_box.
Post processing for work.osch.syn_black_box
Post processing for work.osc00.osc0
Post processing for work.toposc00.toposc0
Post processing for work.topram00.topram0
@N: CL159 :"C:\Users\Valery Garibay\Desktop\NUEVOARQUI\LCDRAM\lcdram00vhdl\muxra00.vhdl":13:4:13:12|Input inFlagdlm is unused.
@W: CL138 :"C:\Users\Valery Garibay\Desktop\NUEVOARQUI\LCDRAM\lcdram00vhdl\contReadRa00.vhdl":26:5:26:6|Removing register 'RWcd' because it is only assigned 0 or its original value.
@N: CL189 :"C:\Users\Valery Garibay\Desktop\NUEVOARQUI\LCDRAM\lcdram00vhdl\contReadRa00.vhdl":26:5:26:6|Register bit RScd is always 1.
@W: CL138 :"C:\Users\Valery Garibay\Desktop\NUEVOARQUI\LCDRAM\lcdram00vhdl\lcdconfig00.vhdl":25:4:25:5|Removing register 'RSc' because it is only assigned 0 or its original value.
@W: CL138 :"C:\Users\Valery Garibay\Desktop\NUEVOARQUI\LCDRAM\lcdram00vhdl\lcdconfig00.vhdl":25:4:25:5|Removing register 'RWc' because it is only assigned 0 or its original value.
@N: CL189 :"C:\Users\Valery Garibay\Desktop\NUEVOARQUI\LCDRAM\lcdram00vhdl\lcdconfig00.vhdl":25:4:25:5|Register bit comandoc(6) is always 0.
@W: CL260 :"C:\Users\Valery Garibay\Desktop\NUEVOARQUI\LCDRAM\lcdram00vhdl\lcdconfig00.vhdl":25:4:25:5|Pruning register bit 6 of comandoc(7 downto 0). If this is not the intended behavior, drive the input with valid values, or an input from the top level.

At c_vhdl Exit (Real Time elapsed 0h:00m:01s; CPU Time elapsed 0h:00m:00s; Memory used current: 78MB peak: 80MB)

Process took 0h:00m:01s realtime, 0h:00m:01s cputime

Process completed successfully.
# Wed May 22 10:54:23 2019

###########################################################]
Synopsys Netlist Linker, version comp2017q2p1, Build 190R, built Aug  4 2017
@N|Running in 64-bit mode
File C:\Users\Valery Garibay\Desktop\NUEVOARQUI\LCDRAM\lcdram00\lcdram00\synwork\layer0.srs changed - recompiling

At syn_nfilter Exit (Real Time elapsed 0h:00m:00s; CPU Time elapsed 0h:00m:00s; Memory used current: 67MB peak: 68MB)

Process took 0h:00m:01s realtime, 0h:00m:01s cputime

Process completed successfully.
# Wed May 22 10:54:23 2019

###########################################################]
@END

At c_hdl Exit (Real Time elapsed 0h:00m:02s; CPU Time elapsed 0h:00m:01s; Memory used current: 3MB peak: 4MB)

Process took 0h:00m:02s realtime, 0h:00m:01s cputime

Process completed successfully.
# Wed May 22 10:54:23 2019

###########################################################]
Synopsys Netlist Linker, version comp2017q2p1, Build 190R, built Aug  4 2017
@N|Running in 64-bit mode
File C:\Users\Valery Garibay\Desktop\NUEVOARQUI\LCDRAM\lcdram00\lcdram00\synwork\lcdram00_lcdram00_comp.srs changed - recompiling

At syn_nfilter Exit (Real Time elapsed 0h:00m:00s; CPU Time elapsed 0h:00m:00s; Memory used current: 68MB peak: 68MB)

Process took 0h:00m:01s realtime, 0h:00m:01s cputime

Process completed successfully.
# Wed May 22 10:54:25 2019

###########################################################]
Pre-mapping Report

# Wed May 22 10:54:25 2019

Synopsys Lattice Technology Pre-mapping, Version maplat, Build 1796R, Built Aug  4 2017 11:10:16
Copyright (C) 1994-2017 Synopsys, Inc. This Synopsys software and all associated documentation are proprietary to Synopsys, Inc. and may only be used pursuant to the terms and conditions of a written license agreement with Synopsys, Inc. All other use, reproduction, modification, or distribution of the Synopsys software or the associated documentation is strictly prohibited.
Product Version M-2017.03L-SP1-1

Mapper Startup Complete (Real Time elapsed 0h:00m:00s; CPU Time elapsed 0h:00m:00s; Memory used current: 99MB peak: 100MB)

@A: MF827 |No constraint file specified.
@L: C:\Users\Valery Garibay\Desktop\NUEVOARQUI\LCDRAM\lcdram00\lcdram00\lcdram00_lcdram00_scck.rpt 
Printing clock  summary report in "C:\Users\Valery Garibay\Desktop\NUEVOARQUI\LCDRAM\lcdram00\lcdram00\lcdram00_lcdram00_scck.rpt" file 
@N: MF248 |Running in 64-bit mode.
@N: MF666 |Clock conversion enabled. (Command "set_option -fix_gated_and_generated_clocks 1" in the project file.)

Design Input Complete (Real Time elapsed 0h:00m:00s; CPU Time elapsed 0h:00m:00s; Memory used current: 100MB peak: 103MB)


Mapper Initialization Complete (Real Time elapsed 0h:00m:00s; CPU Time elapsed 0h:00m:00s; Memory used current: 100MB peak: 103MB)


Start loading timing files (Real Time elapsed 0h:00m:00s; CPU Time elapsed 0h:00m:00s; Memory used current: 112MB peak: 113MB)


Finished loading timing files (Real Time elapsed 0h:00m:00s; CPU Time elapsed 0h:00m:00s; Memory used current: 112MB peak: 115MB)

@W: FX474 |User-specified initial value defined for some sequential elements which can prevent optimum synthesis results from being achieved. 
@W: BN132 :"c:\users\valery garibay\desktop\nuevoarqui\lcdram\lcdram00vhdl\contreadra00.vhdl":26:5:26:6|Removing sequential instance RA05.outFlagcd because it is equivalent to instance RA05.ENcd. To keep the instance, apply constraint syn_preserve=1 on the instance.
ICG Latch Removal Summary:
Number of ICG latches removed:	0
Number of ICG latches not removed:	0
syn_allowed_resources : blockrams=26  set on top level netlist topram00

Finished netlist restructuring (Real Time elapsed 0h:00m:01s; CPU Time elapsed 0h:00m:00s; Memory used current: 140MB peak: 142MB)



Clock Summary
******************

          Start                            Requested     Requested     Clock                                           Clock                   Clock
Level     Clock                            Frequency     Period        Type                                            Group                   Load 
----------------------------------------------------------------------------------------------------------------------------------------------------
0 -       osc00|osc_int_inferred_clock     2.1 MHz       480.769       inferred                                        Inferred_clkgroup_0     23   
1 .         div00|oscout_derived_clock     2.1 MHz       480.769       derived (from osc00|osc_int_inferred_clock)     Inferred_clkgroup_0     71   
====================================================================================================================================================

@W: MT529 :"c:\users\valery garibay\desktop\nuevoarqui\lcdram\osc00vhdl\div00.vhdl":20:0:20:1|Found inferred clock osc00|osc_int_inferred_clock which controls 23 sequential elements including RA00.OS01.sdiv[21:0]. This clock has no specified timing constraint which may prevent conversion of gated or generated clocks and may adversely impact design performance. 

Finished Pre Mapping Phase.

Starting constraint checker (Real Time elapsed 0h:00m:01s; CPU Time elapsed 0h:00m:01s; Memory used current: 140MB peak: 142MB)


Finished constraint checker preprocessing (Real Time elapsed 0h:00m:01s; CPU Time elapsed 0h:00m:01s; Memory used current: 140MB peak: 142MB)

None
None

Finished constraint checker (Real Time elapsed 0h:00m:01s; CPU Time elapsed 0h:00m:01s; Memory used current: 140MB peak: 142MB)

Pre-mapping successful!

At Mapper Exit (Real Time elapsed 0h:00m:02s; CPU Time elapsed 0h:00m:01s; Memory used current: 56MB peak: 142MB)

Process took 0h:00m:02s realtime, 0h:00m:01s cputime
# Wed May 22 10:54:27 2019

###########################################################]
Map & Optimize Report

# Wed May 22 10:54:28 2019

Synopsys Lattice Technology Mapper, Version maplat, Build 1796R, Built Aug  4 2017 11:10:16
Copyright (C) 1994-2017 Synopsys, Inc. This Synopsys software and all associated documentation are proprietary to Synopsys, Inc. and may only be used pursuant to the terms and conditions of a written license agreement with Synopsys, Inc. All other use, reproduction, modification, or distribution of the Synopsys software or the associated documentation is strictly prohibited.
Product Version M-2017.03L-SP1-1

Mapper Startup Complete (Real Time elapsed 0h:00m:00s; CPU Time elapsed 0h:00m:00s; Memory used current: 99MB peak: 99MB)

@N: MF248 |Running in 64-bit mode.
@N: MF666 |Clock conversion enabled. (Command "set_option -fix_gated_and_generated_clocks 1" in the project file.)

Design Input Complete (Real Time elapsed 0h:00m:00s; CPU Time elapsed 0h:00m:00s; Memory used current: 98MB peak: 100MB)


Mapper Initialization Complete (Real Time elapsed 0h:00m:00s; CPU Time elapsed 0h:00m:00s; Memory used current: 98MB peak: 100MB)


Start loading timing files (Real Time elapsed 0h:00m:00s; CPU Time elapsed 0h:00m:00s; Memory used current: 111MB peak: 112MB)


Finished loading timing files (Real Time elapsed 0h:00m:00s; CPU Time elapsed 0h:00m:00s; Memory used current: 111MB peak: 114MB)



Starting Optimization and Mapping (Real Time elapsed 0h:00m:00s; CPU Time elapsed 0h:00m:00s; Memory used current: 139MB peak: 142MB)


Available hyper_sources - for debug and ip models
	None Found


Finished RTL optimizations (Real Time elapsed 0h:00m:00s; CPU Time elapsed 0h:00m:00s; Memory used current: 139MB peak: 142MB)


Starting factoring (Real Time elapsed 0h:00m:00s; CPU Time elapsed 0h:00m:00s; Memory used current: 140MB peak: 142MB)


Finished factoring (Real Time elapsed 0h:00m:00s; CPU Time elapsed 0h:00m:00s; Memory used current: 142MB peak: 143MB)


Starting gated-clock and generated-clock conversion (Real Time elapsed 0h:00m:00s; CPU Time elapsed 0h:00m:00s; Memory used current: 142MB peak: 143MB)


Finished gated-clock and generated-clock conversion (Real Time elapsed 0h:00m:00s; CPU Time elapsed 0h:00m:00s; Memory used current: 142MB peak: 143MB)


Finished generic timing optimizations - Pass 1 (Real Time elapsed 0h:00m:00s; CPU Time elapsed 0h:00m:00s; Memory used current: 143MB peak: 144MB)


Starting Early Timing Optimization (Real Time elapsed 0h:00m:01s; CPU Time elapsed 0h:00m:00s; Memory used current: 143MB peak: 144MB)


Finished Early Timing Optimization (Real Time elapsed 0h:00m:01s; CPU Time elapsed 0h:00m:01s; Memory used current: 143MB peak: 144MB)


Finished generic timing optimizations - Pass 2 (Real Time elapsed 0h:00m:01s; CPU Time elapsed 0h:00m:01s; Memory used current: 143MB peak: 144MB)


Finished preparing to map (Real Time elapsed 0h:00m:01s; CPU Time elapsed 0h:00m:01s; Memory used current: 143MB peak: 144MB)


Finished technology mapping (Real Time elapsed 0h:00m:01s; CPU Time elapsed 0h:00m:01s; Memory used current: 151MB peak: 153MB)

Pass		 CPU time		Worst Slack		Luts / Registers
------------------------------------------------------------
   1		0h:00m:01s		   468.13ns		 156 /        86

Finished technology timing optimizations and critical path resynthesis (Real Time elapsed 0h:00m:01s; CPU Time elapsed 0h:00m:01s; Memory used current: 151MB peak: 153MB)

@N: FX164 |The option to pack registers in the IOB has not been specified. Please set syn_useioff attribute.  
@N: FO126 :"c:\users\valery garibay\desktop\nuevoarqui\lcdram\lcdram00vhdl\ram00.vhdl":23:7:23:13|Generating RAM RA03.wordram[7:0]
@A: BN291 :"c:\users\valery garibay\desktop\nuevoarqui\lcdram\lcdram00vhdl\contring00.vhdl":19:4:19:5|Boundary register RA01.outcr_3_.fb (in view: work.topram00(topram0)) is packed into a complex cell. To disable register packing, set syn_keep=1 on the net between the register and the complex cell. 
@A: BN291 :"c:\users\valery garibay\desktop\nuevoarqui\lcdram\lcdram00vhdl\contring00.vhdl":19:4:19:5|Boundary register RA01.outcr_2_.fb (in view: work.topram00(topram0)) is packed into a complex cell. To disable register packing, set syn_keep=1 on the net between the register and the complex cell. 
@A: BN291 :"c:\users\valery garibay\desktop\nuevoarqui\lcdram\lcdram00vhdl\contring00.vhdl":19:4:19:5|Boundary register RA01.outcr_1_.fb (in view: work.topram00(topram0)) is packed into a complex cell. To disable register packing, set syn_keep=1 on the net between the register and the complex cell. 
@A: BN291 :"c:\users\valery garibay\desktop\nuevoarqui\lcdram\lcdram00vhdl\contring00.vhdl":19:4:19:5|Boundary register RA01.outcr_0_.fb (in view: work.topram00(topram0)) is packed into a complex cell. To disable register packing, set syn_keep=1 on the net between the register and the complex cell. 
@A: BN291 :"c:\users\valery garibay\desktop\nuevoarqui\lcdram\lcdram00vhdl\muxra00.vhdl":32:4:32:5|Boundary register RA04.ENlm.fb (in view: work.topram00(topram0)) is packed into a complex cell. To disable register packing, set syn_keep=1 on the net between the register and the complex cell. 
@A: BN291 :"c:\users\valery garibay\desktop\nuevoarqui\lcdram\lcdram00vhdl\muxra00.vhdl":32:4:32:5|Boundary register RA04.RSlm.fb (in view: work.topram00(topram0)) is packed into a complex cell. To disable register packing, set syn_keep=1 on the net between the register and the complex cell. 
@A: BN291 :"c:\users\valery garibay\desktop\nuevoarqui\lcdram\lcdram00vhdl\muxra00.vhdl":32:4:32:5|Boundary register RA04.outwordlm_7_.fb (in view: work.topram00(topram0)) is packed into a complex cell. To disable register packing, set syn_keep=1 on the net between the register and the complex cell. 
@A: BN291 :"c:\users\valery garibay\desktop\nuevoarqui\lcdram\lcdram00vhdl\muxra00.vhdl":32:4:32:5|Boundary register RA04.outwordlm_6_.fb (in view: work.topram00(topram0)) is packed into a complex cell. To disable register packing, set syn_keep=1 on the net between the register and the complex cell. 
@A: BN291 :"c:\users\valery garibay\desktop\nuevoarqui\lcdram\lcdram00vhdl\muxra00.vhdl":32:4:32:5|Boundary register RA04.outwordlm_5_.fb (in view: work.topram00(topram0)) is packed into a complex cell. To disable register packing, set syn_keep=1 on the net between the register and the complex cell. 
@A: BN291 :"c:\users\valery garibay\desktop\nuevoarqui\lcdram\lcdram00vhdl\muxra00.vhdl":32:4:32:5|Boundary register RA04.outwordlm_4_.fb (in view: work.topram00(topram0)) is packed into a complex cell. To disable register packing, set syn_keep=1 on the net between the register and the complex cell. 
@A: BN291 :"c:\users\valery garibay\desktop\nuevoarqui\lcdram\lcdram00vhdl\muxra00.vhdl":32:4:32:5|Boundary register RA04.outwordlm_3_.fb (in view: work.topram00(topram0)) is packed into a complex cell. To disable register packing, set syn_keep=1 on the net between the register and the complex cell. 
@A: BN291 :"c:\users\valery garibay\desktop\nuevoarqui\lcdram\lcdram00vhdl\muxra00.vhdl":32:4:32:5|Boundary register RA04.outwordlm_2_.fb (in view: work.topram00(topram0)) is packed into a complex cell. To disable register packing, set syn_keep=1 on the net between the register and the complex cell. 
@A: BN291 :"c:\users\valery garibay\desktop\nuevoarqui\lcdram\lcdram00vhdl\muxra00.vhdl":32:4:32:5|Boundary register RA04.outwordlm_1_.fb (in view: work.topram00(topram0)) is packed into a complex cell. To disable register packing, set syn_keep=1 on the net between the register and the complex cell. 
@A: BN291 :"c:\users\valery garibay\desktop\nuevoarqui\lcdram\lcdram00vhdl\muxra00.vhdl":32:4:32:5|Boundary register RA04.outwordlm_0_.fb (in view: work.topram00(topram0)) is packed into a complex cell. To disable register packing, set syn_keep=1 on the net between the register and the complex cell. 
@A: BN291 :"c:\users\valery garibay\desktop\nuevoarqui\lcdram\lcdram00vhdl\lcdcontconfig00.vhdl":21:4:21:5|Boundary register RA07.outcontcc_4_.fb (in view: work.topram00(topram0)) is packed into a complex cell. To disable register packing, set syn_keep=1 on the net between the register and the complex cell. 
@A: BN291 :"c:\users\valery garibay\desktop\nuevoarqui\lcdram\lcdram00vhdl\lcdcontconfig00.vhdl":21:4:21:5|Boundary register RA07.outcontcc_3_.fb (in view: work.topram00(topram0)) is packed into a complex cell. To disable register packing, set syn_keep=1 on the net between the register and the complex cell. 
@A: BN291 :"c:\users\valery garibay\desktop\nuevoarqui\lcdram\lcdram00vhdl\lcdcontconfig00.vhdl":21:4:21:5|Boundary register RA07.outcontcc_2_.fb (in view: work.topram00(topram0)) is packed into a complex cell. To disable register packing, set syn_keep=1 on the net between the register and the complex cell. 
@A: BN291 :"c:\users\valery garibay\desktop\nuevoarqui\lcdram\lcdram00vhdl\lcdcontconfig00.vhdl":21:4:21:5|Boundary register RA07.outcontcc_1_.fb (in view: work.topram00(topram0)) is packed into a complex cell. To disable register packing, set syn_keep=1 on the net between the register and the complex cell. 
@A: BN291 :"c:\users\valery garibay\desktop\nuevoarqui\lcdram\lcdram00vhdl\lcdcontconfig00.vhdl":21:4:21:5|Boundary register RA07.outcontcc_0_.fb (in view: work.topram00(topram0)) is packed into a complex cell. To disable register packing, set syn_keep=1 on the net between the register and the complex cell. 
@A: BN291 :"c:\users\valery garibay\desktop\nuevoarqui\lcdram\lcdram00vhdl\coder00.vhdl":29:2:29:3|Boundary register RA02.outcontwcd_4_.fb (in view: work.topram00(topram0)) is packed into a complex cell. To disable register packing, set syn_keep=1 on the net between the register and the complex cell. 
@A: BN291 :"c:\users\valery garibay\desktop\nuevoarqui\lcdram\lcdram00vhdl\coder00.vhdl":29:2:29:3|Boundary register RA02.outcontwcd_3_.fb (in view: work.topram00(topram0)) is packed into a complex cell. To disable register packing, set syn_keep=1 on the net between the register and the complex cell. 
@A: BN291 :"c:\users\valery garibay\desktop\nuevoarqui\lcdram\lcdram00vhdl\coder00.vhdl":29:2:29:3|Boundary register RA02.outcontwcd_2_.fb (in view: work.topram00(topram0)) is packed into a complex cell. To disable register packing, set syn_keep=1 on the net between the register and the complex cell. 
@A: BN291 :"c:\users\valery garibay\desktop\nuevoarqui\lcdram\lcdram00vhdl\coder00.vhdl":29:2:29:3|Boundary register RA02.outcontwcd_1_.fb (in view: work.topram00(topram0)) is packed into a complex cell. To disable register packing, set syn_keep=1 on the net between the register and the complex cell. 
@A: BN291 :"c:\users\valery garibay\desktop\nuevoarqui\lcdram\lcdram00vhdl\coder00.vhdl":29:2:29:3|Boundary register RA02.outcontwcd_0_.fb (in view: work.topram00(topram0)) is packed into a complex cell. To disable register packing, set syn_keep=1 on the net between the register and the complex cell. 
@A: BN291 :"c:\users\valery garibay\desktop\nuevoarqui\lcdram\lcdram00vhdl\lcdconfig00.vhdl":25:4:25:5|Boundary register RA06.outFlagc.fb (in view: work.topram00(topram0)) is packed into a complex cell. To disable register packing, set syn_keep=1 on the net between the register and the complex cell. 
@A: BN291 :"c:\users\valery garibay\desktop\nuevoarqui\lcdram\lcdram00vhdl\coder00.vhdl":29:2:29:3|Boundary register RA02.outFlagcd.fb (in view: work.topram00(topram0)) is packed into a complex cell. To disable register packing, set syn_keep=1 on the net between the register and the complex cell. 

Finished restoring hierarchy (Real Time elapsed 0h:00m:02s; CPU Time elapsed 0h:00m:01s; Memory used current: 151MB peak: 153MB)



@S |Clock Optimization Summary


#### START OF CLOCK OPTIMIZATION REPORT #####[

0 non-gated/non-generated clock tree(s) driving 0 clock pin(s) of sequential element(s)
2 gated/generated clock tree(s) driving 90 clock pin(s) of sequential element(s)
0 instances converted, 90 sequential instances remain driven by gated/generated clocks

=================================================================================================== Gated/Generated Clocks ===================================================================================================
Clock Tree ID     Driving Element        Drive Element Type     Fanout     Sample Instance      Explanation                                                                                                                   
------------------------------------------------------------------------------------------------------------------------------------------------------------------------------------------------------------------------------
@K:CKID0001       RA00.OS00.OSCInst0     OSCH                   86         RA04_ENlmio          Gating structure creates improper gating logic. See the Gated Clocks description in the user guide for conversion requirements
@K:CKID0002       RA00.OS01.oscout       FD1S3AX                4          RA03.wordram_ram     No gated clock conversion method for cell cell:LUCENT.DPR16X4C                                                                
==============================================================================================================================================================================================================================


##### END OF CLOCK OPTIMIZATION REPORT ######]


Start Writing Netlists (Real Time elapsed 0h:00m:02s; CPU Time elapsed 0h:00m:02s; Memory used current: 118MB peak: 153MB)

Writing Analyst data base C:\Users\Valery Garibay\Desktop\NUEVOARQUI\LCDRAM\lcdram00\lcdram00\synwork\lcdram00_lcdram00_m.srm

Finished Writing Netlist Databases (Real Time elapsed 0h:00m:02s; CPU Time elapsed 0h:00m:02s; Memory used current: 150MB peak: 153MB)

Writing EDIF Netlist and constraint files
@N: FX1056 |Writing EDF file: C:\Users\Valery Garibay\Desktop\NUEVOARQUI\LCDRAM\lcdram00\lcdram00\lcdram00_lcdram00.edi
M-2017.03L-SP1-1
@N: BW106 |Synplicity Constraint File capacitance units using default value of 1pF 

Finished Writing EDIF Netlist and constraint files (Real Time elapsed 0h:00m:03s; CPU Time elapsed 0h:00m:03s; Memory used current: 154MB peak: 156MB)


Start final timing analysis (Real Time elapsed 0h:00m:04s; CPU Time elapsed 0h:00m:03s; Memory used current: 155MB peak: 156MB)

@N: MT615 |Found clock div00|oscout_derived_clock with period 480.77ns 
@W: MT420 |Found inferred clock osc00|osc_int_inferred_clock with period 480.77ns. Please declare a user-defined clock on object "n:RA00.OS00.osc_int"


##### START OF TIMING REPORT #####[
# Timing Report written on Wed May 22 10:54:32 2019
#


Top view:               topram00
Requested Frequency:    2.1 MHz
Wire load mode:         top
Paths requested:        5
Constraint File(s):    
@N: MT320 |This timing report is an estimate of place and route data. For final timing results, use the FPGA vendor place and route report.

@N: MT322 |Clock constraints include only register-to-register paths associated with each individual clock.



Performance Summary
*******************


Worst slack in design: 466.364

                                 Requested     Estimated     Requested     Estimated                 Clock                                           Clock              
Starting Clock                   Frequency     Frequency     Period        Period        Slack       Type                                            Group              
------------------------------------------------------------------------------------------------------------------------------------------------------------------------
div00|oscout_derived_clock       2.1 MHz       440.8 MHz     480.769       2.269         479.269     derived (from osc00|osc_int_inferred_clock)     Inferred_clkgroup_0
osc00|osc_int_inferred_clock     2.1 MHz       69.4 MHz      480.769       14.405        466.364     inferred                                        Inferred_clkgroup_0
========================================================================================================================================================================





Clock Relationships
*******************

Clocks                                                      |    rise  to  rise     |    fall  to  fall   |    rise  to  fall   |    fall  to  rise 
----------------------------------------------------------------------------------------------------------------------------------------------------
Starting                      Ending                        |  constraint  slack    |  constraint  slack  |  constraint  slack  |  constraint  slack
----------------------------------------------------------------------------------------------------------------------------------------------------
osc00|osc_int_inferred_clock  osc00|osc_int_inferred_clock  |  480.769     466.364  |  No paths    -      |  No paths    -      |  No paths    -    
osc00|osc_int_inferred_clock  div00|oscout_derived_clock    |  480.769     478.501  |  No paths    -      |  No paths    -      |  No paths    -    
div00|oscout_derived_clock    osc00|osc_int_inferred_clock  |  480.769     479.269  |  No paths    -      |  No paths    -      |  No paths    -    
====================================================================================================================================================
 Note: 'No paths' indicates there are no paths in the design for that pair of clock edges.
       'Diff grp' indicates that paths exist but the starting clock and ending clock are in different clock groups.



Interface Information 
*********************

No IO constraint found



====================================
Detailed Report for Clock: div00|oscout_derived_clock
====================================



Starting Points with Worst Slack
********************************

                       Starting                                                               Arrival            
Instance               Reference                      Type         Pin     Net                Time        Slack  
                       Clock                                                                                     
-----------------------------------------------------------------------------------------------------------------
RA03.wordram_ram       div00|oscout_derived_clock     DPR16X4C     DO3     wordram_ram_2      0.972       479.269
RA03.wordram_ram_0     div00|oscout_derived_clock     DPR16X4C     DO3     wordram_ram_6      0.972       479.269
RA03.wordram_ram_1     div00|oscout_derived_clock     DPR16X4C     DO3     wordram_ram_10     0.972       479.269
RA03.wordram_ram_2     div00|oscout_derived_clock     DPR16X4C     DO3     wordram_ram_14     0.972       479.269
=================================================================================================================


Ending Points with Worst Slack
******************************

                      Starting                                                          Required            
Instance              Reference                      Type        Pin     Net            Time         Slack  
                      Clock                                                                                 
------------------------------------------------------------------------------------------------------------
RA03.outwordra[3]     div00|oscout_derived_clock     FD1P3JX     D       wordram[3]     480.858      479.269
RA03.outwordra[7]     div00|oscout_derived_clock     FD1P3JX     D       wordram[7]     480.858      479.269
============================================================================================================



Worst Path Information
***********************


Path information for path number 1: 
      Requested Period:                      480.769
    - Setup time:                            -0.089
    + Clock delay at ending point:           0.000 (ideal)
    = Required time:                         480.858

    - Propagation time:                      1.589
    - Clock delay at starting point:         0.000 (ideal)
    = Slack (non-critical) :                 479.269

    Number of logic level(s):                1
    Starting point:                          RA03.wordram_ram / DO3
    Ending point:                            RA03.outwordra[3] / D
    The start point is clocked by            div00|oscout_derived_clock [rising] on pin WCK
    The end   point is clocked by            osc00|osc_int_inferred_clock [rising] on pin CK

Instance / Net                         Pin      Pin               Arrival     No. of    
Name                      Type         Name     Dir     Delay     Time        Fan Out(s)
----------------------------------------------------------------------------------------
RA03.wordram_ram          DPR16X4C     DO3      Out     0.972     0.972       -         
wordram_ram_2             Net          -        -       -         -           1         
RA03.outwordra_RNO[3]     ORCALUT4     A        In      0.000     0.972       -         
RA03.outwordra_RNO[3]     ORCALUT4     Z        Out     0.617     1.589       -         
wordram[3]                Net          -        -       -         -           1         
RA03.outwordra[3]         FD1P3JX      D        In      0.000     1.589       -         
========================================================================================




====================================
Detailed Report for Clock: osc00|osc_int_inferred_clock
====================================



Starting Points with Worst Slack
********************************

                       Starting                                                          Arrival            
Instance               Reference                        Type        Pin     Net          Time        Slack  
                       Clock                                                                                
------------------------------------------------------------------------------------------------------------
RA00.OS01.sdiv[0]      osc00|osc_int_inferred_clock     FD1S3IX     Q       sdiv[0]      1.044       466.364
RA00.OS01.sdiv[1]      osc00|osc_int_inferred_clock     FD1S3IX     Q       sdiv[1]      1.044       466.364
RA00.OS01.sdiv[2]      osc00|osc_int_inferred_clock     FD1S3IX     Q       sdiv[2]      1.044       466.364
RA00.OS01.sdiv[3]      osc00|osc_int_inferred_clock     FD1S3IX     Q       sdiv[3]      1.044       466.364
RA00.OS01.sdiv[6]      osc00|osc_int_inferred_clock     FD1S3IX     Q       sdiv[6]      1.044       466.364
RA00.OS01.sdiv[7]      osc00|osc_int_inferred_clock     FD1S3IX     Q       sdiv[7]      1.044       466.364
RA00.OS01.sdiv[8]      osc00|osc_int_inferred_clock     FD1S3IX     Q       sdiv[8]      1.108       467.357
RA00.OS01.sdiv[9]      osc00|osc_int_inferred_clock     FD1S3IX     Q       sdiv[9]      1.108       467.357
RA00.OS01.sdiv[10]     osc00|osc_int_inferred_clock     FD1S3IX     Q       sdiv[10]     1.108       467.357
RA00.OS01.sdiv[11]     osc00|osc_int_inferred_clock     FD1S3IX     Q       sdiv[11]     1.108       467.357
============================================================================================================


Ending Points with Worst Slack
******************************

                       Starting                                                              Required            
Instance               Reference                        Type        Pin     Net              Time         Slack  
                       Clock                                                                                     
-----------------------------------------------------------------------------------------------------------------
RA00.OS01.sdiv[21]     osc00|osc_int_inferred_clock     FD1S3IX     D       un1_sdiv[22]     480.664      466.364
RA00.OS01.sdiv[19]     osc00|osc_int_inferred_clock     FD1S3IX     D       un1_sdiv[20]     480.664      466.507
RA00.OS01.sdiv[20]     osc00|osc_int_inferred_clock     FD1S3IX     D       un1_sdiv[21]     480.664      466.507
RA00.OS01.sdiv[17]     osc00|osc_int_inferred_clock     FD1S3IX     D       un1_sdiv[18]     480.664      466.649
RA00.OS01.sdiv[18]     osc00|osc_int_inferred_clock     FD1S3IX     D       un1_sdiv[19]     480.664      466.649
RA00.OS01.sdiv[15]     osc00|osc_int_inferred_clock     FD1S3IX     D       un1_sdiv[16]     480.664      466.792
RA00.OS01.sdiv[16]     osc00|osc_int_inferred_clock     FD1S3IX     D       un1_sdiv[17]     480.664      466.792
RA00.OS01.sdiv[13]     osc00|osc_int_inferred_clock     FD1S3IX     D       un1_sdiv[14]     480.664      466.935
RA00.OS01.sdiv[14]     osc00|osc_int_inferred_clock     FD1S3IX     D       un1_sdiv[15]     480.664      466.935
RA00.OS01.sdiv[11]     osc00|osc_int_inferred_clock     FD1S3IX     D       un1_sdiv[12]     480.664      467.078
=================================================================================================================



Worst Path Information
***********************


Path information for path number 1: 
      Requested Period:                      480.769
    - Setup time:                            0.106
    + Clock delay at ending point:           0.000 (ideal)
    = Required time:                         480.664

    - Propagation time:                      14.300
    - Clock delay at starting point:         0.000 (ideal)
    = Slack (critical) :                     466.364

    Number of logic level(s):                20
    Starting point:                          RA00.OS01.sdiv[0] / Q
    Ending point:                            RA00.OS01.sdiv[21] / D
    The start point is clocked by            osc00|osc_int_inferred_clock [rising] on pin CK
    The end   point is clocked by            osc00|osc_int_inferred_clock [rising] on pin CK

Instance / Net                                           Pin      Pin               Arrival     No. of    
Name                                        Type         Name     Dir     Delay     Time        Fan Out(s)
----------------------------------------------------------------------------------------------------------
RA00.OS01.sdiv[0]                           FD1S3IX      Q        Out     1.044     1.044       -         
sdiv[0]                                     Net          -        -       -         -           2         
RA00.OS01.pdiv\.oscout13lto18_i_a2_15_4     ORCALUT4     A        In      0.000     1.044       -         
RA00.OS01.pdiv\.oscout13lto18_i_a2_15_4     ORCALUT4     Z        Out     1.017     2.061       -         
oscout13lto18_i_a2_15_4                     Net          -        -       -         -           1         
RA00.OS01.pdiv\.oscout13lto18_i_a2_15       ORCALUT4     B        In      0.000     2.061       -         
RA00.OS01.pdiv\.oscout13lto18_i_a2_15       ORCALUT4     Z        Out     1.193     3.253       -         
N_27_8                                      Net          -        -       -         -           4         
RA00.OS01.pdiv\.oscout13lto18_i_a2_17       ORCALUT4     B        In      0.000     3.253       -         
RA00.OS01.pdiv\.oscout13lto18_i_a2_17       ORCALUT4     Z        Out     1.233     4.486       -         
N_3_19                                      Net          -        -       -         -           6         
RA00.OS01.pdiv\.oscout8lto19_i_a2           ORCALUT4     A        In      0.000     4.486       -         
RA00.OS01.pdiv\.oscout8lto19_i_a2           ORCALUT4     Z        Out     1.017     5.503       -         
N_6                                         Net          -        -       -         -           1         
RA00.OS01.oscout_0_sqmuxa_1                 ORCALUT4     A        In      0.000     5.503       -         
RA00.OS01.oscout_0_sqmuxa_1                 ORCALUT4     Z        Out     1.153     6.656       -         
oscout_0_sqmuxa_1                           Net          -        -       -         -           3         
RA00.OS01.un1_oscout56_7_4                  ORCALUT4     A        In      0.000     6.656       -         
RA00.OS01.un1_oscout56_7_4                  ORCALUT4     Z        Out     1.017     7.673       -         
un1_oscout56_7_4                            Net          -        -       -         -           1         
RA00.OS01.un1_oscout56_7                    ORCALUT4     D        In      0.000     7.673       -         
RA00.OS01.un1_oscout56_7                    ORCALUT4     Z        Out     1.089     8.761       -         
un1_oscout56_7                              Net          -        -       -         -           2         
RA00.OS01.un1_sdiv_cry_0_0_RNO              ORCALUT4     B        In      0.000     8.761       -         
RA00.OS01.un1_sdiv_cry_0_0_RNO              ORCALUT4     Z        Out     1.017     9.778       -         
un1_oscout56_i                              Net          -        -       -         -           1         
RA00.OS01.un1_sdiv_cry_0_0                  CCU2D        B0       In      0.000     9.778       -         
RA00.OS01.un1_sdiv_cry_0_0                  CCU2D        COUT     Out     1.544     11.323      -         
un1_sdiv_cry_0                              Net          -        -       -         -           1         
RA00.OS01.un1_sdiv_cry_1_0                  CCU2D        CIN      In      0.000     11.323      -         
RA00.OS01.un1_sdiv_cry_1_0                  CCU2D        COUT     Out     0.143     11.466      -         
un1_sdiv_cry_2                              Net          -        -       -         -           1         
RA00.OS01.un1_sdiv_cry_3_0                  CCU2D        CIN      In      0.000     11.466      -         
RA00.OS01.un1_sdiv_cry_3_0                  CCU2D        COUT     Out     0.143     11.608      -         
un1_sdiv_cry_4                              Net          -        -       -         -           1         
RA00.OS01.un1_sdiv_cry_5_0                  CCU2D        CIN      In      0.000     11.608      -         
RA00.OS01.un1_sdiv_cry_5_0                  CCU2D        COUT     Out     0.143     11.751      -         
un1_sdiv_cry_6                              Net          -        -       -         -           1         
RA00.OS01.un1_sdiv_cry_7_0                  CCU2D        CIN      In      0.000     11.751      -         
RA00.OS01.un1_sdiv_cry_7_0                  CCU2D        COUT     Out     0.143     11.894      -         
un1_sdiv_cry_8                              Net          -        -       -         -           1         
RA00.OS01.un1_sdiv_cry_9_0                  CCU2D        CIN      In      0.000     11.894      -         
RA00.OS01.un1_sdiv_cry_9_0                  CCU2D        COUT     Out     0.143     12.037      -         
un1_sdiv_cry_10                             Net          -        -       -         -           1         
RA00.OS01.un1_sdiv_cry_11_0                 CCU2D        CIN      In      0.000     12.037      -         
RA00.OS01.un1_sdiv_cry_11_0                 CCU2D        COUT     Out     0.143     12.180      -         
un1_sdiv_cry_12                             Net          -        -       -         -           1         
RA00.OS01.un1_sdiv_cry_13_0                 CCU2D        CIN      In      0.000     12.180      -         
RA00.OS01.un1_sdiv_cry_13_0                 CCU2D        COUT     Out     0.143     12.322      -         
un1_sdiv_cry_14                             Net          -        -       -         -           1         
RA00.OS01.un1_sdiv_cry_15_0                 CCU2D        CIN      In      0.000     12.322      -         
RA00.OS01.un1_sdiv_cry_15_0                 CCU2D        COUT     Out     0.143     12.465      -         
un1_sdiv_cry_16                             Net          -        -       -         -           1         
RA00.OS01.un1_sdiv_cry_17_0                 CCU2D        CIN      In      0.000     12.465      -         
RA00.OS01.un1_sdiv_cry_17_0                 CCU2D        COUT     Out     0.143     12.608      -         
un1_sdiv_cry_18                             Net          -        -       -         -           1         
RA00.OS01.un1_sdiv_cry_19_0                 CCU2D        CIN      In      0.000     12.608      -         
RA00.OS01.un1_sdiv_cry_19_0                 CCU2D        COUT     Out     0.143     12.751      -         
un1_sdiv_cry_20                             Net          -        -       -         -           1         
RA00.OS01.un1_sdiv_s_21_0                   CCU2D        CIN      In      0.000     12.751      -         
RA00.OS01.un1_sdiv_s_21_0                   CCU2D        S0       Out     1.549     14.300      -         
un1_sdiv[22]                                Net          -        -       -         -           1         
RA00.OS01.sdiv[21]                          FD1S3IX      D        In      0.000     14.300      -         
==========================================================================================================



##### END OF TIMING REPORT #####]

Timing exceptions that could not be applied
None

Finished final timing analysis (Real Time elapsed 0h:00m:04s; CPU Time elapsed 0h:00m:03s; Memory used current: 155MB peak: 156MB)


Finished timing report (Real Time elapsed 0h:00m:04s; CPU Time elapsed 0h:00m:03s; Memory used current: 155MB peak: 156MB)

---------------------------------------
Resource Usage Report
Part: lcmxo2_7000he-4

Register bits: 86 of 6864 (1%)
PIC Latch:       0
I/O cells:       52


Details:
CCU2D:          16
DPR16X4C:       4
FD1P3AX:        21
FD1P3IX:        12
FD1P3JX:        19
FD1S3AX:        1
FD1S3IX:        22
FD1S3JX:        1
GSR:            1
IB:             13
INV:            3
OB:             39
OFS1P3IX:       8
OFS1P3JX:       2
ORCALUT4:       163
OSCH:           1
PUR:            1
VHI:            11
VLO:            11
Mapper successful!

At Mapper Exit (Real Time elapsed 0h:00m:04s; CPU Time elapsed 0h:00m:03s; Memory used current: 31MB peak: 156MB)

Process took 0h:00m:04s realtime, 0h:00m:03s cputime
# Wed May 22 10:54:32 2019

###########################################################]


Synthesis exit by 0.

edif2ngd  -l "MachXO2" -d LCMXO2-7000HE -path "C:/Users/Valery Garibay/Desktop/NUEVOARQUI/LCDRAM/lcdram00/lcdram00" -path "C:/Users/Valery Garibay/Desktop/NUEVOARQUI/LCDRAM/lcdram00"   "C:/Users/Valery Garibay/Desktop/NUEVOARQUI/LCDRAM/lcdram00/lcdram00/lcdram00_lcdram00.edi" "lcdram00_lcdram00.ngo"   
edif2ngd:  version Diamond (64-bit) 3.10.0.111.2

Copyright (c) 1991-1994 by NeoCAD Inc. All rights reserved.
Copyright (c) 1995 AT&T Corp.   All rights reserved.
Copyright (c) 1995-2001 Lucent Technologies Inc.  All rights reserved.
Copyright (c) 2001 Agere Systems   All rights reserved.
Copyright (c) 2002-2017 Lattice Semiconductor Corporation,  All rights reserved.
Writing the design to lcdram00_lcdram00.ngo...

Total CPU Time: 0 secs  

Total REAL Time: 0 secs  


ngdbuild  -a "MachXO2" -d LCMXO2-7000HE  -p "C:/Program Files/diamond/3.10_x64/ispfpga/xo2c00/data"  -p "C:/Users/Valery Garibay/Desktop/NUEVOARQUI/LCDRAM/lcdram00/lcdram00" -p "C:/Users/Valery Garibay/Desktop/NUEVOARQUI/LCDRAM/lcdram00"  "lcdram00_lcdram00.ngo" "lcdram00_lcdram00.ngd"  	
ngdbuild:  version Diamond (64-bit) 3.10.0.111.2

Copyright (c) 1991-1994 by NeoCAD Inc. All rights reserved.
Copyright (c) 1995 AT&T Corp.   All rights reserved.
Copyright (c) 1995-2001 Lucent Technologies Inc.  All rights reserved.
Copyright (c) 2001 Agere Systems   All rights reserved.
Copyright (c) 2002-2017 Lattice Semiconductor Corporation,  All rights reserved.
Reading 'lcdram00_lcdram00.ngo' ...
Loading NGL library 'C:/Program Files/diamond/3.10_x64/ispfpga/xo2c00a/data/xo2alib.ngl'...
Loading NGL library 'C:/Program Files/diamond/3.10_x64/ispfpga/xo2c00/data/xo2clib.ngl'...
Loading NGL library 'C:/Program Files/diamond/3.10_x64/ispfpga/mg5g00/data/mg5glib.ngl'...
Loading NGL library 'C:/Program Files/diamond/3.10_x64/ispfpga/or5g00/data/orc5glib.ngl'...


Running DRC...

    <postMsg mid="1166052" type="Warning" dynamic="2" navigation="1" arg0="logical" arg1="RA00/OS00/OSCInst0_SEDSTDBY" arg2="RA00/OS00/OSCInst0_SEDSTDBY"  />
    <postMsg mid="1163101" type="Warning" dynamic="1" navigation="0" arg0="1"  />

Design Results:
    348 blocks expanded
Complete the first expansion.
Writing 'lcdram00_lcdram00.ngd' ...
Total CPU Time: 0 secs  

Total REAL Time: 0 secs  


map -a "MachXO2" -p LCMXO2-7000HE -t TQFP144 -s 4 -oc Commercial   "lcdram00_lcdram00.ngd" -o "lcdram00_lcdram00_map.ncd" -pr "lcdram00_lcdram00.prf" -mp "lcdram00_lcdram00.mrp" -lpf "C:/Users/Valery Garibay/Desktop/NUEVOARQUI/LCDRAM/lcdram00/lcdram00/lcdram00_lcdram00_synplify.lpf" -lpf "C:/Users/Valery Garibay/Desktop/NUEVOARQUI/LCDRAM/lcdram00/lcdram00.lpf" -c 0            
map:  version Diamond (64-bit) 3.10.0.111.2

Copyright (c) 1991-1994 by NeoCAD Inc. All rights reserved.
Copyright (c) 1995 AT&T Corp.   All rights reserved.
Copyright (c) 1995-2001 Lucent Technologies Inc.  All rights reserved.
Copyright (c) 2001 Agere Systems   All rights reserved.
Copyright (c) 2002-2017 Lattice Semiconductor Corporation,  All rights reserved.
   Process the file: lcdram00_lcdram00.ngd
   Picdevice="LCMXO2-7000HE"

   Pictype="TQFP144"

   Picspeed=4

   Remove unused logic

   Do not produce over sized NCDs.

Part used: LCMXO2-7000HETQFP144, Performance used: 4.

Loading device for application map from file 'xo2c7000.nph' in environment: C:/Program Files/diamond/3.10_x64/ispfpga.
Package Status:                     Final          Version 1.39.

Running general design DRC...

Removing unused logic...

Optimizing...




Design Summary:
   Number of registers:     86 out of  7209 (1%)
      PFU registers:           76 out of  6864 (1%)
      PIO registers:           10 out of   345 (3%)
   Number of SLICEs:       112 out of  3432 (3%)
      SLICEs as Logic/ROM:    100 out of  3432 (3%)
      SLICEs as RAM:           12 out of  2574 (0%)
      SLICEs as Carry:         16 out of  3432 (0%)
   Number of LUT4s:        223 out of  6864 (3%)
      Number used as logic LUTs:        167
      Number used as distributed RAM:    24
      Number used as ripple logic:       32
      Number used as shift registers:     0
   Number of PIO sites used: 52 + 4(JTAG) out of 115 (49%)
   Number of block RAMs:  0 out of 26 (0%)
   Number of GSRs:  0 out of 1 (0%)
   EFB used :       No
   JTAG used :      No
   Readback used :  No
   Oscillator used :  Yes
   Startup used :   No
   POR :            On
   Bandgap :        On
   Number of Power Controller:  0 out of 1 (0%)
   Number of Dynamic Bank Controller (BCINRD):  0 out of 6 (0%)
   Number of Dynamic Bank Controller (BCLVDSO):  0 out of 1 (0%)
   Number of DCCA:  0 out of 8 (0%)
   Number of DCMA:  0 out of 2 (0%)
   Number of PLLs:  0 out of 2 (0%)
   Number of DQSDLLs:  0 out of 2 (0%)
   Number of CLKDIVC:  0 out of 4 (0%)
   Number of ECLKSYNCA:  0 out of 4 (0%)
   Number of ECLKBRIDGECS:  0 out of 2 (0%)
   Notes:-
      1. Total number of LUT4s = (Number of logic LUT4s) + 2*(Number of distributed RAMs) + 2*(Number of ripple logic)
      2. Number of logic LUT4s does not include count of distributed RAM and ripple logic.
   Number of clocks:  2
     Net clk0_c: 8 loads, 8 rising, 0 falling (Driver: RA00/OS01/oscout )
     Net RA00.sclk_0: 57 loads, 57 rising, 0 falling (Driver: RA00/OS00/OSCInst0 )
   Number of Clock Enables:  14
     Net un1_oscout_0_sqmuxa_1_2_RNIV0TK: 22 loads, 12 LSLICEs
     Net RA06/outFlagc_RNO: 1 loads, 1 LSLICEs
     Net RA06/ENc_17_sqmuxa_i_0_0_RNI7S6V: 3 loads, 3 LSLICEs
     Net RA06/comandoc_1_RNO_0[7]: 1 loads, 1 LSLICEs
     Net RA06/ENc_RNO: 1 loads, 1 LSLICEs
     Net RA05/aux_RNO_0: 1 loads, 1 LSLICEs
     Net RA05/ENcd_RNO_0: 1 loads, 1 LSLICEs
     Net RA03/outwordra_cnv[0]: 4 loads, 4 LSLICEs
     Net RA02/un1_enablecd_8_0_a4_0_a2_RNIUVP41: 4 loads, 4 LSLICEs
     Net RA02/aux0_RNO: 1 loads, 1 LSLICEs
     Net RA02/outFlagcd_RNO_0: 1 loads, 1 LSLICEs
     Net RA02/aux3_RNO: 1 loads, 1 LSLICEs
     Net RA02/aux2_RNO: 1 loads, 1 LSLICEs
     Net RA02/aux1_RNO: 1 loads, 1 LSLICEs
   Number of LSRs:  7
     Net G_53: 14 loads, 4 LSLICEs
     Net RA06/comandoc_1_RNO_1[7]: 1 loads, 1 LSLICEs
     Net RA03/outwordra_101: 4 loads, 4 LSLICEs
     Net RA02/un1_enablecd_8_0_a4_0_a2_RNI96MF1: 3 loads, 3 LSLICEs
     Net un1_oscout_0_sqmuxa_1_2_RNIA7PV: 6 loads, 6 LSLICEs
     Net RA01/fb: 1 loads, 1 LSLICEs
     Net RA00/OS01/un1_oscout56_7_RNIVLCS: 12 loads, 12 LSLICEs
   Number of nets driven by tri-state buffers:  0
   Top 10 highest fanout non-clock nets:
     Net un1_oscout_0_sqmuxa_1_2_RNIV0TK: 42 loads
     Net outcontR0_c[1]: 21 loads
     Net outcontR0_c[0]: 20 loads
     Net outcontR0_c[2]: 20 loads
     Net outcontR0_c[3]: 20 loads
     Net enable0_c: 19 loads
     Net outFlagc0_c: 16 loads
     Net rw0_c: 16 loads
     Net outcontcc0_c[1]: 15 loads
     Net outcontcc0_c[3]: 15 loads
 

   Number of warnings:  0
   Number of errors:    0



Total CPU Time: 1 secs  
Total REAL Time: 0 secs  
Peak Memory Usage: 59 MB

Dumping design to file lcdram00_lcdram00_map.ncd.

mpartrce -p "lcdram00_lcdram00.p2t" -f "lcdram00_lcdram00.p3t" -tf "lcdram00_lcdram00.pt" "lcdram00_lcdram00_map.ncd" "lcdram00_lcdram00.ncd"

---- MParTrce Tool ----
Removing old design directory at request of -rem command line option to this program.
Running par. Please wait . . .

Lattice Place and Route Report for Design "lcdram00_lcdram00_map.ncd"
Wed May 22 10:54:38 2019

PAR: Place And Route Diamond (64-bit) 3.10.0.111.2.
Command Line: par -w -l 5 -i 6 -t 1 -c 0 -e 0 -gui -msgset "C:/Users/Valery Garibay/Desktop/NUEVOARQUI/LCDRAM/lcdram00/promote.xml" -exp parUseNBR=1:parCDP=0:parCDR=0:parPathBased=OFF lcdram00_lcdram00_map.ncd lcdram00_lcdram00.dir/5_1.ncd lcdram00_lcdram00.prf
Preference file: lcdram00_lcdram00.prf.
Placement level-cost: 5-1.
Routing Iterations: 6

Loading design for application par from file lcdram00_lcdram00_map.ncd.
Design name: topram00
NCD version: 3.3
Vendor:      LATTICE
Device:      LCMXO2-7000HE
Package:     TQFP144
Performance: 4
Loading device for application par from file 'xo2c7000.nph' in environment: C:/Program Files/diamond/3.10_x64/ispfpga.
Package Status:                     Final          Version 1.39.
Performance Hardware Data Status:   Final          Version 34.4.
License checked out.


Ignore Preference Error(s):  True
Device utilization summary:

   PIO (prelim)   52+4(JTAG)/336     17% used
                  52+4(JTAG)/115     49% bonded
   IOLOGIC           10/336           2% used

   SLICE            112/3432          3% used

   OSC                1/1           100% used


Number of Signals: 352
Number of Connections: 1016

Pin Constraint Summary:
   52 out of 52 pins locked (100% locked).

The following 1 signal is selected to use the primary clock routing resources:
    RA00.sclk_0 (driver: RA00/OS00/OSCInst0, clk load #: 57)


The following 4 signals are selected to use the secondary clock routing resources:
    un1_oscout_0_sqmuxa_1_2_RNIV0TK (driver: SLICE_67, clk load #: 0, sr load #: 0, ce load #: 22)
    clk0_c (driver: RA00/OS01/SLICE_34, clk load #: 8, sr load #: 0, ce load #: 0)
    G_53 (driver: SLICE_67, clk load #: 0, sr load #: 14, ce load #: 0)
    RA00/OS01/un1_oscout56_7_RNIVLCS (driver: RA00/OS01/SLICE_80, clk load #: 0, sr load #: 12, ce load #: 0)

No signal is selected as Global Set/Reset.
Starting Placer Phase 0.
..........
Finished Placer Phase 0.  REAL time: 3 secs 

Starting Placer Phase 1.
.....................
Placer score = 83623.
Finished Placer Phase 1.  REAL time: 10 secs 

Starting Placer Phase 2.
.
Placer score =  83544
Finished Placer Phase 2.  REAL time: 10 secs 


------------------ Clock Report ------------------

Global Clock Resources:
  CLK_PIN    : 0 out of 8 (0%)
  PLL        : 0 out of 2 (0%)
  DCM        : 0 out of 2 (0%)
  DCC        : 0 out of 8 (0%)

Quadrants All (TL, TR, BL, BR) - Global Clocks:
  PRIMARY "RA00.sclk_0" from OSC on comp "RA00/OS00/OSCInst0" on site "OSC", clk load = 57
  SECONDARY "un1_oscout_0_sqmuxa_1_2_RNIV0TK" from F1 on comp "SLICE_67" on site "R14C20A", clk load = 0, ce load = 22, sr load = 0
  SECONDARY "clk0_c" from Q0 on comp "RA00/OS01/SLICE_34" on site "R14C20C", clk load = 8, ce load = 0, sr load = 0
  SECONDARY "G_53" from F0 on comp "SLICE_67" on site "R14C20A", clk load = 0, ce load = 0, sr load = 14
  SECONDARY "RA00/OS01/un1_oscout56_7_RNIVLCS" from F0 on comp "RA00/OS01/SLICE_80" on site "R14C20D", clk load = 0, ce load = 0, sr load = 12

  PRIMARY  : 1 out of 8 (12%)
  SECONDARY: 4 out of 8 (50%)

Edge Clocks:
  No edge clock selected.

--------------- End of Clock Report ---------------


I/O Usage Summary (final):
   52 + 4(JTAG) out of 336 (16.7%) PIO sites used.
   52 + 4(JTAG) out of 115 (48.7%) bonded PIO sites used.
   Number of PIO comps: 52; differential: 0.
   Number of Vref pins used: 0.

I/O Bank Usage Summary:
+----------+----------------+------------+-----------+
| I/O Bank | Usage          | Bank Vccio | Bank Vref |
+----------+----------------+------------+-----------+
| 0        | 11 / 28 ( 39%) | 2.5V       | -         |
| 1        | 11 / 29 ( 37%) | 2.5V       | -         |
| 2        | 8 / 29 ( 27%)  | 2.5V       | -         |
| 3        | 4 / 9 ( 44%)   | 2.5V       | -         |
| 4        | 8 / 10 ( 80%)  | 2.5V       | -         |
| 5        | 10 / 10 (100%) | 2.5V       | -         |
+----------+----------------+------------+-----------+

Total placer CPU time: 9 secs 

Dumping design to file lcdram00_lcdram00.dir/5_1.ncd.

0 connections routed; 1016 unrouted.
Starting router resource preassignment

Completed router resource preassignment. Real time: 15 secs 

Start NBR router at 10:54:53 05/22/19

*****************************************************************
Info: NBR allows conflicts(one node used by more than one signal)
      in the earlier iterations. In each iteration, it tries to  
      solve the conflicts while keeping the critical connections 
      routed as short as possible. The routing process is said to
      be completed when no conflicts exist and all connections   
      are routed.                                                
Note: NBR uses a different method to calculate timing slacks. The
      worst slack and total negative slack may not be the same as
      that in TRCE report. You should always run TRCE to verify  
      your design.                                               
*****************************************************************

Start NBR special constraint process at 10:54:53 05/22/19

Start NBR section for initial routing at 10:54:53 05/22/19
Level 4, iteration 1
24(0.01%) conflicts; 0(0.00%) untouched conn; 0 (nbr) score; 
Estimated worst slack/total negative slack<setup>: 461.557ns/0.000ns; real time: 16 secs 

Info: Initial congestion level at 75% usage is 0
Info: Initial congestion area  at 75% usage is 0 (0.00%)

Start NBR section for normal routing at 10:54:54 05/22/19
Level 4, iteration 1
12(0.00%) conflicts; 0(0.00%) untouched conn; 0 (nbr) score; 
Estimated worst slack/total negative slack<setup>: 461.202ns/0.000ns; real time: 16 secs 
Level 4, iteration 2
5(0.00%) conflicts; 0(0.00%) untouched conn; 0 (nbr) score; 
Estimated worst slack/total negative slack<setup>: 461.202ns/0.000ns; real time: 16 secs 
Level 4, iteration 3
1(0.00%) conflict; 0(0.00%) untouched conn; 0 (nbr) score; 
Estimated worst slack/total negative slack<setup>: 461.202ns/0.000ns; real time: 16 secs 
Level 4, iteration 4
0(0.00%) conflict; 0(0.00%) untouched conn; 0 (nbr) score; 
Estimated worst slack/total negative slack<setup>: 461.202ns/0.000ns; real time: 16 secs 

Start NBR section for setup/hold timing optimization with effort level 3 at 10:54:54 05/22/19

Start NBR section for re-routing at 10:54:55 05/22/19
Level 4, iteration 1
0(0.00%) conflict; 0(0.00%) untouched conn; 0 (nbr) score; 
Estimated worst slack/total negative slack<setup>: 461.202ns/0.000ns; real time: 17 secs 

Start NBR section for post-routing at 10:54:55 05/22/19

End NBR router with 0 unrouted connection

NBR Summary
-----------
  Number of unrouted connections : 0 (0.00%)
  Number of connections with timing violations : 0 (0.00%)
  Estimated worst slack<setup> : 461.202ns
  Timing score<setup> : 0
-----------
Notes: The timing info is calculated for SETUP only and all PAR_ADJs are ignored.



Total CPU time 17 secs 
Total REAL time: 18 secs 
Completely routed.
End of route.  1016 routed (100.00%); 0 unrouted.

Hold time timing score: 0, hold timing errors: 0

Timing score: 0 

Dumping design to file lcdram00_lcdram00.dir/5_1.ncd.


PAR_SUMMARY::Run status = Success
PAR_SUMMARY::Number of unrouted conns = 0
PAR_SUMMARY::Worst  slack<setup/<ns>> = 461.202
PAR_SUMMARY::Timing score<setup/<ns>> = 0.000
PAR_SUMMARY::Worst  slack<hold /<ns>> = 0.379
PAR_SUMMARY::Timing score<hold /<ns>> = 0.000
PAR_SUMMARY::Number of errors = 0

Total CPU  time to completion: 17 secs 
Total REAL time to completion: 18 secs 

par done!

Copyright (c) 1991-1994 by NeoCAD Inc. All rights reserved.
Copyright (c) 1995 AT&T Corp.   All rights reserved.
Copyright (c) 1995-2001 Lucent Technologies Inc.  All rights reserved.
Copyright (c) 2001 Agere Systems   All rights reserved.
Copyright (c) 2002-2017 Lattice Semiconductor Corporation,  All rights reserved.
Exiting par with exit code 0
Exiting mpartrce with exit code 0

bitgen -f "lcdram00_lcdram00.t2b" -w "lcdram00_lcdram00.ncd" -jedec "lcdram00_lcdram00.prf"


BITGEN: Bitstream Generator Diamond (64-bit) 3.10.0.111.2
Copyright (c) 1991-1994 by NeoCAD Inc. All rights reserved.
Copyright (c) 1995 AT&T Corp.   All rights reserved.
Copyright (c) 1995-2001 Lucent Technologies Inc.  All rights reserved.
Copyright (c) 2001 Agere Systems   All rights reserved.
Copyright (c) 2002-2017 Lattice Semiconductor Corporation,  All rights reserved.


Loading design for application Bitgen from file lcdram00_lcdram00.ncd.
Design name: topram00
NCD version: 3.3
Vendor:      LATTICE
Device:      LCMXO2-7000HE
Package:     TQFP144
Performance: 4
Loading device for application Bitgen from file 'xo2c7000.nph' in environment: C:/Program Files/diamond/3.10_x64/ispfpga.
Package Status:                     Final          Version 1.39.
Performance Hardware Data Status:   Final          Version 34.4.

Running DRC.
DRC detected 0 errors and 0 warnings.
Reading Preference File from lcdram00_lcdram00.prf.

Preference Summary:
+---------------------------------+---------------------------------+
|  Preference                     |  Current Setting                |
+---------------------------------+---------------------------------+
|                         RamCfg  |                        Reset**  |
+---------------------------------+---------------------------------+
|                     MCCLK_FREQ  |                         2.08**  |
+---------------------------------+---------------------------------+
|                  CONFIG_SECURE  |                          OFF**  |
+---------------------------------+---------------------------------+
|                          INBUF  |                           ON**  |
+---------------------------------+---------------------------------+
|                      JTAG_PORT  |                       ENABLE**  |
+---------------------------------+---------------------------------+
|                       SDM_PORT  |                      DISABLE**  |
+---------------------------------+---------------------------------+
|                 SLAVE_SPI_PORT  |                      DISABLE**  |
+---------------------------------+---------------------------------+
|                MASTER_SPI_PORT  |                      DISABLE**  |
+---------------------------------+---------------------------------+
|                       I2C_PORT  |                      DISABLE**  |
+---------------------------------+---------------------------------+
|        MUX_CONFIGURATION_PORTS  |                      DISABLE**  |
+---------------------------------+---------------------------------+
|                  CONFIGURATION  |                          CFG**  |
+---------------------------------+---------------------------------+
|                COMPRESS_CONFIG  |                           ON**  |
+---------------------------------+---------------------------------+
|                        MY_ASSP  |                          OFF**  |
+---------------------------------+---------------------------------+
|               ONE_TIME_PROGRAM  |                          OFF**  |
+---------------------------------+---------------------------------+
|                 ENABLE_TRANSFR  |                      DISABLE**  |
+---------------------------------+---------------------------------+
|                  SHAREDEBRINIT  |                      DISABLE**  |
+---------------------------------+---------------------------------+
|            BACKGROUND_RECONFIG  |                          OFF**  |
+---------------------------------+---------------------------------+
 *  Default setting.
 ** The specified setting matches the default setting.


Creating bit map...
 
Bitstream Status: Final           Version 1.94.
 
Saving bit stream in "lcdram00_lcdram00.jed".
 
===========
UFM Summary.
===========
UFM Size:        2046 Pages (128*2046 Bits).
UFM Utilization: General Purpose Flash Memory.
 
Available General Purpose Flash Memory: 2046 Pages (Page 0 to Page 2045).
Initialized UFM Pages:                     0 Page.
 
