Running in Lattice mode
error reading package index file C:/Program Files/diamond/3.10_x64/synpbase/lib/pkgIndex.tcl: couldn't read file "{C:/Program Files/diamond/3.10_x64/synpbase/lib/pkgIndex.tcl}": no such file or directory
error reading package index file C:/Program Files/diamond/3.10_x64/synpbase/lib/bwidget-1.9.5/pkgIndex.tcl: couldn't read file "{C:/Program Files/diamond/3.10_x64/synpbase/lib/bwidget-1.9.5/pkgIndex.tcl}": no such file or directory
error reading package index file C:/Program Files/diamond/3.10_x64/synpbase/lib/tcllib-1.12/pkgIndex.tcl: couldn't read file "{C:/Program Files/diamond/3.10_x64/synpbase/lib/tcllib-1.12/pkgIndex.tcl}": no such file or directory
error reading package index file C:/Program Files/diamond/3.10_x64/synpbase/lib/pkgIndex.tcl: couldn't read file "{C:/Program Files/diamond/3.10_x64/synpbase/lib/pkgIndex.tcl}": no such file or directory
error reading package index file C:/Program Files/diamond/3.10_x64/synpbase/lib/pkgIndex.tcl: couldn't read file "{C:/Program Files/diamond/3.10_x64/synpbase/lib/pkgIndex.tcl}": no such file or directory
error reading package index file C:/Program Files/diamond/3.10_x64/synpbase/lib/bwidget-1.9.5/pkgIndex.tcl: couldn't read file "{C:/Program Files/diamond/3.10_x64/synpbase/lib/bwidget-1.9.5/pkgIndex.tcl}": no such file or directory
error reading package index file C:/Program Files/diamond/3.10_x64/synpbase/lib/tcllib-1.12/pkgIndex.tcl: couldn't read file "{C:/Program Files/diamond/3.10_x64/synpbase/lib/tcllib-1.12/pkgIndex.tcl}": no such file or directory
error reading package index file C:/Program Files/diamond/3.10_x64/synpbase/lib/pkgIndex.tcl: couldn't read file "{C:/Program Files/diamond/3.10_x64/synpbase/lib/pkgIndex.tcl}": no such file or directory

Starting:    C:\Program Files\diamond\3.10_x64\synpbase\bin64\mbin\synbatch.exe
Install:     C:\Program Files\diamond\3.10_x64\synpbase
Hostname:    DESKTOP-JBP5BT2
Date:        Wed May 22 10:54:18 2019
Version:     M-2017.03L-SP1-1

Arguments:   -product synplify_pro -batch lcdram00_lcdram00_synplify.tcl
ProductType: synplify_pro




log file: "C:\Users\Valery Garibay\Desktop\NUEVOARQUI\LCDRAM\lcdram00\lcdram00\lcdram00_lcdram00.srr"
Running: hdl_info_gen in foreground

Generating HDL info...

hdl_info_gen completed
# Wed May 22 10:54:19 2019

Return Code: 0
Run Time:00h:00m:00s
Copied C:\Users\Valery Garibay\Desktop\NUEVOARQUI\LCDRAM\lcdram00\lcdram00\lcdram00_lcdram00.srr to C:\Users\Valery Garibay\Desktop\NUEVOARQUI\LCDRAM\lcdram00\lcdram00\lcdram00_lcdram00.srf
log file: "C:\Users\Valery Garibay\Desktop\NUEVOARQUI\LCDRAM\lcdram00\lcdram00\lcdram00_lcdram00.srr"
Running: lcdram00 in foreground

Running proj_1|lcdram00

Running: compile (Compile) on proj_1|lcdram00
# Wed May 22 10:54:20 2019

Running: compile_flow (Compile Process) on proj_1|lcdram00
# Wed May 22 10:54:20 2019

Running: compiler (Compile Input) on proj_1|lcdram00
# Wed May 22 10:54:20 2019
Copied C:\Users\Valery Garibay\Desktop\NUEVOARQUI\LCDRAM\lcdram00\lcdram00\synwork\lcdram00_lcdram00_comp.srs to C:\Users\Valery Garibay\Desktop\NUEVOARQUI\LCDRAM\lcdram00\lcdram00\lcdram00_lcdram00.srs

compiler completed
# Wed May 22 10:54:24 2019

Return Code: 0
Run Time:00h:00m:04s

Running: multi_srs_gen (Multi-srs Generator) on proj_1|lcdram00
# Wed May 22 10:54:24 2019

multi_srs_gen completed
# Wed May 22 10:54:25 2019

Return Code: 0
Run Time:00h:00m:01s
Copied C:\Users\Valery Garibay\Desktop\NUEVOARQUI\LCDRAM\lcdram00\lcdram00\synwork\lcdram00_lcdram00_mult.srs to C:\Users\Valery Garibay\Desktop\NUEVOARQUI\LCDRAM\lcdram00\lcdram00\lcdram00_lcdram00.srs
Copied C:\Users\Valery Garibay\Desktop\NUEVOARQUI\LCDRAM\lcdram00\lcdram00\lcdram00_lcdram00.srr to C:\Users\Valery Garibay\Desktop\NUEVOARQUI\LCDRAM\lcdram00\lcdram00\lcdram00_lcdram00.srf
Complete: Compile Process on proj_1|lcdram00

Running: premap (Pre-mapping) on proj_1|lcdram00
# Wed May 22 10:54:25 2019

premap completed with warnings
# Wed May 22 10:54:27 2019

Return Code: 1
Run Time:00h:00m:02s
Complete: Compile on proj_1|lcdram00

Running: map (Map) on proj_1|lcdram00
# Wed May 22 10:54:27 2019
License granted for 4 parallel jobs

Running: fpga_mapper (Map & Optimize) on proj_1|lcdram00
# Wed May 22 10:54:27 2019
Copied C:\Users\Valery Garibay\Desktop\NUEVOARQUI\LCDRAM\lcdram00\lcdram00\synwork\lcdram00_lcdram00_m.srm to C:\Users\Valery Garibay\Desktop\NUEVOARQUI\LCDRAM\lcdram00\lcdram00\lcdram00_lcdram00.srm

fpga_mapper completed with warnings
# Wed May 22 10:54:32 2019

Return Code: 1
Run Time:00h:00m:05s
Complete: Map on proj_1|lcdram00
Copied C:\Users\Valery Garibay\Desktop\NUEVOARQUI\LCDRAM\lcdram00\lcdram00\lcdram00_lcdram00.srr to C:\Users\Valery Garibay\Desktop\NUEVOARQUI\LCDRAM\lcdram00\lcdram00\lcdram00_lcdram00.srf
Complete: Logic Synthesis on proj_1|lcdram00
TCL script complete: "lcdram00_lcdram00_synplify.tcl"
exit status=0
exit status=0
Save changes for project:
C:\Users\Valery Garibay\Desktop\NUEVOARQUI\LCDRAM\lcdram00\lcdram00\proj_1.prj
batch mode default:no
