Running in Lattice mode

Starting:    D:\LatticeDiamond\diamond\3.10_x64\synpbase\bin64\mbin\synbatch.exe
Install:     D:\LatticeDiamond\diamond\3.10_x64\synpbase
Hostname:    LAPTOP-I3194EIT
Date:        Thu Jun 14 00:12:52 2018
Version:     M-2017.03L-SP1-1

Arguments:   -product synplify_pro -batch lcdram_lcdram_synplify.tcl
ProductType: synplify_pro




Copied C:\Users\Sergi\Desktop\lcdram\lcdram\lcdram\lcdram_lcdram.srr to C:\Users\Sergi\Desktop\lcdram\lcdram\lcdram\backup\lcdram_lcdram.srr
log file: "C:\Users\Sergi\Desktop\lcdram\lcdram\lcdram\lcdram_lcdram.srr"
Running: hdl_info_gen in foreground

Generating HDL info...

hdl_info_gen completed
# Thu Jun 14 00:12:53 2018

Return Code: 0
Run Time:00h:00m:01s
Copied C:\Users\Sergi\Desktop\lcdram\lcdram\lcdram\lcdram_lcdram.srr to C:\Users\Sergi\Desktop\lcdram\lcdram\lcdram\lcdram_lcdram.srf
log file: "C:\Users\Sergi\Desktop\lcdram\lcdram\lcdram\lcdram_lcdram.srr"
Running: lcdram in foreground

Running proj_1|lcdram

Running: compile (Compile) on proj_1|lcdram
# Thu Jun 14 00:12:53 2018

Running: compile_flow (Compile Process) on proj_1|lcdram
# Thu Jun 14 00:12:53 2018

Running: compiler (Compile Input) on proj_1|lcdram
# Thu Jun 14 00:12:53 2018
Copied C:\Users\Sergi\Desktop\lcdram\lcdram\lcdram\synwork\lcdram_lcdram_comp.srs to C:\Users\Sergi\Desktop\lcdram\lcdram\lcdram\lcdram_lcdram.srs

compiler completed
# Thu Jun 14 00:13:03 2018

Return Code: 0
Run Time:00h:00m:10s

Running: multi_srs_gen (Multi-srs Generator) on proj_1|lcdram
# Thu Jun 14 00:13:03 2018

multi_srs_gen completed
# Thu Jun 14 00:13:03 2018

Return Code: 0
Run Time:00h:00m:00s
Copied C:\Users\Sergi\Desktop\lcdram\lcdram\lcdram\synwork\lcdram_lcdram_mult.srs to C:\Users\Sergi\Desktop\lcdram\lcdram\lcdram\lcdram_lcdram.srs
Copied C:\Users\Sergi\Desktop\lcdram\lcdram\lcdram\lcdram_lcdram.srr to C:\Users\Sergi\Desktop\lcdram\lcdram\lcdram\lcdram_lcdram.srf
Complete: Compile Process on proj_1|lcdram

Running: premap (Pre-mapping) on proj_1|lcdram
# Thu Jun 14 00:13:03 2018

premap completed with warnings
# Thu Jun 14 00:13:05 2018

Return Code: 1
Run Time:00h:00m:02s
Complete: Compile on proj_1|lcdram

Running: map (Map) on proj_1|lcdram
# Thu Jun 14 00:13:05 2018
License granted for 4 parallel jobs

Running: fpga_mapper (Map & Optimize) on proj_1|lcdram
# Thu Jun 14 00:13:05 2018
Copied C:\Users\Sergi\Desktop\lcdram\lcdram\lcdram\synwork\lcdram_lcdram_m.srm to C:\Users\Sergi\Desktop\lcdram\lcdram\lcdram\lcdram_lcdram.srm

fpga_mapper completed with warnings
# Thu Jun 14 00:13:14 2018

Return Code: 1
Run Time:00h:00m:09s
Complete: Map on proj_1|lcdram
Copied C:\Users\Sergi\Desktop\lcdram\lcdram\lcdram\lcdram_lcdram.srr to C:\Users\Sergi\Desktop\lcdram\lcdram\lcdram\lcdram_lcdram.srf
Complete: Logic Synthesis on proj_1|lcdram
TCL script complete: "lcdram_lcdram_synplify.tcl"
exit status=0
exit status=0
Save changes for project:
C:\Users\Sergi\Desktop\lcdram\lcdram\lcdram\proj_1.prj
batch mode default:no
