Running in Lattice mode

Starting:    C:\lscc\diamond\3.10_x64\synpbase\bin64\mbin\synbatch.exe
Install:     C:\lscc\diamond\3.10_x64\synpbase
Hostname:    LALO-PC
Date:        Tue Apr 24 12:12:59 2018
Version:     M-2017.03L-SP1-1

Arguments:   -product synplify_pro -batch ram00_ram_synplify.tcl
ProductType: synplify_pro




log file: "F:\ram00\ram\ram00_ram.srr"
Running: hdl_info_gen in foreground

Generating HDL info...

hdl_info_gen completed
# Tue Apr 24 12:13:01 2018

Return Code: 0
Run Time:00h:00m:01s
Copied F:\ram00\ram\ram00_ram.srr to F:\ram00\ram\ram00_ram.srf
log file: "F:\ram00\ram\ram00_ram.srr"
Running: ram in foreground

Running proj_1|ram

Running: compile (Compile) on proj_1|ram
# Tue Apr 24 12:13:02 2018

Running: compile_flow (Compile Process) on proj_1|ram
# Tue Apr 24 12:13:02 2018

Running: compiler (Compile Input) on proj_1|ram
# Tue Apr 24 12:13:02 2018
Copied F:\ram00\ram\synwork\ram00_ram_comp.srs to F:\ram00\ram\ram00_ram.srs

compiler completed
# Tue Apr 24 12:13:12 2018

Return Code: 0
Run Time:00h:00m:10s

Running: multi_srs_gen (Multi-srs Generator) on proj_1|ram
# Tue Apr 24 12:13:12 2018

multi_srs_gen completed
# Tue Apr 24 12:13:13 2018

Return Code: 0
Run Time:00h:00m:01s
Copied F:\ram00\ram\synwork\ram00_ram_mult.srs to F:\ram00\ram\ram00_ram.srs
Copied F:\ram00\ram\ram00_ram.srr to F:\ram00\ram\ram00_ram.srf
Complete: Compile Process on proj_1|ram

Running: premap (Pre-mapping) on proj_1|ram
# Tue Apr 24 12:13:14 2018

premap completed with warnings
# Tue Apr 24 12:13:17 2018

Return Code: 1
Run Time:00h:00m:03s
Complete: Compile on proj_1|ram

Running: map (Map) on proj_1|ram
# Tue Apr 24 12:13:17 2018
License granted for 4 parallel jobs

Running: fpga_mapper (Map & Optimize) on proj_1|ram
# Tue Apr 24 12:13:17 2018
Copied F:\ram00\ram\synwork\ram00_ram_m.srm to F:\ram00\ram\ram00_ram.srm

fpga_mapper completed with warnings
# Tue Apr 24 12:13:28 2018

Return Code: 1
Run Time:00h:00m:11s
Complete: Map on proj_1|ram
Copied F:\ram00\ram\ram00_ram.srr to F:\ram00\ram\ram00_ram.srf
Complete: Logic Synthesis on proj_1|ram
TCL script complete: "ram00_ram_synplify.tcl"
exit status=0
exit status=0
Save changes for project:
F:\ram00\ram\proj_1.prj
batch mode default:no
