
synpwrap -msg -prj "key00_key_synplify.tcl" -log "key00_key.srf"
Copyright (C) 1992-2017 Lattice Semiconductor Corporation. All rights reserved.
Lattice Diamond Version 3.10.0.111.2
    <postMsg mid="2011000" type="Info"    dynamic="0" navigation="0"  />

==contents of key00_key.srf
#Build: Synplify Pro (R) M-2017.03L-SP1-1, Build 086R, Aug  4 2017
#install: C:\lscc\diamond\3.10_x64\synpbase
#OS: Windows 7 6.1
#Hostname: LALO-PC

# Tue Apr 17 08:54:59 2018

#Implementation: key

Synopsys HDL Compiler, version comp2017q2p1, Build 190R, built Aug  4 2017
@N|Running in 64-bit mode
Copyright (C) 1994-2017 Synopsys, Inc. This Synopsys software and all associated documentation are proprietary to Synopsys, Inc. and may only be used pursuant to the terms and conditions of a written license agreement with Synopsys, Inc. All other use, reproduction, modification, or distribution of the Synopsys software or the associated documentation is strictly prohibited.

Synopsys VHDL Compiler, version comp2017q2p1, Build 190R, built Aug  4 2017
@N|Running in 64-bit mode
Copyright (C) 1994-2017 Synopsys, Inc. This Synopsys software and all associated documentation are proprietary to Synopsys, Inc. and may only be used pursuant to the terms and conditions of a written license agreement with Synopsys, Inc. All other use, reproduction, modification, or distribution of the Synopsys software or the associated documentation is strictly prohibited.

@N: CD720 :"C:\lscc\diamond\3.10_x64\synpbase\lib\vhd\std.vhd":123:18:123:21|Setting time resolution to ps
@N:"C:\Users\lalo\Desktop\key00\topkey00.vhdl":7:7:7:14|Top entity is set to topkey00.
File C:\lscc\diamond\3.10_x64\synpbase\lib\cpld\lattice.vhd changed - recompiling
File C:\Users\lalo\Desktop\quinto semestre\arquitectura\osc00VHDL\osc00.vhdl changed - recompiling
File C:\lscc\diamond\3.10_x64\synpbase\lib\lucent\machxo2.vhd changed - recompiling
File C:\Users\lalo\Desktop\quinto semestre\arquitectura\osc00VHDL\packageosc00.vhdl changed - recompiling
File C:\Users\lalo\Desktop\key00\contring00.vhdl changed - recompiling
File C:\Users\lalo\Desktop\key00\coder00.vhdl changed - recompiling
File C:\Users\lalo\Desktop\key00\packagekey00.vhdl changed - recompiling
File C:\Users\lalo\Desktop\quinto semestre\arquitectura\osc00VHDL\toposc00.vhdl changed - recompiling
File C:\Users\lalo\Desktop\key00\topkey00.vhdl changed - recompiling
VHDL syntax check successful!
File C:\Users\lalo\Desktop\key00\contring00.vhdl changed - recompiling
File C:\Users\lalo\Desktop\key00\coder00.vhdl changed - recompiling
File C:\Users\lalo\Desktop\key00\packagekey00.vhdl changed - recompiling
File C:\Users\lalo\Desktop\key00\topkey00.vhdl changed - recompiling
@N: CD630 :"C:\Users\lalo\Desktop\key00\topkey00.vhdl":7:7:7:14|Synthesizing work.topkey00.topkey0.
@N: CD630 :"C:\Users\lalo\Desktop\key00\coder00.vhdl":6:7:6:13|Synthesizing work.coder00.coder0.
@W: CG296 :"C:\Users\lalo\Desktop\key00\coder00.vhdl":15:9:15:15|Incomplete sensitivity list; assuming completeness. Make sure all referenced variables in message CG290 are included in the sensitivity list.
@W: CG290 :"C:\Users\lalo\Desktop\key00\coder00.vhdl":21:4:21:7|Referenced variable clkc is not in sensitivity list.
Post processing for work.coder00.coder0
@N: CD630 :"C:\Users\lalo\Desktop\key00\contring00.vhdl":6:7:6:16|Synthesizing work.contring00.contring0.
Post processing for work.contring00.contring0
@W: CL279 :"C:\Users\lalo\Desktop\key00\contring00.vhdl":20:2:20:3|Pruning register bits 2 to 0 of scontr(3 downto 0). If this is not the intended behavior, drive the inputs with valid values, or inputs from the top level.
@N: CD630 :"C:\Users\lalo\Desktop\quinto semestre\arquitectura\osc00VHDL\toposc00.vhdl":9:7:9:14|Synthesizing work.toposc00.toposc0.
@N: CD630 :"C:\Users\lalo\Desktop\quinto semestre\arquitectura\osc00VHDL\div00.vhdl":8:7:8:11|Synthesizing work.div00.div0.
@N: CD364 :"C:\Users\lalo\Desktop\quinto semestre\arquitectura\osc00VHDL\div00.vhdl":27:2:27:7|Removing redundant assignment.
@N: CD364 :"C:\Users\lalo\Desktop\quinto semestre\arquitectura\osc00VHDL\div00.vhdl":36:2:36:7|Removing redundant assignment.
@N: CD364 :"C:\Users\lalo\Desktop\quinto semestre\arquitectura\osc00VHDL\div00.vhdl":45:2:45:7|Removing redundant assignment.
@N: CD364 :"C:\Users\lalo\Desktop\quinto semestre\arquitectura\osc00VHDL\div00.vhdl":54:2:54:7|Removing redundant assignment.
@N: CD364 :"C:\Users\lalo\Desktop\quinto semestre\arquitectura\osc00VHDL\div00.vhdl":63:2:63:7|Removing redundant assignment.
@N: CD364 :"C:\Users\lalo\Desktop\quinto semestre\arquitectura\osc00VHDL\div00.vhdl":72:2:72:7|Removing redundant assignment.
@N: CD364 :"C:\Users\lalo\Desktop\quinto semestre\arquitectura\osc00VHDL\div00.vhdl":81:2:81:7|Removing redundant assignment.
@N: CD364 :"C:\Users\lalo\Desktop\quinto semestre\arquitectura\osc00VHDL\div00.vhdl":90:2:90:7|Removing redundant assignment.
@N: CD364 :"C:\Users\lalo\Desktop\quinto semestre\arquitectura\osc00VHDL\div00.vhdl":99:2:99:7|Removing redundant assignment.
Post processing for work.div00.div0
@N: CD630 :"C:\Users\lalo\Desktop\quinto semestre\arquitectura\osc00VHDL\osc00.vhdl":8:7:8:11|Synthesizing work.osc00.osc0.
@W: CD276 :"C:\lscc\diamond\3.10_x64\cae_library\synthesis\vhdl\machxo2.vhd":2297:8:2297:15|Map for port sedstdby of component osch not found
@N: CD630 :"C:\lscc\diamond\3.10_x64\cae_library\synthesis\vhdl\machxo2.vhd":2291:10:2291:13|Synthesizing work.osch.syn_black_box.
Post processing for work.osch.syn_black_box
Post processing for work.osc00.osc0
Post processing for work.toposc00.toposc0
Post processing for work.topkey00.topkey0

At c_vhdl Exit (Real Time elapsed 0h:00m:00s; CPU Time elapsed 0h:00m:00s; Memory used current: 78MB peak: 80MB)

Process took 0h:00m:01s realtime, 0h:00m:01s cputime

Process completed successfully.
# Tue Apr 17 08:55:01 2018

###########################################################]
Synopsys Netlist Linker, version comp2017q2p1, Build 190R, built Aug  4 2017
@N|Running in 64-bit mode
File C:\Users\lalo\Desktop\key00\key\synwork\layer0.srs changed - recompiling

At syn_nfilter Exit (Real Time elapsed 0h:00m:00s; CPU Time elapsed 0h:00m:00s; Memory used current: 67MB peak: 68MB)

Process took 0h:00m:01s realtime, 0h:00m:01s cputime

Process completed successfully.
# Tue Apr 17 08:55:02 2018

###########################################################]
@END

At c_hdl Exit (Real Time elapsed 0h:00m:02s; CPU Time elapsed 0h:00m:00s; Memory used current: 3MB peak: 4MB)

Process took 0h:00m:02s realtime, 0h:00m:01s cputime

Process completed successfully.
# Tue Apr 17 08:55:02 2018

###########################################################]
Synopsys Netlist Linker, version comp2017q2p1, Build 190R, built Aug  4 2017
@N|Running in 64-bit mode
File C:\Users\lalo\Desktop\key00\key\synwork\key00_key_comp.srs changed - recompiling

At syn_nfilter Exit (Real Time elapsed 0h:00m:00s; CPU Time elapsed 0h:00m:00s; Memory used current: 67MB peak: 68MB)

Process took 0h:00m:01s realtime, 0h:00m:01s cputime

Process completed successfully.
# Tue Apr 17 08:55:03 2018

###########################################################]
Pre-mapping Report

# Tue Apr 17 08:55:04 2018

Synopsys Lattice Technology Pre-mapping, Version maplat, Build 1796R, Built Aug  4 2017 11:10:16
Copyright (C) 1994-2017 Synopsys, Inc. This Synopsys software and all associated documentation are proprietary to Synopsys, Inc. and may only be used pursuant to the terms and conditions of a written license agreement with Synopsys, Inc. All other use, reproduction, modification, or distribution of the Synopsys software or the associated documentation is strictly prohibited.
Product Version M-2017.03L-SP1-1

Mapper Startup Complete (Real Time elapsed 0h:00m:00s; CPU Time elapsed 0h:00m:00s; Memory used current: 99MB peak: 99MB)

@A: MF827 |No constraint file specified.
@L: C:\Users\lalo\Desktop\key00\key\key00_key_scck.rpt 
Printing clock  summary report in "C:\Users\lalo\Desktop\key00\key\key00_key_scck.rpt" file 
@N: MF248 |Running in 64-bit mode.
@N: MF666 |Clock conversion enabled. (Command "set_option -fix_gated_and_generated_clocks 1" in the project file.)

Design Input Complete (Real Time elapsed 0h:00m:00s; CPU Time elapsed 0h:00m:00s; Memory used current: 99MB peak: 102MB)


Mapper Initialization Complete (Real Time elapsed 0h:00m:00s; CPU Time elapsed 0h:00m:00s; Memory used current: 99MB peak: 102MB)


Start loading timing files (Real Time elapsed 0h:00m:00s; CPU Time elapsed 0h:00m:00s; Memory used current: 112MB peak: 112MB)


Finished loading timing files (Real Time elapsed 0h:00m:00s; CPU Time elapsed 0h:00m:00s; Memory used current: 112MB peak: 114MB)

@W: FX474 |User-specified initial value defined for some sequential elements which can prevent optimum synthesis results from being achieved. 
ICG Latch Removal Summary:
Number of ICG latches removed:	0
Number of ICG latches not removed:	0
syn_allowed_resources : blockrams=26  set on top level netlist topkey00

Finished netlist restructuring (Real Time elapsed 0h:00m:01s; CPU Time elapsed 0h:00m:00s; Memory used current: 140MB peak: 141MB)



Clock Summary
******************

          Start                            Requested     Requested     Clock                                           Clock                   Clock
Level     Clock                            Frequency     Period        Type                                            Group                   Load 
----------------------------------------------------------------------------------------------------------------------------------------------------
0 -       osc00|osc_int_inferred_clock     2.1 MHz       480.769       inferred                                        Inferred_clkgroup_0     23   
1 .         div00|oscout_derived_clock     2.1 MHz       480.769       derived (from osc00|osc_int_inferred_clock)     Inferred_clkgroup_0     16   
====================================================================================================================================================

@W: MT529 :"c:\users\lalo\desktop\quinto semestre\arquitectura\osc00vhdl\div00.vhdl":20:0:20:1|Found inferred clock osc00|osc_int_inferred_clock which controls 23 sequential elements including K00.OS01.sdiv[21:0]. This clock has no specified timing constraint which may prevent conversion of gated or generated clocks and may adversely impact design performance. 

Finished Pre Mapping Phase.

Starting constraint checker (Real Time elapsed 0h:00m:01s; CPU Time elapsed 0h:00m:00s; Memory used current: 139MB peak: 141MB)


Finished constraint checker preprocessing (Real Time elapsed 0h:00m:01s; CPU Time elapsed 0h:00m:00s; Memory used current: 139MB peak: 141MB)

None
None

Finished constraint checker (Real Time elapsed 0h:00m:01s; CPU Time elapsed 0h:00m:00s; Memory used current: 139MB peak: 141MB)

Pre-mapping successful!

At Mapper Exit (Real Time elapsed 0h:00m:01s; CPU Time elapsed 0h:00m:00s; Memory used current: 55MB peak: 141MB)

Process took 0h:00m:01s realtime, 0h:00m:01s cputime
# Tue Apr 17 08:55:06 2018

###########################################################]
Map & Optimize Report

# Tue Apr 17 08:55:06 2018

Synopsys Lattice Technology Mapper, Version maplat, Build 1796R, Built Aug  4 2017 11:10:16
Copyright (C) 1994-2017 Synopsys, Inc. This Synopsys software and all associated documentation are proprietary to Synopsys, Inc. and may only be used pursuant to the terms and conditions of a written license agreement with Synopsys, Inc. All other use, reproduction, modification, or distribution of the Synopsys software or the associated documentation is strictly prohibited.
Product Version M-2017.03L-SP1-1

Mapper Startup Complete (Real Time elapsed 0h:00m:00s; CPU Time elapsed 0h:00m:00s; Memory used current: 99MB peak: 99MB)

@N: MF248 |Running in 64-bit mode.
@N: MF666 |Clock conversion enabled. (Command "set_option -fix_gated_and_generated_clocks 1" in the project file.)

Design Input Complete (Real Time elapsed 0h:00m:00s; CPU Time elapsed 0h:00m:00s; Memory used current: 99MB peak: 100MB)


Mapper Initialization Complete (Real Time elapsed 0h:00m:00s; CPU Time elapsed 0h:00m:00s; Memory used current: 99MB peak: 100MB)


Start loading timing files (Real Time elapsed 0h:00m:00s; CPU Time elapsed 0h:00m:00s; Memory used current: 111MB peak: 112MB)


Finished loading timing files (Real Time elapsed 0h:00m:00s; CPU Time elapsed 0h:00m:00s; Memory used current: 111MB peak: 114MB)



Starting Optimization and Mapping (Real Time elapsed 0h:00m:00s; CPU Time elapsed 0h:00m:00s; Memory used current: 139MB peak: 142MB)


Available hyper_sources - for debug and ip models
	None Found


Finished RTL optimizations (Real Time elapsed 0h:00m:00s; CPU Time elapsed 0h:00m:00s; Memory used current: 139MB peak: 142MB)


Starting factoring (Real Time elapsed 0h:00m:00s; CPU Time elapsed 0h:00m:00s; Memory used current: 140MB peak: 142MB)


Finished factoring (Real Time elapsed 0h:00m:00s; CPU Time elapsed 0h:00m:00s; Memory used current: 141MB peak: 142MB)


Starting gated-clock and generated-clock conversion (Real Time elapsed 0h:00m:00s; CPU Time elapsed 0h:00m:00s; Memory used current: 140MB peak: 142MB)


Finished gated-clock and generated-clock conversion (Real Time elapsed 0h:00m:00s; CPU Time elapsed 0h:00m:00s; Memory used current: 140MB peak: 142MB)


Finished generic timing optimizations - Pass 1 (Real Time elapsed 0h:00m:00s; CPU Time elapsed 0h:00m:00s; Memory used current: 142MB peak: 143MB)


Starting Early Timing Optimization (Real Time elapsed 0h:00m:00s; CPU Time elapsed 0h:00m:00s; Memory used current: 143MB peak: 144MB)


Finished Early Timing Optimization (Real Time elapsed 0h:00m:00s; CPU Time elapsed 0h:00m:00s; Memory used current: 143MB peak: 144MB)


Finished generic timing optimizations - Pass 2 (Real Time elapsed 0h:00m:00s; CPU Time elapsed 0h:00m:00s; Memory used current: 143MB peak: 144MB)


Finished preparing to map (Real Time elapsed 0h:00m:01s; CPU Time elapsed 0h:00m:00s; Memory used current: 142MB peak: 144MB)


Finished technology mapping (Real Time elapsed 0h:00m:01s; CPU Time elapsed 0h:00m:00s; Memory used current: 149MB peak: 151MB)

Pass		 CPU time		Worst Slack		Luts / Registers
------------------------------------------------------------
   1		0h:00m:00s		   468.56ns		  96 /        39

Finished technology timing optimizations and critical path resynthesis (Real Time elapsed 0h:00m:01s; CPU Time elapsed 0h:00m:00s; Memory used current: 149MB peak: 151MB)

@N: FX164 |The option to pack registers in the IOB has not been specified. Please set syn_useioff attribute.  
@A: BN291 :"c:\users\lalo\desktop\key00\contring00.vhdl":20:2:20:3|Boundary register K01.outr_3_.fb (in view: work.topkey00(topkey0)) is packed into a complex cell. To disable register packing, set syn_keep=1 on the net between the register and the complex cell. 
@A: BN291 :"c:\users\lalo\desktop\key00\contring00.vhdl":20:2:20:3|Boundary register K01.outr_2_.fb (in view: work.topkey00(topkey0)) is packed into a complex cell. To disable register packing, set syn_keep=1 on the net between the register and the complex cell. 
@A: BN291 :"c:\users\lalo\desktop\key00\contring00.vhdl":20:2:20:3|Boundary register K01.outr_1_.fb (in view: work.topkey00(topkey0)) is packed into a complex cell. To disable register packing, set syn_keep=1 on the net between the register and the complex cell. 
@A: BN291 :"c:\users\lalo\desktop\key00\contring00.vhdl":20:2:20:3|Boundary register K01.outr_0_.fb (in view: work.topkey00(topkey0)) is packed into a complex cell. To disable register packing, set syn_keep=1 on the net between the register and the complex cell. 

Finished restoring hierarchy (Real Time elapsed 0h:00m:01s; CPU Time elapsed 0h:00m:00s; Memory used current: 149MB peak: 151MB)

@N: MT611 :|Automatically generated clock div00|oscout_derived_clock is not used and is being removed


@S |Clock Optimization Summary


#### START OF CLOCK OPTIMIZATION REPORT #####[

0 non-gated/non-generated clock tree(s) driving 0 clock pin(s) of sequential element(s)
1 gated/generated clock tree(s) driving 39 clock pin(s) of sequential element(s)
0 instances converted, 39 sequential instances remain driven by gated/generated clocks

================================================================================================== Gated/Generated Clocks ==================================================================================================
Clock Tree ID     Driving Element       Drive Element Type     Fanout     Sample Instance     Explanation                                                                                                                   
----------------------------------------------------------------------------------------------------------------------------------------------------------------------------------------------------------------------------
@K:CKID0001       K00.OS00.OSCInst0     OSCH                   39         K00.OS01.oscout     Gating structure creates improper gating logic. See the Gated Clocks description in the user guide for conversion requirements
============================================================================================================================================================================================================================


##### END OF CLOCK OPTIMIZATION REPORT ######]


Start Writing Netlists (Real Time elapsed 0h:00m:01s; CPU Time elapsed 0h:00m:01s; Memory used current: 115MB peak: 151MB)

Writing Analyst data base C:\Users\lalo\Desktop\key00\key\synwork\key00_key_m.srm

Finished Writing Netlist Databases (Real Time elapsed 0h:00m:02s; CPU Time elapsed 0h:00m:01s; Memory used current: 148MB peak: 151MB)

Writing EDIF Netlist and constraint files
@N: FX1056 |Writing EDF file: C:\Users\lalo\Desktop\key00\key\key00_key.edi
M-2017.03L-SP1-1
@N: BW106 |Synplicity Constraint File capacitance units using default value of 1pF 

Finished Writing EDIF Netlist and constraint files (Real Time elapsed 0h:00m:02s; CPU Time elapsed 0h:00m:01s; Memory used current: 152MB peak: 154MB)


Start final timing analysis (Real Time elapsed 0h:00m:02s; CPU Time elapsed 0h:00m:01s; Memory used current: 153MB peak: 154MB)

@W: MT420 |Found inferred clock osc00|osc_int_inferred_clock with period 480.77ns. Please declare a user-defined clock on object "n:K00.OS00.osc_int"


##### START OF TIMING REPORT #####[
# Timing Report written on Tue Apr 17 08:55:09 2018
#


Top view:               topkey00
Requested Frequency:    2.1 MHz
Wire load mode:         top
Paths requested:        5
Constraint File(s):    
@N: MT320 |This timing report is an estimate of place and route data. For final timing results, use the FPGA vendor place and route report.

@N: MT322 |Clock constraints include only register-to-register paths associated with each individual clock.



Performance Summary
*******************


Worst slack in design: 466.110

                                 Requested     Estimated     Requested     Estimated                 Clock        Clock              
Starting Clock                   Frequency     Frequency     Period        Period        Slack       Type         Group              
-------------------------------------------------------------------------------------------------------------------------------------
osc00|osc_int_inferred_clock     2.1 MHz       68.2 MHz      480.769       14.659        466.110     inferred     Inferred_clkgroup_0
=====================================================================================================================================





Clock Relationships
*******************

Clocks                                                      |    rise  to  rise     |    fall  to  fall   |    rise  to  fall   |    fall  to  rise 
----------------------------------------------------------------------------------------------------------------------------------------------------
Starting                      Ending                        |  constraint  slack    |  constraint  slack  |  constraint  slack  |  constraint  slack
----------------------------------------------------------------------------------------------------------------------------------------------------
osc00|osc_int_inferred_clock  osc00|osc_int_inferred_clock  |  480.769     466.110  |  No paths    -      |  No paths    -      |  No paths    -    
====================================================================================================================================================
 Note: 'No paths' indicates there are no paths in the design for that pair of clock edges.
       'Diff grp' indicates that paths exist but the starting clock and ending clock are in different clock groups.



Interface Information 
*********************

No IO constraint found



====================================
Detailed Report for Clock: osc00|osc_int_inferred_clock
====================================



Starting Points with Worst Slack
********************************

                      Starting                                                          Arrival            
Instance              Reference                        Type        Pin     Net          Time        Slack  
                      Clock                                                                                
-----------------------------------------------------------------------------------------------------------
K00.OS01.sdiv[2]      osc00|osc_int_inferred_clock     FD1S3IX     Q       sdiv[2]      1.044       466.110
K00.OS01.sdiv[3]      osc00|osc_int_inferred_clock     FD1S3IX     Q       sdiv[3]      1.044       466.110
K00.OS01.sdiv[4]      osc00|osc_int_inferred_clock     FD1S3IX     Q       sdiv[4]      1.044       466.110
K00.OS01.sdiv[5]      osc00|osc_int_inferred_clock     FD1S3IX     Q       sdiv[5]      1.044       466.110
K00.OS01.sdiv[6]      osc00|osc_int_inferred_clock     FD1S3IX     Q       sdiv[6]      1.044       466.110
K00.OS01.sdiv[7]      osc00|osc_int_inferred_clock     FD1S3IX     Q       sdiv[7]      1.044       466.110
K00.OS01.sdiv[8]      osc00|osc_int_inferred_clock     FD1S3IX     Q       sdiv[8]      1.108       467.103
K00.OS01.sdiv[9]      osc00|osc_int_inferred_clock     FD1S3IX     Q       sdiv[9]      1.108       467.103
K00.OS01.sdiv[10]     osc00|osc_int_inferred_clock     FD1S3IX     Q       sdiv[10]     1.108       467.103
K00.OS01.sdiv[11]     osc00|osc_int_inferred_clock     FD1S3IX     Q       sdiv[11]     1.108       467.103
===========================================================================================================


Ending Points with Worst Slack
******************************

                      Starting                                                              Required            
Instance              Reference                        Type        Pin     Net              Time         Slack  
                      Clock                                                                                     
----------------------------------------------------------------------------------------------------------------
K00.OS01.sdiv[21]     osc00|osc_int_inferred_clock     FD1S3IX     D       un1_sdiv[22]     480.664      466.110
K00.OS01.sdiv[19]     osc00|osc_int_inferred_clock     FD1S3IX     D       un1_sdiv[20]     480.664      466.252
K00.OS01.sdiv[20]     osc00|osc_int_inferred_clock     FD1S3IX     D       un1_sdiv[21]     480.664      466.252
K00.OS01.sdiv[17]     osc00|osc_int_inferred_clock     FD1S3IX     D       un1_sdiv[18]     480.664      466.395
K00.OS01.sdiv[18]     osc00|osc_int_inferred_clock     FD1S3IX     D       un1_sdiv[19]     480.664      466.395
K00.OS01.sdiv[15]     osc00|osc_int_inferred_clock     FD1S3IX     D       un1_sdiv[16]     480.664      466.538
K00.OS01.sdiv[16]     osc00|osc_int_inferred_clock     FD1S3IX     D       un1_sdiv[17]     480.664      466.538
K00.OS01.sdiv[13]     osc00|osc_int_inferred_clock     FD1S3IX     D       un1_sdiv[14]     480.664      466.681
K00.OS01.sdiv[14]     osc00|osc_int_inferred_clock     FD1S3IX     D       un1_sdiv[15]     480.664      466.681
K00.OS01.sdiv[11]     osc00|osc_int_inferred_clock     FD1S3IX     D       un1_sdiv[12]     480.664      466.824
================================================================================================================



Worst Path Information
***********************


Path information for path number 1: 
      Requested Period:                      480.769
    - Setup time:                            0.106
    + Clock delay at ending point:           0.000 (ideal)
    = Required time:                         480.664

    - Propagation time:                      14.554
    - Clock delay at starting point:         0.000 (ideal)
    = Slack (critical) :                     466.110

    Number of logic level(s):                21
    Starting point:                          K00.OS01.sdiv[2] / Q
    Ending point:                            K00.OS01.sdiv[21] / D
    The start point is clocked by            osc00|osc_int_inferred_clock [rising] on pin CK
    The end   point is clocked by            osc00|osc_int_inferred_clock [rising] on pin CK

Instance / Net                                          Pin      Pin               Arrival     No. of    
Name                                       Type         Name     Dir     Delay     Time        Fan Out(s)
---------------------------------------------------------------------------------------------------------
K00.OS01.sdiv[2]                           FD1S3IX      Q        Out     1.044     1.044       -         
sdiv[2]                                    Net          -        -       -         -           2         
K00.OS01.pdiv\.oscout13lto18_i_a2_15_3     ORCALUT4     A        In      0.000     1.044       -         
K00.OS01.pdiv\.oscout13lto18_i_a2_15_3     ORCALUT4     Z        Out     1.017     2.061       -         
oscout13lto18_i_a2_15_3                    Net          -        -       -         -           1         
K00.OS01.pdiv\.oscout13lto18_i_a2_15       ORCALUT4     A        In      0.000     2.061       -         
K00.OS01.pdiv\.oscout13lto18_i_a2_15       ORCALUT4     Z        Out     1.193     3.253       -         
N_27_8                                     Net          -        -       -         -           4         
K00.OS01.pdiv\.oscout13lto18_i_a2_17       ORCALUT4     B        In      0.000     3.253       -         
K00.OS01.pdiv\.oscout13lto18_i_a2_17       ORCALUT4     Z        Out     1.233     4.486       -         
N_3_19                                     Net          -        -       -         -           6         
K00.OS01.pdiv\.oscout13lto19               ORCALUT4     A        In      0.000     4.486       -         
K00.OS01.pdiv\.oscout13lto19               ORCALUT4     Z        Out     1.017     5.503       -         
oscout13lt21                               Net          -        -       -         -           1         
K00.OS01.oscout_0_sqmuxa_2                 ORCALUT4     A        In      0.000     5.503       -         
K00.OS01.oscout_0_sqmuxa_2                 ORCALUT4     Z        Out     1.017     6.520       -         
oscout_0_sqmuxa_2                          Net          -        -       -         -           1         
K00.OS01.un1_oscout56_7_2                  ORCALUT4     A        In      0.000     6.520       -         
K00.OS01.un1_oscout56_7_2                  ORCALUT4     Z        Out     1.089     7.609       -         
un1_oscout56_7_2                           Net          -        -       -         -           2         
K00.OS01.un1_oscout56_7_4_am               ORCALUT4     A        In      0.000     7.609       -         
K00.OS01.un1_oscout56_7_4_am               ORCALUT4     Z        Out     1.017     8.625       -         
un1_oscout56_7_4_am                        Net          -        -       -         -           1         
K00.OS01.un1_oscout56_7_4                  PFUMX        BLUT     In      0.000     8.625       -         
K00.OS01.un1_oscout56_7_4                  PFUMX        Z        Out     0.390     9.016       -         
un1_oscout56_7_4                           Net          -        -       -         -           4         
K00.OS01.un1_sdiv_cry_0_0_RNO              ORCALUT4     D        In      0.000     9.016       -         
K00.OS01.un1_sdiv_cry_0_0_RNO              ORCALUT4     Z        Out     1.017     10.032      -         
un1_oscout56_i                             Net          -        -       -         -           1         
K00.OS01.un1_sdiv_cry_0_0                  CCU2D        B0       In      0.000     10.032      -         
K00.OS01.un1_sdiv_cry_0_0                  CCU2D        COUT     Out     1.544     11.577      -         
un1_sdiv_cry_0                             Net          -        -       -         -           1         
K00.OS01.un1_sdiv_cry_1_0                  CCU2D        CIN      In      0.000     11.577      -         
K00.OS01.un1_sdiv_cry_1_0                  CCU2D        COUT     Out     0.143     11.720      -         
un1_sdiv_cry_2                             Net          -        -       -         -           1         
K00.OS01.un1_sdiv_cry_3_0                  CCU2D        CIN      In      0.000     11.720      -         
K00.OS01.un1_sdiv_cry_3_0                  CCU2D        COUT     Out     0.143     11.863      -         
un1_sdiv_cry_4                             Net          -        -       -         -           1         
K00.OS01.un1_sdiv_cry_5_0                  CCU2D        CIN      In      0.000     11.863      -         
K00.OS01.un1_sdiv_cry_5_0                  CCU2D        COUT     Out     0.143     12.005      -         
un1_sdiv_cry_6                             Net          -        -       -         -           1         
K00.OS01.un1_sdiv_cry_7_0                  CCU2D        CIN      In      0.000     12.005      -         
K00.OS01.un1_sdiv_cry_7_0                  CCU2D        COUT     Out     0.143     12.148      -         
un1_sdiv_cry_8                             Net          -        -       -         -           1         
K00.OS01.un1_sdiv_cry_9_0                  CCU2D        CIN      In      0.000     12.148      -         
K00.OS01.un1_sdiv_cry_9_0                  CCU2D        COUT     Out     0.143     12.291      -         
un1_sdiv_cry_10                            Net          -        -       -         -           1         
K00.OS01.un1_sdiv_cry_11_0                 CCU2D        CIN      In      0.000     12.291      -         
K00.OS01.un1_sdiv_cry_11_0                 CCU2D        COUT     Out     0.143     12.434      -         
un1_sdiv_cry_12                            Net          -        -       -         -           1         
K00.OS01.un1_sdiv_cry_13_0                 CCU2D        CIN      In      0.000     12.434      -         
K00.OS01.un1_sdiv_cry_13_0                 CCU2D        COUT     Out     0.143     12.576      -         
un1_sdiv_cry_14                            Net          -        -       -         -           1         
K00.OS01.un1_sdiv_cry_15_0                 CCU2D        CIN      In      0.000     12.576      -         
K00.OS01.un1_sdiv_cry_15_0                 CCU2D        COUT     Out     0.143     12.719      -         
un1_sdiv_cry_16                            Net          -        -       -         -           1         
K00.OS01.un1_sdiv_cry_17_0                 CCU2D        CIN      In      0.000     12.719      -         
K00.OS01.un1_sdiv_cry_17_0                 CCU2D        COUT     Out     0.143     12.862      -         
un1_sdiv_cry_18                            Net          -        -       -         -           1         
K00.OS01.un1_sdiv_cry_19_0                 CCU2D        CIN      In      0.000     12.862      -         
K00.OS01.un1_sdiv_cry_19_0                 CCU2D        COUT     Out     0.143     13.005      -         
un1_sdiv_cry_20                            Net          -        -       -         -           1         
K00.OS01.un1_sdiv_s_21_0                   CCU2D        CIN      In      0.000     13.005      -         
K00.OS01.un1_sdiv_s_21_0                   CCU2D        S0       Out     1.549     14.554      -         
un1_sdiv[22]                               Net          -        -       -         -           1         
K00.OS01.sdiv[21]                          FD1S3IX      D        In      0.000     14.554      -         
=========================================================================================================



##### END OF TIMING REPORT #####]

Timing exceptions that could not be applied
None

Finished final timing analysis (Real Time elapsed 0h:00m:03s; CPU Time elapsed 0h:00m:01s; Memory used current: 153MB peak: 154MB)


Finished timing report (Real Time elapsed 0h:00m:03s; CPU Time elapsed 0h:00m:01s; Memory used current: 153MB peak: 154MB)

---------------------------------------
Resource Usage Report
Part: lcmxo2_7000he-5

Register bits: 39 of 6864 (1%)
PIC Latch:       0
I/O cells:       30


Details:
CCU2D:          12
FD1P3AX:        1
FD1P3IX:        4
FD1S3AX:        4
FD1S3IX:        22
FD1S3JX:        1
GSR:            1
IB:             10
OB:             20
OFS1P3DX:       7
ORCALUT4:       88
OSCH:           1
PFUMX:          3
PUR:            1
VHI:            6
VLO:            6
Mapper successful!

At Mapper Exit (Real Time elapsed 0h:00m:03s; CPU Time elapsed 0h:00m:01s; Memory used current: 32MB peak: 154MB)

Process took 0h:00m:03s realtime, 0h:00m:01s cputime
# Tue Apr 17 08:55:09 2018

###########################################################]


Synthesis exit by 0.

edif2ngd  -l "MachXO2" -d LCMXO2-7000HE -path "C:/Users/lalo/Desktop/key00/key" -path "C:/Users/lalo/Desktop/key00"   "C:/Users/lalo/Desktop/key00/key/key00_key.edi" "key00_key.ngo"   
edif2ngd:  version Diamond (64-bit) 3.10.0.111.2

Copyright (c) 1991-1994 by NeoCAD Inc. All rights reserved.
Copyright (c) 1995 AT&T Corp.   All rights reserved.
Copyright (c) 1995-2001 Lucent Technologies Inc.  All rights reserved.
Copyright (c) 2001 Agere Systems   All rights reserved.
Copyright (c) 2002-2017 Lattice Semiconductor Corporation,  All rights reserved.
Writing the design to key00_key.ngo...

Total CPU Time: 0 secs  

Total REAL Time: 0 secs  


ngdbuild  -a "MachXO2" -d LCMXO2-7000HE  -p "C:/lscc/diamond/3.10_x64/ispfpga/xo2c00/data"  -p "C:/Users/lalo/Desktop/key00/key" -p "C:/Users/lalo/Desktop/key00"  "key00_key.ngo" "key00_key.ngd"  	
ngdbuild:  version Diamond (64-bit) 3.10.0.111.2

Copyright (c) 1991-1994 by NeoCAD Inc. All rights reserved.
Copyright (c) 1995 AT&T Corp.   All rights reserved.
Copyright (c) 1995-2001 Lucent Technologies Inc.  All rights reserved.
Copyright (c) 2001 Agere Systems   All rights reserved.
Copyright (c) 2002-2017 Lattice Semiconductor Corporation,  All rights reserved.
Reading 'key00_key.ngo' ...
Loading NGL library 'C:/lscc/diamond/3.10_x64/ispfpga/xo2c00a/data/xo2alib.ngl'...
Loading NGL library 'C:/lscc/diamond/3.10_x64/ispfpga/xo2c00/data/xo2clib.ngl'...
Loading NGL library 'C:/lscc/diamond/3.10_x64/ispfpga/mg5g00/data/mg5glib.ngl'...
Loading NGL library 'C:/lscc/diamond/3.10_x64/ispfpga/or5g00/data/orc5glib.ngl'...


Running DRC...

    <postMsg mid="1166052" type="Warning" dynamic="2" navigation="1" arg0="logical" arg1="K00/OS00/OSCInst0_SEDSTDBY" arg2="K00/OS00/OSCInst0_SEDSTDBY"  />
    <postMsg mid="1163101" type="Warning" dynamic="1" navigation="0" arg0="1"  />

Design Results:
    186 blocks expanded
Complete the first expansion.
Writing 'key00_key.ngd' ...
Total CPU Time: 0 secs  

Total REAL Time: 0 secs  


map -a "MachXO2" -p LCMXO2-7000HE -t TQFP144 -s 5 -oc Commercial   "key00_key.ngd" -o "key00_key_map.ncd" -pr "key00_key.prf" -mp "key00_key.mrp" -lpf "C:/Users/lalo/Desktop/key00/key/key00_key_synplify.lpf" -lpf "C:/Users/lalo/Desktop/key00/key00.lpf" -c 0            
map:  version Diamond (64-bit) 3.10.0.111.2

Copyright (c) 1991-1994 by NeoCAD Inc. All rights reserved.
Copyright (c) 1995 AT&T Corp.   All rights reserved.
Copyright (c) 1995-2001 Lucent Technologies Inc.  All rights reserved.
Copyright (c) 2001 Agere Systems   All rights reserved.
Copyright (c) 2002-2017 Lattice Semiconductor Corporation,  All rights reserved.
   Process the file: key00_key.ngd
   Picdevice="LCMXO2-7000HE"

   Pictype="TQFP144"

   Picspeed=5

   Remove unused logic

   Do not produce over sized NCDs.

Part used: LCMXO2-7000HETQFP144, Performance used: 5.

    <postMsg mid="1100679" type="Warning" dynamic="2" navigation="2" arg0="C:/Users/lalo/Desktop/key00/key00.lpf(21): Semantic error in &quot;LOCATE COMP &quot;outled0[0]&quot; SITE &quot;115&quot; ;&quot;: " arg1="outled0[0]" arg2="C:/Users/lalo/Desktop/key00/key00.lpf" arg3="21"  />
    <postMsg mid="1100679" type="Warning" dynamic="2" navigation="2" arg0="C:/Users/lalo/Desktop/key00/key00.lpf(22): Semantic error in &quot;LOCATE COMP &quot;outled0[1]&quot; SITE &quot;117&quot; ;&quot;: " arg1="outled0[1]" arg2="C:/Users/lalo/Desktop/key00/key00.lpf" arg3="22"  />
    <postMsg mid="1100679" type="Warning" dynamic="2" navigation="2" arg0="C:/Users/lalo/Desktop/key00/key00.lpf(23): Semantic error in &quot;LOCATE COMP &quot;outled0[2]&quot; SITE &quot;113&quot; ;&quot;: " arg1="outled0[2]" arg2="C:/Users/lalo/Desktop/key00/key00.lpf" arg3="23"  />
    <postMsg mid="1100679" type="Warning" dynamic="2" navigation="2" arg0="C:/Users/lalo/Desktop/key00/key00.lpf(24): Semantic error in &quot;LOCATE COMP &quot;outled0[3]&quot; SITE &quot;114&quot; ;&quot;: " arg1="outled0[3]" arg2="C:/Users/lalo/Desktop/key00/key00.lpf" arg3="24"  />
    <postMsg mid="1100679" type="Warning" dynamic="2" navigation="2" arg0="C:/Users/lalo/Desktop/key00/key00.lpf(25): Semantic error in &quot;LOCATE COMP &quot;outled0[4]&quot; SITE &quot;111&quot; ;&quot;: " arg1="outled0[4]" arg2="C:/Users/lalo/Desktop/key00/key00.lpf" arg3="25"  />
    <postMsg mid="1100679" type="Warning" dynamic="2" navigation="2" arg0="C:/Users/lalo/Desktop/key00/key00.lpf(34): Semantic error in &quot;LOCATE COMP &quot;outr0[4]&quot; SITE &quot;22&quot; ;&quot;: " arg1="outr0[4]" arg2="C:/Users/lalo/Desktop/key00/key00.lpf" arg3="34"  />
Loading device for application map from file 'xo2c7000.nph' in environment: C:/lscc/diamond/3.10_x64/ispfpga.
Package Status:                     Final          Version 1.39.

Running general design DRC...

Removing unused logic...

Optimizing...




Design Summary:
   Number of registers:     39 out of  7209 (1%)
      PFU registers:           32 out of  6864 (0%)
      PIO registers:            7 out of   345 (2%)
   Number of SLICEs:        57 out of  3432 (2%)
      SLICEs as Logic/ROM:     57 out of  3432 (2%)
      SLICEs as RAM:            0 out of  2574 (0%)
      SLICEs as Carry:         12 out of  3432 (0%)
   Number of LUT4s:        114 out of  6864 (2%)
      Number used as logic LUTs:         90
      Number used as distributed RAM:     0
      Number used as ripple logic:       24
      Number used as shift registers:     0
   Number of PIO sites used: 30 + 4(JTAG) out of 115 (30%)
   Number of block RAMs:  0 out of 26 (0%)
   Number of GSRs:  0 out of 1 (0%)
   EFB used :       No
   JTAG used :      No
   Readback used :  No
   Oscillator used :  Yes
   Startup used :   No
   POR :            On
   Bandgap :        On
   Number of Power Controller:  0 out of 1 (0%)
   Number of Dynamic Bank Controller (BCINRD):  0 out of 6 (0%)
   Number of Dynamic Bank Controller (BCLVDSO):  0 out of 1 (0%)
   Number of DCCA:  0 out of 8 (0%)
   Number of DCMA:  0 out of 2 (0%)
   Number of PLLs:  0 out of 2 (0%)
   Number of DQSDLLs:  0 out of 2 (0%)
   Number of CLKDIVC:  0 out of 4 (0%)
   Number of ECLKSYNCA:  0 out of 4 (0%)
   Number of ECLKBRIDGECS:  0 out of 2 (0%)
   Notes:-
      1. Total number of LUT4s = (Number of logic LUT4s) + 2*(Number of distributed RAMs) + 2*(Number of ripple logic)
      2. Number of logic LUT4s does not include count of distributed RAM and ripple logic.
   Number of clocks:  1
     Net K00.sclk_0: 26 loads, 26 rising, 0 falling (Driver: K00/OS00/OSCInst0 )
   Number of Clock Enables:  2
     Net pcoder.un1_aux052_RNIRAC62: 7 loads, 0 LSLICEs
     Net un1_oscout_0_sqmuxa_1_2_RNI14NC1: 3 loads, 3 LSLICEs
   Number of LSRs:  3
     Net en0_pad_RNIOQOK1: 2 loads, 2 LSLICEs
     Net K01/fb: 1 loads, 1 LSLICEs
     Net K00/OS01/oscout_0_sqmuxa_RNIH9MI1: 12 loads, 12 LSLICEs
   Number of nets driven by tri-state buffers:  0
   Top 10 highest fanout non-clock nets:
     Net outr0_c[2]: 16 loads
     Net outr0_c[1]: 15 loads
     Net inkey0_c[3]: 12 loads
     Net K00/OS01/oscout_0_sqmuxa_RNIH9MI1: 12 loads
     Net outr0_c[3]: 12 loads
     Net inkey0_c[1]: 11 loads
     Net outr0_c[0]: 11 loads
     Net inkey0_c[2]: 9 loads
     Net un1_oscout_0_sqmuxa_1_2_RNI14NC1: 9 loads
     Net K00/OS01/sdiv[17]: 8 loads
 

   Number of warnings:  6
   Number of errors:    0



Total CPU Time: 0 secs  
Total REAL Time: 2 secs  
Peak Memory Usage: 57 MB

Dumping design to file key00_key_map.ncd.

mpartrce -p "key00_key.p2t" -f "key00_key.p3t" -tf "key00_key.pt" "key00_key_map.ncd" "key00_key.ncd"

---- MParTrce Tool ----
Removing old design directory at request of -rem command line option to this program.
Running par. Please wait . . .

Lattice Place and Route Report for Design "key00_key_map.ncd"
Tue Apr 17 08:55:15 2018

PAR: Place And Route Diamond (64-bit) 3.10.0.111.2.
Command Line: par -w -l 5 -i 6 -t 1 -c 0 -e 0 -gui -msgset C:/Users/lalo/Desktop/key00/promote.xml -exp parUseNBR=1:parCDP=0:parCDR=0:parPathBased=OFF key00_key_map.ncd key00_key.dir/5_1.ncd key00_key.prf
Preference file: key00_key.prf.
Placement level-cost: 5-1.
Routing Iterations: 6

Loading design for application par from file key00_key_map.ncd.
Design name: topkey00
NCD version: 3.3
Vendor:      LATTICE
Device:      LCMXO2-7000HE
Package:     TQFP144
Performance: 5
Loading device for application par from file 'xo2c7000.nph' in environment: C:/lscc/diamond/3.10_x64/ispfpga.
Package Status:                     Final          Version 1.39.
Performance Hardware Data Status:   Final          Version 34.4.
License checked out.


Ignore Preference Error(s):  True
Device utilization summary:

   PIO (prelim)   30+4(JTAG)/336     10% used
                  30+4(JTAG)/115     30% bonded
   IOLOGIC            7/336           2% used

   SLICE             57/3432          1% used

   OSC                1/1           100% used


Number of Signals: 170
Number of Connections: 456

Pin Constraint Summary:
   26 out of 30 pins locked (86% locked).

The following 1 signal is selected to use the primary clock routing resources:
    K00.sclk_0 (driver: K00/OS00/OSCInst0, clk load #: 26)


The following 1 signal is selected to use the secondary clock routing resources:
    K00/OS01/oscout_0_sqmuxa_RNIH9MI1 (driver: K00/OS01/SLICE_35, clk load #: 0, sr load #: 12, ce load #: 0)

No signal is selected as Global Set/Reset.
.
Starting Placer Phase 0.
...........
Finished Placer Phase 0.  REAL time: 3 secs 

Starting Placer Phase 1.
..................
Placer score = 44170.
Finished Placer Phase 1.  REAL time: 8 secs 

Starting Placer Phase 2.
.
Placer score =  44170
Finished Placer Phase 2.  REAL time: 8 secs 


------------------ Clock Report ------------------

Global Clock Resources:
  CLK_PIN    : 0 out of 8 (0%)
  PLL        : 0 out of 2 (0%)
  DCM        : 0 out of 2 (0%)
  DCC        : 0 out of 8 (0%)

Quadrants All (TL, TR, BL, BR) - Global Clocks:
  PRIMARY "K00.sclk_0" from OSC on comp "K00/OS00/OSCInst0" on site "OSC", clk load = 26
  SECONDARY "K00/OS01/oscout_0_sqmuxa_RNIH9MI1" from F0 on comp "K00/OS01/SLICE_35" on site "R14C20B", clk load = 0, ce load = 0, sr load = 12

  PRIMARY  : 1 out of 8 (12%)
  SECONDARY: 1 out of 8 (12%)

Edge Clocks:
  No edge clock selected.

--------------- End of Clock Report ---------------


I/O Usage Summary (final):
   30 + 4(JTAG) out of 336 (10.1%) PIO sites used.
   30 + 4(JTAG) out of 115 (29.6%) bonded PIO sites used.
   Number of PIO comps: 30; differential: 0.
   Number of Vref pins used: 0.

I/O Bank Usage Summary:
+----------+----------------+------------+-----------+
| I/O Bank | Usage          | Bank Vccio | Bank Vref |
+----------+----------------+------------+-----------+
| 0        | 7 / 28 ( 25%)  | 2.5V       | -         |
| 1        | 14 / 29 ( 48%) | 2.5V       | -         |
| 2        | 4 / 29 ( 13%)  | 2.5V       | -         |
| 3        | 5 / 9 ( 55%)   | 2.5V       | -         |
| 4        | 0 / 10 (  0%)  | -          | -         |
| 5        | 0 / 10 (  0%)  | -          | -         |
+----------+----------------+------------+-----------+

Total placer CPU time: 6 secs 

Dumping design to file key00_key.dir/5_1.ncd.

0 connections routed; 456 unrouted.
Starting router resource preassignment

Completed router resource preassignment. Real time: 10 secs 

Start NBR router at 08:55:25 04/17/18

*****************************************************************
Info: NBR allows conflicts(one node used by more than one signal)
      in the earlier iterations. In each iteration, it tries to  
      solve the conflicts while keeping the critical connections 
      routed as short as possible. The routing process is said to
      be completed when no conflicts exist and all connections   
      are routed.                                                
Note: NBR uses a different method to calculate timing slacks. The
      worst slack and total negative slack may not be the same as
      that in TRCE report. You should always run TRCE to verify  
      your design.                                               
*****************************************************************

Start NBR special constraint process at 08:55:26 04/17/18

Start NBR section for initial routing at 08:55:26 04/17/18
Level 4, iteration 1
12(0.00%) conflicts; 0(0.00%) untouched conn; 0 (nbr) score; 
Estimated worst slack/total negative slack<setup>: 463.804ns/0.000ns; real time: 11 secs 

Info: Initial congestion level at 75% usage is 0
Info: Initial congestion area  at 75% usage is 0 (0.00%)

Start NBR section for normal routing at 08:55:26 04/17/18
Level 4, iteration 1
8(0.00%) conflicts; 0(0.00%) untouched conn; 0 (nbr) score; 
Estimated worst slack/total negative slack<setup>: 463.804ns/0.000ns; real time: 11 secs 
Level 4, iteration 2
5(0.00%) conflicts; 0(0.00%) untouched conn; 0 (nbr) score; 
Estimated worst slack/total negative slack<setup>: 463.804ns/0.000ns; real time: 11 secs 
Level 4, iteration 3
0(0.00%) conflict; 0(0.00%) untouched conn; 0 (nbr) score; 
Estimated worst slack/total negative slack<setup>: 463.804ns/0.000ns; real time: 11 secs 

Start NBR section for setup/hold timing optimization with effort level 3 at 08:55:26 04/17/18

Start NBR section for re-routing at 08:55:26 04/17/18
Level 4, iteration 1
0(0.00%) conflict; 0(0.00%) untouched conn; 0 (nbr) score; 
Estimated worst slack/total negative slack<setup>: 463.804ns/0.000ns; real time: 11 secs 

Start NBR section for post-routing at 08:55:26 04/17/18

End NBR router with 0 unrouted connection

NBR Summary
-----------
  Number of unrouted connections : 0 (0.00%)
  Number of connections with timing violations : 0 (0.00%)
  Estimated worst slack<setup> : 463.804ns
  Timing score<setup> : 0
-----------
Notes: The timing info is calculated for SETUP only and all PAR_ADJs are ignored.



Total CPU time 9 secs 
Total REAL time: 12 secs 
Completely routed.
End of route.  456 routed (100.00%); 0 unrouted.

Hold time timing score: 0, hold timing errors: 0

Timing score: 0 

Dumping design to file key00_key.dir/5_1.ncd.


PAR_SUMMARY::Run status = Success
PAR_SUMMARY::Number of unrouted conns = 0
PAR_SUMMARY::Worst  slack<setup/<ns>> = 463.804
PAR_SUMMARY::Timing score<setup/<ns>> = 0.000
PAR_SUMMARY::Worst  slack<hold /<ns>> = 0.306
PAR_SUMMARY::Timing score<hold /<ns>> = 0.000
PAR_SUMMARY::Number of errors = 0

Total CPU  time to completion: 9 secs 
Total REAL time to completion: 12 secs 

par done!

Copyright (c) 1991-1994 by NeoCAD Inc. All rights reserved.
Copyright (c) 1995 AT&T Corp.   All rights reserved.
Copyright (c) 1995-2001 Lucent Technologies Inc.  All rights reserved.
Copyright (c) 2001 Agere Systems   All rights reserved.
Copyright (c) 2002-2017 Lattice Semiconductor Corporation,  All rights reserved.
Exiting par with exit code 0
Exiting mpartrce with exit code 0

bitgen -f "key00_key.t2b" -w "key00_key.ncd" -jedec "key00_key.prf"


BITGEN: Bitstream Generator Diamond (64-bit) 3.10.0.111.2
Copyright (c) 1991-1994 by NeoCAD Inc. All rights reserved.
Copyright (c) 1995 AT&T Corp.   All rights reserved.
Copyright (c) 1995-2001 Lucent Technologies Inc.  All rights reserved.
Copyright (c) 2001 Agere Systems   All rights reserved.
Copyright (c) 2002-2017 Lattice Semiconductor Corporation,  All rights reserved.


Loading design for application Bitgen from file key00_key.ncd.
Design name: topkey00
NCD version: 3.3
Vendor:      LATTICE
Device:      LCMXO2-7000HE
Package:     TQFP144
Performance: 5
Loading device for application Bitgen from file 'xo2c7000.nph' in environment: C:/lscc/diamond/3.10_x64/ispfpga.
Package Status:                     Final          Version 1.39.
Performance Hardware Data Status:   Final          Version 34.4.

Running DRC.
DRC detected 0 errors and 0 warnings.
Reading Preference File from key00_key.prf.

Preference Summary:
+---------------------------------+---------------------------------+
|  Preference                     |  Current Setting                |
+---------------------------------+---------------------------------+
|                         RamCfg  |                        Reset**  |
+---------------------------------+---------------------------------+
|                     MCCLK_FREQ  |                         2.08**  |
+---------------------------------+---------------------------------+
|                  CONFIG_SECURE  |                          OFF**  |
+---------------------------------+---------------------------------+
|                          INBUF  |                           ON**  |
+---------------------------------+---------------------------------+
|                      JTAG_PORT  |                       ENABLE**  |
+---------------------------------+---------------------------------+
|                       SDM_PORT  |                      DISABLE**  |
+---------------------------------+---------------------------------+
|                 SLAVE_SPI_PORT  |                      DISABLE**  |
+---------------------------------+---------------------------------+
|                MASTER_SPI_PORT  |                      DISABLE**  |
+---------------------------------+---------------------------------+
|                       I2C_PORT  |                      DISABLE**  |
+---------------------------------+---------------------------------+
|        MUX_CONFIGURATION_PORTS  |                      DISABLE**  |
+---------------------------------+---------------------------------+
|                  CONFIGURATION  |                          CFG**  |
+---------------------------------+---------------------------------+
|                COMPRESS_CONFIG  |                           ON**  |
+---------------------------------+---------------------------------+
|                        MY_ASSP  |                          OFF**  |
+---------------------------------+---------------------------------+
|               ONE_TIME_PROGRAM  |                          OFF**  |
+---------------------------------+---------------------------------+
|                 ENABLE_TRANSFR  |                      DISABLE**  |
+---------------------------------+---------------------------------+
|                  SHAREDEBRINIT  |                      DISABLE**  |
+---------------------------------+---------------------------------+
|            BACKGROUND_RECONFIG  |                          OFF**  |
+---------------------------------+---------------------------------+
 *  Default setting.
 ** The specified setting matches the default setting.


Creating bit map...
 
Bitstream Status: Final           Version 1.94.
 
Saving bit stream in "key00_key.jed".
 
===========
UFM Summary.
===========
UFM Size:        2046 Pages (128*2046 Bits).
UFM Utilization: General Purpose Flash Memory.
 
Available General Purpose Flash Memory: 2046 Pages (Page 0 to Page 2045).
Initialized UFM Pages:                     0 Page.
 
