Running in Lattice mode

Starting:    C:\lscc\diamond\3.10_x64\synpbase\bin64\mbin\synbatch.exe
Install:     C:\lscc\diamond\3.10_x64\synpbase
Hostname:    LALO-PC
Date:        Tue Apr 17 08:54:56 2018
Version:     M-2017.03L-SP1-1

Arguments:   -product synplify_pro -batch key00_key_synplify.tcl
ProductType: synplify_pro




log file: "C:\Users\lalo\Desktop\key00\key\key00_key.srr"
Running: hdl_info_gen in foreground

Generating HDL info...

hdl_info_gen completed
# Tue Apr 17 08:54:59 2018

Return Code: 0
Run Time:00h:00m:01s
Copied C:\Users\lalo\Desktop\key00\key\key00_key.srr to C:\Users\lalo\Desktop\key00\key\key00_key.srf
log file: "C:\Users\lalo\Desktop\key00\key\key00_key.srr"
Running: key in foreground

Running proj_1|key

Running: compile (Compile) on proj_1|key
# Tue Apr 17 08:54:59 2018

Running: compile_flow (Compile Process) on proj_1|key
# Tue Apr 17 08:54:59 2018

Running: compiler (Compile Input) on proj_1|key
# Tue Apr 17 08:54:59 2018
Copied C:\Users\lalo\Desktop\key00\key\synwork\key00_key_comp.srs to C:\Users\lalo\Desktop\key00\key\key00_key.srs

compiler completed
# Tue Apr 17 08:55:03 2018

Return Code: 0
Run Time:00h:00m:04s

Running: multi_srs_gen (Multi-srs Generator) on proj_1|key
# Tue Apr 17 08:55:03 2018

multi_srs_gen completed
# Tue Apr 17 08:55:03 2018

Return Code: 0
Run Time:00h:00m:00s
Copied C:\Users\lalo\Desktop\key00\key\synwork\key00_key_mult.srs to C:\Users\lalo\Desktop\key00\key\key00_key.srs
Copied C:\Users\lalo\Desktop\key00\key\key00_key.srr to C:\Users\lalo\Desktop\key00\key\key00_key.srf
Complete: Compile Process on proj_1|key

Running: premap (Pre-mapping) on proj_1|key
# Tue Apr 17 08:55:03 2018

premap completed with warnings
# Tue Apr 17 08:55:06 2018

Return Code: 1
Run Time:00h:00m:03s
Complete: Compile on proj_1|key

Running: map (Map) on proj_1|key
# Tue Apr 17 08:55:06 2018
License granted for 4 parallel jobs

Running: fpga_mapper (Map & Optimize) on proj_1|key
# Tue Apr 17 08:55:06 2018
Copied C:\Users\lalo\Desktop\key00\key\synwork\key00_key_m.srm to C:\Users\lalo\Desktop\key00\key\key00_key.srm

fpga_mapper completed with warnings
# Tue Apr 17 08:55:09 2018

Return Code: 1
Run Time:00h:00m:03s
Complete: Map on proj_1|key
Copied C:\Users\lalo\Desktop\key00\key\key00_key.srr to C:\Users\lalo\Desktop\key00\key\key00_key.srf
Complete: Logic Synthesis on proj_1|key
TCL script complete: "key00_key_synplify.tcl"
exit status=0
exit status=0
Save changes for project:
C:\Users\lalo\Desktop\key00\key\proj_1.prj
batch mode default:no
