C:\Program Files\diamond\3.10_x64\synpbase\bin64\c_vhdl.exe  -osyn  "C:\Users\Valery Garibay\Desktop\NUEVOARQUI\alu00\alu\synwork\alu00_alu_hdl_.srs"  -top  topalu00  -prodtype  synplify_pro  -dspmac -fixsmult -infer_seqShift -nram -sdff_counter -divnmod -nostructver  -encrypt  -pro  -dmgen  "C:\Users\Valery Garibay\Desktop\NUEVOARQUI\alu00\alu\dm"  -lite -ui -fid2 -ram -sharing on -ll 2000 -autosm  -ignore_undefined_lib  -lib work "C:\Program Files\diamond\3.10_x64\cae_library\synthesis\vhdl\machxo2.vhd" -lib work "C:\Users\Valery Garibay\Desktop\NUEVOARQUI\osc00VHDL\div00.vhdl" -lib work "C:\Users\Valery Garibay\Desktop\NUEVOARQUI\osc00VHDL\osc00.vhdl" -lib work "C:\Users\Valery Garibay\Desktop\NUEVOARQUI\osc00VHDL\packageosc00.vhdl" -lib work "C:\Users\Valery Garibay\Desktop\NUEVOARQUI\osc00VHDL\toposc00.vhdl" -lib work "C:\Users\Valery Garibay\Desktop\NUEVOARQUI\alu00\anda00.vhdl" -lib work "C:\Users\Valery Garibay\Desktop\NUEVOARQUI\alu00\ora00.vhdl" -lib work "C:\Users\Valery Garibay\Desktop\NUEVOARQUI\alu00\xora00.vhdl" -lib work "C:\Users\Valery Garibay\Desktop\NUEVOARQUI\alu00\nanda00.vhdl" -lib work "C:\Users\Valery Garibay\Desktop\NUEVOARQUI\alu00\nora00.vhdl" -lib work "C:\Users\Valery Garibay\Desktop\NUEVOARQUI\alu00\xnora00.vhdl" -lib work "C:\Users\Valery Garibay\Desktop\NUEVOARQUI\alu00\nota00.vhdl" -lib work "C:\Users\Valery Garibay\Desktop\NUEVOARQUI\alu00\adder8bita00.vhdl" -lib work "C:\Users\Valery Garibay\Desktop\NUEVOARQUI\alu00\substract8bita00.vhdl" -lib work "C:\Users\Valery Garibay\Desktop\NUEVOARQUI\alu00\mult8bita00.vhdl" -lib work "C:\Users\Valery Garibay\Desktop\NUEVOARQUI\alu00\ac800.vhdl" -lib work "C:\Users\Valery Garibay\Desktop\NUEVOARQUI\alu00\packagealu00.vhdl" -lib work "C:\Users\Valery Garibay\Desktop\NUEVOARQUI\alu00\topalu00.vhdl"  -log  "C:\Users\Valery Garibay\Desktop\NUEVOARQUI\alu00\alu\syntax.log"  -fileorder  "C:\Users\Valery Garibay\Desktop\NUEVOARQUI\alu00\alu\syntmp\hdlorder.tcl"  -jobname  "hdl_info_gen" 
relcom:..\..\..\..\..\..\..\Program Files\diamond\3.10_x64\synpbase\bin64\c_vhdl.exe -osyn "C:\Users\Valery Garibay\Desktop\NUEVOARQUI\alu00\alu\synwork\alu00_alu_hdl_.srs" -top topalu00 -prodtype synplify_pro -dspmac -fixsmult -infer_seqShift -nram -sdff_counter -divnmod -nostructver -encrypt -pro -dmgen "C:\Users\Valery Garibay\Desktop\NUEVOARQUI\alu00\alu\dm" -lite -ui -fid2 -ram -sharing on -ll 2000 -autosm -ignore_undefined_lib -lib work "C:\Program Files\diamond\3.10_x64\cae_library\synthesis\vhdl\machxo2.vhd" -lib work "C:\Users\Valery Garibay\Desktop\NUEVOARQUI\osc00VHDL\div00.vhdl" -lib work "C:\Users\Valery Garibay\Desktop\NUEVOARQUI\osc00VHDL\osc00.vhdl" -lib work "C:\Users\Valery Garibay\Desktop\NUEVOARQUI\osc00VHDL\packageosc00.vhdl" -lib work "C:\Users\Valery Garibay\Desktop\NUEVOARQUI\osc00VHDL\toposc00.vhdl" -lib work "C:\Users\Valery Garibay\Desktop\NUEVOARQUI\alu00\anda00.vhdl" -lib work "C:\Users\Valery Garibay\Desktop\NUEVOARQUI\alu00\ora00.vhdl" -lib work "C:\Users\Valery Garibay\Desktop\NUEVOARQUI\alu00\xora00.vhdl" -lib work "C:\Users\Valery Garibay\Desktop\NUEVOARQUI\alu00\nanda00.vhdl" -lib work "C:\Users\Valery Garibay\Desktop\NUEVOARQUI\alu00\nora00.vhdl" -lib work "C:\Users\Valery Garibay\Desktop\NUEVOARQUI\alu00\xnora00.vhdl" -lib work "C:\Users\Valery Garibay\Desktop\NUEVOARQUI\alu00\nota00.vhdl" -lib work "C:\Users\Valery Garibay\Desktop\NUEVOARQUI\alu00\adder8bita00.vhdl" -lib work "C:\Users\Valery Garibay\Desktop\NUEVOARQUI\alu00\substract8bita00.vhdl" -lib work "C:\Users\Valery Garibay\Desktop\NUEVOARQUI\alu00\mult8bita00.vhdl" -lib work "C:\Users\Valery Garibay\Desktop\NUEVOARQUI\alu00\ac800.vhdl" -lib work "C:\Users\Valery Garibay\Desktop\NUEVOARQUI\alu00\packagealu00.vhdl" -lib work "C:\Users\Valery Garibay\Desktop\NUEVOARQUI\alu00\topalu00.vhdl" -log "C:\Users\Valery Garibay\Desktop\NUEVOARQUI\alu00\alu\syntax.log" -fileorder "C:\Users\Valery Garibay\Desktop\NUEVOARQUI\alu00\alu\syntmp\hdlorder.tcl" -jobname "hdl_info_gen"
rc:0 success:1 runtime:1
file:..\synwork\alu00_alu_hdl_.srs|io:o|time:0|size:0|exec:0|csum:
file:..\..\..\..\..\..\..\Program Files\diamond\3.10_x64\cae_library\synthesis\vhdl\machxo2.vhd|io:i|time:1493331104|size:73964|exec:0|csum:CFF92E93E4FE354031DBB4E0E47DD4A6
file:..\..\..\osc00VHDL\div00.vhdl|io:i|time:1520349504|size:2199|exec:0|csum:E6CAF02E2D65A26E7D44E02A954477DE
file:..\..\..\osc00VHDL\osc00.vhdl|io:i|time:1520348576|size:509|exec:0|csum:52FA8B1858CC10A6F1BAC84382475755
file:..\..\..\osc00VHDL\packageosc00.vhdl|io:i|time:1520349518|size:398|exec:0|csum:3BB5632FFAC3B5BFB197A3D4EA8A04D5
file:..\..\..\osc00VHDL\toposc00.vhdl|io:i|time:1520349706|size:515|exec:0|csum:BE8F543B892BE4EFB5915CFA0AB04830
file:..\..\anda00.vhdl|io:i|time:1556819413|size:983|exec:0|csum:BF4259039320D53FD6780708246A825C
file:..\..\ora00.vhdl|io:i|time:1528942442|size:973|exec:0|csum:3402DF1CA49D2CA244D3E2EA7054F866
file:..\..\xora00.vhdl|io:i|time:1528942482|size:1001|exec:0|csum:D07132FE1535F0481752B4F1968478A3
file:..\..\nanda00.vhdl|io:i|time:1528942490|size:965|exec:0|csum:CF79495893602950441AE6CE3C2077C7
file:..\..\nora00.vhdl|io:i|time:1528942498|size:1001|exec:0|csum:1DBB8DC686DBE2740E12F15E50D1ADBE
file:..\..\xnora00.vhdl|io:i|time:1528942506|size:1029|exec:0|csum:C6DD3F424EA399AD14652D062B14963D
file:..\..\nota00.vhdl|io:i|time:1528942520|size:1009|exec:0|csum:9DB108B3A0C642C36C929A267F79F8F4
file:..\..\adder8bita00.vhdl|io:i|time:1556818967|size:1133|exec:0|csum:43266AB64EAB2489887E4246EEC7D804
file:..\..\substract8bita00.vhdl|io:i|time:1528943058|size:1130|exec:0|csum:984AAB58C9C8108255D28958D0A48C5B
file:..\..\mult8bita00.vhdl|io:i|time:1556641782|size:1107|exec:0|csum:64B87127FF7A31F35F624105B8C6B386
file:..\..\ac800.vhdl|io:i|time:1556642424|size:831|exec:0|csum:B4C5B8A796D6E6809D36C378BCFB70D7
file:..\..\packagealu00.vhdl|io:i|time:1556819426|size:3848|exec:0|csum:4963285E03A53D382A0A7B19CAB496E5
file:..\..\topalu00.vhdl|io:i|time:1556819437|size:3488|exec:0|csum:F06DAB74641199BBC2927BCE70AF13D3
file:..\syntax.log|io:o|time:1556819446|size:1010|exec:0|csum:
file:..\..\..\..\..\..\..\Program Files\diamond\3.10_x64\synpbase\bin64\c_vhdl.exe|io:i|time:1501913710|size:5913600|exec:1|csum:93E5DE52AE488E4DC33E43C149B8DA6C
