Running in Lattice mode
error reading package index file C:/Program Files/diamond/3.10_x64/synpbase/lib/pkgIndex.tcl: couldn't read file "{C:/Program Files/diamond/3.10_x64/synpbase/lib/pkgIndex.tcl}": no such file or directory
error reading package index file C:/Program Files/diamond/3.10_x64/synpbase/lib/bwidget-1.9.5/pkgIndex.tcl: couldn't read file "{C:/Program Files/diamond/3.10_x64/synpbase/lib/bwidget-1.9.5/pkgIndex.tcl}": no such file or directory
error reading package index file C:/Program Files/diamond/3.10_x64/synpbase/lib/tcllib-1.12/pkgIndex.tcl: couldn't read file "{C:/Program Files/diamond/3.10_x64/synpbase/lib/tcllib-1.12/pkgIndex.tcl}": no such file or directory
error reading package index file C:/Program Files/diamond/3.10_x64/synpbase/lib/pkgIndex.tcl: couldn't read file "{C:/Program Files/diamond/3.10_x64/synpbase/lib/pkgIndex.tcl}": no such file or directory
error reading package index file C:/Program Files/diamond/3.10_x64/synpbase/lib/pkgIndex.tcl: couldn't read file "{C:/Program Files/diamond/3.10_x64/synpbase/lib/pkgIndex.tcl}": no such file or directory
error reading package index file C:/Program Files/diamond/3.10_x64/synpbase/lib/bwidget-1.9.5/pkgIndex.tcl: couldn't read file "{C:/Program Files/diamond/3.10_x64/synpbase/lib/bwidget-1.9.5/pkgIndex.tcl}": no such file or directory
error reading package index file C:/Program Files/diamond/3.10_x64/synpbase/lib/tcllib-1.12/pkgIndex.tcl: couldn't read file "{C:/Program Files/diamond/3.10_x64/synpbase/lib/tcllib-1.12/pkgIndex.tcl}": no such file or directory
error reading package index file C:/Program Files/diamond/3.10_x64/synpbase/lib/pkgIndex.tcl: couldn't read file "{C:/Program Files/diamond/3.10_x64/synpbase/lib/pkgIndex.tcl}": no such file or directory

Starting:    C:\Program Files\diamond\3.10_x64\synpbase\bin64\mbin\synbatch.exe
Install:     C:\Program Files\diamond\3.10_x64\synpbase
Hostname:    DESKTOP-JBP5BT2
Date:        Wed May  8 09:27:34 2019
Version:     M-2017.03L-SP1-1

Arguments:   -product synplify_pro -batch shiftLR00_shiftLR0_synplify.tcl
ProductType: synplify_pro




Copied C:\Users\Valery Garibay\Documents\Project3CM2MachX02\shiftLR00\shiftLR0\shiftLR00_shiftLR0.srr to C:\Users\Valery Garibay\Documents\Project3CM2MachX02\shiftLR00\shiftLR0\backup\shiftLR00_shiftLR0.srr
log file: "C:\Users\Valery Garibay\Documents\Project3CM2MachX02\shiftLR00\shiftLR0\shiftLR00_shiftLR0.srr"
Running: hdl_info_gen in foreground

Generating HDL info...

hdl_info_gen completed
# Wed May  8 09:27:37 2019

Return Code: 0
Run Time:00h:00m:02s
Copied C:\Users\Valery Garibay\Documents\Project3CM2MachX02\shiftLR00\shiftLR0\shiftLR00_shiftLR0.srr to C:\Users\Valery Garibay\Documents\Project3CM2MachX02\shiftLR00\shiftLR0\shiftLR00_shiftLR0.srf
log file: "C:\Users\Valery Garibay\Documents\Project3CM2MachX02\shiftLR00\shiftLR0\shiftLR00_shiftLR0.srr"
Running: shiftLR0 in foreground

Running proj_1|shiftLR0

Running: compile (Compile) on proj_1|shiftLR0
# Wed May  8 09:27:38 2019

Running: compile_flow (Compile Process) on proj_1|shiftLR0
# Wed May  8 09:27:38 2019

Running: compiler (Compile Input) on proj_1|shiftLR0
# Wed May  8 09:27:38 2019
compiler exited with errors
Job failed on: proj_1|shiftLR0

Job: "compiler" terminated with error status: 2
See log file: "C:\Users\Valery Garibay\Documents\Project3CM2MachX02\shiftLR00\shiftLR0\synlog\shiftLR00_shiftLR0_compiler.srr"
# Wed May  8 09:27:39 2019

Return Code: 2
Run Time:00h:00m:01s
Complete: Compile Process on proj_1|shiftLR0
Complete: Compile on proj_1|shiftLR0
Complete: Logic Synthesis on proj_1|shiftLR0
Copied C:\Users\Valery Garibay\Documents\Project3CM2MachX02\shiftLR00\shiftLR0\shiftLR00_shiftLR0.srr to C:\Users\Valery Garibay\Documents\Project3CM2MachX02\shiftLR00\shiftLR0\shiftLR00_shiftLR0.srf
Error: At line 69 while processing "shiftLR00_shiftLR0_synplify.tcl"
2
TCL script complete: "shiftLR00_shiftLR0_synplify.tcl"
TCL script had errors: "shiftLR00_shiftLR0_synplify.tcl"
exit status=9
exit status=9
Save changes for project:
C:\Users\Valery Garibay\Documents\Project3CM2MachX02\shiftLR00\shiftLR0\proj_1.prj
batch mode default:no
