Running in Lattice mode
error reading package index file C:/Program Files/diamond/3.10_x64/synpbase/lib/pkgIndex.tcl: couldn't read file "{C:/Program Files/diamond/3.10_x64/synpbase/lib/pkgIndex.tcl}": no such file or directory
error reading package index file C:/Program Files/diamond/3.10_x64/synpbase/lib/bwidget-1.9.5/pkgIndex.tcl: couldn't read file "{C:/Program Files/diamond/3.10_x64/synpbase/lib/bwidget-1.9.5/pkgIndex.tcl}": no such file or directory
error reading package index file C:/Program Files/diamond/3.10_x64/synpbase/lib/tcllib-1.12/pkgIndex.tcl: couldn't read file "{C:/Program Files/diamond/3.10_x64/synpbase/lib/tcllib-1.12/pkgIndex.tcl}": no such file or directory
error reading package index file C:/Program Files/diamond/3.10_x64/synpbase/lib/pkgIndex.tcl: couldn't read file "{C:/Program Files/diamond/3.10_x64/synpbase/lib/pkgIndex.tcl}": no such file or directory
error reading package index file C:/Program Files/diamond/3.10_x64/synpbase/lib/pkgIndex.tcl: couldn't read file "{C:/Program Files/diamond/3.10_x64/synpbase/lib/pkgIndex.tcl}": no such file or directory
error reading package index file C:/Program Files/diamond/3.10_x64/synpbase/lib/bwidget-1.9.5/pkgIndex.tcl: couldn't read file "{C:/Program Files/diamond/3.10_x64/synpbase/lib/bwidget-1.9.5/pkgIndex.tcl}": no such file or directory
error reading package index file C:/Program Files/diamond/3.10_x64/synpbase/lib/tcllib-1.12/pkgIndex.tcl: couldn't read file "{C:/Program Files/diamond/3.10_x64/synpbase/lib/tcllib-1.12/pkgIndex.tcl}": no such file or directory
error reading package index file C:/Program Files/diamond/3.10_x64/synpbase/lib/pkgIndex.tcl: couldn't read file "{C:/Program Files/diamond/3.10_x64/synpbase/lib/pkgIndex.tcl}": no such file or directory

Starting:    C:\Program Files\diamond\3.10_x64\synpbase\bin64\mbin\synbatch.exe
Install:     C:\Program Files\diamond\3.10_x64\synpbase
Hostname:    DESKTOP-JBP5BT2
Date:        Tue Apr  2 13:14:36 2019
Version:     M-2017.03L-SP1-1

Arguments:   -product synplify_pro -batch lcd00_lcdConfig_synplify.tcl
ProductType: synplify_pro




log file: "C:\Users\Valery Garibay\Documents\6_semestre\arqui\lcd00\lcdConfig\lcd00_lcdConfig.srr"
Running: hdl_info_gen in foreground

Generating HDL info...

hdl_info_gen completed
# Tue Apr  2 13:14:37 2019

Return Code: 0
Run Time:00h:00m:01s
Copied C:\Users\Valery Garibay\Documents\6_semestre\arqui\lcd00\lcdConfig\lcd00_lcdConfig.srr to C:\Users\Valery Garibay\Documents\6_semestre\arqui\lcd00\lcdConfig\lcd00_lcdConfig.srf
log file: "C:\Users\Valery Garibay\Documents\6_semestre\arqui\lcd00\lcdConfig\lcd00_lcdConfig.srr"
Running: lcdConfig in foreground

Running proj_1|lcdConfig

Running: compile (Compile) on proj_1|lcdConfig
# Tue Apr  2 13:14:37 2019

Running: compile_flow (Compile Process) on proj_1|lcdConfig
# Tue Apr  2 13:14:37 2019

Running: compiler (Compile Input) on proj_1|lcdConfig
# Tue Apr  2 13:14:37 2019
Copied C:\Users\Valery Garibay\Documents\6_semestre\arqui\lcd00\lcdConfig\synwork\lcd00_lcdConfig_comp.srs to C:\Users\Valery Garibay\Documents\6_semestre\arqui\lcd00\lcdConfig\lcd00_lcdConfig.srs

compiler completed
# Tue Apr  2 13:14:40 2019

Return Code: 0
Run Time:00h:00m:03s

Running: multi_srs_gen (Multi-srs Generator) on proj_1|lcdConfig
# Tue Apr  2 13:14:40 2019

multi_srs_gen completed
# Tue Apr  2 13:14:41 2019

Return Code: 0
Run Time:00h:00m:01s
Copied C:\Users\Valery Garibay\Documents\6_semestre\arqui\lcd00\lcdConfig\synwork\lcd00_lcdConfig_mult.srs to C:\Users\Valery Garibay\Documents\6_semestre\arqui\lcd00\lcdConfig\lcd00_lcdConfig.srs
Copied C:\Users\Valery Garibay\Documents\6_semestre\arqui\lcd00\lcdConfig\lcd00_lcdConfig.srr to C:\Users\Valery Garibay\Documents\6_semestre\arqui\lcd00\lcdConfig\lcd00_lcdConfig.srf
Complete: Compile Process on proj_1|lcdConfig

Running: premap (Pre-mapping) on proj_1|lcdConfig
# Tue Apr  2 13:14:41 2019

premap completed with warnings
# Tue Apr  2 13:14:43 2019

Return Code: 1
Run Time:00h:00m:02s
Complete: Compile on proj_1|lcdConfig

Running: map (Map) on proj_1|lcdConfig
# Tue Apr  2 13:14:43 2019
License granted for 4 parallel jobs

Running: fpga_mapper (Map & Optimize) on proj_1|lcdConfig
# Tue Apr  2 13:14:43 2019
Copied C:\Users\Valery Garibay\Documents\6_semestre\arqui\lcd00\lcdConfig\synwork\lcd00_lcdConfig_m.srm to C:\Users\Valery Garibay\Documents\6_semestre\arqui\lcd00\lcdConfig\lcd00_lcdConfig.srm

fpga_mapper completed with warnings
# Tue Apr  2 13:14:46 2019

Return Code: 1
Run Time:00h:00m:03s
Complete: Map on proj_1|lcdConfig
Copied C:\Users\Valery Garibay\Documents\6_semestre\arqui\lcd00\lcdConfig\lcd00_lcdConfig.srr to C:\Users\Valery Garibay\Documents\6_semestre\arqui\lcd00\lcdConfig\lcd00_lcdConfig.srf
Complete: Logic Synthesis on proj_1|lcdConfig
TCL script complete: "lcd00_lcdConfig_synplify.tcl"
exit status=0
exit status=0
Save changes for project:
C:\Users\Valery Garibay\Documents\6_semestre\arqui\lcd00\lcdConfig\proj_1.prj
batch mode default:no
